---------------------------------------
Begin Slurm Prolog: Nov-22-2024 16:02:58
Job ID:    965435
User ID:   khom9
Account:   cse
Job name:  Train_Abstract_LSTM_CNN
Partition: ice-gpu
---------------------------------------
Using device cuda:0
NVIDIA H100 80GB HBM3
/usr/local/lib/python3.10/dist-packages/torchtext/data/utils.py:105: UserWarning: Spacy model "en" could not be loaded, trying "en_core_web_sm" instead
  warnings.warn(
/home/hice1/khom9/ondemand/data/sys/myjobs/projects/default/28/dataset.py:37: UserWarning: Sparse CSR tensor support is in beta state. If you miss a functionality in the sparse tensor support, please submit a feature request to https://github.com/pytorch/pytorch/issues. (Triggered internally at /opt/pytorch/pytorch/aten/src/ATen/SparseCsrTensorImpl.cpp:53.)
  self.labels = torch.tensor(mlb.fit_transform(classes)).to_sparse_csr().type(torch.float)

-----Epoch 1/250-----
Batch 75/485, loss: 0.6443743960062662 (11.812s)
Batch 150/485, loss: 0.65016366203626 (10.455s)
Batch 225/485, loss: 0.6860429175694783 (10.469s)
Batch 300/485, loss: 0.6805627071857452 (10.454s)
Batch 375/485, loss: 0.6597228586673737 (10.444s)
Batch 450/485, loss: 0.678003628651301 (10.448s)
Batch 485/485, loss: 0.6395905894892556 (4.894s)
Saved to snn_model-1-cont2.pth

-----Epoch 2/250-----
Batch 75/485, loss: 0.6660037751992544 (10.444s)
Batch 150/485, loss: 0.6330199758211772 (10.470s)
Batch 225/485, loss: 0.6290130261580149 (10.467s)
Batch 300/485, loss: 0.6804858287175496 (10.465s)
Batch 375/485, loss: 0.6970309722423553 (10.469s)
Batch 450/485, loss: 0.6670712351799011 (10.485s)
Batch 485/485, loss: 0.652590925352914 (4.884s)

-----Epoch 3/250-----
Batch 75/485, loss: 0.6610110116004944 (10.459s)
Batch 150/485, loss: 0.670911496480306 (10.469s)
Batch 225/485, loss: 0.6520980024337768 (10.467s)
Batch 300/485, loss: 0.6193825034300486 (10.465s)
Batch 375/485, loss: 0.664723934729894 (10.465s)
Batch 450/485, loss: 0.6715340387821197 (10.458s)
Batch 485/485, loss: 0.645416339806148 (4.877s)

-----Epoch 4/250-----
Batch 75/485, loss: 0.6199517937501272 (10.455s)
Batch 150/485, loss: 0.635974014600118 (10.453s)
Batch 225/485, loss: 0.6565552548567454 (10.465s)
Batch 300/485, loss: 0.6661329404513041 (10.480s)
Batch 375/485, loss: 0.712857190767924 (10.478s)
Batch 450/485, loss: 0.639059632619222 (10.482s)
Batch 485/485, loss: 0.7433049236025129 (4.886s)

-----Epoch 5/250-----
Batch 75/485, loss: 0.7374033951759338 (10.452s)
Batch 150/485, loss: 0.7148444394270579 (10.481s)
Batch 225/485, loss: 0.7264933399359386 (10.459s)
Batch 300/485, loss: 0.7163794489701589 (10.461s)
Batch 375/485, loss: 0.7760121297836303 (10.464s)
Batch 450/485, loss: 0.6997211460272471 (10.469s)
Batch 485/485, loss: 0.6586017915180751 (4.882s)

-----Epoch 6/250-----
Batch 75/485, loss: 0.6559567598501841 (10.464s)
Batch 150/485, loss: 0.6898673204580943 (10.465s)
Batch 225/485, loss: 0.666292180220286 (10.465s)
Batch 300/485, loss: 0.6922818450133006 (10.725s)
Batch 375/485, loss: 0.7115634516874949 (10.459s)
Batch 450/485, loss: 0.683237335284551 (10.554s)
Batch 485/485, loss: 0.6999754284109388 (5.188s)

-----Epoch 7/250-----
Batch 75/485, loss: 0.6776362645626068 (10.486s)
Batch 150/485, loss: 0.6520231839021047 (10.486s)
Batch 225/485, loss: 0.6732470027605693 (10.468s)
Batch 300/485, loss: 0.6651111543178558 (10.472s)
Batch 375/485, loss: 0.6967249421278635 (10.670s)
Batch 450/485, loss: 0.6878015824158986 (10.486s)
Batch 485/485, loss: 0.7025922673089163 (4.892s)

-----Epoch 8/250-----
Batch 75/485, loss: 0.6858359769980112 (10.486s)
Batch 150/485, loss: 0.699826340675354 (10.728s)
Batch 225/485, loss: 0.6526122685273489 (10.471s)
Batch 300/485, loss: 0.6676498858133951 (10.496s)
Batch 375/485, loss: 0.7052735682328543 (10.484s)
Batch 450/485, loss: 0.6888721080621084 (10.494s)
Batch 485/485, loss: 0.6089994881834303 (4.917s)

-----Epoch 9/250-----
Batch 75/485, loss: 0.6692709453900655 (10.536s)
Batch 150/485, loss: 0.6752197861671447 (10.486s)
Batch 225/485, loss: 0.6622287718454997 (10.489s)
Batch 300/485, loss: 0.683426198164622 (10.489s)
Batch 375/485, loss: 0.6900813237826029 (10.484s)
Batch 450/485, loss: 0.6907288797696431 (10.500s)
Batch 485/485, loss: 0.6578538920198168 (4.891s)

-----Epoch 10/250-----
Batch 75/485, loss: 0.6906499469280243 (10.490s)
Batch 150/485, loss: 0.6715767939885458 (10.492s)
Batch 225/485, loss: 0.6907268126805624 (10.495s)
Batch 300/485, loss: 0.6306905126571656 (10.479s)
Batch 375/485, loss: 0.6890250217914581 (10.492s)
Batch 450/485, loss: 0.6805023650328318 (10.481s)
Batch 485/485, loss: 0.6815787238734109 (4.901s)

-----Epoch 11/250-----
Batch 75/485, loss: 0.6513112103939056 (10.489s)
Batch 150/485, loss: 0.636917264064153 (10.489s)
Batch 225/485, loss: 0.6586393149693807 (10.496s)
Batch 300/485, loss: 0.695951232512792 (10.492s)
Batch 375/485, loss: 0.7273197917143503 (10.489s)
Batch 450/485, loss: 0.6759485586484273 (10.479s)
Batch 485/485, loss: 0.7359079165118081 (4.890s)

-----Epoch 12/250-----
Batch 75/485, loss: 0.6643843607107798 (10.482s)
Batch 150/485, loss: 0.6676332990328471 (10.487s)
Batch 225/485, loss: 0.6939906819661459 (10.716s)
Batch 300/485, loss: 0.6397919984658559 (10.485s)
Batch 375/485, loss: 0.7248020100593567 (10.473s)
Batch 450/485, loss: 0.6749281938870748 (10.482s)
Batch 485/485, loss: 0.6952466147286551 (4.892s)

-----Epoch 13/250-----
Batch 75/485, loss: 0.6630757578214009 (10.468s)
Batch 150/485, loss: 0.6819488922754924 (10.476s)
Batch 225/485, loss: 0.6672105046113332 (10.508s)
Batch 300/485, loss: 0.6723029867808024 (10.481s)
Batch 375/485, loss: 0.6703842214743296 (10.490s)
Batch 450/485, loss: 0.6739229762554169 (10.484s)
Batch 485/485, loss: 0.6982793773923601 (4.890s)

-----Epoch 14/250-----
Batch 75/485, loss: 0.6412950082619985 (10.482s)
Batch 150/485, loss: 0.6497915057341258 (10.482s)
Batch 225/485, loss: 0.6953110233942668 (10.467s)
Batch 300/485, loss: 0.6918459816773732 (10.480s)
Batch 375/485, loss: 0.67930406610171 (10.485s)
Batch 450/485, loss: 0.6789672950903575 (10.480s)
Batch 485/485, loss: 0.7322033464908599 (4.895s)

-----Epoch 15/250-----
Batch 75/485, loss: 0.697383717695872 (10.482s)
Batch 150/485, loss: 0.6586875526110331 (10.476s)
Batch 225/485, loss: 0.6364841560522715 (10.482s)
Batch 300/485, loss: 0.6556947298844655 (11.451s)
Batch 375/485, loss: 0.6801424181461334 (10.538s)
Batch 450/485, loss: 0.690393854379654 (10.489s)
Batch 485/485, loss: 0.8211134995732988 (4.889s)

-----Epoch 16/250-----
Batch 75/485, loss: 0.7682562216122946 (10.489s)
Batch 150/485, loss: 0.81790078997612 (10.519s)
Batch 225/485, loss: 0.6847764015197754 (10.501s)
Batch 300/485, loss: 0.6900950678189596 (10.500s)
Batch 375/485, loss: 0.9182337621847788 (10.488s)
Batch 450/485, loss: 0.8083630112806955 (10.474s)
Batch 485/485, loss: 0.7634156312261309 (4.937s)

-----Epoch 17/250-----
Batch 75/485, loss: 0.7183747748533885 (10.496s)
Batch 150/485, loss: 0.6747696125507354 (10.507s)
Batch 225/485, loss: 0.7504095689455668 (10.488s)
Batch 300/485, loss: 0.7046983591715494 (10.496s)
Batch 375/485, loss: 0.7699680701891581 (10.508s)
Batch 450/485, loss: 0.7417407087484995 (10.554s)
Batch 485/485, loss: 0.7695851215294429 (4.941s)

-----Epoch 18/250-----
Batch 75/485, loss: 0.7062853026390076 (10.815s)
Batch 150/485, loss: 0.6852451237042745 (10.736s)
Batch 225/485, loss: 0.7111099259058634 (10.512s)
Batch 300/485, loss: 0.7161458384990692 (10.503s)
Batch 375/485, loss: 0.7546755413214365 (10.521s)
Batch 450/485, loss: 0.736017458041509 (10.500s)
Batch 485/485, loss: 0.7470842123031616 (4.897s)

-----Epoch 19/250-----
Batch 75/485, loss: 0.7566256034374237 (10.479s)
Batch 150/485, loss: 0.6926181475321452 (10.492s)
Batch 225/485, loss: 0.6858209800720215 (10.495s)
Batch 300/485, loss: 0.737965661684672 (10.495s)
Batch 375/485, loss: 0.7286959040164948 (10.494s)
Batch 450/485, loss: 0.7322282020250956 (10.483s)
Batch 485/485, loss: 0.7146509213106973 (4.889s)

-----Epoch 20/250-----
Batch 75/485, loss: 0.7063699825604757 (10.478s)
Batch 150/485, loss: 0.7091737854480743 (10.492s)
Batch 225/485, loss: 0.732076115210851 (10.499s)
Batch 300/485, loss: 0.7164559050401051 (10.501s)
Batch 375/485, loss: 0.7024175028006235 (10.493s)
Batch 450/485, loss: 0.7568284571170807 (10.482s)
Batch 485/485, loss: 0.7457386885370527 (4.902s)

-----Epoch 21/250-----
Batch 75/485, loss: 0.6609196337064107 (10.476s)
Batch 150/485, loss: 0.713621832927068 (10.495s)
Batch 225/485, loss: 0.7483799982070923 (10.485s)
Batch 300/485, loss: 0.7321421710650126 (10.496s)
Batch 375/485, loss: 0.7007060917218526 (10.484s)
Batch 450/485, loss: 0.7361236095428467 (10.483s)
Batch 485/485, loss: 0.7409123335565839 (4.898s)

-----Epoch 22/250-----
Batch 75/485, loss: 0.7257371687889099 (10.479s)
Batch 150/485, loss: 0.7213622832298279 (10.510s)
Batch 225/485, loss: 0.6910561180114746 (10.504s)
Batch 300/485, loss: 0.7254127871990204 (10.525s)
Batch 375/485, loss: 0.7133310572306315 (10.465s)
Batch 450/485, loss: 0.6799450997511546 (10.489s)
Batch 485/485, loss: 0.7594467461109161 (4.882s)

-----Epoch 23/250-----
Batch 75/485, loss: 0.6972672327359517 (10.477s)
Batch 150/485, loss: 0.7057788904507954 (10.458s)
Batch 225/485, loss: 0.7373945816357931 (10.479s)
Batch 300/485, loss: 0.6979675833384196 (10.464s)
Batch 375/485, loss: 0.6774448478221893 (10.449s)
Batch 450/485, loss: 0.7029756430784861 (10.474s)
Batch 485/485, loss: 0.7781656793185643 (4.883s)

-----Epoch 24/250-----
Batch 75/485, loss: 0.6782089384396871 (10.648s)
Batch 150/485, loss: 0.694098699092865 (10.469s)
Batch 225/485, loss: 0.6921170683701833 (10.456s)
Batch 300/485, loss: 0.7331179483731588 (10.490s)
Batch 375/485, loss: 0.7178523886203766 (10.484s)
Batch 450/485, loss: 0.736411661307017 (10.510s)
Batch 485/485, loss: 0.6728617123195103 (4.898s)

-----Epoch 25/250-----
Batch 75/485, loss: 0.6787374373277029 (10.534s)
Batch 150/485, loss: 0.696382862329483 (10.522s)
Batch 225/485, loss: 0.6807968811194102 (10.531s)
Batch 300/485, loss: 0.6850304067134857 (10.542s)
Batch 375/485, loss: 0.7399603645006816 (10.530s)
Batch 450/485, loss: 0.7501362530390422 (10.541s)
Batch 485/485, loss: 0.7149761515004295 (4.915s)

-----Epoch 26/250-----
Batch 75/485, loss: 0.6784867791334788 (10.536s)
Batch 150/485, loss: 0.675002913872401 (10.543s)
Batch 225/485, loss: 0.749009386698405 (10.529s)
Batch 300/485, loss: 0.7082629239559174 (10.532s)
Batch 375/485, loss: 0.6669316935539246 (10.533s)
Batch 450/485, loss: 0.6779557184378306 (10.531s)
Batch 485/485, loss: 0.7797775532518114 (4.899s)

-----Epoch 27/250-----
Batch 75/485, loss: 0.7019116147359212 (10.530s)
Batch 150/485, loss: 0.6673265222708384 (10.512s)
Batch 225/485, loss: 0.725468157529831 (10.539s)
Batch 300/485, loss: 0.6971835815906524 (10.516s)
Batch 375/485, loss: 0.7178343633810679 (10.542s)
Batch 450/485, loss: 0.7139471395810445 (10.546s)
Batch 485/485, loss: 0.7586310829435076 (4.919s)

-----Epoch 28/250-----
Batch 75/485, loss: 0.6520687250296274 (10.540s)
Batch 150/485, loss: 0.7268957940737406 (10.523s)
Batch 225/485, loss: 0.6924276228745778 (10.529s)
Batch 300/485, loss: 0.6837560840447744 (10.522s)
Batch 375/485, loss: 0.6812375823656718 (10.545s)
Batch 450/485, loss: 0.6830969802538553 (10.525s)
Batch 485/485, loss: 0.8090091160365513 (4.905s)

-----Epoch 29/250-----
Batch 75/485, loss: 0.7053396169344585 (10.508s)
Batch 150/485, loss: 0.6662027295430502 (10.511s)
Batch 225/485, loss: 0.6990239441394805 (10.518s)
Batch 300/485, loss: 0.710516345500946 (10.506s)
Batch 375/485, loss: 0.6769102764129639 (10.528s)
Batch 450/485, loss: 0.6811107854048412 (10.753s)
Batch 485/485, loss: 0.7455657277788434 (4.911s)

-----Epoch 30/250-----
Batch 75/485, loss: 0.6703839604059855 (10.498s)
Batch 150/485, loss: 0.6807823856671651 (10.512s)
Batch 225/485, loss: 0.6877027026812236 (10.490s)
Batch 300/485, loss: 0.6898669771353404 (10.490s)
Batch 375/485, loss: 0.7170303237438201 (10.499s)
Batch 450/485, loss: 0.7482964241504669 (10.499s)
Batch 485/485, loss: 0.6696372159889766 (4.892s)

-----Epoch 31/250-----
Batch 75/485, loss: 0.6722485856215159 (10.488s)
Batch 150/485, loss: 0.6817966532707215 (10.492s)
Batch 225/485, loss: 0.6805350045363109 (10.485s)
Batch 300/485, loss: 0.6430370012919108 (10.480s)
Batch 375/485, loss: 0.7170931104818979 (10.481s)
Batch 450/485, loss: 0.6894205983479818 (10.616s)
Batch 485/485, loss: 0.7181324584143502 (4.893s)

-----Epoch 32/250-----
Batch 75/485, loss: 0.6678069901466369 (10.482s)
Batch 150/485, loss: 0.6819940117994944 (10.482s)
Batch 225/485, loss: 0.6581737565994262 (10.497s)
Batch 300/485, loss: 0.6489762091636657 (10.494s)
Batch 375/485, loss: 0.7082634123166403 (10.483s)
Batch 450/485, loss: 0.6959320751825968 (10.473s)
Batch 485/485, loss: 0.7141019250665392 (4.887s)

-----Epoch 33/250-----
Batch 75/485, loss: 0.6633954091866812 (10.477s)
Batch 150/485, loss: 0.7191089379787445 (10.486s)
Batch 225/485, loss: 0.627693909406662 (10.474s)
Batch 300/485, loss: 0.6520235788822174 (10.472s)
Batch 375/485, loss: 0.7255351948738098 (10.480s)
Batch 450/485, loss: 0.6920102647940318 (10.495s)
Batch 485/485, loss: 0.6508739556585039 (4.902s)

-----Epoch 34/250-----
Batch 75/485, loss: 0.6604723016421 (10.516s)
Batch 150/485, loss: 0.6645594398180644 (10.685s)
Batch 225/485, loss: 0.6399589192867279 (10.528s)
Batch 300/485, loss: 0.728930013179779 (10.535s)
Batch 375/485, loss: 0.6245630280176798 (10.528s)
Batch 450/485, loss: 0.6861029791831971 (10.532s)
Batch 485/485, loss: 0.653219131061009 (4.918s)

-----Epoch 35/250-----
Batch 75/485, loss: 0.6541108989715576 (10.537s)
Batch 150/485, loss: 0.6775437959035238 (10.515s)
Batch 225/485, loss: 0.6771289753913879 (10.649s)
Batch 300/485, loss: 0.6858657717704773 (10.556s)
Batch 375/485, loss: 0.7175276092688243 (10.743s)
Batch 450/485, loss: 0.6520394162336985 (10.537s)
Batch 485/485, loss: 0.6252942570618221 (4.906s)

-----Epoch 36/250-----
Batch 75/485, loss: 0.6468685579299926 (10.529s)
Batch 150/485, loss: 0.668893541097641 (10.531s)
Batch 225/485, loss: 0.6730592052141825 (10.538s)
Batch 300/485, loss: 0.6558012513319651 (10.528s)
Batch 375/485, loss: 0.6343283188343048 (10.534s)
Batch 450/485, loss: 0.7012594302495321 (10.530s)
Batch 485/485, loss: 0.6848055813993726 (4.913s)

-----Epoch 37/250-----
Batch 75/485, loss: 0.6809877896308899 (10.541s)
Batch 150/485, loss: 0.6720838578542073 (10.751s)
Batch 225/485, loss: 0.6516234091917674 (10.516s)
Batch 300/485, loss: 0.6870507820447286 (10.539s)
Batch 375/485, loss: 0.6519910697142283 (10.530s)
Batch 450/485, loss: 0.6630136680603027 (10.514s)
Batch 485/485, loss: 0.7073997940335955 (4.911s)

-----Epoch 38/250-----
Batch 75/485, loss: 0.6314614888032277 (10.522s)
Batch 150/485, loss: 1.1462949573993684 (10.522s)
Batch 225/485, loss: 1.9899186134338378 (10.532s)
Batch 300/485, loss: 0.6807312548160553 (10.506s)
Batch 375/485, loss: 0.6153254985809327 (10.509s)
Batch 450/485, loss: 0.6519034481048585 (10.510s)
Batch 485/485, loss: 0.6475967628615243 (4.907s)

-----Epoch 39/250-----
Batch 75/485, loss: 0.653630096912384 (10.488s)
Batch 150/485, loss: 0.6614894298712413 (10.501s)
Batch 225/485, loss: 0.6437766381104787 (10.480s)
Batch 300/485, loss: 0.6891353893280029 (10.507s)
Batch 375/485, loss: 0.658871031999588 (10.478s)
Batch 450/485, loss: 0.6413493573665618 (10.513s)
Batch 485/485, loss: 0.6095553168228695 (4.892s)

-----Epoch 40/250-----
Batch 75/485, loss: 0.6353562573591868 (10.486s)
Batch 150/485, loss: 0.6442881671587626 (10.529s)
Batch 225/485, loss: 0.6807793231805166 (10.533s)
Batch 300/485, loss: 0.6840434964497885 (10.536s)
Batch 375/485, loss: 0.7064840741952261 (10.519s)
Batch 450/485, loss: 0.642004691362381 (10.507s)
Batch 485/485, loss: 0.6009494968823024 (4.919s)

-----Epoch 41/250-----
Batch 75/485, loss: 0.6720099095503489 (10.522s)
Batch 150/485, loss: 0.6443249479929606 (10.500s)
Batch 225/485, loss: 0.6814257693290711 (10.511s)
Batch 300/485, loss: 0.6790821452935537 (10.813s)
Batch 375/485, loss: 0.644913364648819 (10.544s)
Batch 450/485, loss: 0.6674241852760315 (10.511s)
Batch 485/485, loss: 0.6625321558543614 (4.903s)

-----Epoch 42/250-----
Batch 75/485, loss: 0.6485227970282237 (10.511s)
Batch 150/485, loss: 0.6511440702279409 (11.052s)
Batch 225/485, loss: 0.6651748645305634 (10.518s)
Batch 300/485, loss: 0.6626835111776987 (10.528s)
Batch 375/485, loss: 0.7146083458264669 (10.524s)
Batch 450/485, loss: 0.6198474617799123 (10.522s)
Batch 485/485, loss: 0.6779378056526184 (4.914s)

-----Epoch 43/250-----
Batch 75/485, loss: 0.6380154502391815 (10.521s)
Batch 150/485, loss: 0.6471400487422944 (10.519s)
Batch 225/485, loss: 0.6551159417629242 (10.548s)
Batch 300/485, loss: 0.6796559063593547 (10.989s)
Batch 375/485, loss: 0.6267772018909454 (10.544s)
Batch 450/485, loss: 0.6593984977404277 (10.541s)
Batch 485/485, loss: 0.7476786068507604 (4.909s)

-----Epoch 44/250-----
Batch 75/485, loss: 0.6354387108484904 (10.532s)
Batch 150/485, loss: 0.6707426317532857 (10.520s)
Batch 225/485, loss: 0.681062136888504 (10.515s)
Batch 300/485, loss: 0.6067355370521545 (10.526s)
Batch 375/485, loss: 0.6553247574965159 (10.537s)
Batch 450/485, loss: 0.6893965029716491 (10.543s)
Batch 485/485, loss: 0.6472697351660047 (4.909s)

-----Epoch 45/250-----
Batch 75/485, loss: 0.6304922691980998 (10.680s)
Batch 150/485, loss: 0.6753749803702036 (10.509s)
Batch 225/485, loss: 0.630043967962265 (10.522s)
Batch 300/485, loss: 0.6990553692976633 (10.500s)
Batch 375/485, loss: 0.6801042572657268 (10.505s)
Batch 450/485, loss: 0.7146627287069957 (10.499s)
Batch 485/485, loss: 0.6647730350494385 (4.906s)

-----Epoch 46/250-----
Batch 75/485, loss: 0.6637199894587199 (10.557s)
Batch 150/485, loss: 0.6870688672860463 (10.577s)
Batch 225/485, loss: 0.6429714759190878 (10.538s)
Batch 300/485, loss: 0.6227168118953705 (10.513s)
Batch 375/485, loss: 0.6622548830509186 (10.501s)
Batch 450/485, loss: 0.6713227168718974 (10.502s)
Batch 485/485, loss: 0.635206641469683 (4.882s)

-----Epoch 47/250-----
Batch 75/485, loss: 0.6191483775774638 (10.494s)
Batch 150/485, loss: 0.6752786656220754 (10.489s)
Batch 225/485, loss: 0.6619946034749349 (10.702s)
Batch 300/485, loss: 0.6420354747772217 (10.517s)
Batch 375/485, loss: 0.6300040992101034 (10.509s)
Batch 450/485, loss: 0.7043870190779368 (10.539s)
Batch 485/485, loss: 0.670910677739552 (4.901s)

-----Epoch 48/250-----
Batch 75/485, loss: 0.6564501555760701 (10.542s)
Batch 150/485, loss: 0.6661330123742422 (10.658s)
Batch 225/485, loss: 0.674432068268458 (10.516s)
Batch 300/485, loss: 0.6540173168977101 (10.501s)
Batch 375/485, loss: 0.624036184946696 (10.503s)
Batch 450/485, loss: 0.6679545136292776 (10.497s)
Batch 485/485, loss: 0.7429599506514413 (4.903s)

-----Epoch 49/250-----
Batch 75/485, loss: 0.6480138679345449 (10.498s)
Batch 150/485, loss: 0.667771778901418 (10.517s)
Batch 225/485, loss: 0.6695680097738902 (10.581s)
Batch 300/485, loss: 0.6691779903570811 (10.565s)
Batch 375/485, loss: 0.66166384100914 (10.523s)
Batch 450/485, loss: 0.6419580419858296 (10.503s)
Batch 485/485, loss: 0.6034456619194576 (4.905s)

-----Epoch 50/250-----
Batch 75/485, loss: 0.6512571187814077 (10.512s)
Batch 150/485, loss: 0.6332803030808767 (10.508s)
Batch 225/485, loss: 0.6313005959987641 (10.870s)
Batch 300/485, loss: 0.7037258172035217 (10.552s)
Batch 375/485, loss: 0.6679476491610209 (10.521s)
Batch 450/485, loss: 0.6721892189979554 (10.515s)
Batch 485/485, loss: 0.7019895425864628 (4.914s)

-----Epoch 51/250-----
Batch 75/485, loss: 0.6481112241744995 (10.526s)
Batch 150/485, loss: 0.6571331663926443 (10.525s)
Batch 225/485, loss: 0.675614767074585 (10.541s)
Batch 300/485, loss: 0.6250419493516286 (10.536s)
Batch 375/485, loss: 0.6513341403007508 (10.529s)
Batch 450/485, loss: 0.6582684151331584 (10.531s)
Batch 485/485, loss: 0.6862112632819585 (4.902s)
Saved to snn_model-1-cont2.pth

-----Epoch 52/250-----
Batch 75/485, loss: 0.6354750736554464 (10.516s)
Batch 150/485, loss: 0.6827853401501973 (10.525s)
Batch 225/485, loss: 0.6679888399442037 (10.547s)
Batch 300/485, loss: 0.6634323672453563 (10.529s)
Batch 375/485, loss: 0.6392254845301311 (10.549s)
Batch 450/485, loss: 0.673305739959081 (10.537s)
Batch 485/485, loss: 0.6130797352109637 (4.924s)

-----Epoch 53/250-----
Batch 75/485, loss: 0.6473706372578939 (10.567s)
Batch 150/485, loss: 0.661319773197174 (10.765s)
Batch 225/485, loss: 0.6173164347807566 (10.544s)
Batch 300/485, loss: 0.7067538905143738 (10.517s)
Batch 375/485, loss: 0.6805074163277944 (10.545s)
Batch 450/485, loss: 0.6262350046634674 (10.529s)
Batch 485/485, loss: 0.650606827225004 (4.921s)

-----Epoch 54/250-----
Batch 75/485, loss: 0.6416313044230143 (10.573s)
Batch 150/485, loss: 0.6752452043692271 (10.531s)
Batch 225/485, loss: 0.6712430624167124 (10.521s)
Batch 300/485, loss: 0.6519861749807994 (10.511s)
Batch 375/485, loss: 0.6372287106513977 (10.511s)
Batch 450/485, loss: 0.6921230673789978 (10.529s)
Batch 485/485, loss: 0.6039375628743853 (4.907s)

-----Epoch 55/250-----
Batch 75/485, loss: 0.6438932776451111 (10.503s)
slurmstepd: error: *** JOB 965435 ON atl1-1-03-012-28-0 CANCELLED AT 2024-11-22T17:05:04 ***
