---------------------------------------
Begin Slurm Prolog: Nov-22-2024 01:27:55
Job ID:    963570
User ID:   khom9
Account:   cse
Job name:  Train_Abstract_LSTM_CNN
Partition: ice-gpu
---------------------------------------
Using device cuda:0
NVIDIA H100 80GB HBM3
/usr/local/lib/python3.10/dist-packages/torchtext/data/utils.py:105: UserWarning: Spacy model "en" could not be loaded, trying "en_core_web_sm" instead
  warnings.warn(
/home/hice1/khom9/ondemand/data/sys/myjobs/projects/default/26/dataset.py:37: UserWarning: Sparse CSR tensor support is in beta state. If you miss a functionality in the sparse tensor support, please submit a feature request to https://github.com/pytorch/pytorch/issues. (Triggered internally at /opt/pytorch/pytorch/aten/src/ATen/SparseCsrTensorImpl.cpp:53.)
  self.labels = torch.tensor(mlb.fit_transform(classes)).to_sparse_csr().type(torch.float)

-----Epoch 1/250-----
Batch 75/485, loss: 0.80835071961085 (11.403s)
Batch 150/485, loss: 0.7643606396516164 (10.295s)
Batch 225/485, loss: 0.7839597407976786 (10.000s)
Batch 300/485, loss: 0.8228866930802663 (9.997s)
Batch 375/485, loss: 0.8894483995437622 (10.180s)
Batch 450/485, loss: 0.860451397895813 (10.012s)
Batch 485/485, loss: 0.789029814515795 (4.695s)
Saved to test_model_e250_f7.pth

-----Epoch 2/250-----
Batch 75/485, loss: 0.767897660334905 (10.231s)
Batch 150/485, loss: 0.794940322637558 (10.005s)
Batch 225/485, loss: 0.8828864077727 (10.006s)
Batch 300/485, loss: 0.886833614508311 (10.203s)
Batch 375/485, loss: 0.7619449698925018 (10.005s)
Batch 450/485, loss: 0.8470677582422892 (10.018s)
Batch 485/485, loss: 0.8355578269277301 (4.667s)

-----Epoch 3/250-----
Batch 75/485, loss: 0.7517639493942261 (10.001s)
Batch 150/485, loss: 0.8203310243288676 (10.015s)
Batch 225/485, loss: 0.8034480102856953 (10.004s)
Batch 300/485, loss: 0.8455996251106263 (10.005s)
Batch 375/485, loss: 0.8186305514971415 (10.009s)
Batch 450/485, loss: 0.8388106234868368 (10.009s)
Batch 485/485, loss: 0.823397581917899 (4.670s)

-----Epoch 4/250-----
Batch 75/485, loss: 0.8134169928232828 (10.007s)
Batch 150/485, loss: 0.7796934429804484 (10.007s)
Batch 225/485, loss: 0.7734839284420013 (10.006s)
Batch 300/485, loss: 0.8145739932854971 (10.005s)
Batch 375/485, loss: 0.8042641794681549 (10.007s)
Batch 450/485, loss: 0.8362480099995931 (10.007s)
Batch 485/485, loss: 0.8886252505438669 (4.668s)

-----Epoch 5/250-----
Batch 75/485, loss: 0.8269459629058837 (10.006s)
Batch 150/485, loss: 0.8028516348203023 (10.007s)
Batch 225/485, loss: 0.7742912721633911 (10.007s)
Batch 300/485, loss: 0.7769101321697235 (10.004s)
Batch 375/485, loss: 0.8015776856740315 (10.006s)
Batch 450/485, loss: 3.201162643432617 (10.010s)
Batch 485/485, loss: 0.9813599688666207 (4.670s)

-----Epoch 6/250-----
Batch 75/485, loss: 0.8649070413907369 (10.011s)
Batch 150/485, loss: 0.8533490220705668 (10.013s)
Batch 225/485, loss: 0.9500515651702881 (10.012s)
Batch 300/485, loss: 0.877782207330068 (10.162s)
Batch 375/485, loss: 0.8617529193560283 (10.018s)
Batch 450/485, loss: 0.7923021761576334 (10.010s)
Batch 485/485, loss: 1.0388623220579964 (4.671s)

-----Epoch 7/250-----
Batch 75/485, loss: 0.8137883996963501 (10.014s)
Batch 150/485, loss: 0.8178804254531861 (10.018s)
Batch 225/485, loss: 0.9202493341763814 (10.013s)
Batch 300/485, loss: 0.8751074632008871 (10.019s)
Batch 375/485, loss: 0.8335516969362895 (10.014s)
Batch 450/485, loss: 0.9384114225705464 (10.014s)
Batch 485/485, loss: 1.0310594184058053 (4.671s)

-----Epoch 8/250-----
Batch 75/485, loss: 0.8588095092773438 (10.015s)
Batch 150/485, loss: 0.8101279584566752 (10.016s)
Batch 225/485, loss: 0.8231870722770691 (10.014s)
Batch 300/485, loss: 0.8131453982988993 (10.018s)
Batch 375/485, loss: 0.7947745116551718 (10.016s)
Batch 450/485, loss: 0.8200585881868998 (10.264s)
Batch 485/485, loss: 0.9449794513838632 (4.676s)

-----Epoch 9/250-----
Batch 75/485, loss: 0.8259069045384725 (10.021s)
Batch 150/485, loss: 0.8161819982528686 (10.022s)
Batch 225/485, loss: 0.8174390355745952 (10.018s)
Batch 300/485, loss: 0.8633279204368591 (10.019s)
Batch 375/485, loss: 0.8199604233105977 (10.021s)
Batch 450/485, loss: 0.8679553651809693 (10.021s)
Batch 485/485, loss: 0.7841821772711618 (4.674s)

-----Epoch 10/250-----
Batch 75/485, loss: 0.7999077836672465 (10.022s)
Batch 150/485, loss: 0.7445575515429179 (10.021s)
Batch 225/485, loss: 0.8741154305140177 (10.023s)
Batch 300/485, loss: 0.8250346597035726 (10.022s)
Batch 375/485, loss: 0.8582562081019084 (10.022s)
Batch 450/485, loss: 0.819836765130361 (10.022s)
Batch 485/485, loss: 0.7916059613227844 (4.675s)

-----Epoch 11/250-----
Batch 75/485, loss: 0.7854483675956726 (10.023s)
Batch 150/485, loss: 0.8315456159909567 (10.024s)
Batch 225/485, loss: 0.8137378358840942 (10.025s)
Batch 300/485, loss: 0.7997375313440959 (10.025s)
Batch 375/485, loss: 0.8169351998964945 (10.054s)
Batch 450/485, loss: 0.7965530133247376 (10.027s)
Batch 485/485, loss: 0.9049007449831281 (4.681s)
Saved to test_model_e250_f7.pth

-----Epoch 12/250-----
Batch 75/485, loss: 0.8232042503356933 (10.030s)
Batch 150/485, loss: 0.8085393476486206 (10.027s)
Batch 225/485, loss: 0.8618444991111756 (10.179s)
Batch 300/485, loss: 1.4837493069966634 (10.059s)
Batch 375/485, loss: 0.8058081658681234 (10.030s)
Batch 450/485, loss: 0.8141901675860087 (10.027s)
Batch 485/485, loss: 0.7840407746178764 (4.679s)

-----Epoch 13/250-----
Batch 75/485, loss: 0.7985855913162232 (10.030s)
Batch 150/485, loss: 0.8278070735931397 (10.045s)
Batch 225/485, loss: 0.8492899902661641 (10.046s)
Batch 300/485, loss: 0.9062073882420858 (10.049s)
Batch 375/485, loss: 0.7951409967740377 (10.048s)
Batch 450/485, loss: 0.8408866866429647 (10.050s)
Batch 485/485, loss: 0.8786700912884303 (4.689s)

-----Epoch 14/250-----
Batch 75/485, loss: 0.7680850116411845 (10.060s)
Batch 150/485, loss: 0.7985612281163533 (10.052s)
Batch 225/485, loss: 0.8431661605834961 (10.051s)
Batch 300/485, loss: 0.7870048411687215 (10.052s)
Batch 375/485, loss: 0.9252535096804301 (10.054s)
Batch 450/485, loss: 0.8353627634048462 (10.052s)
Batch 485/485, loss: 0.8921425121171134 (4.691s)

-----Epoch 15/250-----
Batch 75/485, loss: 0.7495604348182678 (10.052s)
Batch 150/485, loss: 0.8344247627258301 (10.060s)
Batch 225/485, loss: 0.8334912498792012 (10.051s)
Batch 300/485, loss: 0.8566001534461976 (10.058s)
Batch 375/485, loss: 0.8471218887964884 (10.052s)
Batch 450/485, loss: 0.8062885657946268 (10.070s)
Batch 485/485, loss: 0.8687556607382638 (4.693s)

-----Epoch 16/250-----
Batch 75/485, loss: 0.7879157598813374 (10.064s)
Batch 150/485, loss: 0.8625624664624532 (10.072s)
Batch 225/485, loss: 0.7861525535583496 (10.059s)
Batch 300/485, loss: 0.7800465667247772 (10.059s)
Batch 375/485, loss: 0.807391680876414 (10.060s)
Batch 450/485, loss: 0.8501555101076762 (10.051s)
Batch 485/485, loss: 0.8932919195720128 (4.688s)

-----Epoch 17/250-----
Batch 75/485, loss: 0.7824596571922302 (10.047s)
Batch 150/485, loss: 0.8053565462430318 (10.048s)
Batch 225/485, loss: 0.7989756949742635 (10.045s)
Batch 300/485, loss: 0.8337954258918763 (10.039s)
Batch 375/485, loss: 0.8593690347671509 (10.040s)
Batch 450/485, loss: 0.8211284669240316 (10.037s)
Batch 485/485, loss: 0.7864481721605573 (4.681s)

-----Epoch 18/250-----
Batch 75/485, loss: 0.7889966503779093 (10.037s)
Batch 150/485, loss: 0.7897837893168131 (10.187s)
Batch 225/485, loss: 0.73907533009847 (10.038s)
Batch 300/485, loss: 0.8514940110842387 (10.038s)
Batch 375/485, loss: 0.8813756624857585 (10.039s)
Batch 450/485, loss: 0.7966857496897379 (10.037s)
Batch 485/485, loss: 0.8323561183043888 (4.682s)

-----Epoch 19/250-----
Batch 75/485, loss: 0.7679971337318421 (10.041s)
Batch 150/485, loss: 0.8128949666023254 (10.038s)
Batch 225/485, loss: 0.8196955108642578 (10.038s)
Batch 300/485, loss: 0.8261080686251322 (10.049s)
Batch 375/485, loss: 0.805509668191274 (10.038s)
Batch 450/485, loss: 0.8218923044204712 (10.038s)
Batch 485/485, loss: 0.8092719486781529 (4.683s)

-----Epoch 20/250-----
Batch 75/485, loss: 0.7898685725529989 (10.037s)
Batch 150/485, loss: 0.7816847356160482 (10.041s)
Batch 225/485, loss: 0.8182231068611145 (10.049s)
Batch 300/485, loss: 0.83356387535731 (10.042s)
Batch 375/485, loss: 0.7822441625595092 (10.040s)
Batch 450/485, loss: 0.777382603486379 (10.049s)
Batch 485/485, loss: 0.8547050731522696 (4.689s)

-----Epoch 21/250-----
Batch 75/485, loss: 0.7205312712987264 (10.046s)
Batch 150/485, loss: 0.8576855738957723 (10.042s)
Batch 225/485, loss: 0.7807437213261922 (10.045s)
Batch 300/485, loss: 0.8333309976259867 (10.038s)
Batch 375/485, loss: 0.8563005057970683 (10.030s)
Batch 450/485, loss: 0.8212528777122498 (10.030s)
Batch 485/485, loss: 0.8745320217950003 (4.679s)
Saved to test_model_e250_f7.pth

-----Epoch 22/250-----
Batch 75/485, loss: 0.785681647459666 (10.031s)
Batch 150/485, loss: 0.8262290561199188 (10.032s)
Batch 225/485, loss: 0.7469990976651509 (10.008s)
Batch 300/485, loss: 0.8345520575841268 (9.998s)
Batch 375/485, loss: 0.8170544171333313 (9.999s)
Batch 450/485, loss: 0.79846089442571 (9.998s)
Batch 485/485, loss: 0.7818917155265808 (4.665s)

-----Epoch 23/250-----
Batch 75/485, loss: 0.7618528493245442 (9.999s)
Batch 150/485, loss: 0.7842104840278625 (10.006s)
Batch 225/485, loss: 0.8279726060231527 (9.997s)
Batch 300/485, loss: 0.8420630733172099 (9.998s)
Batch 375/485, loss: 0.8253967038790385 (10.001s)
Batch 450/485, loss: 0.7600256935755412 (9.998s)
Batch 485/485, loss: 0.7971012711524963 (4.666s)

-----Epoch 24/250-----
Batch 75/485, loss: 0.7506592265764872 (10.150s)
Batch 150/485, loss: 0.7641013725598653 (10.027s)
Batch 225/485, loss: 0.7949396665891012 (10.020s)
Batch 300/485, loss: 0.7565872645378113 (10.014s)
Batch 375/485, loss: 0.854256743590037 (10.000s)
Batch 450/485, loss: 0.8351951694488525 (9.996s)
Batch 485/485, loss: 0.882064574105399 (4.663s)

-----Epoch 25/250-----
Batch 75/485, loss: 0.7678967324892679 (9.996s)
Batch 150/485, loss: 0.7864468057950338 (9.992s)
Batch 225/485, loss: 0.7998382365703582 (9.987s)
Batch 300/485, loss: 0.7698043831189474 (9.986s)
Batch 375/485, loss: 0.8405467963218689 (9.973s)
Batch 450/485, loss: 0.7770310648282369 (9.956s)
Batch 485/485, loss: 0.8515452419008528 (4.647s)

-----Epoch 26/250-----
Batch 75/485, loss: 0.7761397139231364 (9.955s)
Batch 150/485, loss: 0.7257794857025146 (9.957s)
Batch 225/485, loss: 0.7957193366686504 (9.960s)
Batch 300/485, loss: 0.7811682736873626 (9.955s)
Batch 375/485, loss: 0.8599384911855061 (9.947s)
Batch 450/485, loss: 0.958836046854655 (9.952s)
Batch 485/485, loss: 0.853644369329725 (4.637s)

-----Epoch 27/250-----
Batch 75/485, loss: 0.8176816221078237 (9.938s)
Batch 150/485, loss: 0.8225908744335174 (9.932s)
Batch 225/485, loss: 0.8105874693393708 (9.937s)
Batch 300/485, loss: 0.8948551523685455 (9.930s)
Batch 375/485, loss: 0.7657619400819142 (9.923s)
Batch 450/485, loss: 0.9174227893352509 (9.925s)
Batch 485/485, loss: 0.7474782730851854 (4.628s)

-----Epoch 28/250-----
Batch 75/485, loss: 0.8020941480000814 (9.927s)
Batch 150/485, loss: 0.7970757615566254 (9.924s)
Batch 225/485, loss: 0.7857367022832235 (9.921s)
Batch 300/485, loss: 0.818694445292155 (9.919s)
Batch 375/485, loss: 0.7791759117444357 (9.920s)
Batch 450/485, loss: 0.8013420434792836 (9.923s)
Batch 485/485, loss: 0.8175554360662188 (4.631s)

-----Epoch 29/250-----
Batch 75/485, loss: 0.7738879215717316 (9.920s)
Batch 150/485, loss: 0.785831470489502 (9.924s)
Batch 225/485, loss: 0.8501743404070536 (9.920s)
Batch 300/485, loss: 0.7728186309337616 (9.918s)
Batch 375/485, loss: 0.7836758275826772 (9.917s)
Batch 450/485, loss: 0.7921184058984121 (10.061s)
Batch 485/485, loss: 0.7630769729614257 (4.625s)

-----Epoch 30/250-----
Batch 75/485, loss: 0.7614351550738017 (9.907s)
Batch 150/485, loss: 0.7938538185755412 (9.901s)
Batch 225/485, loss: 0.7438204793135325 (9.908s)
Batch 300/485, loss: 0.7588383662700653 (9.900s)
Batch 375/485, loss: 0.8063794648647309 (9.902s)
Batch 450/485, loss: 0.8861977060635885 (9.902s)
Batch 485/485, loss: 0.8671147099563054 (4.613s)

-----Epoch 31/250-----
Batch 75/485, loss: 0.7596056886514028 (9.893s)
Batch 150/485, loss: 0.777448927561442 (9.894s)
Batch 225/485, loss: 0.8065156312783559 (9.882s)
Batch 300/485, loss: 0.7705599184830983 (9.883s)
Batch 375/485, loss: 0.7954908700784048 (9.880s)
Batch 450/485, loss: 0.8076912498474121 (9.880s)
Batch 485/485, loss: 0.796557515008109 (4.607s)
Saved to test_model_e250_f7.pth

-----Epoch 32/250-----
Batch 75/485, loss: 0.753073353767395 (9.878s)
Batch 150/485, loss: 0.7842596729596456 (9.877s)
Batch 225/485, loss: 0.754647634824117 (9.876s)
Batch 300/485, loss: 0.8011792993545532 (9.891s)
Batch 375/485, loss: 0.7984280669689179 (9.875s)
Batch 450/485, loss: 0.832796501715978 (9.843s)
Batch 485/485, loss: 0.8229110257966178 (4.581s)

-----Epoch 33/250-----
Batch 75/485, loss: 0.7376785667737326 (9.814s)
Batch 150/485, loss: 0.8073182070255279 (9.816s)
Batch 225/485, loss: 0.7773952460289002 (9.814s)
Batch 300/485, loss: 0.8683462723096211 (9.815s)
Batch 375/485, loss: 0.7587218316396077 (9.815s)
Batch 450/485, loss: 0.7309783216317495 (9.814s)
Batch 485/485, loss: 0.8509350146566118 (4.579s)

-----Epoch 34/250-----
Batch 75/485, loss: 0.7501890790462494 (9.810s)
Batch 150/485, loss: 0.8127019155025482 (9.816s)
Batch 225/485, loss: 0.7455032773812612 (9.819s)
Batch 300/485, loss: 0.7872666585445404 (9.817s)
Batch 375/485, loss: 0.8348535255591074 (9.820s)
Batch 450/485, loss: 0.872819436788559 (9.769s)
Batch 485/485, loss: 0.7192181629793984 (4.557s)

-----Epoch 35/250-----
Batch 75/485, loss: 0.7837813742955526 (9.771s)
Batch 150/485, loss: 0.7945172401269277 (9.738s)
Batch 225/485, loss: 0.7574445867538452 (9.742s)
Batch 300/485, loss: 0.8098432834943136 (9.744s)
Batch 375/485, loss: 0.7334751025835673 (9.895s)
Batch 450/485, loss: 0.7938989138603211 (9.752s)
Batch 485/485, loss: 0.7932667664119175 (4.550s)

-----Epoch 36/250-----
Batch 75/485, loss: 0.7613503897190094 (9.754s)
Batch 150/485, loss: 0.7218840026855469 (9.750s)
Batch 225/485, loss: 0.760404402812322 (9.750s)
Batch 300/485, loss: 0.8109101855754852 (9.754s)
Batch 375/485, loss: 0.8022333308060964 (9.764s)
Batch 450/485, loss: 0.7845037114620209 (9.750s)
Batch 485/485, loss: 0.896520151410784 (4.550s)

-----Epoch 37/250-----
Batch 75/485, loss: 0.7324976436297099 (9.749s)
Batch 150/485, loss: 0.8124131226539612 (9.752s)
Batch 225/485, loss: 0.7655563751856486 (9.750s)
Batch 300/485, loss: 0.7696802238623301 (9.752s)
Batch 375/485, loss: 0.7584918701648712 (9.750s)
Batch 450/485, loss: 0.8096267525355021 (9.750s)
Batch 485/485, loss: 0.8003260374069214 (4.549s)

-----Epoch 38/250-----
Batch 75/485, loss: 0.758975836833318 (9.753s)
Batch 150/485, loss: 0.7711120518048604 (9.766s)
Batch 225/485, loss: 0.793801547686259 (9.757s)
Batch 300/485, loss: 0.8040060194333395 (9.757s)
Batch 375/485, loss: 0.7442365749677022 (9.758s)
Batch 450/485, loss: 0.775031483968099 (9.737s)
Batch 485/485, loss: 0.7665588940892901 (4.546s)

-----Epoch 39/250-----
Batch 75/485, loss: 0.7579603127638499 (9.741s)
Batch 150/485, loss: 0.7676746086279551 (9.753s)
Batch 225/485, loss: 0.831232709089915 (9.755s)
Batch 300/485, loss: 0.7123096911112468 (9.756s)
Batch 375/485, loss: 0.7859140507380168 (9.758s)
Batch 450/485, loss: 0.7333329586187999 (9.754s)
Batch 485/485, loss: 0.8377863262380872 (4.550s)

-----Epoch 40/250-----
Batch 75/485, loss: 0.7374701762199402 (9.758s)
Batch 150/485, loss: 0.7766608146826426 (9.752s)
Batch 225/485, loss: 0.7943270333607991 (9.749s)
Batch 300/485, loss: 0.8061428439617156 (9.757s)
Batch 375/485, loss: 0.757119011481603 (9.759s)
Batch 450/485, loss: 0.7475060129165649 (9.760s)
Batch 485/485, loss: 0.8013682237693242 (4.553s)

-----Epoch 41/250-----
Batch 75/485, loss: 0.791032411257426 (9.767s)
Batch 150/485, loss: 0.7612332240740458 (9.757s)
Batch 225/485, loss: 0.7364727906386057 (9.757s)
Batch 300/485, loss: 0.7396563295523325 (9.902s)
Batch 375/485, loss: 0.7564063052336375 (9.756s)
Batch 450/485, loss: 0.7944227580229442 (9.756s)
Batch 485/485, loss: 0.8097267372267587 (4.551s)
Saved to test_model_e250_f7.pth

-----Epoch 42/250-----
Batch 75/485, loss: 0.745566751162211 (9.757s)
Batch 150/485, loss: 0.7392889467875162 (9.756s)
Batch 225/485, loss: 0.7846655249595642 (9.757s)
Batch 300/485, loss: 0.7759302385648091 (9.756s)
Batch 375/485, loss: 0.7862398036321004 (9.757s)
Batch 450/485, loss: 0.7942467033863068 (9.755s)
Batch 485/485, loss: 0.7903335733073098 (4.553s)

-----Epoch 43/250-----
Batch 75/485, loss: 0.7642740178108215 (9.760s)
Batch 150/485, loss: 0.7126415566603342 (9.758s)
Batch 225/485, loss: 0.7647098569075267 (9.758s)
Batch 300/485, loss: 0.7494296312332154 (9.757s)
Batch 375/485, loss: 0.7599564091364542 (9.758s)
Batch 450/485, loss: 0.7457741212844848 (9.756s)
Batch 485/485, loss: 0.7650513640471868 (4.552s)

-----Epoch 44/250-----
Batch 75/485, loss: 0.7128658592700958 (9.758s)
Batch 150/485, loss: 0.7374728333950042 (9.759s)
Batch 225/485, loss: 0.7272682694594065 (9.766s)
Batch 300/485, loss: 0.7643265231450399 (9.757s)
Batch 375/485, loss: 0.7773318640391031 (9.758s)
Batch 450/485, loss: 0.7421425521373749 (9.755s)
Batch 485/485, loss: 0.7933944761753082 (4.554s)

-----Epoch 45/250-----
Batch 75/485, loss: 0.6639375841617584 (9.761s)
Batch 150/485, loss: 0.7374078353246053 (9.761s)
Batch 225/485, loss: 0.717224835952123 (9.773s)
Batch 300/485, loss: 0.7644724861780803 (9.759s)
Batch 375/485, loss: 0.8037865161895752 (9.756s)
Batch 450/485, loss: 0.7886478114128113 (9.757s)
Batch 485/485, loss: 0.7680650234222413 (4.552s)

-----Epoch 46/250-----
Batch 75/485, loss: 0.7152810907363891 (9.758s)
Batch 150/485, loss: 0.7301659190654755 (9.778s)
Batch 225/485, loss: 0.7000403908888498 (9.760s)
Batch 300/485, loss: 0.7700890306631724 (9.761s)
Batch 375/485, loss: 0.7657722743352254 (9.759s)
Batch 450/485, loss: 0.7229017543792725 (9.758s)
Batch 485/485, loss: 0.7637423293931144 (4.554s)

-----Epoch 47/250-----
Batch 75/485, loss: 0.7376597714424133 (9.758s)
Batch 150/485, loss: 0.7520759562651317 (9.772s)
Batch 225/485, loss: 0.7263581502437592 (9.903s)
Batch 300/485, loss: 0.7008655472596487 (9.756s)
Batch 375/485, loss: 0.7538462920983633 (9.758s)
Batch 450/485, loss: 0.7290862127145131 (9.760s)
Batch 485/485, loss: 0.7955692776611873 (4.553s)

-----Epoch 48/250-----
Batch 75/485, loss: 0.7477603924274444 (9.757s)
Batch 150/485, loss: 0.7026310201485951 (9.773s)
Batch 225/485, loss: 1.4486342052618661 (9.757s)
Batch 300/485, loss: 2.004713227748871 (9.758s)
Batch 375/485, loss: 3.2869205514589948 (9.762s)
Batch 450/485, loss: 0.7828071896235148 (9.761s)
Batch 485/485, loss: 0.8095621074948992 (4.554s)

-----Epoch 49/250-----
Batch 75/485, loss: 0.8024385178089142 (9.765s)
Batch 150/485, loss: 0.7389938918749491 (9.764s)
Batch 225/485, loss: 0.7555954082806905 (9.763s)
Batch 300/485, loss: 0.7548532009124755 (9.762s)
Batch 375/485, loss: 0.7537554148832957 (9.767s)
Batch 450/485, loss: 0.7718877180417378 (9.764s)
Batch 485/485, loss: 0.646916880777904 (4.555s)

-----Epoch 50/250-----
Batch 75/485, loss: 0.7222100663185119 (9.802s)
Batch 150/485, loss: 0.7358687746524811 (9.790s)
Batch 225/485, loss: 0.7835141917069753 (9.791s)
Batch 300/485, loss: 0.7097241083780924 (9.791s)
Batch 375/485, loss: 0.7037524557113648 (9.792s)
Batch 450/485, loss: 0.7719035299619039 (9.791s)
Batch 485/485, loss: 0.7649467859949385 (4.567s)

-----Epoch 51/250-----
Batch 75/485, loss: 0.713199184735616 (9.787s)
Batch 150/485, loss: 0.7277678652604421 (9.786s)
Batch 225/485, loss: 0.7601533563931783 (9.790s)
Batch 300/485, loss: 0.7605243273576101 (9.783s)
Batch 375/485, loss: 0.7801264270146688 (9.780s)
Batch 450/485, loss: 0.7805455815792084 (9.782s)
Batch 485/485, loss: 0.6978027071271624 (4.564s)
Saved to test_model_e250_f7.pth

-----Epoch 52/250-----
Batch 75/485, loss: 0.7608661047617594 (9.782s)
Batch 150/485, loss: 0.7086406215031942 (9.782s)
Batch 225/485, loss: 0.6919946920871735 (9.780s)
Batch 300/485, loss: 0.7461575484275818 (9.785s)
Batch 375/485, loss: 0.7650325588385264 (9.787s)
Batch 450/485, loss: 0.7916695833206177 (9.788s)
Batch 485/485, loss: 0.7161983592169625 (4.566s)

-----Epoch 53/250-----
Batch 75/485, loss: 0.7660961445172628 (9.790s)
Batch 150/485, loss: 0.7141892997423808 (9.934s)
Batch 225/485, loss: 0.761101770401001 (9.792s)
Batch 300/485, loss: 0.7207378522555034 (9.792s)
Batch 375/485, loss: 0.7452731768290202 (9.792s)
Batch 450/485, loss: 0.8009774959087372 (9.788s)
Batch 485/485, loss: 0.6593841646398817 (4.566s)

-----Epoch 54/250-----
Batch 75/485, loss: 0.7186358737945556 (9.789s)
Batch 150/485, loss: 0.7243810713291168 (9.790s)
Batch 225/485, loss: 0.7663862625757853 (9.788s)
Batch 300/485, loss: 0.7335371466477713 (9.786s)
Batch 375/485, loss: 0.7388128463427226 (9.788s)
Batch 450/485, loss: 0.742418049176534 (9.787s)
Batch 485/485, loss: 0.8053863857473645 (4.566s)

-----Epoch 55/250-----
Batch 75/485, loss: 0.7354199632008871 (9.789s)
Batch 150/485, loss: 0.7301570188999176 (9.800s)
Batch 225/485, loss: 0.7520990765094757 (9.793s)
Batch 300/485, loss: 0.710565957625707 (9.789s)
Batch 375/485, loss: 0.7318015782038371 (9.791s)
Batch 450/485, loss: 0.7559320704142253 (9.787s)
Batch 485/485, loss: 0.7742762182440076 (4.567s)

-----Epoch 56/250-----
Batch 75/485, loss: 0.7453865869839986 (9.791s)
Batch 150/485, loss: 0.7289657787481943 (9.792s)
Batch 225/485, loss: 0.7254164866606394 (9.795s)
Batch 300/485, loss: 0.7572572549184163 (9.791s)
Batch 375/485, loss: 0.686820197502772 (9.793s)
Batch 450/485, loss: 0.7940313057104746 (9.793s)
Batch 485/485, loss: 0.7358149307114737 (4.571s)

-----Epoch 57/250-----
Batch 75/485, loss: 0.7536173172791799 (9.800s)
Batch 150/485, loss: 0.7190826018651326 (9.809s)
Batch 225/485, loss: 0.7169098901748657 (9.796s)
Batch 300/485, loss: 0.7167843596140544 (9.792s)
Batch 375/485, loss: 0.7428752128283183 (9.791s)
Batch 450/485, loss: 0.7452207779884339 (9.791s)
Batch 485/485, loss: 0.7820076337882451 (4.571s)

-----Epoch 58/250-----
Batch 75/485, loss: 0.7131689659754435 (9.794s)
Batch 150/485, loss: 0.7123981304963429 (9.795s)
Batch 225/485, loss: 0.7495461996396383 (9.796s)
Batch 300/485, loss: 0.7797281487782797 (9.796s)
Batch 375/485, loss: 0.6979769428571065 (9.796s)
Batch 450/485, loss: 0.7654448787371317 (9.796s)
Batch 485/485, loss: 0.7563485213688441 (4.593s)

-----Epoch 59/250-----
Batch 75/485, loss: 0.6994740796089173 (9.941s)
Batch 150/485, loss: 0.7298716692129771 (9.801s)
Batch 225/485, loss: 0.7181952357292175 (9.796s)
Batch 300/485, loss: 0.7579103024800619 (9.804s)
Batch 375/485, loss: 0.7594952344894409 (9.799s)
Batch 450/485, loss: 0.757589703798294 (9.796s)
Batch 485/485, loss: 0.7290450181279864 (4.570s)

-----Epoch 60/250-----
Batch 75/485, loss: 0.671515177488327 (9.797s)
Batch 150/485, loss: 0.7187926272551218 (9.796s)
Batch 225/485, loss: 0.7958337044715882 (9.796s)
Batch 300/485, loss: 0.7205792740980784 (9.795s)
Batch 375/485, loss: 0.7106222108999888 (9.796s)
Batch 450/485, loss: 0.7542032686869303 (9.801s)
Batch 485/485, loss: 0.8154056617191859 (4.571s)

-----Epoch 61/250-----
Batch 75/485, loss: 0.7581246109803518 (9.797s)
Batch 150/485, loss: 0.6853979889551799 (9.794s)
Batch 225/485, loss: 0.7344342402617137 (9.794s)
Batch 300/485, loss: 0.7407650033632914 (9.797s)
Batch 375/485, loss: 0.7211284053325653 (9.796s)
Batch 450/485, loss: 0.7440802931785584 (9.794s)
Batch 485/485, loss: 0.7554253016199385 (4.571s)
Saved to test_model_e250_f7.pth

-----Epoch 62/250-----
Batch 75/485, loss: 0.7629568513234456 (9.798s)
Batch 150/485, loss: 0.7074208271503448 (9.796s)
Batch 225/485, loss: 0.7228804004192352 (9.803s)
Batch 300/485, loss: 0.7144092659155528 (9.796s)
Batch 375/485, loss: 0.6815039734045665 (9.794s)
Batch 450/485, loss: 0.7483845631281535 (9.794s)
Batch 485/485, loss: 0.7667126272405896 (4.569s)

-----Epoch 63/250-----
Batch 75/485, loss: 0.7749337530136109 (9.790s)
Batch 150/485, loss: 0.7223111855983734 (9.789s)
Batch 225/485, loss: 0.7271827455361685 (9.789s)
Batch 300/485, loss: 0.7300417721271515 (9.791s)
Batch 375/485, loss: 0.7121304829915365 (9.790s)
Batch 450/485, loss: 0.7274617222944896 (9.797s)
Batch 485/485, loss: 0.7070138641766139 (4.566s)

-----Epoch 64/250-----
Batch 75/485, loss: 0.7390108668804168 (9.792s)
Batch 150/485, loss: 0.7249435094992319 (9.789s)
Batch 225/485, loss: 0.7025971325238546 (9.783s)
Batch 300/485, loss: 0.7083359261353811 (9.782s)
Batch 375/485, loss: 0.6849794928232829 (9.793s)
Batch 450/485, loss: 0.757326690753301 (9.782s)
Batch 485/485, loss: 0.7750767120293208 (4.710s)

-----Epoch 65/250-----
Batch 75/485, loss: 0.6989847008387248 (9.793s)
Batch 150/485, loss: 0.7490874417622884 (9.784s)
Batch 225/485, loss: 0.7354213559627533 (9.784s)
Batch 300/485, loss: 0.7407597116629283 (9.787s)
Batch 375/485, loss: 0.7630181499322255 (9.784s)
Batch 450/485, loss: 0.7067403602600097 (9.789s)
Batch 485/485, loss: 0.7038721476282392 (4.565s)

-----Epoch 66/250-----
Batch 75/485, loss: 0.6925616709391276 (9.785s)
Batch 150/485, loss: 1.8887593233585358 (9.790s)
Batch 225/485, loss: 0.7307269688447317 (9.789s)
Batch 300/485, loss: 0.7302150619029999 (9.785s)
Batch 375/485, loss: 0.7356375074386596 (9.787s)
Batch 450/485, loss: 0.7115210274855296 (9.787s)
Batch 485/485, loss: 0.7044577785900661 (4.580s)

-----Epoch 67/250-----
Batch 75/485, loss: 0.7321588377157847 (9.782s)
Batch 150/485, loss: 0.7104065918922424 (9.785s)
Batch 225/485, loss: 0.7368241238594055 (9.783s)
Batch 300/485, loss: 0.7128388448556264 (9.785s)
Batch 375/485, loss: 0.7167066939671835 (9.778s)
Batch 450/485, loss: 0.7495256777604421 (9.761s)
Batch 485/485, loss: 0.7607609272003174 (4.553s)

-----Epoch 68/250-----
Batch 75/485, loss: 0.7471145033836365 (9.762s)
Batch 150/485, loss: 0.6840507543087005 (9.770s)
Batch 225/485, loss: 0.7241598836580913 (9.764s)
Batch 300/485, loss: 0.6960162683327993 (9.774s)
Batch 375/485, loss: 0.6862380969524383 (9.764s)
Batch 450/485, loss: 0.7680556090672811 (9.763s)
Batch 485/485, loss: 0.8499332172530037 (4.555s)

-----Epoch 69/250-----
Batch 75/485, loss: 0.7509763805071513 (9.767s)
Batch 150/485, loss: 0.7303571820259094 (9.764s)
Batch 225/485, loss: 0.6875546844800313 (9.761s)
Batch 300/485, loss: 0.7234586576620737 (9.761s)
Batch 375/485, loss: 0.7204859801133474 (9.761s)
Batch 450/485, loss: 0.7100246091683705 (9.763s)
Batch 485/485, loss: 0.6653379304068429 (4.555s)

-----Epoch 70/250-----
Batch 75/485, loss: 0.7476392996311187 (9.764s)
Batch 150/485, loss: 0.7029584221045176 (9.766s)
Batch 225/485, loss: 0.6999499277273814 (9.767s)
Batch 300/485, loss: 0.7353878589471181 (9.762s)
Batch 375/485, loss: 0.7172717245419821 (9.907s)
Batch 450/485, loss: 0.7547774159908295 (9.764s)
Batch 485/485, loss: 0.6861835624490465 (4.555s)

-----Epoch 71/250-----
Batch 75/485, loss: 0.6980020876725515 (9.766s)
Batch 150/485, loss: 0.717351188659668 (9.796s)
Batch 225/485, loss: 0.7472222320238749 (9.768s)
Batch 300/485, loss: 0.7437207082907359 (9.776s)
Batch 375/485, loss: 0.6656301915645599 (9.768s)
Batch 450/485, loss: 0.6990150407950083 (9.766s)
Batch 485/485, loss: 0.7464518342699323 (4.557s)
Saved to test_model_e250_f7.pth

-----Epoch 72/250-----
Batch 75/485, loss: 0.7147812720139821 (9.764s)
Batch 150/485, loss: 0.6834296826521555 (9.765s)
Batch 225/485, loss: 0.7386454161008199 (9.763s)
Batch 300/485, loss: 0.7100469017028809 (9.760s)
Batch 375/485, loss: 0.7761329631010692 (9.766s)
Batch 450/485, loss: 0.686226441860199 (9.786s)
Batch 485/485, loss: 0.7685883343219757 (4.553s)

-----Epoch 73/250-----
Batch 75/485, loss: 0.6648484110832215 (9.762s)
Batch 150/485, loss: 0.6972426088651021 (9.761s)
Batch 225/485, loss: 0.709283754825592 (9.763s)
Batch 300/485, loss: 0.7440542880694071 (9.762s)
Batch 375/485, loss: 0.7407915472984314 (9.762s)
Batch 450/485, loss: 0.7234328099091848 (9.762s)
Batch 485/485, loss: 0.7120206645556859 (4.555s)

-----Epoch 74/250-----
Batch 75/485, loss: 0.7049277432759603 (9.761s)
Batch 150/485, loss: 0.709909301996231 (9.766s)
Batch 225/485, loss: 0.685724995136261 (9.765s)
Batch 300/485, loss: 0.711439839998881 (9.761s)
Batch 375/485, loss: 0.7176403065522512 (9.767s)
Batch 450/485, loss: 0.7245280170440673 (9.761s)
Batch 485/485, loss: 0.7052162076745715 (4.554s)

-----Epoch 75/250-----
Batch 75/485, loss: 0.6853880139191946 (9.772s)
Batch 150/485, loss: 0.729150276184082 (9.808s)
Batch 225/485, loss: 0.7074841932455699 (9.913s)
Batch 300/485, loss: 0.735913921991984 (10.200s)
Batch 375/485, loss: 0.6910680468877156 (10.193s)
Batch 450/485, loss: 0.7291417773564657 (10.196s)
Batch 485/485, loss: 0.7092803452696119 (4.755s)

-----Epoch 76/250-----
Batch 75/485, loss: 0.6790346054236094 (10.423s)
Batch 150/485, loss: 0.6945435655117035 (10.025s)
Batch 225/485, loss: 0.7317737110455831 (9.930s)
Batch 300/485, loss: 0.6682916299502055 (10.312s)
Batch 375/485, loss: 0.7168502942721049 (9.892s)
Batch 450/485, loss: 0.75859322031339 (9.902s)
Batch 485/485, loss: 0.7529539023126874 (4.615s)

-----Epoch 77/250-----
Batch 75/485, loss: 0.6786363299687703 (10.115s)
Batch 150/485, loss: 0.6796986548105876 (9.914s)
Batch 225/485, loss: 0.6971955382823944 (9.902s)
Batch 300/485, loss: 0.7224987995624542 (9.896s)
Batch 375/485, loss: 0.7187345556418101 (9.881s)
Batch 450/485, loss: 0.7171056894461314 (9.924s)
Batch 485/485, loss: 0.7328362413815089 (4.635s)

-----Epoch 78/250-----
Batch 75/485, loss: 0.6495761477947235 (9.944s)
Batch 150/485, loss: 0.6919819144407908 (9.943s)
Batch 225/485, loss: 0.6904876613616944 (9.937s)
Batch 300/485, loss: 0.7563082015514374 (9.930s)
Batch 375/485, loss: 0.7299644839763642 (9.931s)
Batch 450/485, loss: 0.7247681721051534 (9.935s)
Batch 485/485, loss: 0.7386045030185154 (4.626s)

-----Epoch 79/250-----
Batch 75/485, loss: 0.7136724551518758 (9.945s)
Batch 150/485, loss: 0.6841951914628347 (9.945s)
Batch 225/485, loss: 0.7005236180623372 (9.929s)
Batch 300/485, loss: 0.7197237308820089 (9.918s)
Batch 375/485, loss: 0.7104372831185659 (9.931s)
Batch 450/485, loss: 0.7208093329270681 (9.921s)
Batch 485/485, loss: 0.6448357020105634 (4.626s)

-----Epoch 80/250-----
Batch 75/485, loss: 0.6694272867838542 (10.090s)
Batch 150/485, loss: 0.7353719063599904 (10.207s)
Batch 225/485, loss: 0.695157874027888 (10.501s)
Batch 300/485, loss: 0.684670649766922 (10.204s)
Batch 375/485, loss: 0.6986545868714651 (10.201s)
Batch 450/485, loss: 0.702938357591629 (10.280s)
Batch 485/485, loss: 0.6804075956344604 (4.642s)

-----Epoch 81/250-----
Batch 75/485, loss: 0.6696619097391764 (10.205s)
Batch 150/485, loss: 0.6880140562852224 (10.211s)
Batch 225/485, loss: 0.7127362481753031 (9.937s)
Batch 300/485, loss: 0.7088675765196483 (9.926s)
Batch 375/485, loss: 0.7315754981835684 (10.171s)
Batch 450/485, loss: 0.6777696875731151 (9.947s)
Batch 485/485, loss: 0.6710941825594221 (4.634s)
Saved to test_model_e250_f7.pth

-----Epoch 82/250-----
Batch 75/485, loss: 0.6631519595781962 (9.959s)
Batch 150/485, loss: 0.7040598952770233 (10.232s)
Batch 225/485, loss: 0.7465463264783223 (10.102s)
Batch 300/485, loss: 0.675536079009374 (9.942s)
Batch 375/485, loss: 0.6877419217427572 (10.122s)
Batch 450/485, loss: 0.7072597746054331 (9.956s)
Batch 485/485, loss: 0.6626727317060743 (4.643s)

-----Epoch 83/250-----
Batch 75/485, loss: 0.6512107781569163 (10.135s)
Batch 150/485, loss: 0.7444155943393708 (9.919s)
Batch 225/485, loss: 0.6805362935860951 (9.916s)
Batch 300/485, loss: 0.6516158084074656 (10.198s)
Batch 375/485, loss: 0.7221446108818054 (9.961s)
Batch 450/485, loss: 0.7351112898190816 (10.011s)
Batch 485/485, loss: 0.697481632232666 (4.662s)

-----Epoch 84/250-----
Batch 75/485, loss: 0.6896058475971222 (10.177s)
Batch 150/485, loss: 0.6943454380830129 (10.144s)
Batch 225/485, loss: 0.6812023095289866 (10.220s)
Batch 300/485, loss: 0.6857297805945078 (10.203s)
Batch 375/485, loss: 0.6879142800966899 (10.198s)
Batch 450/485, loss: 0.7558956066767375 (10.199s)
Batch 485/485, loss: 0.706145327431815 (4.726s)

-----Epoch 85/250-----
Batch 75/485, loss: 0.688475874265035 (9.942s)
Batch 150/485, loss: 0.7137852700551351 (9.946s)
Batch 225/485, loss: 0.6546961863835653 (9.951s)
Batch 300/485, loss: 0.686452454328537 (9.961s)
Batch 375/485, loss: 0.6804217493534088 (9.952s)
Batch 450/485, loss: 0.7195191546281179 (9.964s)
Batch 485/485, loss: 0.7300433737891061 (4.648s)

-----Epoch 86/250-----
Batch 75/485, loss: 0.6939558740456899 (9.952s)
Batch 150/485, loss: 0.6565243883927663 (9.979s)
Batch 225/485, loss: 0.6762621649106344 (9.973s)
Batch 300/485, loss: 0.6892881806691488 (9.953s)
Batch 375/485, loss: 0.6904390482107798 (9.961s)
Batch 450/485, loss: 0.8082737533251444 (9.962s)
Batch 485/485, loss: 0.6572937139442989 (4.642s)

-----Epoch 87/250-----
Batch 75/485, loss: 0.6700774145126343 (9.958s)
Batch 150/485, loss: 0.7009256060918172 (9.959s)
Batch 225/485, loss: 0.6975027378400167 (9.960s)
Batch 300/485, loss: 0.6979046746095021 (9.956s)
Batch 375/485, loss: 0.7014832746982574 (9.975s)
Batch 450/485, loss: 0.6755991530418396 (10.180s)
Batch 485/485, loss: 0.7696086330073221 (4.647s)

-----Epoch 88/250-----
Batch 75/485, loss: 0.6765041069189708 (9.970s)
Batch 150/485, loss: 0.6979746437072754 (10.145s)
Batch 225/485, loss: 0.6681594983736674 (10.016s)
Batch 300/485, loss: 0.7240784112612406 (10.217s)
Batch 375/485, loss: 0.7305120627085367 (10.204s)
Batch 450/485, loss: 0.7501656659444174 (10.214s)
Batch 485/485, loss: 0.6907113662787846 (4.763s)

-----Epoch 89/250-----
Batch 75/485, loss: 0.7255352922280629 (10.200s)
Batch 150/485, loss: 0.7007777714729309 (9.981s)
Batch 225/485, loss: 0.770374349753062 (9.944s)
Batch 300/485, loss: 0.7188299349943796 (9.953s)
Batch 375/485, loss: 0.8224952197074891 (9.943s)
Batch 450/485, loss: 0.7134646586577098 (9.938s)
Batch 485/485, loss: 0.7443801002843039 (4.633s)

-----Epoch 90/250-----
Batch 75/485, loss: 0.7240673426787059 (9.936s)
Batch 150/485, loss: 0.7267188922564188 (9.935s)
Batch 225/485, loss: 0.706465052763621 (9.935s)
Batch 300/485, loss: 0.721863571802775 (9.941s)
Batch 375/485, loss: 0.7149374063809713 (9.948s)
Batch 450/485, loss: 0.7481364258130392 (9.942s)
Batch 485/485, loss: 0.7357034257480076 (4.632s)

-----Epoch 91/250-----
Batch 75/485, loss: 0.7033999021848043 (9.944s)
Batch 150/485, loss: 0.7044257934888204 (9.945s)
Batch 225/485, loss: 0.6985962359110515 (9.929s)
Batch 300/485, loss: 0.7049649488925934 (9.942s)
Batch 375/485, loss: 0.7306224358081818 (9.935s)
Batch 450/485, loss: 0.6782566106319428 (9.928s)
Batch 485/485, loss: 0.7687534161976406 (4.643s)
Saved to test_model_e250_f7.pth

-----Epoch 92/250-----
Batch 75/485, loss: 0.7203836111227672 (9.932s)
Batch 150/485, loss: 0.7102356036504109 (9.939s)
Batch 225/485, loss: 0.7116791884104411 (9.922s)
Batch 300/485, loss: 0.7002567120393117 (9.938s)
Batch 375/485, loss: 0.7096094131469727 (10.083s)
Batch 450/485, loss: 0.6946048506100972 (10.141s)
Batch 485/485, loss: 0.6876610721860613 (4.760s)

-----Epoch 93/250-----
Batch 75/485, loss: 0.7357275795936584 (10.205s)
Batch 150/485, loss: 1.2720596547921499 (10.210s)
Batch 225/485, loss: 0.9677834518750509 (10.160s)
Batch 300/485, loss: 1.0064170360565186 (10.143s)
Batch 375/485, loss: 0.9591286667188008 (9.981s)
Batch 450/485, loss: 1.0527964607874551 (9.933s)
Batch 485/485, loss: 0.9682180336543492 (4.633s)

-----Epoch 94/250-----
Batch 75/485, loss: 0.8208100454012552 (10.080s)
Batch 150/485, loss: 0.9505754820505778 (9.933s)
Batch 225/485, loss: 0.8212058528264363 (9.933s)
Batch 300/485, loss: 0.9005759509404501 (9.934s)
Batch 375/485, loss: 0.9554641318321228 (9.935s)
Batch 450/485, loss: 0.8619775438308716 (9.940s)
Batch 485/485, loss: 0.8593918868473598 (4.638s)

-----Epoch 95/250-----
Batch 75/485, loss: 0.8270250352223715 (9.940s)
Batch 150/485, loss: 0.8783572117487589 (9.937s)
Batch 225/485, loss: 0.7906271807352702 (9.943s)
Batch 300/485, loss: 0.9281508787473043 (9.951s)
Batch 375/485, loss: 0.8410957674185435 (9.970s)
Batch 450/485, loss: 0.9854579003651937 (9.941s)
Batch 485/485, loss: 0.8141924398286002 (4.638s)

-----Epoch 96/250-----
Batch 75/485, loss: 0.8241641585032146 (9.947s)
Batch 150/485, loss: 0.8526391879717509 (9.964s)
Batch 225/485, loss: 0.8730110144615173 (9.949s)
Batch 300/485, loss: 0.8669723502794902 (9.963s)
Batch 375/485, loss: 1.013426126241684 (9.954s)
Batch 450/485, loss: 1.1019696036974589 (9.998s)
Batch 485/485, loss: 0.9746892281941005 (4.833s)

-----Epoch 97/250-----
Batch 75/485, loss: 1.0291442664464314 (10.151s)
Batch 150/485, loss: 0.9629919222990672 (10.149s)
Batch 225/485, loss: 0.9938785211245219 (10.150s)
Batch 300/485, loss: 1.0159444304307301 (10.200s)
Batch 375/485, loss: 1.0095459866523742 (10.158s)
Batch 450/485, loss: 0.9894024475415548 (10.153s)
Batch 485/485, loss: 1.1783353788512094 (4.737s)

-----Epoch 98/250-----
Batch 75/485, loss: 0.9229179390271505 (10.157s)
Batch 150/485, loss: 1.0236608119805655 (10.062s)
Batch 225/485, loss: 1.0240445359547934 (9.947s)
Batch 300/485, loss: 0.996309654712677 (9.920s)
Batch 375/485, loss: 1.0191637404759726 (9.916s)
Batch 450/485, loss: 0.8338565882047018 (9.913s)
Batch 485/485, loss: 0.9596887588500976 (4.628s)

-----Epoch 99/250-----
Batch 75/485, loss: 0.9283673826853435 (9.913s)
Batch 150/485, loss: 1.0295807707309723 (9.916s)
Batch 225/485, loss: 0.9280491916338602 (9.925s)
Batch 300/485, loss: 0.9533046730359396 (9.916s)
Batch 375/485, loss: 0.924982488155365 (9.907s)
Batch 450/485, loss: 1.0382739567756654 (9.916s)
Batch 485/485, loss: 0.8222119127001081 (4.771s)

-----Epoch 100/250-----
Batch 75/485, loss: 1.0179593920707704 (9.927s)
Batch 150/485, loss: 0.826219965616862 (9.921s)
Batch 225/485, loss: 0.9576693093776703 (9.920s)
Batch 300/485, loss: 0.9935727556546529 (9.922s)
Batch 375/485, loss: 0.96080095688502 (9.932s)
Batch 450/485, loss: 0.9920707722504933 (10.562s)
Batch 485/485, loss: 0.7891243628093174 (4.639s)

-----Epoch 101/250-----
Batch 75/485, loss: 1.0486390399932861 (9.945s)
Batch 150/485, loss: 0.8550814588864645 (10.143s)
Batch 225/485, loss: 0.8826175224781037 (10.143s)
Batch 300/485, loss: 0.9341998815536499 (10.142s)
Batch 375/485, loss: 0.9311897428830465 (10.142s)
Batch 450/485, loss: 0.9685848728815715 (10.071s)
Batch 485/485, loss: 0.8115182535988944 (4.641s)
Saved to test_model_e250_f7.pth

-----Epoch 102/250-----
Batch 75/485, loss: 0.8891056950887044 (9.926s)
Batch 150/485, loss: 0.8346554334958395 (10.140s)
Batch 225/485, loss: 1.02363094329834 (10.140s)
Batch 300/485, loss: 0.8979596237341563 (10.147s)
Batch 375/485, loss: 0.9208225584030152 (10.143s)
Batch 450/485, loss: 0.8968315211931864 (10.085s)
Batch 485/485, loss: 1.1439197421073914 (4.638s)

-----Epoch 103/250-----
Batch 75/485, loss: 0.8911852518717448 (9.944s)
Batch 150/485, loss: 0.8382840943336487 (9.934s)
Batch 225/485, loss: 0.8978232431411743 (9.936s)
Batch 300/485, loss: 0.9598512200514475 (9.947s)
Batch 375/485, loss: 0.8855999525388082 (9.949s)
Batch 450/485, loss: 1.0413019744555156 (9.931s)
Batch 485/485, loss: 0.9687441808836801 (4.636s)

-----Epoch 104/250-----
Batch 75/485, loss: 0.8252038860321045 (9.928s)
Batch 150/485, loss: 0.9350185596942902 (9.935s)
Batch 225/485, loss: 0.8830172697703044 (9.934s)
Batch 300/485, loss: 0.9560702419281006 (9.944s)
Batch 375/485, loss: 0.9483154360453288 (9.946s)
Batch 450/485, loss: 0.9499076334635417 (9.967s)
Batch 485/485, loss: 0.8873748251370022 (4.650s)

-----Epoch 105/250-----
Batch 75/485, loss: 0.8701405656337738 (9.949s)
Batch 150/485, loss: 0.8344316180547079 (9.955s)
Batch 225/485, loss: 1.0159073170026143 (10.013s)
Batch 300/485, loss: 0.8723044689496359 (10.124s)
Batch 375/485, loss: 0.9580686291058859 (10.130s)
Batch 450/485, loss: 0.8932025289535522 (10.304s)
Batch 485/485, loss: 0.8896859356335232 (4.724s)

-----Epoch 106/250-----
Batch 75/485, loss: 0.9165247583389282 (10.123s)
Batch 150/485, loss: 0.8249483410517374 (9.996s)
Batch 225/485, loss: 0.955213147799174 (9.931s)
Batch 300/485, loss: 0.9715542908509572 (9.963s)
Batch 375/485, loss: 0.8373455409208933 (9.981s)
Batch 450/485, loss: 0.94193749944369 (10.131s)
Batch 485/485, loss: 0.8695842027664185 (4.725s)

-----Epoch 107/250-----
Batch 75/485, loss: 0.8342795356114705 (10.112s)
Batch 150/485, loss: 0.9221817914644878 (10.117s)
Batch 225/485, loss: 0.9339891648292542 (10.119s)
Batch 300/485, loss: 0.9509365860621134 (9.956s)
Batch 375/485, loss: 0.8562755672136942 (9.916s)
Batch 450/485, loss: 0.8768455469608307 (9.928s)
Batch 485/485, loss: 0.9036098514284406 (4.626s)

-----Epoch 108/250-----
Batch 75/485, loss: 0.8885989840825399 (9.912s)
Batch 150/485, loss: 0.8350251603126526 (9.911s)
Batch 225/485, loss: 0.8534054513772329 (9.916s)
Batch 300/485, loss: 0.8929299354553223 (9.907s)
Batch 375/485, loss: 0.9713566851615906 (9.911s)
Batch 450/485, loss: 0.8342259812355042 (9.912s)
Batch 485/485, loss: 0.8836644870894296 (4.628s)

-----Epoch 109/250-----
Batch 75/485, loss: 0.8160635352134704 (9.922s)
Batch 150/485, loss: 0.9135466957092285 (9.912s)
Batch 225/485, loss: 0.8591628098487853 (9.915s)
Batch 300/485, loss: 0.8652561128139495 (9.904s)
Batch 375/485, loss: 0.8637592999140421 (9.931s)
Batch 450/485, loss: 0.8799133253097534 (10.118s)
Batch 485/485, loss: 0.8828833443777901 (4.719s)

-----Epoch 110/250-----
Batch 75/485, loss: 0.8410998511314393 (10.125s)
Batch 150/485, loss: 0.9061495852470398 (10.145s)
Batch 225/485, loss: 0.89744846145312 (10.135s)
Batch 300/485, loss: 0.8955673615137736 (9.955s)
Batch 375/485, loss: 0.8621715350945791 (9.928s)
Batch 450/485, loss: 0.8072017010052999 (9.924s)
Batch 485/485, loss: 0.8862153104373387 (4.634s)

-----Epoch 111/250-----
Batch 75/485, loss: 0.8296080696582794 (9.928s)
Batch 150/485, loss: 0.8304003643989563 (9.936s)
Batch 225/485, loss: 0.8992384354273478 (10.028s)
Batch 300/485, loss: 0.8869032605489096 (10.138s)
Batch 375/485, loss: 0.8899665129184723 (10.294s)
Batch 450/485, loss: 0.8296115458011627 (10.148s)
Batch 485/485, loss: 0.9775858640670776 (4.728s)
Saved to test_model_e250_f7.pth

-----Epoch 112/250-----
Batch 75/485, loss: 0.8376692569255829 (10.080s)
Batch 150/485, loss: 0.895977771282196 (9.930s)
Batch 225/485, loss: 0.814776402314504 (9.915s)
Batch 300/485, loss: 0.8542384552955627 (9.926s)
Batch 375/485, loss: 0.8731538323561351 (9.930s)
Batch 450/485, loss: 0.8200482523441315 (9.920s)
Batch 485/485, loss: 0.8829465253012521 (4.629s)

-----Epoch 113/250-----
Batch 75/485, loss: 0.8267323637008667 (9.938s)
Batch 150/485, loss: 0.8603973269462586 (9.934s)
Batch 225/485, loss: 0.8548640322685241 (9.915s)
Batch 300/485, loss: 0.8316234715779622 (9.923s)
Batch 375/485, loss: 0.8227828601996104 (9.919s)
Batch 450/485, loss: 0.8343133862813313 (9.914s)
Batch 485/485, loss: 0.915718594619206 (4.628s)

-----Epoch 114/250-----
Batch 75/485, loss: 0.878450118303299 (9.953s)
Batch 150/485, loss: 0.8520519451300304 (10.119s)
Batch 225/485, loss: 0.8239663795630137 (10.115s)
Batch 300/485, loss: 0.7953168821334838 (10.119s)
Batch 375/485, loss: 0.8736158323287964 (10.122s)
Batch 450/485, loss: 0.821509124437968 (10.017s)
Batch 485/485, loss: 0.791778290271759 (4.625s)

-----Epoch 115/250-----
Batch 75/485, loss: 0.8504437971115112 (9.908s)
Batch 150/485, loss: 0.8375509417057038 (9.910s)
Batch 225/485, loss: 0.8245093909899394 (9.911s)
Batch 300/485, loss: 0.7819234967231751 (9.929s)
Batch 375/485, loss: 0.9078064807256063 (9.918s)
Batch 450/485, loss: 0.8242013390858968 (9.926s)
Batch 485/485, loss: 0.8243009209632873 (4.615s)

-----Epoch 116/250-----
Batch 75/485, loss: 0.8365941055615743 (10.125s)
Batch 150/485, loss: 0.8280538753668467 (10.129s)
Batch 225/485, loss: 0.830591539144516 (10.130s)
Batch 300/485, loss: 0.8136163067817688 (10.133s)
Batch 375/485, loss: 0.8029208755493165 (10.098s)
Batch 450/485, loss: 0.8673307387034098 (9.921s)
Batch 485/485, loss: 0.7786398759910038 (4.636s)

-----Epoch 117/250-----
Batch 75/485, loss: 0.7846275885899862 (9.915s)
Batch 150/485, loss: 0.8344393022855123 (9.928s)
Batch 225/485, loss: 0.7890234438578287 (9.919s)
Batch 300/485, loss: 0.7823058474063873 (10.072s)
Batch 375/485, loss: 0.844214202562968 (10.192s)
Batch 450/485, loss: 0.8378189388910929 (9.958s)
Batch 485/485, loss: 0.949722010748727 (4.641s)

-----Epoch 118/250-----
Batch 75/485, loss: 0.8049843271573385 (9.960s)
Batch 150/485, loss: 0.8040106884638468 (10.117s)
Batch 225/485, loss: 0.7655037426948548 (9.905s)
Batch 300/485, loss: 0.840593445301056 (9.847s)
Batch 375/485, loss: 0.8058517690499624 (10.143s)
Batch 450/485, loss: 0.8099920384089152 (9.891s)
Batch 485/485, loss: 0.942321561064039 (4.628s)

-----Epoch 119/250-----
Batch 75/485, loss: 0.8573947326342265 (9.838s)
Batch 150/485, loss: 0.7981172180175782 (10.057s)
Batch 225/485, loss: 0.7802910431226094 (9.870s)
Batch 300/485, loss: 0.8198276662826538 (9.868s)
Batch 375/485, loss: 0.7788505160808563 (10.147s)
Batch 450/485, loss: 0.7774181572596232 (9.860s)
Batch 485/485, loss: 0.8271618817533766 (4.603s)

-----Epoch 120/250-----
Batch 75/485, loss: 0.8209480905532837 (9.866s)
Batch 150/485, loss: 0.7852978388468425 (9.919s)
Batch 225/485, loss: 0.771933384736379 (9.886s)
Batch 300/485, loss: 2.2356389729181925 (9.863s)
Batch 375/485, loss: 0.8265093922615051 (9.803s)
Batch 450/485, loss: 0.8228486688931783 (9.769s)
Batch 485/485, loss: 0.8542746458734785 (4.564s)

-----Epoch 121/250-----
Batch 75/485, loss: 0.7797228463490804 (9.805s)
Batch 150/485, loss: 0.7748634934425354 (9.778s)
Batch 225/485, loss: 0.7542805250485738 (9.809s)
Batch 300/485, loss: 0.7356994942824046 (9.793s)
Batch 375/485, loss: 0.7439458994070689 (9.774s)
Batch 450/485, loss: 0.8191061854362488 (9.817s)
Batch 485/485, loss: 0.8016511150768825 (4.560s)
Saved to test_model_e250_f7.pth

-----Epoch 122/250-----
Batch 75/485, loss: 0.7750236630439759 (9.775s)
Batch 150/485, loss: 0.769952568213145 (9.924s)
Batch 225/485, loss: 0.7434496855735779 (9.997s)
Batch 300/485, loss: 0.8158581956227621 (9.912s)
Batch 375/485, loss: 0.7934197827180227 (9.773s)
Batch 450/485, loss: 0.7137043166160584 (9.814s)
Batch 485/485, loss: 0.7913906642368862 (4.561s)

-----Epoch 123/250-----
Batch 75/485, loss: 0.7433313981691996 (9.778s)
Batch 150/485, loss: 0.7694316871960958 (9.790s)
Batch 225/485, loss: 0.7290648023287455 (9.988s)
Batch 300/485, loss: 0.7336905399958292 (9.854s)
Batch 375/485, loss: 0.7504271654287974 (9.786s)
Batch 450/485, loss: 0.7464733060201009 (9.777s)
Batch 485/485, loss: 0.8003647514751979 (4.586s)

-----Epoch 124/250-----
Batch 75/485, loss: 0.7559193126360575 (9.782s)
Batch 150/485, loss: 0.7079889678955078 (9.838s)
Batch 225/485, loss: 0.7251550769805908 (10.043s)
Batch 300/485, loss: 0.7527941004435221 (9.979s)
Batch 375/485, loss: 0.8368470184008281 (9.780s)
Batch 450/485, loss: 0.728826892375946 (9.760s)
Batch 485/485, loss: 0.7592781160558973 (4.578s)

-----Epoch 125/250-----
Batch 75/485, loss: 0.7175655301411946 (9.800s)
Batch 150/485, loss: 0.7277684299151103 (9.803s)
Batch 225/485, loss: 0.7404231369495392 (9.777s)
Batch 300/485, loss: 0.749625864426295 (9.787s)
Batch 375/485, loss: 0.7571422147750855 (10.175s)
Batch 450/485, loss: 0.7440139965216319 (9.771s)
Batch 485/485, loss: 0.8266843506268092 (4.564s)

-----Epoch 126/250-----
Batch 75/485, loss: 0.7523321712017059 (9.772s)
Batch 150/485, loss: 0.7540018049875895 (9.774s)
Batch 225/485, loss: 0.7285784022013346 (9.775s)
Batch 300/485, loss: 0.7334912594159444 (9.799s)
Batch 375/485, loss: 0.7042468476295471 (9.807s)
Batch 450/485, loss: 0.7500084614753724 (9.814s)
Batch 485/485, loss: 0.7121868457112993 (4.576s)

-----Epoch 127/250-----
Batch 75/485, loss: 0.722579747835795 (9.804s)
Batch 150/485, loss: 0.7704466636975607 (9.808s)
Batch 225/485, loss: 0.7370457410812378 (9.828s)
Batch 300/485, loss: 0.7470533514022827 (10.004s)
Batch 375/485, loss: 0.7040798604488373 (9.835s)
Batch 450/485, loss: 0.7207126458485921 (9.778s)
Batch 485/485, loss: 0.6916182049683162 (4.563s)

-----Epoch 128/250-----
Batch 75/485, loss: 0.7046899890899658 (9.777s)
Batch 150/485, loss: 0.7386341599623362 (9.877s)
Batch 225/485, loss: 0.7242554366588593 (9.960s)
Batch 300/485, loss: 0.7400797096888224 (9.786s)
Batch 375/485, loss: 0.7670412095387776 (9.847s)
Batch 450/485, loss: 0.7191562219460805 (9.995s)
Batch 485/485, loss: 0.7909456236021859 (4.605s)

-----Epoch 129/250-----
Batch 75/485, loss: 0.6935262688000997 (9.810s)
Batch 150/485, loss: 0.7026160991191864 (9.949s)
Batch 225/485, loss: 0.7753140914440155 (9.803s)
Batch 300/485, loss: 0.6985951713720957 (9.801s)
Batch 375/485, loss: 0.7701768982410431 (9.801s)
Batch 450/485, loss: 0.7466835780938467 (9.800s)
Batch 485/485, loss: 0.6879574860845293 (4.573s)

-----Epoch 130/250-----
Batch 75/485, loss: 0.767538287639618 (9.805s)
Batch 150/485, loss: 0.7011562506357829 (9.818s)
Batch 225/485, loss: 0.7790978332360585 (9.808s)
Batch 300/485, loss: 0.8057026863098145 (9.806s)
Batch 375/485, loss: 0.7585143280029297 (9.800s)
Batch 450/485, loss: 0.7206213450431824 (9.815s)
Batch 485/485, loss: 0.7582238835947854 (4.577s)

-----Epoch 131/250-----
Batch 75/485, loss: 0.6937577676773071 (9.813s)
Batch 150/485, loss: 0.7644852375984192 (9.810s)
Batch 225/485, loss: 0.6999793374538421 (9.812s)
Batch 300/485, loss: 0.7313156044483184 (9.811s)
Batch 375/485, loss: 0.7434318391482035 (9.812s)
Batch 450/485, loss: 0.7458927090962728 (9.813s)
Batch 485/485, loss: 0.7004546548639025 (4.580s)
Saved to test_model_e250_f7.pth

-----Epoch 132/250-----
Batch 75/485, loss: 0.7133871595064799 (9.807s)
Batch 150/485, loss: 0.7181812624136606 (9.799s)
Batch 225/485, loss: 0.7145293263594309 (9.803s)
Batch 300/485, loss: 0.7552156086762746 (9.800s)
Batch 375/485, loss: 0.7642026305198669 (9.798s)
Batch 450/485, loss: 0.7210287070274353 (9.802s)
Batch 485/485, loss: 0.6849024108478001 (4.572s)

-----Epoch 133/250-----
Batch 75/485, loss: 0.725445724328359 (9.801s)
Batch 150/485, loss: 0.715175127585729 (9.800s)
Batch 225/485, loss: 0.7413017543156942 (9.818s)
Batch 300/485, loss: 0.6788694985707601 (9.798s)
Batch 375/485, loss: 0.7792908291021983 (9.791s)
Batch 450/485, loss: 0.7701908616224925 (9.793s)
Batch 485/485, loss: 0.746915090084076 (4.568s)

-----Epoch 134/250-----
Batch 75/485, loss: 0.713393261830012 (9.792s)
Batch 150/485, loss: 0.6880746165911357 (9.792s)
Batch 225/485, loss: 0.7369550009568532 (9.809s)
Batch 300/485, loss: 0.7600787468751271 (9.789s)
Batch 375/485, loss: 0.7652282154560089 (9.801s)
Batch 450/485, loss: 0.7090335667133332 (9.804s)
Batch 485/485, loss: 0.7160340598651341 (4.568s)

-----Epoch 135/250-----
Batch 75/485, loss: 0.7331706547737121 (9.937s)
Batch 150/485, loss: 0.737800366083781 (9.796s)
Batch 225/485, loss: 0.6908781750996907 (9.794s)
Batch 300/485, loss: 0.7700373303890228 (9.791s)
Batch 375/485, loss: 0.7203448458512625 (9.796s)
Batch 450/485, loss: 0.7072049307823182 (9.782s)
Batch 485/485, loss: 0.7278767262186323 (4.566s)

-----Epoch 136/250-----
Batch 75/485, loss: 0.7074422430992127 (9.775s)
Batch 150/485, loss: 0.6960151914755504 (9.795s)
Batch 225/485, loss: 0.6875096956888834 (9.801s)
Batch 300/485, loss: 0.7672687983512878 (9.799s)
Batch 375/485, loss: 0.7522111904621124 (9.827s)
Batch 450/485, loss: 0.7120726152261099 (10.056s)
Batch 485/485, loss: 0.7282746791839599 (4.651s)

-----Epoch 137/250-----
Batch 75/485, loss: 0.7089421407381693 (9.989s)
Batch 150/485, loss: 0.7403302641709646 (9.802s)
Batch 225/485, loss: 0.7527841564019521 (9.804s)
Batch 300/485, loss: 0.7131448403994243 (9.801s)
Batch 375/485, loss: 0.7434555741151174 (9.807s)
Batch 450/485, loss: 0.6883774348100027 (9.812s)
Batch 485/485, loss: 0.7350329484258379 (4.574s)

-----Epoch 138/250-----
Batch 75/485, loss: 0.7374838288625082 (9.804s)
Batch 150/485, loss: 0.7303016444047292 (9.804s)
Batch 225/485, loss: 0.6928195790449778 (9.807s)
Batch 300/485, loss: 0.7595154078801473 (9.803s)
Batch 375/485, loss: 0.7235950688521068 (9.802s)
Batch 450/485, loss: 0.7551994554201762 (9.801s)
Batch 485/485, loss: 0.6925299099513462 (4.573s)

-----Epoch 139/250-----
Batch 75/485, loss: 0.7228477994600931 (9.805s)
Batch 150/485, loss: 0.6944333871205648 (9.803s)
Batch 225/485, loss: 0.7395621542135874 (9.803s)
Batch 300/485, loss: 0.7093634577592214 (9.804s)
Batch 375/485, loss: 0.7564358572165172 (9.804s)
Batch 450/485, loss: 0.745825777053833 (9.804s)
Batch 485/485, loss: 0.7695384195872715 (4.573s)

-----Epoch 140/250-----
Batch 75/485, loss: 0.7005543291568757 (9.807s)
Batch 150/485, loss: 0.7070134488741556 (9.801s)
Batch 225/485, loss: 0.7121525184313456 (9.803s)
Batch 300/485, loss: 0.7450786181290945 (9.806s)
Batch 375/485, loss: 0.6973929047584534 (9.801s)
Batch 450/485, loss: 0.7021891963481903 (9.951s)
Batch 485/485, loss: 0.8169286600181035 (4.573s)

-----Epoch 141/250-----
Batch 75/485, loss: 0.6989772939682006 (9.799s)
Batch 150/485, loss: 0.7167529586950938 (9.801s)
Batch 225/485, loss: 0.7057708183924357 (9.800s)
Batch 300/485, loss: 0.7364185237884522 (9.799s)
Batch 375/485, loss: 0.73001335978508 (9.802s)
Batch 450/485, loss: 0.7139387877782186 (9.798s)
Batch 485/485, loss: 0.6822124089513506 (4.571s)
Saved to test_model_e250_f7.pth

-----Epoch 142/250-----
Batch 75/485, loss: 0.6874219862620036 (9.802s)
Batch 150/485, loss: 0.7101808532079061 (9.799s)
Batch 225/485, loss: 0.6975103644529979 (9.801s)
Batch 300/485, loss: 0.7021594742933909 (9.798s)
Batch 375/485, loss: 1.111158332824707 (9.797s)
Batch 450/485, loss: 1.3840625623861949 (9.796s)
Batch 485/485, loss: 1.15201478770801 (4.569s)

-----Epoch 143/250-----
Batch 75/485, loss: 1.0085085284709931 (9.795s)
Batch 150/485, loss: 1.085445483525594 (9.813s)
Batch 225/485, loss: 1.1272855309645335 (9.769s)
Batch 300/485, loss: 0.9893295490741729 (9.762s)
Batch 375/485, loss: 1.0242594901720683 (9.761s)
Batch 450/485, loss: 1.0266735529899598 (9.769s)
Batch 485/485, loss: 1.324881272656577 (4.558s)

-----Epoch 144/250-----
Batch 75/485, loss: 0.9446148228645325 (9.768s)
Batch 150/485, loss: 0.9436290311813355 (9.771s)
Batch 225/485, loss: 0.8211610913276672 (9.769s)
Batch 300/485, loss: 0.9004308048884074 (9.776s)
Batch 375/485, loss: 0.9287795988718669 (9.769s)
Batch 450/485, loss: 0.8244537488619487 (9.768s)
Batch 485/485, loss: 0.8321033954620362 (4.556s)

-----Epoch 145/250-----
Batch 75/485, loss: 0.8635502545038859 (9.770s)
Batch 150/485, loss: 0.931722940603892 (9.779s)
Batch 225/485, loss: 0.8479854408899943 (9.767s)
Batch 300/485, loss: 0.8296763610839843 (9.770s)
Batch 375/485, loss: 0.7737970077991485 (9.768s)
Batch 450/485, loss: 0.8193244568506877 (9.769s)
Batch 485/485, loss: 0.8030903995037079 (4.557s)

-----Epoch 146/250-----
Batch 75/485, loss: 0.860724884668986 (9.766s)
Batch 150/485, loss: 0.7803238320350647 (9.766s)
Batch 225/485, loss: 0.7922007052103678 (9.767s)
Batch 300/485, loss: 0.8185960133870442 (9.766s)
Batch 375/485, loss: 0.8588909403483073 (9.913s)
Batch 450/485, loss: 0.7962277022997538 (9.769s)
Batch 485/485, loss: 0.8818660054888044 (4.560s)

-----Epoch 147/250-----
Batch 75/485, loss: 0.8104041083653768 (9.772s)
Batch 150/485, loss: 0.8326236931482951 (9.772s)
Batch 225/485, loss: 0.7456285071372986 (9.769s)
Batch 300/485, loss: 0.7974395831425984 (9.773s)
Batch 375/485, loss: 0.8281178140640258 (9.770s)
Batch 450/485, loss: 0.7675645065307617 (9.772s)
Batch 485/485, loss: 0.9044398052351815 (4.557s)

-----Epoch 148/250-----
Batch 75/485, loss: 0.7729409702618917 (9.784s)
Batch 150/485, loss: 0.7605933066209157 (9.772s)
Batch 225/485, loss: 0.7809245733420054 (9.770s)
Batch 300/485, loss: 0.8240222152074178 (9.776s)
Batch 375/485, loss: 0.8179497102896373 (9.770s)
Batch 450/485, loss: 0.8546496661504109 (9.771s)
Batch 485/485, loss: 0.8813377576214927 (4.563s)

-----Epoch 149/250-----
Batch 75/485, loss: 0.8007966041564941 (9.773s)
Batch 150/485, loss: 0.8238724152247111 (9.775s)
Batch 225/485, loss: 0.8012511185805002 (9.771s)
Batch 300/485, loss: 0.7730586568514506 (9.770s)
Batch 375/485, loss: 0.7711376245816549 (9.771s)
Batch 450/485, loss: 0.8106481568018595 (9.770s)
Batch 485/485, loss: 0.808707754952567 (4.559s)

-----Epoch 150/250-----
Batch 75/485, loss: 0.7908844701449076 (9.772s)
Batch 150/485, loss: 0.7665864332516988 (9.773s)
Batch 225/485, loss: 0.8033293159802755 (9.769s)
Batch 300/485, loss: 0.7820929177602132 (9.774s)
Batch 375/485, loss: 0.7462069980303446 (9.772s)
Batch 450/485, loss: 0.8190776626269023 (9.770s)
Batch 485/485, loss: 0.8565208452088492 (4.562s)

-----Epoch 151/250-----
Batch 75/485, loss: 0.7414821815490723 (9.770s)
Batch 150/485, loss: 0.7899537785847982 (9.767s)
Batch 225/485, loss: 0.7995764064788818 (9.770s)
Batch 300/485, loss: 0.7561809174219767 (9.817s)
Batch 375/485, loss: 0.7995452308654785 (9.826s)
Batch 450/485, loss: 0.776459299325943 (9.784s)
Batch 485/485, loss: 0.8218906947544643 (4.564s)
Saved to test_model_e250_f7.pth

-----Epoch 152/250-----
Batch 75/485, loss: 0.7298273209730785 (9.780s)
Batch 150/485, loss: 0.7866899649302165 (9.783s)
Batch 225/485, loss: 0.7904689351717631 (9.783s)
Batch 300/485, loss: 1.031182914574941 (9.928s)
Batch 375/485, loss: 2.9123213052749635 (9.785s)
Batch 450/485, loss: 0.7342320092519125 (9.785s)
Batch 485/485, loss: 0.7198709862572806 (4.564s)

-----Epoch 153/250-----
Batch 75/485, loss: 0.7061911884943645 (9.782s)
Batch 150/485, loss: 0.7463671231269836 (9.782s)
Batch 225/485, loss: 0.760167979001999 (9.988s)
Batch 300/485, loss: 0.6894286557038625 (9.784s)
Batch 375/485, loss: 0.740908028682073 (9.783s)
Batch 450/485, loss: 0.7305558693408966 (9.825s)
Batch 485/485, loss: 0.6681442933423178 (4.590s)

-----Epoch 154/250-----
Batch 75/485, loss: 0.6806515296300252 (9.838s)
Batch 150/485, loss: 0.6961095412572225 (9.818s)
Batch 225/485, loss: 0.7392273918787639 (9.786s)
Batch 300/485, loss: 0.7670185883839925 (9.828s)
Batch 375/485, loss: 0.7196162148316702 (9.804s)
Batch 450/485, loss: 0.7464958206812541 (9.784s)
Batch 485/485, loss: 0.708550785269056 (4.564s)

-----Epoch 155/250-----
Batch 75/485, loss: 0.7030583945910136 (9.776s)
Batch 150/485, loss: 0.6790448335806528 (9.774s)
Batch 225/485, loss: 0.6917596757411957 (9.773s)
Batch 300/485, loss: 0.7084002097447714 (9.773s)
Batch 375/485, loss: 0.7141229585806529 (9.778s)
Batch 450/485, loss: 0.7185123916467031 (9.777s)
Batch 485/485, loss: 0.7499790208680289 (4.561s)

-----Epoch 156/250-----
Batch 75/485, loss: 0.7200423566500346 (9.780s)
Batch 150/485, loss: 0.7193087701002757 (9.774s)
Batch 225/485, loss: 0.7112353515625 (9.774s)
Batch 300/485, loss: 0.6596206537882487 (9.775s)
Batch 375/485, loss: 0.7044625620047251 (9.757s)
Batch 450/485, loss: 0.7635900616645813 (9.756s)
Batch 485/485, loss: 0.7697926785264696 (4.553s)

-----Epoch 157/250-----
Batch 75/485, loss: 0.7189832969506582 (9.761s)
Batch 150/485, loss: 0.695766677459081 (9.760s)
Batch 225/485, loss: 0.7057256333033244 (9.757s)
Batch 300/485, loss: 0.6968498245875041 (9.764s)
Batch 375/485, loss: 0.7677346841494243 (9.759s)
Batch 450/485, loss: 0.6926972007751465 (9.756s)
Batch 485/485, loss: 0.6518181460244316 (4.552s)

-----Epoch 158/250-----
Batch 75/485, loss: 0.7045136209328969 (9.756s)
Batch 150/485, loss: 0.6599647160371145 (9.755s)
Batch 225/485, loss: 0.7303607149918874 (9.901s)
Batch 300/485, loss: 0.7498838333288829 (9.763s)
Batch 375/485, loss: 0.6720409413178762 (9.758s)
Batch 450/485, loss: 0.702590712706248 (9.757s)
Batch 485/485, loss: 0.7612555044037955 (4.538s)

-----Epoch 159/250-----
Batch 75/485, loss: 0.6995405948162079 (9.724s)
Batch 150/485, loss: 0.7193478377660115 (9.723s)
Batch 225/485, loss: 0.6922934949398041 (9.730s)
Batch 300/485, loss: 0.7009227859973908 (9.736s)
Batch 375/485, loss: 0.6797531628608704 (9.738s)
Batch 450/485, loss: 0.7227216156323751 (9.735s)
Batch 485/485, loss: 0.759408290045602 (4.542s)

-----Epoch 160/250-----
Batch 75/485, loss: 0.7281195656458537 (9.736s)
Batch 150/485, loss: 0.7247383308410644 (9.737s)
Batch 225/485, loss: 0.7260027583440145 (9.739s)
Batch 300/485, loss: 0.6699681568145752 (9.740s)
Batch 375/485, loss: 0.6731039643287658 (9.735s)
Batch 450/485, loss: 0.685618800719579 (9.738s)
Batch 485/485, loss: 0.6976205383028303 (4.544s)

-----Epoch 161/250-----
Batch 75/485, loss: 0.7091867347558339 (9.736s)
Batch 150/485, loss: 0.715924377044042 (9.734s)
Batch 225/485, loss: 0.6800766440232595 (9.737s)
Batch 300/485, loss: 0.7009395535786946 (9.737s)
Batch 375/485, loss: 0.682454084555308 (9.746s)
Batch 450/485, loss: 0.730025190114975 (9.735s)
Batch 485/485, loss: 0.7438842611653464 (4.541s)
Saved to test_model_e250_f7.pth

-----Epoch 162/250-----
Batch 75/485, loss: 0.668808255592982 (9.737s)
Batch 150/485, loss: 0.6728764955202738 (9.736s)
Batch 225/485, loss: 0.7179017361005148 (9.736s)
Batch 300/485, loss: 0.6718436153729757 (9.733s)
Batch 375/485, loss: 0.7463781404495239 (9.733s)
Batch 450/485, loss: 0.7211446102460225 (9.745s)
Batch 485/485, loss: 0.6940338628632682 (4.542s)

-----Epoch 163/250-----
Batch 75/485, loss: 0.7026041527589162 (9.736s)
Batch 150/485, loss: 0.6764265370368957 (9.735s)
Batch 225/485, loss: 0.6773513440291087 (9.728s)
Batch 300/485, loss: 0.6973977541923523 (9.721s)
Batch 375/485, loss: 0.6915666925907135 (9.721s)
Batch 450/485, loss: 0.7316812956333161 (9.728s)
Batch 485/485, loss: 0.7518848870481764 (4.537s)

-----Epoch 164/250-----
Batch 75/485, loss: 0.6779893012841542 (9.722s)
Batch 150/485, loss: 0.7131380724906922 (9.867s)
Batch 225/485, loss: 0.6981277656555176 (9.721s)
Batch 300/485, loss: 0.6893916805585225 (9.722s)
Batch 375/485, loss: 0.7171976852416992 (9.720s)
Batch 450/485, loss: 0.6921981171766917 (9.723s)
Batch 485/485, loss: 1.2188828451292855 (4.537s)

-----Epoch 165/250-----
Batch 75/485, loss: 1.7960223944981892 (9.720s)
Batch 150/485, loss: 2.406070374250412 (9.722s)
Batch 225/485, loss: 0.8588585702578226 (9.726s)
Batch 300/485, loss: 1.053414648771286 (9.721s)
Batch 375/485, loss: 2.169155691464742 (9.721s)
Batch 450/485, loss: 0.7734905457496644 (9.720s)
Batch 485/485, loss: 0.7628534981182643 (4.534s)

-----Epoch 166/250-----
Batch 75/485, loss: 0.7872299297650656 (9.721s)
Batch 150/485, loss: 0.7551597658793131 (9.723s)
Batch 225/485, loss: 0.7708581360181173 (9.444s)
Batch 300/485, loss: 0.7616784969965616 (9.726s)
Batch 375/485, loss: 0.7767718187967936 (9.726s)
Batch 450/485, loss: 0.8558226625124613 (9.726s)
Batch 485/485, loss: 0.7947667309216091 (4.537s)

-----Epoch 167/250-----
Batch 75/485, loss: 0.7709369508425394 (9.728s)
Batch 150/485, loss: 0.7915781037012736 (9.728s)
Batch 225/485, loss: 0.8052045472462972 (9.726s)
Batch 300/485, loss: 0.750217436949412 (9.736s)
Batch 375/485, loss: 0.7988778519630432 (9.728s)
Batch 450/485, loss: 0.7735214845339458 (9.726s)
Batch 485/485, loss: 0.7385679636682783 (4.537s)

-----Epoch 168/250-----
Batch 75/485, loss: 0.7810783314704896 (9.727s)
Batch 150/485, loss: 0.7632937757174174 (9.726s)
Batch 225/485, loss: 0.7753838443756104 (9.726s)
Batch 300/485, loss: 0.8171313532193502 (9.730s)
Batch 375/485, loss: 0.7570043325424194 (9.726s)
Batch 450/485, loss: 0.7682618093490601 (9.737s)
Batch 485/485, loss: 0.7622092604637146 (4.537s)

-----Epoch 169/250-----
Batch 75/485, loss: 0.7540538287162781 (9.732s)
Batch 150/485, loss: 0.7743176666895548 (9.735s)
Batch 225/485, loss: 0.7771196293830872 (9.742s)
Batch 300/485, loss: 0.7940236059824626 (9.738s)
Batch 375/485, loss: 0.8224846204121907 (9.740s)
Batch 450/485, loss: 0.8354432765642802 (9.743s)
Batch 485/485, loss: 0.8432602575847081 (4.543s)

-----Epoch 170/250-----
Batch 75/485, loss: 0.7866276796658834 (9.883s)
Batch 150/485, loss: 0.7745541206995646 (9.738s)
Batch 225/485, loss: 0.7841342989603678 (9.739s)
Batch 300/485, loss: 0.7986759893099467 (9.738s)
Batch 375/485, loss: 0.8404668704668681 (9.737s)
Batch 450/485, loss: 0.776707452138265 (9.742s)
Batch 485/485, loss: 0.7560043624469213 (4.544s)

-----Epoch 171/250-----
Batch 75/485, loss: 0.7713657132784526 (9.745s)
Batch 150/485, loss: 0.7965127245585124 (9.741s)
Batch 225/485, loss: 0.76949893395106 (9.739s)
Batch 300/485, loss: 0.7906042337417603 (9.740s)
Batch 375/485, loss: 0.787636992931366 (9.739s)
Batch 450/485, loss: 0.8131691662470499 (9.739s)
Batch 485/485, loss: 0.8595438207898821 (4.543s)
Saved to test_model_e250_f7.pth

-----Epoch 172/250-----
Batch 75/485, loss: 0.7448924104372661 (9.734s)
Batch 150/485, loss: 0.8212242619196574 (9.735s)
Batch 225/485, loss: 0.8078863565127055 (9.746s)
Batch 300/485, loss: 0.7544055191675821 (9.737s)
Batch 375/485, loss: 0.8015479445457458 (9.735s)
Batch 450/485, loss: 0.7888886308670044 (9.739s)
Batch 485/485, loss: 0.7915718964168004 (4.543s)

-----Epoch 173/250-----
Batch 75/485, loss: 0.7930175367991129 (9.738s)
Batch 150/485, loss: 0.7714206210772196 (9.737s)
Batch 225/485, loss: 0.7793753592173258 (9.739s)
Batch 300/485, loss: 0.7812820251782735 (9.739s)
Batch 375/485, loss: 0.8288369997342427 (9.739s)
Batch 450/485, loss: 0.7947915124893189 (9.762s)
Batch 485/485, loss: 0.7552732331412179 (4.556s)

-----Epoch 174/250-----
Batch 75/485, loss: 0.7713816134134929 (9.767s)
Batch 150/485, loss: 0.7703732005755106 (9.772s)
Batch 225/485, loss: 0.8073632232348125 (9.767s)
Batch 300/485, loss: 0.8092844740549723 (9.768s)
Batch 375/485, loss: 0.764989333152771 (9.769s)
Batch 450/485, loss: 0.7875910623868306 (9.770s)
Batch 485/485, loss: 0.7808474472590855 (4.557s)

-----Epoch 175/250-----
Batch 75/485, loss: 0.7663660359382629 (9.770s)
Batch 150/485, loss: 0.782366529305776 (9.769s)
Batch 225/485, loss: 0.8002794591585795 (9.769s)
Batch 300/485, loss: 0.7761154731114706 (9.770s)
Batch 375/485, loss: 0.8127352245648702 (9.772s)
Batch 450/485, loss: 0.7902488032976787 (9.772s)
Batch 485/485, loss: 0.8140367576054164 (4.703s)

-----Epoch 176/250-----
Batch 75/485, loss: 0.7703815595308939 (9.771s)
Batch 150/485, loss: 0.7987005456288656 (9.773s)
Batch 225/485, loss: 0.7689114594459534 (9.794s)
Batch 300/485, loss: 0.8304803204536438 (9.774s)
Batch 375/485, loss: 0.7982226856549581 (9.774s)
Batch 450/485, loss: 0.8358929864565532 (9.770s)
Batch 485/485, loss: 0.8651029910360064 (4.560s)

-----Epoch 177/250-----
Batch 75/485, loss: 0.7811628929773966 (9.772s)
Batch 150/485, loss: 0.8062295699119568 (9.771s)
Batch 225/485, loss: 0.7982298342386881 (9.768s)
Batch 300/485, loss: 0.7995715936024984 (9.805s)
Batch 375/485, loss: 0.7973368382453918 (9.806s)
Batch 450/485, loss: 0.8047473684946695 (9.806s)
Batch 485/485, loss: 0.7698643207550049 (4.574s)

-----Epoch 178/250-----
Batch 75/485, loss: 0.7688559126853943 (9.807s)
Batch 150/485, loss: 0.8233413441975912 (9.808s)
Batch 225/485, loss: 0.7798779074350993 (9.808s)
Batch 300/485, loss: 0.8056413054466247 (9.811s)
Batch 375/485, loss: 0.8221032277743021 (9.812s)
Batch 450/485, loss: 0.8576887456576029 (9.809s)
Batch 485/485, loss: 0.7695279615265983 (4.599s)

-----Epoch 179/250-----
Batch 75/485, loss: 0.794896027247111 (9.813s)
Batch 150/485, loss: 0.7791826780637106 (9.814s)
Batch 225/485, loss: 0.7799789524078369 (9.811s)
Batch 300/485, loss: 0.8071272659301758 (9.811s)
Batch 375/485, loss: 0.7933197506268819 (9.810s)
Batch 450/485, loss: 0.8088535873095194 (9.810s)
Batch 485/485, loss: 0.8149903331484113 (4.569s)

-----Epoch 180/250-----
Batch 75/485, loss: 0.7595178786913553 (9.793s)
Batch 150/485, loss: 0.7925243258476258 (9.791s)
Batch 225/485, loss: 0.8447068913777669 (9.790s)
Batch 300/485, loss: 0.7772745641072591 (9.798s)
Batch 375/485, loss: 0.7975045537948608 (9.791s)
Batch 450/485, loss: 0.7737811875343322 (9.782s)
Batch 485/485, loss: 0.772492892401559 (4.550s)

-----Epoch 181/250-----
Batch 75/485, loss: 0.7444873722394307 (9.751s)
Batch 150/485, loss: 0.7604034741719564 (9.751s)
Batch 225/485, loss: 0.7808252954483033 (9.751s)
Batch 300/485, loss: 0.7950524099667867 (9.790s)
Batch 375/485, loss: 0.771452723344167 (9.792s)
Batch 450/485, loss: 0.8040301330884297 (9.946s)
Batch 485/485, loss: 0.8228416510990688 (4.568s)
Saved to test_model_e250_f7.pth

-----Epoch 182/250-----
Batch 75/485, loss: 0.7693811782201131 (9.756s)
Batch 150/485, loss: 0.8123006002108256 (9.754s)
Batch 225/485, loss: 0.7662867625554403 (9.755s)
Batch 300/485, loss: 0.7761550132433573 (9.756s)
Batch 375/485, loss: 0.7947966146469116 (9.755s)
Batch 450/485, loss: 0.7609341589609782 (9.754s)
Batch 485/485, loss: 0.8893803426197597 (4.552s)

-----Epoch 183/250-----
Batch 75/485, loss: 0.7794892287254334 (9.761s)
Batch 150/485, loss: 0.754462882677714 (9.757s)
Batch 225/485, loss: 0.761108463605245 (9.757s)
Batch 300/485, loss: 0.7894488485654195 (9.755s)
Batch 375/485, loss: 0.8177449409166971 (9.755s)
Batch 450/485, loss: 0.7962753065427144 (9.753s)
Batch 485/485, loss: 0.7127294438225883 (4.552s)

-----Epoch 184/250-----
Batch 75/485, loss: 0.7341196354230245 (9.769s)
Batch 150/485, loss: 0.7789201617240906 (9.754s)
Batch 225/485, loss: 0.7769766807556152 (9.751s)
Batch 300/485, loss: 0.7858732104301452 (9.772s)
Batch 375/485, loss: 0.7940129407246908 (9.756s)
Batch 450/485, loss: 0.781577022075653 (9.754s)
Batch 485/485, loss: 0.7704731174877711 (4.550s)

-----Epoch 185/250-----
Batch 75/485, loss: 0.735937655766805 (9.758s)
Batch 150/485, loss: 0.7399915591875712 (9.757s)
Batch 225/485, loss: 0.7579298369089762 (9.754s)
Batch 300/485, loss: 0.7718399055798848 (9.767s)
Batch 375/485, loss: 0.8110257689158121 (9.790s)
Batch 450/485, loss: 0.7501281460126241 (9.788s)
Batch 485/485, loss: 0.8239909717014857 (4.567s)

-----Epoch 186/250-----
Batch 75/485, loss: 0.7748882293701171 (9.793s)
Batch 150/485, loss: 0.7754985459645589 (9.791s)
Batch 225/485, loss: 0.7650002559026082 (9.791s)
Batch 300/485, loss: 0.7684764703114827 (9.792s)
Batch 375/485, loss: 0.7273367714881896 (9.792s)
Batch 450/485, loss: 0.7328531869252523 (9.772s)
Batch 485/485, loss: 0.8247204218591963 (4.553s)

-----Epoch 187/250-----
Batch 75/485, loss: 0.752791306177775 (9.774s)
Batch 150/485, loss: 0.7359062767028809 (9.774s)
Batch 225/485, loss: 0.7875346636772156 (9.774s)
Batch 300/485, loss: 0.7486629923184712 (9.773s)
Batch 375/485, loss: 0.7739303151766459 (9.915s)
Batch 450/485, loss: 0.7504649058977763 (9.773s)
Batch 485/485, loss: 0.7177216121128627 (4.559s)

-----Epoch 188/250-----
Batch 75/485, loss: 0.7638311330477396 (9.775s)
Batch 150/485, loss: 0.7205231213569641 (9.773s)
Batch 225/485, loss: 0.7136494572957357 (9.777s)
Batch 300/485, loss: 0.7622196841239929 (9.769s)
Batch 375/485, loss: 0.7549810377756755 (9.771s)
Batch 450/485, loss: 0.758375121752421 (9.771s)
Batch 485/485, loss: 0.7479157890592303 (4.566s)

-----Epoch 189/250-----
Batch 75/485, loss: 0.7486576008796691 (9.769s)
Batch 150/485, loss: 0.7289176273345948 (9.775s)
Batch 225/485, loss: 0.7860303592681884 (9.769s)
Batch 300/485, loss: 0.7625701530774435 (9.767s)
Batch 375/485, loss: 0.8636163747310639 (9.768s)
Batch 450/485, loss: 0.7276357253392537 (9.771s)
Batch 485/485, loss: 0.7420170102800642 (4.557s)

-----Epoch 190/250-----
Batch 75/485, loss: 0.7455152424176534 (9.769s)
Batch 150/485, loss: 0.7294296526908874 (9.769s)
Batch 225/485, loss: 0.7498708271980286 (9.772s)
Batch 300/485, loss: 0.7611958289146423 (9.944s)
Batch 375/485, loss: 0.7224808088938395 (9.783s)
Batch 450/485, loss: 0.8406027181943257 (9.790s)
Batch 485/485, loss: 0.6401389556271689 (4.563s)

-----Epoch 191/250-----
Batch 75/485, loss: 0.7349098483721416 (9.783s)
Batch 150/485, loss: 0.7237303670247396 (9.787s)
Batch 225/485, loss: 0.7210569695631663 (9.789s)
Batch 300/485, loss: 0.7384519219398499 (9.781s)
Batch 375/485, loss: 0.7825638683636983 (9.783s)
Batch 450/485, loss: 0.7281850361824036 (9.781s)
Batch 485/485, loss: 0.7413128972053528 (4.564s)
Saved to test_model_e250_f7.pth

-----Epoch 192/250-----
Batch 75/485, loss: 0.7085019338130951 (9.780s)
Batch 150/485, loss: 0.750377101500829 (9.784s)
Batch 225/485, loss: 0.6922559813658397 (9.778s)
Batch 300/485, loss: 0.7499584158261617 (9.784s)
Batch 375/485, loss: 0.7299002556006113 (9.792s)
Batch 450/485, loss: 0.7847177624702454 (9.791s)
Batch 485/485, loss: 0.715559880222593 (4.570s)

-----Epoch 193/250-----
Batch 75/485, loss: 0.7415639877319335 (9.790s)
Batch 150/485, loss: 0.7221612588564554 (9.791s)
Batch 225/485, loss: 0.7559886972109476 (9.792s)
Batch 300/485, loss: 0.7010976449648539 (9.935s)
Batch 375/485, loss: 0.720969823996226 (9.796s)
Batch 450/485, loss: 0.7378127360343933 (9.781s)
Batch 485/485, loss: 0.6860976730074201 (4.562s)

-----Epoch 194/250-----
Batch 75/485, loss: 0.7073297655582428 (9.796s)
Batch 150/485, loss: 0.699448045094808 (9.788s)
Batch 225/485, loss: 0.724338941971461 (9.787s)
Batch 300/485, loss: 0.7175915229320526 (9.788s)
Batch 375/485, loss: 0.7720202668507894 (9.790s)
Batch 450/485, loss: 0.726930803457896 (9.790s)
Batch 485/485, loss: 0.7343376040458679 (4.567s)

-----Epoch 195/250-----
Batch 75/485, loss: 0.7030068548520406 (9.791s)
Batch 150/485, loss: 0.7187654538949331 (9.790s)
Batch 225/485, loss: 0.7353745452562968 (9.788s)
Batch 300/485, loss: 0.706634574731191 (9.790s)
Batch 375/485, loss: 0.7805710570017497 (9.789s)
Batch 450/485, loss: 0.7062190715471903 (9.790s)
Batch 485/485, loss: 0.7182264975139073 (4.567s)

-----Epoch 196/250-----
Batch 75/485, loss: 0.675863082408905 (9.788s)
Batch 150/485, loss: 0.7164556805292766 (9.789s)
Batch 225/485, loss: 0.7523011954625448 (9.789s)
Batch 300/485, loss: 0.7233964276313781 (9.787s)
Batch 375/485, loss: 0.7089912525812785 (9.788s)
Batch 450/485, loss: 0.7255843730767568 (9.787s)
Batch 485/485, loss: 0.7214083092553275 (4.583s)

-----Epoch 197/250-----
Batch 75/485, loss: 0.690517225265503 (9.790s)
Batch 150/485, loss: 0.7283093671003977 (9.787s)
Batch 225/485, loss: 0.6981885755062103 (9.789s)
Batch 300/485, loss: 0.7125142705440521 (9.789s)
Batch 375/485, loss: 0.7370786333084106 (9.798s)
Batch 450/485, loss: 0.6978019535541534 (9.790s)
Batch 485/485, loss: 0.7585865446499416 (4.565s)

-----Epoch 198/250-----
Batch 75/485, loss: 0.7324667660395304 (9.787s)
Batch 150/485, loss: 0.7053811820348104 (9.789s)
Batch 225/485, loss: 0.7147251756985983 (9.789s)
Batch 300/485, loss: 0.6836681711673737 (9.786s)
Batch 375/485, loss: 0.6889174501101176 (9.789s)
Batch 450/485, loss: 0.7483082858721415 (9.787s)
Batch 485/485, loss: 0.7011625775269099 (4.566s)

-----Epoch 199/250-----
Batch 75/485, loss: 0.668905047972997 (9.786s)
Batch 150/485, loss: 0.7037837247053782 (9.788s)
Batch 225/485, loss: 0.7336543595790863 (9.934s)
Batch 300/485, loss: 0.6971226982275645 (10.029s)
Batch 375/485, loss: 0.7103618037700653 (9.798s)
Batch 450/485, loss: 0.7427912338574727 (9.792s)
Batch 485/485, loss: 0.687562585728509 (4.566s)

-----Epoch 200/250-----
Batch 75/485, loss: 0.6741022932529449 (9.789s)
Batch 150/485, loss: 0.6780521909395854 (9.788s)
Batch 225/485, loss: 0.6969522257645925 (9.777s)
Batch 300/485, loss: 0.7159726893901825 (9.769s)
Batch 375/485, loss: 0.7266194454828898 (9.775s)
Batch 450/485, loss: 0.7221814894676208 (9.775s)
Batch 485/485, loss: 0.7625220579760416 (4.555s)

-----Epoch 201/250-----
Batch 75/485, loss: 0.6709307205677032 (9.768s)
Batch 150/485, loss: 0.6712975549697876 (9.770s)
Batch 225/485, loss: 0.7052626693248749 (9.752s)
Batch 300/485, loss: 0.7478702966372172 (9.752s)
Batch 375/485, loss: 0.7066481391588847 (9.764s)
Batch 450/485, loss: 0.7154085183143616 (9.754s)
Batch 485/485, loss: 0.6644426703453064 (4.549s)
Saved to test_model_e250_f7.pth

-----Epoch 202/250-----
Batch 75/485, loss: 0.6936993757883708 (9.753s)
Batch 150/485, loss: 0.6727372006575266 (9.750s)
Batch 225/485, loss: 0.6658923689524333 (9.749s)
Batch 300/485, loss: 0.7203431256612142 (9.750s)
Batch 375/485, loss: 0.7276583087444305 (9.750s)
Batch 450/485, loss: 0.6976530901590983 (9.748s)
Batch 485/485, loss: 0.6400808683463506 (4.535s)

-----Epoch 203/250-----
Batch 75/485, loss: 0.6589108725388845 (9.720s)
Batch 150/485, loss: 0.6953985440731049 (9.737s)
Batch 225/485, loss: 0.6667552570501963 (9.772s)
Batch 300/485, loss: 0.7343049506346385 (9.745s)
Batch 375/485, loss: 0.6784421253204346 (9.718s)
Batch 450/485, loss: 0.7328996539115906 (9.715s)
Batch 485/485, loss: 0.7439102470874787 (4.533s)

-----Epoch 204/250-----
Batch 75/485, loss: 0.6819567620754242 (9.719s)
Batch 150/485, loss: 0.6985734025637309 (9.751s)
Batch 225/485, loss: 0.6895282713572184 (9.749s)
Batch 300/485, loss: 0.7187136574586233 (9.750s)
Batch 375/485, loss: 0.6699813508987427 (9.749s)
Batch 450/485, loss: 0.6457563269138337 (9.747s)
Batch 485/485, loss: 0.8022999337741307 (4.547s)

-----Epoch 205/250-----
Batch 75/485, loss: 0.6617140595118205 (9.748s)
Batch 150/485, loss: 0.6545244423548381 (9.891s)
Batch 225/485, loss: 0.6892435626188914 (9.750s)
Batch 300/485, loss: 0.6974354843298595 (9.754s)
Batch 375/485, loss: 0.6925042859713236 (9.750s)
Batch 450/485, loss: 0.7083589744567871 (9.750s)
Batch 485/485, loss: 0.6821322321891785 (4.548s)

-----Epoch 206/250-----
Batch 75/485, loss: 0.6619844965140025 (9.752s)
Batch 150/485, loss: 0.6854114846388499 (9.749s)
Batch 225/485, loss: 0.7234641520182291 (9.750s)
Batch 300/485, loss: 0.7149023362000784 (9.753s)
Batch 375/485, loss: 1.3738961613178253 (9.750s)
Batch 450/485, loss: 2.041279974381129 (9.765s)
Batch 485/485, loss: 0.710151059286935 (4.551s)

-----Epoch 207/250-----
Batch 75/485, loss: 0.7122872527440389 (9.754s)
Batch 150/485, loss: 0.708495020866394 (9.751s)
Batch 225/485, loss: 0.7055950701236725 (9.751s)
Batch 300/485, loss: 0.6634275201956431 (9.750s)
Batch 375/485, loss: 0.6905558431148529 (9.755s)
Batch 450/485, loss: 0.7448760851224263 (9.750s)
Batch 485/485, loss: 0.6494180866650172 (4.550s)

-----Epoch 208/250-----
Batch 75/485, loss: 0.6618549263477326 (9.754s)
Batch 150/485, loss: 0.7122389467557272 (9.751s)
Batch 225/485, loss: 0.6690693895022074 (9.752s)
Batch 300/485, loss: 0.7369139834245046 (9.752s)
Batch 375/485, loss: 0.7140582780043284 (9.750s)
Batch 450/485, loss: 0.7351657462120056 (9.770s)
Batch 485/485, loss: 0.6637694895267486 (4.556s)

-----Epoch 209/250-----
Batch 75/485, loss: 0.6745699489116669 (9.763s)
Batch 150/485, loss: 0.6738280276457469 (9.762s)
Batch 225/485, loss: 0.7234186935424805 (9.763s)
Batch 300/485, loss: 0.6732881506284077 (9.761s)
Batch 375/485, loss: 0.6998034445444743 (9.763s)
Batch 450/485, loss: 0.725586078564326 (9.763s)
Batch 485/485, loss: 0.6634868042809623 (4.556s)

-----Epoch 210/250-----
Batch 75/485, loss: 0.671351078748703 (9.765s)
Batch 150/485, loss: 0.6985902841885885 (9.763s)
Batch 225/485, loss: 0.6859306104977926 (9.776s)
Batch 300/485, loss: 0.7177593354384104 (9.751s)
Batch 375/485, loss: 0.7095703013737996 (9.748s)
Batch 450/485, loss: 0.6972423990567526 (9.747s)
Batch 485/485, loss: 0.670521421943392 (4.548s)

-----Epoch 211/250-----
Batch 75/485, loss: 0.685745804309845 (9.892s)
Batch 150/485, loss: 0.7162961486975352 (9.749s)
Batch 225/485, loss: 0.7005933344364166 (9.746s)
Batch 300/485, loss: 0.6677929512659708 (9.748s)
Batch 375/485, loss: 0.6748758021990459 (9.752s)
Batch 450/485, loss: 0.6972130997975667 (9.746s)
Batch 485/485, loss: 0.6695458335535867 (4.548s)
Saved to test_model_e250_f7.pth

-----Epoch 212/250-----
Batch 75/485, loss: 0.6881246626377105 (9.751s)
Batch 150/485, loss: 0.6753943836688996 (9.747s)
Batch 225/485, loss: 0.6808467511336008 (9.746s)
Batch 300/485, loss: 0.6879455085595448 (9.747s)
Batch 375/485, loss: 0.6696316460768382 (9.749s)
Batch 450/485, loss: 0.6876862990856171 (9.747s)
Batch 485/485, loss: 0.7413769057818822 (4.549s)

-----Epoch 213/250-----
Batch 75/485, loss: 0.6915633265177409 (9.749s)
Batch 150/485, loss: 0.6870420241355896 (9.754s)
Batch 225/485, loss: 0.658878908554713 (9.745s)
Batch 300/485, loss: 0.6831388839085897 (9.749s)
Batch 375/485, loss: 0.684732339779536 (9.784s)
Batch 450/485, loss: 0.7398458937803905 (9.778s)
Batch 485/485, loss: 0.6616443225315639 (4.561s)

-----Epoch 214/250-----
Batch 75/485, loss: 0.7125420399506887 (9.778s)
Batch 150/485, loss: 0.6873222263654073 (9.778s)
Batch 225/485, loss: 0.6504471826553345 (9.777s)
Batch 300/485, loss: 0.6912312761942545 (9.777s)
Batch 375/485, loss: 0.6580940560499827 (9.778s)
Batch 450/485, loss: 0.6805300919214884 (9.781s)
Batch 485/485, loss: 0.6948313329901014 (4.564s)

-----Epoch 215/250-----
Batch 75/485, loss: 0.6494029784202575 (9.782s)
Batch 150/485, loss: 0.7111007408301036 (9.780s)
Batch 225/485, loss: 0.6637442711989084 (9.779s)
Batch 300/485, loss: 0.664834342400233 (9.778s)
Batch 375/485, loss: 0.7108665140469869 (9.779s)
Batch 450/485, loss: 0.6689672986666362 (9.779s)
Batch 485/485, loss: 0.6927823543548584 (4.562s)

-----Epoch 216/250-----
Batch 75/485, loss: 0.6607892421881357 (9.778s)
Batch 150/485, loss: 0.7341117763519287 (9.758s)
Batch 225/485, loss: 0.6786528909206391 (9.750s)
Batch 300/485, loss: 0.6757617072264354 (9.750s)
Batch 375/485, loss: 0.7011837883790334 (9.751s)
Batch 450/485, loss: 0.6675902199745178 (9.904s)
Batch 485/485, loss: 0.7217369641576494 (4.551s)

-----Epoch 217/250-----
Batch 75/485, loss: 0.6731893761952719 (9.755s)
Batch 150/485, loss: 0.6654390688737234 (9.760s)
Batch 225/485, loss: 0.6710037819544474 (9.766s)
Batch 300/485, loss: 0.7040277961889903 (9.760s)
Batch 375/485, loss: 0.672851022084554 (9.761s)
Batch 450/485, loss: 0.7017355048656464 (9.761s)
Batch 485/485, loss: 0.6872957927840097 (4.553s)

-----Epoch 218/250-----
Batch 75/485, loss: 0.6587089041868845 (9.762s)
Batch 150/485, loss: 0.6720679958661397 (9.760s)
Batch 225/485, loss: 0.6504462206363678 (9.764s)
Batch 300/485, loss: 0.6960997505982717 (9.761s)
Batch 375/485, loss: 0.6882680988311768 (9.763s)
Batch 450/485, loss: 0.7317825047175089 (9.763s)
Batch 485/485, loss: 0.6821487733295986 (4.552s)

-----Epoch 219/250-----
Batch 75/485, loss: 0.6688996072610219 (9.759s)
Batch 150/485, loss: 0.680469249089559 (9.767s)
Batch 225/485, loss: 0.7000448819001516 (9.764s)
Batch 300/485, loss: 0.6736935500303904 (9.764s)
Batch 375/485, loss: 0.671805108388265 (9.765s)
Batch 450/485, loss: 0.7015745238463084 (9.766s)
Batch 485/485, loss: 0.6875417666775839 (4.555s)

-----Epoch 220/250-----
Batch 75/485, loss: 0.6636586682001749 (9.766s)
Batch 150/485, loss: 0.700126664241155 (9.763s)
Batch 225/485, loss: 0.6669610945383707 (9.762s)
Batch 300/485, loss: 0.6825429403781891 (9.763s)
Batch 375/485, loss: 0.7838285517692566 (9.762s)
Batch 450/485, loss: 0.7106273241837819 (9.764s)
Batch 485/485, loss: 0.7794186455862863 (4.555s)

-----Epoch 221/250-----
Batch 75/485, loss: 0.7057176462809245 (9.774s)
Batch 150/485, loss: 0.6988555804888408 (9.785s)
Batch 225/485, loss: 0.735492703517278 (9.766s)
Batch 300/485, loss: 0.6831478786468506 (9.763s)
Batch 375/485, loss: 0.7916249533494314 (9.762s)
Batch 450/485, loss: 0.7167916127045949 (9.762s)
Batch 485/485, loss: 0.6643128846372877 (4.554s)
Saved to test_model_e250_f7.pth

-----Epoch 222/250-----
Batch 75/485, loss: 0.6776222177346547 (9.764s)
Batch 150/485, loss: 0.6719302030404409 (9.763s)
Batch 225/485, loss: 0.7146698121229808 (9.773s)
Batch 300/485, loss: 0.7028525237242381 (9.766s)
Batch 375/485, loss: 0.7034456161657969 (9.908s)
Batch 450/485, loss: 0.7148188654581705 (9.760s)
Batch 485/485, loss: 0.7162995747157506 (4.554s)

-----Epoch 223/250-----
Batch 75/485, loss: 0.6696418356895447 (9.758s)
Batch 150/485, loss: 0.6822049117088318 (9.748s)
Batch 225/485, loss: 0.6886007932821909 (9.748s)
Batch 300/485, loss: 0.7013021763165792 (9.775s)
Batch 375/485, loss: 0.705374413728714 (9.752s)
Batch 450/485, loss: 0.7220899740854899 (9.769s)
Batch 485/485, loss: 0.6926316661494119 (4.556s)

-----Epoch 224/250-----
Batch 75/485, loss: 0.689703729947408 (9.768s)
Batch 150/485, loss: 0.7147962546348572 (9.767s)
Batch 225/485, loss: 0.6807551685969034 (9.767s)
Batch 300/485, loss: 0.7110933423042297 (9.766s)
Batch 375/485, loss: 0.6658253622055054 (9.763s)
Batch 450/485, loss: 0.6733807492256164 (9.765s)
Batch 485/485, loss: 0.6988299650805337 (4.556s)

-----Epoch 225/250-----
Batch 75/485, loss: 0.7006813247998556 (9.763s)
Batch 150/485, loss: 0.6747844743728638 (9.762s)
Batch 225/485, loss: 0.7029969441890717 (9.764s)
Batch 300/485, loss: 0.6785192918777466 (9.763s)
Batch 375/485, loss: 0.645200355052948 (9.762s)
Batch 450/485, loss: 0.7158617802460988 (9.765s)
Batch 485/485, loss: 0.7094432405063085 (4.555s)

-----Epoch 226/250-----
Batch 75/485, loss: 0.6648386104901631 (9.763s)
Batch 150/485, loss: 0.6907060301303863 (9.760s)
Batch 225/485, loss: 0.6799046460787456 (9.762s)
Batch 300/485, loss: 0.6932037524382273 (9.763s)
Batch 375/485, loss: 0.693920304775238 (9.754s)
Batch 450/485, loss: 0.6812741426626842 (9.767s)
Batch 485/485, loss: 0.7253509776932853 (4.556s)

-----Epoch 227/250-----
Batch 75/485, loss: 0.6756836775938669 (9.763s)
Batch 150/485, loss: 0.6720385487874349 (9.762s)
Batch 225/485, loss: 0.6763812867800395 (9.761s)
Batch 300/485, loss: 0.6995462679862976 (9.761s)
Batch 375/485, loss: 0.6864337726434072 (9.762s)
Batch 450/485, loss: 0.6641496582825979 (9.800s)
Batch 485/485, loss: 0.6565275371074677 (4.555s)

-----Epoch 228/250-----
Batch 75/485, loss: 0.6569081230958302 (9.766s)
Batch 150/485, loss: 0.6968530893325806 (9.767s)
Batch 225/485, loss: 0.6868434393405914 (9.762s)
Batch 300/485, loss: 0.6628907557328542 (9.902s)
Batch 375/485, loss: 0.6866209491093953 (9.750s)
Batch 450/485, loss: 0.710624223947525 (9.756s)
Batch 485/485, loss: 0.688940965277808 (4.551s)

-----Epoch 229/250-----
Batch 75/485, loss: 0.6525309820969899 (9.751s)
Batch 150/485, loss: 0.6385360137621562 (9.750s)
Batch 225/485, loss: 0.675010184844335 (10.187s)
Batch 300/485, loss: 0.7253175552686055 (9.731s)
Batch 375/485, loss: 0.6610285766919454 (9.759s)
Batch 450/485, loss: 0.694008066256841 (9.774s)
Batch 485/485, loss: 0.7539350356374468 (4.547s)

-----Epoch 230/250-----
Batch 75/485, loss: 0.6431066322326661 (9.745s)
Batch 150/485, loss: 0.6723255523045858 (9.741s)
Batch 225/485, loss: 0.6643376457691192 (9.741s)
Batch 300/485, loss: 0.6590594013532003 (9.744s)
Batch 375/485, loss: 0.6963993763923645 (9.743s)
Batch 450/485, loss: 0.6599339238802592 (9.742s)
Batch 485/485, loss: 0.7509730747767858 (4.544s)

-----Epoch 231/250-----
Batch 75/485, loss: 0.6413775487740835 (9.741s)
Batch 150/485, loss: 0.6739948479334513 (9.738s)
Batch 225/485, loss: 0.634316215912501 (9.738s)
Batch 300/485, loss: 0.6763228460152944 (9.737s)
Batch 375/485, loss: 0.6970334239800771 (9.739s)
Batch 450/485, loss: 0.6733058750629425 (9.739s)
Batch 485/485, loss: 0.6601340225764684 (4.550s)
Saved to test_model_e250_f7.pth

-----Epoch 232/250-----
Batch 75/485, loss: 0.6523177893956502 (9.794s)
Batch 150/485, loss: 0.6415049389998118 (9.777s)
Batch 225/485, loss: 0.6467616283893585 (9.773s)
Batch 300/485, loss: 0.6880565138657888 (9.795s)
Batch 375/485, loss: 0.6549560240904491 (9.776s)
Batch 450/485, loss: 0.680222186644872 (9.776s)
Batch 485/485, loss: 0.6833404489925929 (4.561s)

-----Epoch 233/250-----
Batch 75/485, loss: 0.6460969964663188 (9.752s)
Batch 150/485, loss: 0.6518565003077189 (9.741s)
Batch 225/485, loss: 0.732483196258545 (9.741s)
Batch 300/485, loss: 0.6359977153937022 (9.748s)
Batch 375/485, loss: 0.6843513715267181 (9.773s)
Batch 450/485, loss: 0.6287515000502268 (9.772s)
Batch 485/485, loss: 0.6683606735297611 (4.559s)

-----Epoch 234/250-----
Batch 75/485, loss: 0.6572874828179678 (9.775s)
Batch 150/485, loss: 0.6666865384578705 (9.775s)
Batch 225/485, loss: 0.6571800756454468 (9.922s)
Batch 300/485, loss: 0.6414533452192942 (9.780s)
Batch 375/485, loss: 0.6501471416155498 (9.779s)
Batch 450/485, loss: 0.6951359740893046 (9.788s)
Batch 485/485, loss: 0.6528139293193818 (4.563s)

-----Epoch 235/250-----
Batch 75/485, loss: 0.6161988671620687 (9.780s)
Batch 150/485, loss: 0.6627598424752553 (9.774s)
Batch 225/485, loss: 0.6602358762423197 (9.773s)
Batch 300/485, loss: 0.666443444887797 (9.775s)
Batch 375/485, loss: 0.7059912919998169 (9.773s)
Batch 450/485, loss: 0.6538529960314433 (9.773s)
Batch 485/485, loss: 0.6579162146363939 (4.561s)

-----Epoch 236/250-----
Batch 75/485, loss: 0.5925576257705688 (9.772s)
Batch 150/485, loss: 0.6785930073261262 (9.773s)
Batch 225/485, loss: 0.6821316250165304 (9.771s)
Batch 300/485, loss: 0.6698675509293874 (9.773s)
Batch 375/485, loss: 0.6804210309187572 (9.769s)
Batch 450/485, loss: 0.6772395630677541 (9.753s)
Batch 485/485, loss: 0.6499845564365387 (4.552s)

-----Epoch 237/250-----
Batch 75/485, loss: 0.6423897771040599 (9.752s)
Batch 150/485, loss: 0.6599304064114888 (9.754s)
Batch 225/485, loss: 0.6653540917237599 (9.755s)
Batch 300/485, loss: 0.6439843718210856 (9.752s)
Batch 375/485, loss: 0.6605529495080312 (9.752s)
Batch 450/485, loss: 0.7206671833992004 (9.751s)
Batch 485/485, loss: 0.6759828303541456 (4.550s)

-----Epoch 238/250-----
Batch 75/485, loss: 0.6481076041857402 (9.756s)
Batch 150/485, loss: 0.666040917634964 (9.755s)
Batch 225/485, loss: 0.6561618793010712 (9.753s)
Batch 300/485, loss: 0.691453131834666 (9.755s)
Batch 375/485, loss: 0.6313105853398641 (9.751s)
Batch 450/485, loss: 0.6435761006673177 (9.741s)
Batch 485/485, loss: 0.6461868848119463 (4.543s)

-----Epoch 239/250-----
Batch 75/485, loss: 0.6671772833665212 (9.735s)
Batch 150/485, loss: 0.6326104919115703 (9.736s)
Batch 225/485, loss: 0.9763794604937236 (9.736s)
Batch 300/485, loss: 1.5360553475220997 (9.733s)
Batch 375/485, loss: 0.697410470644633 (9.738s)
Batch 450/485, loss: 0.7004269691308339 (9.735s)
Batch 485/485, loss: 0.6679920767034803 (4.543s)

-----Epoch 240/250-----
Batch 75/485, loss: 0.6544161295890808 (9.738s)
Batch 150/485, loss: 0.661410295565923 (9.882s)
Batch 225/485, loss: 0.6591400098800659 (9.737s)
Batch 300/485, loss: 0.6572897072633107 (9.737s)
Batch 375/485, loss: 0.6567147556940715 (9.737s)
Batch 450/485, loss: 0.6911635212103526 (9.727s)
Batch 485/485, loss: 0.6971960978848594 (4.538s)

-----Epoch 241/250-----
Batch 75/485, loss: 0.6555893731117248 (9.738s)
Batch 150/485, loss: 0.6532334506511688 (9.748s)
Batch 225/485, loss: 0.6865329964955648 (9.745s)
Batch 300/485, loss: 0.6634448218345642 (9.743s)
Batch 375/485, loss: 0.6903392712275187 (9.755s)
Batch 450/485, loss: 0.7469449877738953 (9.755s)
Batch 485/485, loss: 0.6892296876226153 (4.550s)
Saved to test_model_e250_f7.pth

-----Epoch 242/250-----
Batch 75/485, loss: 0.6477529823780059 (9.756s)
Batch 150/485, loss: 0.674624131123225 (9.753s)
Batch 225/485, loss: 0.6925727375348409 (9.753s)
Batch 300/485, loss: 0.6376387008031209 (9.749s)
Batch 375/485, loss: 0.6540883493423462 (9.748s)
Batch 450/485, loss: 0.6623857518037161 (9.747s)
Batch 485/485, loss: 0.7256669223308563 (4.547s)

-----Epoch 243/250-----
Batch 75/485, loss: 0.6840315945943196 (9.751s)
Batch 150/485, loss: 0.6503629549344381 (9.751s)
Batch 225/485, loss: 0.6309518273671468 (9.748s)
Batch 300/485, loss: 0.6362420849005381 (9.746s)
Batch 375/485, loss: 0.7136468617121379 (10.234s)
Batch 450/485, loss: 0.687920204003652 (9.759s)
Batch 485/485, loss: 0.6489771732262203 (4.554s)

-----Epoch 244/250-----
Batch 75/485, loss: 0.6737341900666555 (9.760s)
Batch 150/485, loss: 0.6957892560958863 (9.758s)
Batch 225/485, loss: 0.6659634526570638 (9.760s)
Batch 300/485, loss: 0.6737364530563354 (9.757s)
Batch 375/485, loss: 0.6897122935454051 (9.759s)
Batch 450/485, loss: 0.6512912495930989 (9.779s)
Batch 485/485, loss: 0.629598878962653 (4.563s)

-----Epoch 245/250-----
Batch 75/485, loss: 0.6761253988742828 (9.782s)
Batch 150/485, loss: 0.615056654214859 (9.781s)
Batch 225/485, loss: 0.6679280070463817 (9.776s)
Batch 300/485, loss: 0.6789307260513305 (9.763s)
Batch 375/485, loss: 0.673227147658666 (9.763s)
Batch 450/485, loss: 0.7457698440551758 (9.763s)
Batch 485/485, loss: 0.6558975943497249 (4.556s)

-----Epoch 246/250-----
Batch 75/485, loss: 0.6350879450639089 (9.911s)
Batch 150/485, loss: 0.6768913145860036 (9.769s)
Batch 225/485, loss: 0.6696714333693187 (9.770s)
Batch 300/485, loss: 0.6669426500797272 (9.766s)
Batch 375/485, loss: 0.660856763124466 (9.767s)
Batch 450/485, loss: 0.6689497907956441 (9.770s)
Batch 485/485, loss: 0.6690471087183271 (4.558s)

-----Epoch 247/250-----
Batch 75/485, loss: 0.617885072628657 (9.766s)
Batch 150/485, loss: 0.669739633401235 (9.769s)
Batch 225/485, loss: 0.7079529547691346 (9.758s)
Batch 300/485, loss: 0.6740665221214295 (9.759s)
Batch 375/485, loss: 0.6774324162801106 (9.770s)
Batch 450/485, loss: 0.6800897463162741 (9.760s)
Batch 485/485, loss: 0.6970773620264871 (4.552s)

-----Epoch 248/250-----
Batch 75/485, loss: 0.6692654899756114 (9.755s)
Batch 150/485, loss: 0.6470461285114288 (9.757s)
Batch 225/485, loss: 0.6886021014054616 (9.772s)
Batch 300/485, loss: 0.6820919823646545 (9.761s)
Batch 375/485, loss: 0.6926892280578614 (9.772s)
Batch 450/485, loss: 0.6385661248366038 (9.763s)
Batch 485/485, loss: 0.647954592534474 (4.554s)

-----Epoch 249/250-----
Batch 75/485, loss: 0.7036867439746857 (9.769s)
Batch 150/485, loss: 0.6807706332206727 (9.762s)
Batch 225/485, loss: 0.6520925100644429 (9.759s)
Batch 300/485, loss: 0.6634804145495097 (9.763s)
Batch 375/485, loss: 0.6684378739198049 (9.763s)
Batch 450/485, loss: 0.6437190095583598 (9.764s)
Batch 485/485, loss: 0.6284159396375929 (4.556s)

-----Epoch 250/250-----
Batch 75/485, loss: 0.6436267574628194 (9.766s)
Batch 150/485, loss: 0.6720926646391551 (9.761s)
Batch 225/485, loss: 0.689445595741272 (9.765s)
Batch 300/485, loss: 0.7034326692422231 (9.766s)
Batch 375/485, loss: 0.6423418502012889 (9.765s)
Batch 450/485, loss: 0.6775708397229513 (9.765s)
Batch 485/485, loss: 0.6930758552891868 (4.554s)
Saved to test_model_e250_f7.pth
Total avg loss: 0.6460883260772423
0.4558466970920563
tensor([[  0.3137,   0.0000],
        [-18.4207,   0.0000],
        [ -1.8718,   0.0000],
        [-18.4207,   0.0000],
        [-18.4207,   0.0000],
        [  0.1335,   0.0000],
        [-18.4207,   0.0000],
        [  0.4990,   0.0000],
        [  0.0445,   0.0000],
        [ -0.4990,   0.0000],
        [ -1.0116,   0.0000],
        [-18.4207,   0.0000],
        [-18.4207,   0.0000],
        [ -2.6391,   0.0000],
        [-18.4207,   0.0000],
        [-18.4207,   0.0000],
        [  0.4055,   0.0000],
        [  1.5315,   0.0000],
        [-18.4207,   0.0000],
        [  1.0116,   0.0000],
        [  0.4990,   0.0000],
        [-18.4207,   0.0000],
        [ -2.0794,   0.0000],
        [-18.4207,   0.0000],
        [  0.9008,   0.0000],
        [-18.4207,   0.0000],
        [  0.7949,   0.0000],
        [  0.1335,   0.0000],
        [-18.4207,   0.0000],
        [-18.4207,   0.0000],
        [ -0.0445,   0.0000],
        [-18.4207,   0.0000],
        [ -0.5947,   0.0000],
        [  0.2231,   0.0000],
        [ -0.2231,   0.0000],
        [ -0.7949,   0.0000],
        [  0.3137,   0.0000],
        [-18.4207,   0.0000],
        [-18.4207,   0.0000],
        [ -1.8718,   0.0000],
        [ -0.7949,   0.0000],
        [-18.4207,   0.0000],
        [-18.4207,   0.0000],
        [-18.4207,   0.0000],
        [-18.4207,   0.0000],
        [-18.4207,   0.0000],
        [-18.4207,   0.0000],
        [-18.4207,   0.0000],
        [-18.4207,   0.0000],
        [  3.0680,   0.0000],
        [-18.4207,   0.0000],
        [-18.4207,   0.0000],
        [ -0.9008,   0.0000],
        [  1.0116,   0.0000],
        [  0.4990,   0.0000],
        [-18.4207,   0.0000],
        [ -0.7949,   0.0000],
        [  0.1335,   0.0000],
        [-18.4207,   0.0000],
        [  1.1285,   0.0000],
        [  0.5947,   0.0000],
        [ -0.1335,   0.0000],
        [ -1.2528,   0.0000],
        [ -0.3137,   0.0000],
        [-18.4207,   0.0000],
        [  1.6917,   0.0000],
        [-18.4207,   0.0000],
        [ -0.9008,   0.0000],
        [ -2.0794,   0.0000],
        [-18.4207,   0.0000],
        [-18.4207,   0.0000],
        [-18.4207,   0.0000],
        [-18.4207,   0.0000],
        [-18.4207,   0.0000],
        [ -0.3137,   0.0000],
        [  0.4055,   0.0000],
        [ -1.8718,   0.0000],
        [-18.4207,   0.0000],
        [  0.1335,   0.0000],
        [ -0.1335,   0.0000],
        [ -0.6931,   0.0000],
        [  0.1335,   1.0000],
        [ -0.1335,   0.0000],
        [ -0.4055,   0.0000],
        [ -3.0681,   0.0000],
        [ -1.3863,   0.0000],
        [ -0.1335,   0.0000],
        [ -1.2528,   0.0000],
        [  0.2231,   0.0000],
        [  0.3137,   0.0000],
        [  0.2231,   0.0000]], device='cuda:0')
[0.01908495 0.00137363 0.0014121  0.00514933 0.00581395 0.00139276
 0.00475059 0.02231647 0.0221991  0.00240722 0.00747996 0.00414938
 0.00170068 0.00530692 0.00233318 0.00404858 0.00704846 0.00480439
 0.00273224 0.00859599 0.02849034 0.00114679 0.00286807 0.00121359
 0.00593242 0.00191205 0.00214341 0.00487074 0.00114025 0.00132979
 0.54955866 0.00542645 0.07886511 0.00922613 0.02670437 0.01587561
 0.01018144 0.00445705 0.00218818 0.00280426 0.00086843 0.00108342
 0.00250376 0.02083333 0.00407609 0.00258398 0.00138313 0.0012987
 0.00162866 0.00118977 0.0021978  0.00266667 0.00504267 0.00480824
 0.00455523 0.00156169 0.00542473 0.00606318 0.00483871 0.00449917
 0.00686401 0.01723617 0.00203666 0.00403609 0.00327103 0.00821969
 0.00169205 0.00966753 0.00395413 0.00329218 0.0037594  0.00295334
 0.00366178 0.00183824 0.26615832 0.02080274 0.00637665 0.00551133
 0.45694182 0.42522757 0.08121693 0.2047642  0.02316124 0.01242079
 0.00583431 0.00525157 0.01685157 0.01774653 0.00968007 0.17742909
 0.01089875]
Total precision: 0.3538183923443746
[0.78873239 1.         1.         1.         1.         1.
 1.         0.6519174  0.71309192 0.92307692 0.88421053 0.85714286
 1.         1.         1.         1.         0.76923077 1.
 1.         0.825      0.63349515 1.         1.         1.
 0.95833333 1.         1.         1.         1.         1.
 0.67282627 0.93877551 0.68763103 0.74242424 0.54662379 0.66438356
 0.79591837 1.         1.         1.         1.         1.
 1.         1.         1.         1.         1.         1.
 1.         1.         1.         1.         1.         0.95454545
 0.92307692 1.         0.89795918 0.74025974 1.         0.95
 0.94117647 0.45967742 1.         1.         1.         0.99435028
 1.         0.74545455 0.90909091 0.84210526 1.         1.
 1.         1.         0.41087444 0.66929134 0.91836735 0.9
 0.45455495 0.30596491 0.45684524 0.24087178 0.50972763 0.8121547
 0.75757576 0.92537313 0.60301508 0.76258993 0.76623377 0.59086994
 0.72631579]
Total recall: 0.504757535257625
Total F1 score: 0.3738077045279827
