---------------------------------------
Begin Slurm Prolog: Nov-22-2024 17:05:05
Job ID:    965558
User ID:   khom9
Account:   cse
Job name:  Train_Abstract_LSTM_CNN
Partition: ice-gpu
---------------------------------------
Using device cuda:0
NVIDIA H100 80GB HBM3
/usr/local/lib/python3.10/dist-packages/torchtext/data/utils.py:105: UserWarning: Spacy model "en" could not be loaded, trying "en_core_web_sm" instead
  warnings.warn(
/home/hice1/khom9/ondemand/data/sys/myjobs/projects/default/29/dataset.py:37: UserWarning: Sparse CSR tensor support is in beta state. If you miss a functionality in the sparse tensor support, please submit a feature request to https://github.com/pytorch/pytorch/issues. (Triggered internally at /opt/pytorch/pytorch/aten/src/ATen/SparseCsrTensorImpl.cpp:53.)
  self.labels = torch.tensor(mlb.fit_transform(classes)).to_sparse_csr().type(torch.float)

-----Epoch 1/250-----
Batch 75/485, loss: 18.605193255742392 (11.882s)
Batch 150/485, loss: 16.715584878921508 (10.516s)
Batch 225/485, loss: 14.416700944900512 (10.511s)
Batch 300/485, loss: 19.40860859076182 (10.506s)
Batch 375/485, loss: 14.90241201877594 (10.514s)
Batch 450/485, loss: 15.14883976896604 (10.505s)
Batch 485/485, loss: 19.58978991338185 (4.944s)

-----Epoch 2/250-----
Batch 75/485, loss: 19.11419273932775 (10.529s)
Batch 150/485, loss: 8.657227025032043 (10.533s)
Batch 225/485, loss: 8.92936775247256 (10.531s)
Batch 300/485, loss: 10.511562886238098 (10.523s)
Batch 375/485, loss: 10.735170712471009 (10.535s)
Batch 450/485, loss: 8.308235818942387 (10.577s)
Batch 485/485, loss: 16.156052840607508 (4.935s)

-----Epoch 3/250-----
Batch 75/485, loss: 10.834545831680298 (10.571s)
Batch 150/485, loss: 9.6926704565684 (10.574s)
Batch 225/485, loss: 8.938901702562967 (10.576s)
Batch 300/485, loss: 8.243658502896627 (10.573s)
Batch 375/485, loss: 9.985029113292693 (10.569s)
Batch 450/485, loss: 12.46415883342425 (10.569s)
Batch 485/485, loss: 11.8042029942785 (4.929s)

-----Epoch 4/250-----
Batch 75/485, loss: 8.783080445130667 (10.565s)
Batch 150/485, loss: 9.535542345046997 (10.568s)
Batch 225/485, loss: 11.714171428283056 (10.568s)
Batch 300/485, loss: 10.943989525636038 (10.570s)
Batch 375/485, loss: 9.763358834584555 (10.567s)
Batch 450/485, loss: 6.272571683724721 (10.659s)
Batch 485/485, loss: 5.921215443951743 (4.947s)

-----Epoch 5/250-----
Batch 75/485, loss: 8.342227121988932 (10.604s)
Batch 150/485, loss: 11.164490294456481 (10.605s)
Batch 225/485, loss: 10.195288033882777 (10.595s)
Batch 300/485, loss: 10.752565935850143 (10.587s)
Batch 375/485, loss: 7.309819302161535 (10.586s)
Batch 450/485, loss: 9.131918700933456 (10.587s)
Batch 485/485, loss: 5.034614887407848 (4.946s)

-----Epoch 6/250-----
Batch 75/485, loss: 6.928661076227824 (10.584s)
Batch 150/485, loss: 6.90918303489685 (10.593s)
Batch 225/485, loss: 8.367562450170517 (10.589s)
Batch 300/485, loss: 7.4040365982055665 (10.756s)
Batch 375/485, loss: 12.329054240783055 (10.590s)
Batch 450/485, loss: 13.285907471179963 (10.580s)
Batch 485/485, loss: 5.686421818392617 (4.935s)

-----Epoch 7/250-----
Batch 75/485, loss: 7.013259483973186 (10.586s)
Batch 150/485, loss: 11.285977184772491 (10.585s)
Batch 225/485, loss: 9.101361716190974 (10.582s)
Batch 300/485, loss: 5.262424766620001 (10.584s)
Batch 375/485, loss: 8.177831772168478 (10.581s)
Batch 450/485, loss: 9.514976911147436 (10.577s)
Batch 485/485, loss: 9.198412065846579 (4.938s)

-----Epoch 8/250-----
Batch 75/485, loss: 8.854015311400095 (10.579s)
Batch 150/485, loss: 7.85408521493276 (10.585s)
Batch 225/485, loss: 9.387747613588969 (10.583s)
Batch 300/485, loss: 8.989866610368093 (10.577s)
Batch 375/485, loss: 7.221456688245137 (10.579s)
Batch 450/485, loss: 9.305585834185282 (10.586s)
Batch 485/485, loss: 6.817459774017334 (4.938s)

-----Epoch 9/250-----
Batch 75/485, loss: 9.232809371948242 (10.585s)
Batch 150/485, loss: 6.876185538371404 (10.583s)
Batch 225/485, loss: 9.384675418535869 (10.586s)
Batch 300/485, loss: 6.188548891544342 (10.584s)
Batch 375/485, loss: 9.064836891492208 (10.584s)
Batch 450/485, loss: 8.783423248926798 (10.582s)
Batch 485/485, loss: 8.195610887663705 (4.936s)

-----Epoch 10/250-----
Batch 75/485, loss: 7.3906206734975175 (10.562s)
Batch 150/485, loss: 5.697635001341502 (10.564s)
Batch 225/485, loss: 9.398660106658935 (10.569s)
Batch 300/485, loss: 6.111323259274164 (10.559s)
Batch 375/485, loss: 6.757259543736776 (10.560s)
Batch 450/485, loss: 10.713641474246979 (10.560s)
Batch 485/485, loss: 13.69739533322198 (4.931s)

-----Epoch 11/250-----
Batch 75/485, loss: 9.911113715171814 (10.571s)
Batch 150/485, loss: 10.429764338334401 (10.570s)
Batch 225/485, loss: 8.954733128547668 (10.570s)
Batch 300/485, loss: 6.472303154468537 (10.570s)
Batch 375/485, loss: 4.359648671944936 (10.568s)
Batch 450/485, loss: 7.141688460508982 (10.566s)
Batch 485/485, loss: 9.888463607856206 (4.930s)

-----Epoch 12/250-----
Batch 75/485, loss: 4.214553756713867 (10.568s)
Batch 150/485, loss: 6.386297421852747 (10.565s)
Batch 225/485, loss: 7.415613024234772 (10.729s)
Batch 300/485, loss: 8.943434303601583 (10.570s)
Batch 375/485, loss: 4.714638654390971 (10.566s)
Batch 450/485, loss: 9.076379165649413 (10.569s)
Batch 485/485, loss: 16.60810194185802 (4.928s)

-----Epoch 13/250-----
Batch 75/485, loss: 7.749569082260132 (10.602s)
Batch 150/485, loss: 5.976878542900085 (10.613s)
Batch 225/485, loss: 7.624081341425578 (10.595s)
Batch 300/485, loss: 5.290623044967651 (10.594s)
Batch 375/485, loss: 7.502085364659627 (10.589s)
Batch 450/485, loss: 6.927880668640137 (10.597s)
Batch 485/485, loss: 10.273676245553153 (4.942s)

-----Epoch 14/250-----
Batch 75/485, loss: 8.406752134958904 (10.613s)
Batch 150/485, loss: 7.2043107998371125 (10.593s)
Batch 225/485, loss: 8.254365944862366 (10.592s)
Batch 300/485, loss: 7.4434408219655355 (10.592s)
Batch 375/485, loss: 7.561448910236359 (10.590s)
Batch 450/485, loss: 7.1159212406476335 (10.597s)
Batch 485/485, loss: 3.5608826773507256 (4.941s)

-----Epoch 15/250-----
Batch 75/485, loss: 9.679201953411102 (10.593s)
Batch 150/485, loss: 8.037629996140797 (10.595s)
Batch 225/485, loss: 4.940684694051742 (10.594s)
Batch 300/485, loss: 7.161643057664236 (10.591s)
Batch 375/485, loss: 6.105540127754211 (10.589s)
Batch 450/485, loss: 6.9648585251967114 (10.592s)
Batch 485/485, loss: 6.705592032841274 (4.943s)

-----Epoch 16/250-----
Batch 75/485, loss: 4.648012808163961 (10.594s)
Batch 150/485, loss: 3.1768599275747933 (10.592s)
Batch 225/485, loss: 9.835251480738322 (10.603s)
Batch 300/485, loss: 8.467980438868205 (10.594s)
Batch 375/485, loss: 5.273774367968241 (10.593s)
Batch 450/485, loss: 9.576364664236705 (10.595s)
Batch 485/485, loss: 4.287946031774793 (4.942s)

-----Epoch 17/250-----
Batch 75/485, loss: 5.2954580903053285 (10.596s)
Batch 150/485, loss: 6.769567964871724 (10.597s)
Batch 225/485, loss: 3.7406580050786338 (10.594s)
Batch 300/485, loss: 6.847272460460663 (10.597s)
Batch 375/485, loss: 10.036827824115754 (10.594s)
Batch 450/485, loss: 6.173117082913716 (10.573s)
Batch 485/485, loss: 5.239740266118731 (4.934s)

-----Epoch 18/250-----
Batch 75/485, loss: 7.985578442811966 (10.574s)
Batch 150/485, loss: 6.5516591334342955 (10.723s)
Batch 225/485, loss: 5.691513840357462 (10.575s)
Batch 300/485, loss: 9.376707713603974 (10.588s)
Batch 375/485, loss: 7.734014956951142 (10.586s)
Batch 450/485, loss: 4.400190380414327 (10.596s)
Batch 485/485, loss: 6.607897429806846 (4.937s)

-----Epoch 19/250-----
Batch 75/485, loss: 8.177810249328614 (10.589s)
Batch 150/485, loss: 3.5175495847066243 (10.583s)
Batch 225/485, loss: 6.072389626502991 (10.583s)
Batch 300/485, loss: 6.027507824103037 (10.576s)
Batch 375/485, loss: 8.077136225700379 (10.569s)
Batch 450/485, loss: 7.128924379348755 (10.565s)
Batch 485/485, loss: 4.094899693557195 (4.930s)

-----Epoch 20/250-----
Batch 75/485, loss: 6.297851826349894 (10.564s)
Batch 150/485, loss: 4.11112677971522 (10.569s)
Batch 225/485, loss: 5.5356813788414 (10.565s)
Batch 300/485, loss: 5.543388480345408 (10.570s)
Batch 375/485, loss: 7.060374981562297 (10.568s)
Batch 450/485, loss: 5.039267908732096 (10.570s)
Batch 485/485, loss: 13.385541594028473 (4.928s)

-----Epoch 21/250-----
Batch 75/485, loss: 5.952299340565999 (10.582s)
Batch 150/485, loss: 4.472573246955871 (10.567s)
Batch 225/485, loss: 3.0717890429496766 (10.567s)
Batch 300/485, loss: 7.3555854733784996 (10.567s)
Batch 375/485, loss: 5.998374535242717 (10.569s)
Batch 450/485, loss: 9.378125202655792 (10.599s)
Batch 485/485, loss: 2.39588041475841 (4.947s)

-----Epoch 22/250-----
Batch 75/485, loss: 6.168611894448598 (10.603s)
Batch 150/485, loss: 4.240343726476033 (10.602s)
Batch 225/485, loss: 3.9909446382522584 (10.605s)
Batch 300/485, loss: 3.2164608136812847 (10.599s)
Batch 375/485, loss: 5.77039364417394 (10.583s)
Batch 450/485, loss: 5.830468037923177 (10.582s)
Batch 485/485, loss: 3.639902610438211 (4.939s)

-----Epoch 23/250-----
Batch 75/485, loss: 6.394303828080496 (10.588s)
Batch 150/485, loss: 7.7666401775678 (10.589s)
Batch 225/485, loss: 3.7368621118863423 (10.588s)
Batch 300/485, loss: 6.808212854862213 (10.594s)
Batch 375/485, loss: 8.990438386996587 (10.606s)
Batch 450/485, loss: 4.604742093483607 (10.587s)
Batch 485/485, loss: 2.7322576684611186 (4.963s)

-----Epoch 24/250-----
Batch 75/485, loss: 11.75847692569097 (10.769s)
Batch 150/485, loss: 4.064512872695923 (10.599s)
Batch 225/485, loss: 5.442652623653412 (10.583s)
Batch 300/485, loss: 5.888977949619293 (10.580s)
Batch 375/485, loss: 4.351483666102092 (10.586s)
Batch 450/485, loss: 3.4732549544175466 (10.581s)
Batch 485/485, loss: 3.807389984812055 (4.938s)

-----Epoch 25/250-----
Batch 75/485, loss: 3.51038837313652 (10.597s)
Batch 150/485, loss: 3.3304057717323303 (10.568s)
Batch 225/485, loss: 3.7631519484519957 (10.557s)
Batch 300/485, loss: 5.562006124655405 (10.639s)
Batch 375/485, loss: 8.169825537204742 (10.655s)
Batch 450/485, loss: 6.613538591861725 (10.654s)
Batch 485/485, loss: 7.819321382045746 (4.946s)

-----Epoch 26/250-----
Batch 75/485, loss: 9.201596842606863 (10.599s)
Batch 150/485, loss: 5.14100554784139 (10.602s)
Batch 225/485, loss: 3.3234880415598553 (10.601s)
Batch 300/485, loss: 4.011578572591146 (10.598s)
Batch 375/485, loss: 5.559143106937409 (10.602s)
Batch 450/485, loss: 4.732549918095271 (10.599s)
Batch 485/485, loss: 6.6579461165836875 (4.948s)

-----Epoch 27/250-----
Batch 75/485, loss: 5.733104097048441 (10.601s)
Batch 150/485, loss: 4.3927675072352095 (10.597s)
Batch 225/485, loss: 8.246685823599497 (10.551s)
Batch 300/485, loss: 5.063022483189901 (10.550s)
Batch 375/485, loss: 6.35811795870463 (10.564s)
Batch 450/485, loss: 4.7835609447956084 (10.552s)
Batch 485/485, loss: 2.9645753026008608 (4.923s)

-----Epoch 28/250-----
Batch 75/485, loss: 4.900249372323354 (10.552s)
Batch 150/485, loss: 4.711278167963028 (10.554s)
Batch 225/485, loss: 3.8278531189759573 (10.560s)
Batch 300/485, loss: 4.495564629634221 (10.625s)
Batch 375/485, loss: 3.4921686617533365 (10.620s)
Batch 450/485, loss: 9.896571637789409 (10.619s)
Batch 485/485, loss: 4.003742599487305 (4.954s)

-----Epoch 29/250-----
Batch 75/485, loss: 4.239769113858541 (10.622s)
Batch 150/485, loss: 6.730673670768738 (10.616s)
Batch 225/485, loss: 6.375215640068054 (10.618s)
Batch 300/485, loss: 3.0829670230547586 (10.614s)
Batch 375/485, loss: 3.901068799495697 (10.615s)
Batch 450/485, loss: 4.1873169302940365 (10.768s)
Batch 485/485, loss: 3.1892454317637853 (4.954s)

-----Epoch 30/250-----
Batch 75/485, loss: 4.862254932721456 (10.619s)
Batch 150/485, loss: 3.8348589674631754 (10.619s)
Batch 225/485, loss: 7.243572017351786 (10.622s)
Batch 300/485, loss: 3.1994306246439614 (10.634s)
Batch 375/485, loss: 6.641216527620951 (10.630s)
Batch 450/485, loss: 6.0486234792073565 (10.627s)
Batch 485/485, loss: 4.4111373969486785 (4.957s)

-----Epoch 31/250-----
Batch 75/485, loss: 5.754464461008708 (10.628s)
Batch 150/485, loss: 3.4917316230138145 (10.627s)
Batch 225/485, loss: 3.1481716910998028 (10.627s)
Batch 300/485, loss: 3.1129361375172935 (10.624s)
Batch 375/485, loss: 4.817537842591603 (10.628s)
Batch 450/485, loss: 4.163458077112834 (10.627s)
Batch 485/485, loss: 7.798980695860727 (4.957s)

-----Epoch 32/250-----
Batch 75/485, loss: 6.615765631596247 (10.628s)
Batch 150/485, loss: 6.56943278948466 (10.698s)
Batch 225/485, loss: 4.4307469634215035 (10.627s)
Batch 300/485, loss: 5.119394749005636 (10.629s)
Batch 375/485, loss: 9.954077500502269 (10.627s)
Batch 450/485, loss: 5.857806927363078 (10.628s)
Batch 485/485, loss: 2.8745368037905012 (4.956s)

-----Epoch 33/250-----
Batch 75/485, loss: 7.506731059551239 (10.617s)
Batch 150/485, loss: 3.8888896457354227 (10.622s)
Batch 225/485, loss: 3.311605261961619 (10.621s)
Batch 300/485, loss: 3.35846417427063 (10.624s)
Batch 375/485, loss: 5.028187050024669 (10.621s)
Batch 450/485, loss: 4.1755056786537175 (10.631s)
Batch 485/485, loss: 9.83274724313191 (4.955s)

-----Epoch 34/250-----
Batch 75/485, loss: 5.410168375968933 (10.617s)
Batch 150/485, loss: 4.689161891937256 (10.623s)
Batch 225/485, loss: 5.042072547276815 (10.618s)
Batch 300/485, loss: 4.362103639443715 (10.620s)
Batch 375/485, loss: 3.018252294063568 (10.616s)
Batch 450/485, loss: 7.608326460520426 (10.617s)
Batch 485/485, loss: 2.743428294999259 (4.955s)

-----Epoch 35/250-----
Batch 75/485, loss: 4.014714063008626 (10.621s)
Batch 150/485, loss: 4.259181689421336 (10.624s)
Batch 225/485, loss: 3.4004057649771373 (10.620s)
Batch 300/485, loss: 6.866998773415883 (10.624s)
Batch 375/485, loss: 3.9730852595965067 (10.778s)
Batch 450/485, loss: 5.723149371941885 (10.564s)
Batch 485/485, loss: 5.8107819148472375 (4.925s)

-----Epoch 36/250-----
Batch 75/485, loss: 4.926568042437236 (10.572s)
Batch 150/485, loss: 3.9627194015185037 (10.567s)
Batch 225/485, loss: 5.08716710527738 (10.566s)
Batch 300/485, loss: 4.939951709508896 (10.565s)
Batch 375/485, loss: 4.161650474071503 (10.564s)
Batch 450/485, loss: 5.5704972688357035 (10.565s)
Batch 485/485, loss: 3.709217197554452 (4.927s)

-----Epoch 37/250-----
Batch 75/485, loss: 4.859046608606974 (10.574s)
Batch 150/485, loss: 3.1647042365868887 (10.566s)
Batch 225/485, loss: 3.3443974566459658 (10.569s)
Batch 300/485, loss: 3.7685267456372578 (10.576s)
Batch 375/485, loss: 6.666728536685308 (10.555s)
Batch 450/485, loss: 4.076936326821645 (10.539s)
Batch 485/485, loss: 6.849867078236171 (4.915s)

-----Epoch 38/250-----
Batch 75/485, loss: 5.562562871774038 (10.533s)
Batch 150/485, loss: 5.67926071246465 (10.535s)
Batch 225/485, loss: 5.86169047832489 (10.534s)
Batch 300/485, loss: 3.869419822692871 (10.537s)
Batch 375/485, loss: 4.205722113450368 (10.541s)
Batch 450/485, loss: 4.936477408409119 (10.546s)
Batch 485/485, loss: 7.8756658460412705 (4.921s)

-----Epoch 39/250-----
Batch 75/485, loss: 5.28837875922521 (10.557s)
Batch 150/485, loss: 4.549060413042704 (10.547s)
Batch 225/485, loss: 4.32685359954834 (10.546s)
Batch 300/485, loss: 5.977203028202057 (10.551s)
Batch 375/485, loss: 2.711090034246445 (10.544s)
Batch 450/485, loss: 3.3431297755241394 (10.547s)
Batch 485/485, loss: 7.096996802091598 (4.919s)

-----Epoch 40/250-----
Batch 75/485, loss: 3.738703715801239 (10.544s)
Batch 150/485, loss: 3.8450951472918193 (10.547s)
Batch 225/485, loss: 5.123756490548452 (10.556s)
Batch 300/485, loss: 4.655757181644439 (10.545s)
Batch 375/485, loss: 3.506869436899821 (10.549s)
Batch 450/485, loss: 5.099196467796961 (10.547s)
Batch 485/485, loss: 2.840351300580161 (4.925s)

-----Epoch 41/250-----
Batch 75/485, loss: 3.2108812808990477 (10.560s)
Batch 150/485, loss: 3.372747922341029 (10.541s)
Batch 225/485, loss: 3.4979018918673197 (10.535s)
Batch 300/485, loss: 3.6477050534884135 (10.707s)
Batch 375/485, loss: 5.821245805422465 (10.552s)
Batch 450/485, loss: 6.078670972983042 (10.546s)
Batch 485/485, loss: 2.587305729729789 (4.923s)

-----Epoch 42/250-----
Batch 75/485, loss: 3.3353742106755573 (10.556s)
Batch 150/485, loss: 4.665696767171224 (10.619s)
Batch 225/485, loss: 3.460883291562398 (10.621s)
Batch 300/485, loss: 3.099598692258199 (10.626s)
Batch 375/485, loss: 3.8577708196640015 (10.621s)
Batch 450/485, loss: 3.8610300747553508 (10.620s)
Batch 485/485, loss: 3.8394437841006686 (4.956s)

-----Epoch 43/250-----
Batch 75/485, loss: 3.4235319685935974 (10.624s)
Batch 150/485, loss: 3.665678527355194 (10.622s)
Batch 225/485, loss: 3.58727698524793 (10.620s)
Batch 300/485, loss: 4.870219747225444 (10.620s)
Batch 375/485, loss: 3.1553075750668844 (10.640s)
Batch 450/485, loss: 4.609979107777278 (10.622s)
Batch 485/485, loss: 6.681860268115997 (4.955s)

-----Epoch 44/250-----
Batch 75/485, loss: 3.0907774194081625 (10.612s)
Batch 150/485, loss: 5.065561693906784 (10.615s)
Batch 225/485, loss: 5.287327632904053 (10.627s)
Batch 300/485, loss: 2.7310207124551136 (10.614s)
Batch 375/485, loss: 4.750595032374064 (10.604s)
Batch 450/485, loss: 5.6947227088610335 (10.609s)
Batch 485/485, loss: 3.27011194058827 (4.947s)

-----Epoch 45/250-----
Batch 75/485, loss: 6.091310311953227 (10.608s)
Batch 150/485, loss: 4.758848961989085 (10.604s)
Batch 225/485, loss: 6.20578160127004 (10.609s)
Batch 300/485, loss: 3.4614588824907937 (10.619s)
Batch 375/485, loss: 5.222972710927327 (10.607s)
Batch 450/485, loss: 3.459235514799754 (10.596s)
Batch 485/485, loss: 5.878712623459952 (4.943s)

-----Epoch 46/250-----
Batch 75/485, loss: 3.5353492414951324 (10.600s)
Batch 150/485, loss: 3.4520228894551597 (10.602s)
Batch 225/485, loss: 3.727518944740295 (10.603s)
Batch 300/485, loss: 4.493853822946549 (10.603s)
Batch 375/485, loss: 4.2434837158521015 (10.606s)
Batch 450/485, loss: 4.911456186771392 (10.598s)
Batch 485/485, loss: 2.7852798904691425 (4.954s)

-----Epoch 47/250-----
Batch 75/485, loss: 4.60865562915802 (10.599s)
Batch 150/485, loss: 3.614858234723409 (10.600s)
Batch 225/485, loss: 5.284412248929342 (10.756s)
Batch 300/485, loss: 3.6657749489943185 (10.592s)
Batch 375/485, loss: 4.827780642906824 (10.590s)
Batch 450/485, loss: 4.040300164222717 (10.585s)
Batch 485/485, loss: 3.32734420640128 (4.939s)

-----Epoch 48/250-----
Batch 75/485, loss: 4.02400095820427 (10.592s)
Batch 150/485, loss: 3.996167849699656 (10.599s)
Batch 225/485, loss: 3.686266987323761 (10.561s)
Batch 300/485, loss: 4.364001247882843 (10.563s)
Batch 375/485, loss: 5.454210520585378 (10.564s)
Batch 450/485, loss: 3.530638785362244 (10.559s)
Batch 485/485, loss: 4.016102467264448 (4.929s)

-----Epoch 49/250-----
Batch 75/485, loss: 5.8521586592992145 (10.562s)
Batch 150/485, loss: 3.393810075124105 (10.562s)
Batch 225/485, loss: 4.792803635994593 (10.572s)
Batch 300/485, loss: 5.531662812232971 (10.569s)
Batch 375/485, loss: 7.739735492865244 (10.566s)
Batch 450/485, loss: 4.359566543896993 (10.566s)
Batch 485/485, loss: 5.334298612390246 (4.929s)

-----Epoch 50/250-----
Batch 75/485, loss: 4.606379130681356 (10.561s)
Batch 150/485, loss: 3.391680796146393 (10.563s)
Batch 225/485, loss: 6.210072714487712 (10.572s)
Batch 300/485, loss: 4.449193468093872 (10.563s)
Batch 375/485, loss: 4.474465374946594 (10.565s)
Batch 450/485, loss: 3.5483088755607604 (10.565s)
Batch 485/485, loss: 3.9897127968924386 (4.927s)
Saved to snn_model-2.pth

-----Epoch 51/250-----
Batch 75/485, loss: 3.8445540459950767 (10.560s)
Batch 150/485, loss: 2.9553139173984526 (10.552s)
Batch 225/485, loss: 3.1629311720530193 (10.545s)
Batch 300/485, loss: 4.848860356807709 (10.542s)
Batch 375/485, loss: 3.6247941207885743 (10.532s)
Batch 450/485, loss: 6.704408845901489 (10.540s)
Batch 485/485, loss: 10.363153050627027 (4.916s)

-----Epoch 52/250-----
Batch 75/485, loss: 3.819333080450694 (10.534s)
Batch 150/485, loss: 3.5551684419314067 (10.526s)
Batch 225/485, loss: 4.695093505779902 (10.524s)
Batch 300/485, loss: 3.5703277015686035 (10.525s)
Batch 375/485, loss: 3.2385622390111286 (10.491s)
Batch 450/485, loss: 4.500401237010956 (10.457s)
Batch 485/485, loss: 6.483044561317989 (4.876s)

-----Epoch 53/250-----
Batch 75/485, loss: 2.920143019358317 (10.443s)
Batch 150/485, loss: 5.550176308949788 (10.589s)
Batch 225/485, loss: 3.9412167648474377 (10.464s)
Batch 300/485, loss: 3.3440475344657896 (10.452s)
Batch 375/485, loss: 3.6764671476682027 (10.448s)
Batch 450/485, loss: 3.238363256454468 (10.467s)
Batch 485/485, loss: 6.136925431660243 (4.887s)

-----Epoch 54/250-----
Batch 75/485, loss: 3.7322714241345722 (10.423s)
Batch 150/485, loss: 2.682839248975118 (10.418s)
Batch 225/485, loss: 4.804413597981135 (10.447s)
Batch 300/485, loss: 2.9867515714963275 (10.486s)
Batch 375/485, loss: 3.606980260213216 (10.496s)
Batch 450/485, loss: 3.6001296162605287 (10.476s)
Batch 485/485, loss: 4.531230866909027 (4.876s)

-----Epoch 55/250-----
Batch 75/485, loss: 4.478587387402852 (10.462s)
Batch 150/485, loss: 3.5859582475821177 (10.456s)
Batch 225/485, loss: 4.7694871354103086 (10.481s)
Batch 300/485, loss: 2.7683692383766174 (10.478s)
Batch 375/485, loss: 5.26964391708374 (10.474s)
Batch 450/485, loss: 3.5047472898165384 (10.472s)
Batch 485/485, loss: 6.503911217621394 (4.886s)

-----Epoch 56/250-----
Batch 75/485, loss: 5.132544821103414 (10.499s)
Batch 150/485, loss: 2.9570540833473205 (10.454s)
Batch 225/485, loss: 4.097273159027099 (10.418s)
Batch 300/485, loss: 3.0323969395955404 (10.418s)
Batch 375/485, loss: 7.216214116811752 (10.416s)
Batch 450/485, loss: 3.775102741718292 (10.417s)
Batch 485/485, loss: 4.5553660035133365 (4.868s)

-----Epoch 57/250-----
Batch 75/485, loss: 3.2959137678146364 (10.413s)
Batch 150/485, loss: 5.602930867671967 (10.420s)
Batch 225/485, loss: 4.3180690642197925 (10.420s)
Batch 300/485, loss: 6.4830124719937645 (10.387s)
Batch 375/485, loss: 3.998786853949229 (10.394s)
Batch 450/485, loss: 7.626228019396464 (10.389s)
Batch 485/485, loss: 6.636670327186584 (4.849s)

-----Epoch 58/250-----
Batch 75/485, loss: 4.256769335269928 (10.392s)
Batch 150/485, loss: 3.758386123975118 (10.390s)
Batch 225/485, loss: 3.547381574312846 (10.397s)
Batch 300/485, loss: 5.5076084927717845 (10.434s)
Batch 375/485, loss: 6.138431945641836 (10.429s)
Batch 450/485, loss: 3.8494971044858297 (10.429s)
Batch 485/485, loss: 6.0369700295584545 (4.865s)

-----Epoch 59/250-----
Batch 75/485, loss: 6.664230678081513 (10.564s)
Batch 150/485, loss: 5.419313511053721 (10.371s)
Batch 225/485, loss: 5.807918062210083 (10.363s)
Batch 300/485, loss: 4.017161274751027 (10.361s)
Batch 375/485, loss: 7.293001183668772 (10.366s)
Batch 450/485, loss: 5.265775221188863 (10.343s)
Batch 485/485, loss: 3.3542522149426595 (4.821s)

-----Epoch 60/250-----
Batch 75/485, loss: 3.5349303094546 (10.331s)
Batch 150/485, loss: 3.0363488888740537 (10.338s)
Batch 225/485, loss: 5.738281882603963 (10.334s)
Batch 300/485, loss: 3.864351049264272 (10.330s)
Batch 375/485, loss: 4.636649383306503 (10.334s)
Batch 450/485, loss: 3.5470483859380084 (10.318s)
Batch 485/485, loss: 5.839183330535889 (4.798s)

-----Epoch 61/250-----
Batch 75/485, loss: 4.6347265982627865 (10.274s)
Batch 150/485, loss: 2.996261607805888 (10.272s)
Batch 225/485, loss: 5.944373628695806 (10.280s)
Batch 300/485, loss: 3.6742332077026365 (10.274s)
Batch 375/485, loss: 4.835055797100067 (10.270s)
Batch 450/485, loss: 3.3604027072588605 (10.277s)
Batch 485/485, loss: 2.80077029807227 (4.791s)

-----Epoch 62/250-----
Batch 75/485, loss: 3.861027638912201 (10.273s)
Batch 150/485, loss: 3.6446865141391753 (10.273s)
Batch 225/485, loss: 3.4488440569241843 (10.273s)
Batch 300/485, loss: 4.085782980918884 (10.277s)
Batch 375/485, loss: 3.731522102355957 (10.271s)
Batch 450/485, loss: 3.4644140378634134 (10.277s)
Batch 485/485, loss: 3.2666969895362854 (4.798s)

-----Epoch 63/250-----
Batch 75/485, loss: 3.0341850634415946 (10.270s)
Batch 150/485, loss: 4.219047552744548 (10.252s)
Batch 225/485, loss: 4.2295933437347415 (10.253s)
Batch 300/485, loss: 3.0064834841092427 (10.252s)
Batch 375/485, loss: 3.795450470050176 (10.260s)
Batch 450/485, loss: 3.5613315216700236 (10.259s)
Batch 485/485, loss: 2.9227142197745186 (4.786s)

-----Epoch 64/250-----
Batch 75/485, loss: 3.119652456442515 (10.258s)
Batch 150/485, loss: 3.661832750638326 (10.262s)
Batch 225/485, loss: 4.009662895202637 (10.261s)
Batch 300/485, loss: 3.9118225359916687 (10.262s)
Batch 375/485, loss: 3.110346176624298 (10.261s)
Batch 450/485, loss: 3.776832486788432 (10.261s)
Batch 485/485, loss: 3.483432616506304 (4.934s)

-----Epoch 65/250-----
Batch 75/485, loss: 3.6787900575002035 (10.257s)
Batch 150/485, loss: 3.9998310295740764 (10.259s)
Batch 225/485, loss: 3.4799228882789612 (10.301s)
Batch 300/485, loss: 3.0652563881874086 (10.275s)
Batch 375/485, loss: 3.7897427161534627 (10.274s)
Batch 450/485, loss: 3.4838745991388955 (10.278s)
Batch 485/485, loss: 3.5878239589078085 (4.794s)

-----Epoch 66/250-----
Batch 75/485, loss: 3.262675240834554 (10.280s)
Batch 150/485, loss: 4.082251346111297 (10.277s)
Batch 225/485, loss: 4.247133029301962 (10.277s)
Batch 300/485, loss: 4.159016942977905 (10.277s)
Batch 375/485, loss: 2.8000239435831706 (10.277s)
Batch 450/485, loss: 3.280018795331319 (10.283s)
Batch 485/485, loss: 2.875749581200736 (4.801s)

-----Epoch 67/250-----
Batch 75/485, loss: 3.388148973782857 (10.290s)
Batch 150/485, loss: 3.882892660299937 (10.271s)
Batch 225/485, loss: 3.725458651383718 (10.264s)
Batch 300/485, loss: 3.8661490941047667 (10.260s)
Batch 375/485, loss: 3.59524507244428 (10.259s)
Batch 450/485, loss: 3.6855711750189464 (10.271s)
Batch 485/485, loss: 2.239894107409886 (4.794s)

-----Epoch 68/250-----
Batch 75/485, loss: 3.732990651130676 (10.277s)
Batch 150/485, loss: 3.4584002415339152 (10.285s)
Batch 225/485, loss: 3.7243158515294392 (10.299s)
Batch 300/485, loss: 3.5948945808410646 (10.278s)
Batch 375/485, loss: 3.9877205912272133 (10.279s)
Batch 450/485, loss: 2.8533335216840108 (10.276s)
Batch 485/485, loss: 4.013791160924094 (4.793s)

-----Epoch 69/250-----
Batch 75/485, loss: 3.4625118581453957 (10.271s)
Batch 150/485, loss: 3.6364592576026915 (10.275s)
Batch 225/485, loss: 3.384808613459269 (10.288s)
Batch 300/485, loss: 3.220140455166499 (10.266s)
Batch 375/485, loss: 3.8496808942159015 (10.265s)
Batch 450/485, loss: 3.5785277303059897 (10.261s)
Batch 485/485, loss: 4.376855993270874 (4.786s)

-----Epoch 70/250-----
Batch 75/485, loss: 4.04417880098025 (10.260s)
Batch 150/485, loss: 3.89014777024587 (10.262s)
Batch 225/485, loss: 3.6993439213434853 (10.259s)
Batch 300/485, loss: 3.256449746290843 (10.276s)
Batch 375/485, loss: 3.3681752026081084 (10.457s)
Batch 450/485, loss: 3.4714577730496723 (10.313s)
Batch 485/485, loss: 3.0974784289087567 (4.809s)

-----Epoch 71/250-----
Batch 75/485, loss: 4.3931046330928805 (10.307s)
Batch 150/485, loss: 3.1615042805671694 (10.308s)
Batch 225/485, loss: 3.5480291390419008 (10.310s)
Batch 300/485, loss: 3.552949876387914 (10.308s)
Batch 375/485, loss: 3.3094482735792794 (10.311s)
Batch 450/485, loss: 3.1354086248079938 (10.324s)
Batch 485/485, loss: 4.485066645486015 (4.812s)

-----Epoch 72/250-----
Batch 75/485, loss: 3.1705113371213276 (10.288s)
Batch 150/485, loss: 4.232927994330724 (10.295s)
Batch 225/485, loss: 3.0688815502325695 (10.295s)
Batch 300/485, loss: 3.2733238462607064 (10.299s)
Batch 375/485, loss: 3.3545231266816455 (10.303s)
Batch 450/485, loss: 3.951507802804311 (10.298s)
Batch 485/485, loss: 4.567850400720324 (4.804s)

-----Epoch 73/250-----
Batch 75/485, loss: 4.015918358961741 (10.291s)
Batch 150/485, loss: 3.0345322358608247 (10.295s)
Batch 225/485, loss: 3.3950276454289754 (10.295s)
Batch 300/485, loss: 3.4293917870521544 (10.296s)
Batch 375/485, loss: 3.8202418518066406 (10.310s)
Batch 450/485, loss: 3.7116299279530844 (10.294s)
Batch 485/485, loss: 4.274426778725215 (4.802s)

-----Epoch 74/250-----
Batch 75/485, loss: 4.173289635181427 (10.291s)
Batch 150/485, loss: 4.073576001326243 (10.296s)
Batch 225/485, loss: 3.215851611296336 (10.293s)
Batch 300/485, loss: 3.8766580772399903 (10.296s)
Batch 375/485, loss: 3.322928641637166 (10.311s)
Batch 450/485, loss: 3.1441343426704407 (10.293s)
Batch 485/485, loss: 2.9365139075687954 (4.805s)

-----Epoch 75/250-----
Batch 75/485, loss: 3.5421183717250826 (10.296s)
Batch 150/485, loss: 3.3387481451034544 (10.297s)
Batch 225/485, loss: 3.6673068896929424 (10.297s)
Batch 300/485, loss: 3.5340680853525797 (10.309s)
Batch 375/485, loss: 3.8125638167063394 (10.302s)
Batch 450/485, loss: 3.408238236904144 (10.298s)
Batch 485/485, loss: 4.10603266784123 (4.806s)

-----Epoch 76/250-----
Batch 75/485, loss: 3.008385623296102 (10.298s)
Batch 150/485, loss: 3.4111635573705037 (10.338s)
Batch 225/485, loss: 3.3496196603775026 (10.309s)
Batch 300/485, loss: 3.9711100574334464 (10.443s)
Batch 375/485, loss: 3.1223786664009094 (10.301s)
Batch 450/485, loss: 3.743049983183543 (10.300s)
Batch 485/485, loss: 5.542489056927817 (4.799s)

-----Epoch 77/250-----
Batch 75/485, loss: 3.5818839979171755 (10.288s)
Batch 150/485, loss: 3.1299418127536773 (10.316s)
Batch 225/485, loss: 3.805838131904602 (10.295s)
Batch 300/485, loss: 4.0096520002683 (10.299s)
Batch 375/485, loss: 3.0784795554478963 (10.271s)
Batch 450/485, loss: 3.5363345662752788 (10.264s)
Batch 485/485, loss: 4.6061327866145545 (4.786s)

-----Epoch 78/250-----
Batch 75/485, loss: 3.2109776437282562 (10.261s)
Batch 150/485, loss: 4.092444270451864 (10.257s)
Batch 225/485, loss: 3.524365780353546 (10.257s)
Batch 300/485, loss: 3.84562263806661 (10.257s)
Batch 375/485, loss: 3.321969550450643 (10.264s)
Batch 450/485, loss: 3.665897394021352 (10.277s)
Batch 485/485, loss: 3.2384810021945407 (4.791s)

-----Epoch 79/250-----
Batch 75/485, loss: 2.8715406537055967 (10.254s)
Batch 150/485, loss: 3.9139099748929342 (10.304s)
Batch 225/485, loss: 3.8559400184949237 (10.329s)
Batch 300/485, loss: 3.9273624404271446 (10.327s)
Batch 375/485, loss: 3.7973950282732645 (10.345s)
Batch 450/485, loss: 3.104056664307912 (10.338s)
Batch 485/485, loss: 3.6522662486348834 (4.810s)

-----Epoch 80/250-----
Batch 75/485, loss: 3.8050060566266377 (10.311s)
Batch 150/485, loss: 3.1971403177579245 (10.267s)
Batch 225/485, loss: 3.371994028886159 (10.256s)
Batch 300/485, loss: 3.7875104117393494 (10.256s)
Batch 375/485, loss: 3.7108483469486235 (10.254s)
Batch 450/485, loss: 3.6555066080888112 (10.256s)
Batch 485/485, loss: 3.5788901550429206 (4.783s)

-----Epoch 81/250-----
Batch 75/485, loss: 3.5811893955866494 (10.253s)
Batch 150/485, loss: 3.7870294229189554 (10.255s)
Batch 225/485, loss: 3.657410121758779 (10.256s)
Batch 300/485, loss: 3.2335145513216657 (10.255s)
Batch 375/485, loss: 3.481581683953603 (10.259s)
Batch 450/485, loss: 4.118648280302684 (10.267s)
Batch 485/485, loss: 2.829543272086552 (4.787s)

-----Epoch 82/250-----
Batch 75/485, loss: 3.77118833621343 (10.257s)
Batch 150/485, loss: 4.41503755847613 (10.257s)
Batch 225/485, loss: 3.2365596063931785 (10.449s)
Batch 300/485, loss: 3.4121144151687623 (10.295s)
Batch 375/485, loss: 3.737000834941864 (10.300s)
Batch 450/485, loss: 3.2212898925940197 (10.293s)
Batch 485/485, loss: 2.98243123122624 (4.797s)

-----Epoch 83/250-----
Batch 75/485, loss: 3.036136566797892 (10.255s)
Batch 150/485, loss: 3.1734340488910675 (10.260s)
Batch 225/485, loss: 3.1518116203943887 (10.260s)
Batch 300/485, loss: 4.496587654749552 (10.257s)
Batch 375/485, loss: 3.5193739279111225 (10.274s)
Batch 450/485, loss: 3.8150493029753365 (10.273s)
Batch 485/485, loss: 4.248308413369315 (4.792s)

-----Epoch 84/250-----
Batch 75/485, loss: 3.545872298081716 (10.281s)
Batch 150/485, loss: 3.1485105673472087 (10.297s)
Batch 225/485, loss: 4.008482435544332 (10.289s)
Batch 300/485, loss: 3.913031407992045 (10.290s)
Batch 375/485, loss: 3.2372774267196656 (10.292s)
Batch 450/485, loss: 3.408295309940974 (10.287s)
Batch 485/485, loss: 4.106227392809732 (4.789s)

-----Epoch 85/250-----
Batch 75/485, loss: 4.757829542160034 (10.263s)
Batch 150/485, loss: 3.3829872075716656 (10.262s)
Batch 225/485, loss: 4.2473464179039 (10.263s)
Batch 300/485, loss: 3.557472027937571 (10.260s)
Batch 375/485, loss: 3.0464662591616314 (10.261s)
Batch 450/485, loss: 2.908676722049713 (10.261s)
Batch 485/485, loss: 2.7482608463082996 (4.789s)

-----Epoch 86/250-----
Batch 75/485, loss: 3.430275677839915 (10.261s)
Batch 150/485, loss: 3.9216758672396343 (10.286s)
Batch 225/485, loss: 3.228181590239207 (10.284s)
Batch 300/485, loss: 3.8156309485435487 (10.273s)
Batch 375/485, loss: 4.209307900269827 (10.273s)
Batch 450/485, loss: 3.1650896167755125 (10.276s)
Batch 485/485, loss: 3.2929968169757298 (4.793s)

-----Epoch 87/250-----
Batch 75/485, loss: 3.805084780852 (10.273s)
Batch 150/485, loss: 3.465441470146179 (10.271s)
Batch 225/485, loss: 3.728527794679006 (10.273s)
Batch 300/485, loss: 4.22337361296018 (10.273s)
Batch 375/485, loss: 3.369055765469869 (10.274s)
Batch 450/485, loss: 3.0249716778596243 (10.274s)
Batch 485/485, loss: 3.376573247568948 (4.791s)

-----Epoch 88/250-----
Batch 75/485, loss: 3.263364561398824 (10.274s)
Batch 150/485, loss: 3.601340751250585 (10.418s)
Batch 225/485, loss: 4.027608957290649 (10.273s)
Batch 300/485, loss: 3.2826346333821617 (10.273s)
Batch 375/485, loss: 3.284008469581604 (10.275s)
Batch 450/485, loss: 3.468076866467794 (10.275s)
Batch 485/485, loss: 4.887296521663666 (4.794s)

-----Epoch 89/250-----
Batch 75/485, loss: 3.9302757652600606 (10.275s)
Batch 150/485, loss: 6.857281707922618 (10.274s)
Batch 225/485, loss: 10.355271200338999 (10.275s)
Batch 300/485, loss: 10.01061015367508 (10.278s)
Batch 375/485, loss: 10.654925807317097 (10.273s)
Batch 450/485, loss: 11.86366183757782 (10.288s)
Batch 485/485, loss: 9.720811903476715 (4.809s)

-----Epoch 90/250-----
Batch 75/485, loss: 8.599871113697688 (10.303s)
Batch 150/485, loss: 7.258911722501119 (10.328s)
Batch 225/485, loss: 10.350271290143331 (10.311s)
Batch 300/485, loss: 6.229091513951619 (10.306s)
Batch 375/485, loss: 7.367498757839203 (10.311s)
Batch 450/485, loss: 9.714402942260106 (10.321s)
Batch 485/485, loss: 12.167678088801248 (4.804s)

-----Epoch 91/250-----
Batch 75/485, loss: 11.869401791890462 (10.455s)
Batch 150/485, loss: 4.35675239721934 (10.586s)
Batch 225/485, loss: 5.549560231367747 (10.612s)
Batch 300/485, loss: 4.343497232993443 (10.616s)
Batch 375/485, loss: 8.864322605133056 (10.615s)
Batch 450/485, loss: 4.4857588680585225 (10.604s)
Batch 485/485, loss: 23.148418043340957 (4.964s)

-----Epoch 92/250-----
Batch 75/485, loss: 4.2543622819582625 (10.615s)
Batch 150/485, loss: 4.495543355941773 (10.616s)
Batch 225/485, loss: 8.833512758413951 (10.607s)
Batch 300/485, loss: 6.601445643901825 (10.615s)
Batch 375/485, loss: 8.781230051517486 (10.612s)
Batch 450/485, loss: 9.284116944471995 (10.579s)
Batch 485/485, loss: 4.129419912610735 (4.955s)

-----Epoch 93/250-----
Batch 75/485, loss: 6.256242130597433 (10.607s)
Batch 150/485, loss: 6.681806722482046 (10.609s)
Batch 225/485, loss: 5.651965291500091 (10.622s)
Batch 300/485, loss: 6.479359132051468 (10.611s)
Batch 375/485, loss: 5.400567985375722 (10.584s)
Batch 450/485, loss: 5.40837244828542 (10.577s)
Batch 485/485, loss: 3.450647703238896 (4.944s)

-----Epoch 94/250-----
Batch 75/485, loss: 4.225710050264994 (10.765s)
Batch 150/485, loss: 4.8944777162869775 (10.608s)
Batch 225/485, loss: 4.469552150170008 (10.612s)
Batch 300/485, loss: 4.818410181999207 (10.597s)
Batch 375/485, loss: 5.291165665388108 (10.591s)
Batch 450/485, loss: 8.203230680624644 (10.566s)
Batch 485/485, loss: 3.4584109578813824 (4.941s)

-----Epoch 95/250-----
Batch 75/485, loss: 5.844338634808858 (10.578s)
Batch 150/485, loss: 6.9099662566185 (10.601s)
Batch 225/485, loss: 4.027883369525274 (10.595s)
Batch 300/485, loss: 3.3533263405164084 (10.578s)
Batch 375/485, loss: 7.316380265553792 (10.596s)
Batch 450/485, loss: 6.087292536894481 (10.585s)
Batch 485/485, loss: 3.1674953971590316 (4.937s)

-----Epoch 96/250-----
Batch 75/485, loss: 5.358732514381408 (10.623s)
Batch 150/485, loss: 5.671396815776825 (10.628s)
Batch 225/485, loss: 2.9352414735158283 (10.650s)
Batch 300/485, loss: 5.901449689865112 (10.623s)
Batch 375/485, loss: 3.7654425621032717 (10.643s)
Batch 450/485, loss: 5.036656041145324 (10.620s)
Batch 485/485, loss: 6.71650003705706 (4.963s)

-----Epoch 97/250-----
Batch 75/485, loss: 4.173560787836711 (10.639s)
Batch 150/485, loss: 5.079601718982061 (10.640s)
Batch 225/485, loss: 5.2586585017045335 (10.637s)
Batch 300/485, loss: 3.4587339301904043 (10.619s)
Batch 375/485, loss: 3.813427606423696 (10.617s)
Batch 450/485, loss: 5.121775275866191 (10.602s)
Batch 485/485, loss: 3.1956838820661817 (4.946s)

-----Epoch 98/250-----
Batch 75/485, loss: 5.647333121299743 (10.575s)
Batch 150/485, loss: 5.352625887393952 (10.563s)
Batch 225/485, loss: 4.250296065807342 (10.584s)
Batch 300/485, loss: 3.992051610946655 (10.629s)
Batch 375/485, loss: 2.7651213161150614 (10.649s)
Batch 450/485, loss: 6.401907778978348 (10.819s)
Batch 485/485, loss: 3.2833090756620678 (4.797s)

-----Epoch 99/250-----
Batch 75/485, loss: 3.826682022412618 (10.287s)
Batch 150/485, loss: 3.1561725878715516 (10.248s)
Batch 225/485, loss: 3.5734759787718455 (10.262s)
Batch 300/485, loss: 5.631446301539739 (10.534s)
Batch 375/485, loss: 4.248521169026692 (10.410s)
Batch 450/485, loss: 4.842763989766439 (10.553s)
Batch 485/485, loss: 3.475690133231027 (5.081s)

-----Epoch 100/250-----
Batch 75/485, loss: 3.0873143355051678 (10.559s)
Batch 150/485, loss: 5.160506134827932 (10.544s)
Batch 225/485, loss: 4.236826666990916 (10.544s)
Batch 300/485, loss: 6.27637069940567 (10.554s)
Batch 375/485, loss: 4.000524330536525 (10.563s)
Batch 450/485, loss: 4.145220420360565 (10.550s)
Batch 485/485, loss: 3.2083703654153006 (4.921s)
Saved to snn_model-2.pth

-----Epoch 101/250-----
Batch 75/485, loss: 4.091497364838918 (10.560s)
Batch 150/485, loss: 3.460576070944468 (10.567s)
Batch 225/485, loss: 4.470129458109538 (10.579s)
Batch 300/485, loss: 3.831497658888499 (10.558s)
Batch 375/485, loss: 4.703546466827393 (10.575s)
Batch 450/485, loss: 5.522376872698466 (10.561s)
Batch 485/485, loss: 6.260656251226153 (4.921s)

-----Epoch 102/250-----
Batch 75/485, loss: 6.645274677673975 (10.546s)
Batch 150/485, loss: 6.424507942199707 (10.539s)
Batch 225/485, loss: 6.940624264081319 (10.542s)
Batch 300/485, loss: 6.755928387641907 (10.520s)
Batch 375/485, loss: 3.088979351520538 (10.527s)
Batch 450/485, loss: 6.049092703262965 (10.509s)
Batch 485/485, loss: 7.326694602625711 (4.908s)

-----Epoch 103/250-----
Batch 75/485, loss: 5.231385288238525 (10.613s)
Batch 150/485, loss: 4.674139491319656 (10.663s)
Batch 225/485, loss: 4.344183449745178 (10.710s)
Batch 300/485, loss: 5.856483592192332 (10.679s)
Batch 375/485, loss: 3.5429277801513672 (10.738s)
Batch 450/485, loss: 3.0863874403635663 (10.744s)
Batch 485/485, loss: 2.4193276013646807 (5.044s)

-----Epoch 104/250-----
Batch 75/485, loss: 3.3659017328421275 (10.703s)
Batch 150/485, loss: 4.2856888254483545 (10.727s)
Batch 225/485, loss: 3.2990995999177297 (10.694s)
Batch 300/485, loss: 3.305961983203888 (10.646s)
Batch 375/485, loss: 5.2258640511830645 (10.656s)
Batch 450/485, loss: 3.7023839549223583 (10.681s)
Batch 485/485, loss: 4.964074569089072 (4.979s)

-----Epoch 105/250-----
Batch 75/485, loss: 3.344505240917206 (10.689s)
Batch 150/485, loss: 6.157225499153137 (10.667s)
Batch 225/485, loss: 5.900071054299673 (10.674s)
Batch 300/485, loss: 3.652450909614563 (10.672s)
Batch 375/485, loss: 5.416903459231059 (10.311s)
Batch 450/485, loss: 3.3140685657660165 (10.435s)
Batch 485/485, loss: 4.11999215057918 (4.791s)

-----Epoch 106/250-----
Batch 75/485, loss: 3.2200264088312784 (10.288s)
Batch 150/485, loss: 3.530482958952586 (10.264s)
Batch 225/485, loss: 3.5523235515753426 (10.273s)
Batch 300/485, loss: 4.846211884816488 (10.512s)
Batch 375/485, loss: 5.077862516244252 (10.540s)
Batch 450/485, loss: 4.182628835837046 (10.566s)
Batch 485/485, loss: 3.9711835929325647 (4.928s)

-----Epoch 107/250-----
Batch 75/485, loss: 3.522170276641846 (10.558s)
Batch 150/485, loss: 4.843312130769093 (10.576s)
Batch 225/485, loss: 4.906566596825917 (10.546s)
Batch 300/485, loss: 6.1590211701393125 (10.583s)
Batch 375/485, loss: 6.7191695245107015 (10.659s)
Batch 450/485, loss: 6.781511001586914 (10.668s)
Batch 485/485, loss: 3.277069856439318 (4.978s)

-----Epoch 108/250-----
Batch 75/485, loss: 6.145827220280965 (10.684s)
Batch 150/485, loss: 4.431265970865885 (10.671s)
Batch 225/485, loss: 3.810160805384318 (10.668s)
Batch 300/485, loss: 6.551031006574631 (10.651s)
Batch 375/485, loss: 3.8668184979756672 (10.652s)
Batch 450/485, loss: 3.046561896006266 (10.645s)
Batch 485/485, loss: 3.5447876708848134 (4.962s)

-----Epoch 109/250-----
Batch 75/485, loss: 3.9755623837312064 (10.636s)
Batch 150/485, loss: 3.5608008221785226 (10.625s)
Batch 225/485, loss: 3.39979220867157 (10.652s)
Batch 300/485, loss: 3.362105492750804 (10.630s)
Batch 375/485, loss: 3.769536691904068 (10.631s)
Batch 450/485, loss: 3.347241510550181 (10.628s)
Batch 485/485, loss: 4.723066358906882 (4.958s)

-----Epoch 110/250-----
Batch 75/485, loss: 3.8994701568285626 (10.627s)
Batch 150/485, loss: 2.7328179307778675 (10.620s)
Batch 225/485, loss: 3.38163628021876 (10.636s)
Batch 300/485, loss: 3.9391800343990324 (10.631s)
Batch 375/485, loss: 3.960895466009776 (10.652s)
Batch 450/485, loss: 4.260370664199193 (10.642s)
Batch 485/485, loss: 3.101353849683489 (4.961s)

-----Epoch 111/250-----
Batch 75/485, loss: 2.8627836537361144 (10.655s)
Batch 150/485, loss: 3.556398627758026 (10.637s)
Batch 225/485, loss: 3.8944822057088215 (10.644s)
Batch 300/485, loss: 3.74057377020518 (10.646s)
Batch 375/485, loss: 3.920245230992635 (10.804s)
Batch 450/485, loss: 3.554376722971598 (10.659s)
Batch 485/485, loss: 4.534978481701442 (4.971s)

-----Epoch 112/250-----
Batch 75/485, loss: 3.707552259763082 (10.278s)
Batch 150/485, loss: 3.612319036324819 (10.257s)
Batch 225/485, loss: 4.0786164514223735 (10.449s)
Batch 300/485, loss: 3.3464490350087486 (10.655s)
Batch 375/485, loss: 2.9706248490015668 (10.644s)
Batch 450/485, loss: 3.8697521849473318 (10.648s)
Batch 485/485, loss: 4.359850811106818 (4.961s)

-----Epoch 113/250-----
Batch 75/485, loss: 3.372546053727468 (10.644s)
Batch 150/485, loss: 4.5740014235178625 (10.634s)
Batch 225/485, loss: 3.7892763217290244 (10.639s)
Batch 300/485, loss: 4.242054607073466 (10.630s)
Batch 375/485, loss: 3.3275951075553896 (10.629s)
Batch 450/485, loss: 3.0627022409439086 (10.631s)
Batch 485/485, loss: 2.704776379040309 (4.956s)

-----Epoch 114/250-----
Batch 75/485, loss: 4.333838862578074 (10.628s)
Batch 150/485, loss: 3.4707821834087373 (10.635s)
Batch 225/485, loss: 4.261556165218353 (10.625s)
Batch 300/485, loss: 3.43448699871699 (10.628s)
Batch 375/485, loss: 3.5825854992866515 (10.627s)
Batch 450/485, loss: 3.340500243504842 (10.648s)
Batch 485/485, loss: 2.5744668313435146 (4.965s)

-----Epoch 115/250-----
Batch 75/485, loss: 3.6472875305016834 (10.629s)
Batch 150/485, loss: 3.5179793127377827 (10.639s)
Batch 225/485, loss: 3.013960519631704 (10.632s)
Batch 300/485, loss: 3.3891339977582295 (10.636s)
Batch 375/485, loss: 4.830352005958557 (10.635s)
Batch 450/485, loss: 3.927588651180267 (10.634s)
Batch 485/485, loss: 2.839358743599483 (4.961s)

-----Epoch 116/250-----
Batch 75/485, loss: 4.1659097806612655 (10.649s)
Batch 150/485, loss: 3.016063774426778 (10.628s)
Batch 225/485, loss: 3.7477917869885764 (10.645s)
Batch 300/485, loss: 2.9029781730969746 (10.634s)
Batch 375/485, loss: 4.037080337603887 (10.625s)
Batch 450/485, loss: 3.7302795696258544 (10.670s)
Batch 485/485, loss: 4.8195015226091655 (4.960s)

-----Epoch 117/250-----
Batch 75/485, loss: 3.4830420740445454 (10.626s)
Batch 150/485, loss: 3.0383656438191733 (10.615s)
Batch 225/485, loss: 3.666449102560679 (10.617s)
Batch 300/485, loss: 3.763153711160024 (10.775s)
Batch 375/485, loss: 4.212194550832113 (10.622s)
Batch 450/485, loss: 3.5993276341756184 (10.609s)
Batch 485/485, loss: 3.9922583443777904 (4.963s)

-----Epoch 118/250-----
Batch 75/485, loss: 3.5196643527348836 (10.615s)
Batch 150/485, loss: 3.774000097513199 (10.649s)
Batch 225/485, loss: 3.2528232685724894 (10.500s)
Batch 300/485, loss: 3.601840360959371 (10.225s)
Batch 375/485, loss: 3.781035927931468 (10.220s)
Batch 450/485, loss: 3.9017533612251283 (10.227s)
Batch 485/485, loss: 3.8495248470987593 (4.871s)

-----Epoch 119/250-----
Batch 75/485, loss: 3.5875310126940407 (10.648s)
Batch 150/485, loss: 3.653394487698873 (10.665s)
Batch 225/485, loss: 4.079481652577718 (10.658s)
Batch 300/485, loss: 3.5850468190511067 (10.658s)
Batch 375/485, loss: 3.4185128422578175 (10.646s)
Batch 450/485, loss: 3.9435104091962176 (10.657s)
Batch 485/485, loss: 2.9161320762974876 (4.968s)

-----Epoch 120/250-----
Batch 75/485, loss: 4.077713416020075 (10.631s)
Batch 150/485, loss: 3.923792186578115 (10.647s)
Batch 225/485, loss: 2.919011439085007 (10.647s)
Batch 300/485, loss: 4.122987565994262 (10.643s)
Batch 375/485, loss: 3.4550868821144105 (10.650s)
Batch 450/485, loss: 2.8367581899960834 (10.648s)
Batch 485/485, loss: 4.931976747512818 (4.967s)

-----Epoch 121/250-----
Batch 75/485, loss: 4.172157174746196 (10.641s)
Batch 150/485, loss: 3.593764496644338 (10.642s)
Batch 225/485, loss: 3.348460997740428 (10.673s)
Batch 300/485, loss: 3.3836146291097005 (10.662s)
Batch 375/485, loss: 4.021911375125249 (10.657s)
Batch 450/485, loss: 3.55778638958931 (10.652s)
Batch 485/485, loss: 3.4317630188805714 (4.970s)

-----Epoch 122/250-----
Batch 75/485, loss: 3.3519924783706667 (10.663s)
Batch 150/485, loss: 4.269116330146789 (10.660s)
Batch 225/485, loss: 3.7477519218126933 (10.667s)
Batch 300/485, loss: 3.8495057209332786 (10.662s)
Batch 375/485, loss: 3.3384622716903687 (10.669s)
Batch 450/485, loss: 3.299634966850281 (10.658s)
Batch 485/485, loss: 3.7750108391046524 (4.971s)

-----Epoch 123/250-----
Batch 75/485, loss: 3.905379940668742 (10.677s)
Batch 150/485, loss: 3.2050391697883605 (10.684s)
Batch 225/485, loss: 3.7289769927660625 (10.860s)
Batch 300/485, loss: 3.7474864093462625 (10.677s)
Batch 375/485, loss: 3.1690189532438913 (11.050s)
Batch 450/485, loss: 4.540514171520869 (10.639s)
Batch 485/485, loss: 2.8354035105024065 (4.962s)

-----Epoch 124/250-----
Batch 75/485, loss: 3.3034107232093812 (10.638s)
Batch 150/485, loss: 3.4471715732415515 (10.640s)
Batch 225/485, loss: 3.800054740905762 (10.645s)
Batch 300/485, loss: 4.035967775583267 (10.644s)
Batch 375/485, loss: 2.837276749610901 (10.653s)
Batch 450/485, loss: 4.58971770922343 (10.626s)
Batch 485/485, loss: 3.4534334097589765 (4.948s)

-----Epoch 125/250-----
Batch 75/485, loss: 3.8087938976287843 (10.614s)
Batch 150/485, loss: 3.613573668797811 (10.614s)
Batch 225/485, loss: 3.419275340239207 (10.619s)
Batch 300/485, loss: 3.9416189773877464 (10.663s)
Batch 375/485, loss: 3.1831142338116964 (10.662s)
Batch 450/485, loss: 4.039555677970251 (10.674s)
Batch 485/485, loss: 3.465980887413025 (4.976s)

-----Epoch 126/250-----
Batch 75/485, loss: 4.292281001408895 (10.665s)
Batch 150/485, loss: 4.172624933322271 (10.659s)
Batch 225/485, loss: 3.264583996931712 (10.655s)
Batch 300/485, loss: 2.852676467895508 (10.616s)
Batch 375/485, loss: 3.678918263117472 (10.635s)
Batch 450/485, loss: 3.7101656770706177 (10.633s)
Batch 485/485, loss: 3.536807047469275 (4.893s)

-----Epoch 127/250-----
Batch 75/485, loss: 3.1925008050600687 (10.227s)
Batch 150/485, loss: 3.627966673374176 (10.401s)
Batch 225/485, loss: 3.399519299666087 (10.639s)
Batch 300/485, loss: 3.200760869979858 (10.632s)
Batch 375/485, loss: 3.7767359705766044 (10.644s)
Batch 450/485, loss: 4.411421807607015 (10.617s)
Batch 485/485, loss: 4.328803903715951 (4.954s)

-----Epoch 128/250-----
Batch 75/485, loss: 4.148268067836762 (10.640s)
Batch 150/485, loss: 3.4567541535695394 (10.646s)
Batch 225/485, loss: 3.231178918282191 (10.609s)
Batch 300/485, loss: 3.7751356236139935 (10.622s)
Batch 375/485, loss: 3.414211179415385 (10.621s)
Batch 450/485, loss: 3.631933919588725 (10.617s)
Batch 485/485, loss: 5.218586926800864 (4.946s)

-----Epoch 129/250-----
Batch 75/485, loss: 3.604842766125997 (10.803s)
Batch 150/485, loss: 3.694259636799494 (10.817s)
Batch 225/485, loss: 3.4996893048286437 (10.619s)
Batch 300/485, loss: 2.911225877602895 (10.660s)
Batch 375/485, loss: 3.77954909324646 (10.607s)
Batch 450/485, loss: 4.4648956712087 (10.617s)
Batch 485/485, loss: 4.60743345107351 (4.949s)

-----Epoch 130/250-----
Batch 75/485, loss: 3.2247232604026794 (10.613s)
Batch 150/485, loss: 3.5476346667607626 (10.615s)
Batch 225/485, loss: 3.431052869955699 (10.612s)
Batch 300/485, loss: 3.669926931858063 (10.597s)
Batch 375/485, loss: 4.322844627300898 (10.601s)
Batch 450/485, loss: 3.2801237297058106 (10.608s)
Batch 485/485, loss: 4.6106580921581815 (4.947s)

-----Epoch 131/250-----
Batch 75/485, loss: 3.3248142460982004 (10.615s)
Batch 150/485, loss: 3.9028858590126037 (10.614s)
Batch 225/485, loss: 4.540065325895945 (10.598s)
Batch 300/485, loss: 2.965654667218526 (10.618s)
Batch 375/485, loss: 3.244594461520513 (10.599s)
Batch 450/485, loss: 3.718037670056025 (10.604s)
Batch 485/485, loss: 4.126079759427479 (4.951s)

-----Epoch 132/250-----
Batch 75/485, loss: 3.639800916512807 (10.613s)
Batch 150/485, loss: 3.9639465204874673 (10.607s)
Batch 225/485, loss: 3.7779009278615314 (10.607s)
Batch 300/485, loss: 3.910413744052251 (10.607s)
Batch 375/485, loss: 3.738638354142507 (10.605s)
Batch 450/485, loss: 3.425583839416504 (10.611s)
Batch 485/485, loss: 2.5139600668634685 (4.961s)

-----Epoch 133/250-----
Batch 75/485, loss: 3.3087643694877626 (10.606s)
Batch 150/485, loss: 3.4931265981992086 (10.606s)
Batch 225/485, loss: 3.994613694349925 (10.629s)
Batch 300/485, loss: 3.1558382725715637 (10.634s)
Batch 375/485, loss: 4.371278559366862 (10.652s)
Batch 450/485, loss: 3.7673617235819497 (10.631s)
Batch 485/485, loss: 2.8875105474676404 (4.955s)

-----Epoch 134/250-----
Batch 75/485, loss: 4.112747639020284 (10.621s)
Batch 150/485, loss: 4.1023643763860065 (10.623s)
Batch 225/485, loss: 3.0904815006256103 (10.633s)
Batch 300/485, loss: 3.515681041876475 (10.623s)
Batch 375/485, loss: 2.7713219285011292 (10.623s)
Batch 450/485, loss: 3.4336848735809324 (10.617s)
Batch 485/485, loss: 5.0914924655641824 (4.955s)

-----Epoch 135/250-----
Batch 75/485, loss: 3.200848321119944 (10.790s)
Batch 150/485, loss: 3.9328040639559427 (10.622s)
Batch 225/485, loss: 3.6784447054068248 (10.626s)
Batch 300/485, loss: 3.268035429318746 (10.647s)
Batch 375/485, loss: 3.1106258817513783 (10.617s)
Batch 450/485, loss: 4.010663619836172 (10.618s)
Batch 485/485, loss: 5.041795074939728 (4.955s)

-----Epoch 136/250-----
Batch 75/485, loss: 3.150478399594625 (10.623s)
Batch 150/485, loss: 3.7455187193552653 (10.626s)
Batch 225/485, loss: 3.6108633120854696 (10.617s)
Batch 300/485, loss: 3.813149551550547 (10.620s)
Batch 375/485, loss: 3.640781851609548 (10.626s)
Batch 450/485, loss: 3.80738033692042 (10.632s)
Batch 485/485, loss: 3.6615117158208577 (4.953s)

-----Epoch 137/250-----
Batch 75/485, loss: 3.3711309019724527 (10.614s)
Batch 150/485, loss: 3.971386324564616 (10.638s)
Batch 225/485, loss: 3.7229624088605244 (10.624s)
Batch 300/485, loss: 3.578446695407232 (10.616s)
Batch 375/485, loss: 3.1325442481040953 (10.639s)
Batch 450/485, loss: 4.124718031088511 (10.637s)
Batch 485/485, loss: 3.2124772855213712 (4.961s)

-----Epoch 138/250-----
Batch 75/485, loss: 3.8532981634140016 (10.621s)
Batch 150/485, loss: 3.701148371696472 (10.691s)
Batch 225/485, loss: 3.11354376633962 (10.624s)
Batch 300/485, loss: 3.452194635073344 (10.622s)
Batch 375/485, loss: 3.9836170375347137 (10.612s)
Batch 450/485, loss: 4.152592016458511 (10.614s)
Batch 485/485, loss: 2.673754005772727 (4.959s)

-----Epoch 139/250-----
Batch 75/485, loss: 3.7852337741851807 (10.635s)
Batch 150/485, loss: 3.8422149562835695 (10.621s)
Batch 225/485, loss: 3.246042868296305 (10.419s)
Batch 300/485, loss: 3.443996097246806 (10.238s)
Batch 375/485, loss: 3.384656804005305 (10.228s)
Batch 450/485, loss: 2.992076394557953 (10.231s)
Batch 485/485, loss: 5.929572384698051 (4.804s)

-----Epoch 140/250-----
Batch 75/485, loss: 4.061910059452057 (10.555s)
Batch 150/485, loss: 4.050590984821319 (10.540s)
Batch 225/485, loss: 3.6873740160465243 (10.540s)
Batch 300/485, loss: 2.883053324619929 (10.542s)
Batch 375/485, loss: 3.0677340626716614 (10.555s)
Batch 450/485, loss: 3.6302394847075146 (10.720s)
Batch 485/485, loss: 4.307488629647664 (4.921s)

-----Epoch 141/250-----
Batch 75/485, loss: 3.5205874478816988 (10.554s)
Batch 150/485, loss: 3.1927967103322348 (10.542s)
Batch 225/485, loss: 3.567433876196543 (10.548s)
Batch 300/485, loss: 3.9751551524798074 (10.564s)
Batch 375/485, loss: 3.557229848305384 (10.557s)
Batch 450/485, loss: 3.407942510445913 (10.548s)
Batch 485/485, loss: 4.7726932764053345 (4.921s)

-----Epoch 142/250-----
Batch 75/485, loss: 3.428650792837143 (10.540s)
Batch 150/485, loss: 4.142297178109487 (10.533s)
Batch 225/485, loss: 4.049223771095276 (10.532s)
Batch 300/485, loss: 3.505015300512314 (10.525s)
Batch 375/485, loss: 3.3874170537789663 (10.553s)
Batch 450/485, loss: 3.2514878078301748 (10.545s)
Batch 485/485, loss: 3.685018570082528 (4.922s)

-----Epoch 143/250-----
Batch 75/485, loss: 3.7945556167761483 (10.546s)
Batch 150/485, loss: 3.211435179313024 (10.531s)
Batch 225/485, loss: 4.0372390985488895 (10.505s)
Batch 300/485, loss: 4.263071058591207 (10.533s)
Batch 375/485, loss: 3.062219247817993 (10.549s)
Batch 450/485, loss: 3.7846378254890443 (10.545s)
Batch 485/485, loss: 2.84569006391934 (4.918s)

-----Epoch 144/250-----
Batch 75/485, loss: 3.578169794082642 (10.544s)
Batch 150/485, loss: 8.461929585933685 (10.530s)
Batch 225/485, loss: 13.235021501382192 (10.547s)
Batch 300/485, loss: 9.07573273698489 (10.545s)
Batch 375/485, loss: 10.529460093180338 (10.557s)
Batch 450/485, loss: 12.602803036371867 (10.536s)
Batch 485/485, loss: 9.064651232106344 (4.918s)

-----Epoch 145/250-----
Batch 75/485, loss: 7.586175917387009 (10.552s)
Batch 150/485, loss: 10.446759622097016 (10.545s)
Batch 225/485, loss: 4.901355811754862 (10.543s)
Batch 300/485, loss: 10.82666920741399 (10.542s)
Batch 375/485, loss: 9.677311483224234 (10.548s)
Batch 450/485, loss: 10.895647137165069 (10.538s)
Batch 485/485, loss: 9.466040485245841 (4.918s)

-----Epoch 146/250-----
Batch 75/485, loss: 5.474123545090357 (10.565s)
Batch 150/485, loss: 8.340608432292939 (10.553s)
Batch 225/485, loss: 10.688489538033803 (10.540s)
Batch 300/485, loss: 10.490308709144593 (10.556s)
Batch 375/485, loss: 8.844938427607218 (10.704s)
Batch 450/485, loss: 7.604768727620443 (10.540s)
Batch 485/485, loss: 3.302024257183075 (4.911s)

-----Epoch 147/250-----
Batch 75/485, loss: 5.795148546695709 (10.523s)
Batch 150/485, loss: 10.704327783584596 (10.514s)
Batch 225/485, loss: 8.917517619132996 (10.548s)
Batch 300/485, loss: 5.843882407744726 (10.532s)
Batch 375/485, loss: 5.877699291308721 (10.535s)
Batch 450/485, loss: 5.228193748394649 (10.558s)
Batch 485/485, loss: 5.830260111604418 (4.938s)

-----Epoch 148/250-----
Batch 75/485, loss: 4.578453172842662 (10.556s)
Batch 150/485, loss: 5.772137372891108 (10.581s)
Batch 225/485, loss: 8.415096690654755 (10.613s)
Batch 300/485, loss: 3.7842632683118183 (10.611s)
Batch 375/485, loss: 4.67498569170634 (10.625s)
Batch 450/485, loss: 6.1571839650472 (10.615s)
Batch 485/485, loss: 8.204214903286525 (4.950s)

-----Epoch 149/250-----
Batch 75/485, loss: 4.038005268573761 (10.609s)
Batch 150/485, loss: 7.6218679920832315 (10.613s)
Batch 225/485, loss: 4.593888827959696 (10.609s)
Batch 300/485, loss: 6.1058612354596455 (10.631s)
Batch 375/485, loss: 6.125728666782379 (10.589s)
Batch 450/485, loss: 5.252587145964305 (10.562s)
Batch 485/485, loss: 7.740919094426292 (4.938s)

-----Epoch 150/250-----
Batch 75/485, loss: 5.00821506579717 (10.586s)
Batch 150/485, loss: 6.24856582403183 (10.567s)
Batch 225/485, loss: 4.428274297714234 (10.564s)
Batch 300/485, loss: 5.219170817931493 (10.550s)
Batch 375/485, loss: 5.5752908722559615 (10.548s)
Batch 450/485, loss: 4.298362829287847 (10.558s)
Batch 485/485, loss: 3.866559679167611 (4.933s)
Saved to snn_model-2.pth

-----Epoch 151/250-----
Batch 75/485, loss: 5.464688298304876 (10.570s)
Batch 150/485, loss: 3.284629700978597 (10.558s)
Batch 225/485, loss: 3.5826977483431497 (10.560s)
Batch 300/485, loss: 4.0611675246556596 (10.563s)
Batch 375/485, loss: 5.835471091667811 (10.569s)
Batch 450/485, loss: 10.118580198287964 (10.582s)
Batch 485/485, loss: 3.750008564335959 (4.914s)

-----Epoch 152/250-----
Batch 75/485, loss: 3.782404530843099 (10.575s)
Batch 150/485, loss: 8.029951469898224 (10.585s)
Batch 225/485, loss: 4.575636670589447 (10.582s)
Batch 300/485, loss: 3.320995518366496 (10.706s)
Batch 375/485, loss: 6.864956462383271 (10.555s)
Batch 450/485, loss: 4.245819308757782 (10.578s)
Batch 485/485, loss: 3.619300310100828 (4.923s)

-----Epoch 153/250-----
Batch 75/485, loss: 2.960816116333008 (10.556s)
Batch 150/485, loss: 6.620363256136576 (10.559s)
Batch 225/485, loss: 4.667416303952535 (10.564s)
Batch 300/485, loss: 5.948082898457845 (10.570s)
Batch 375/485, loss: 4.502418175538381 (10.555s)
Batch 450/485, loss: 4.864330076376597 (10.582s)
Batch 485/485, loss: 7.5629916770117624 (4.931s)

-----Epoch 154/250-----
Batch 75/485, loss: 5.579261581897736 (10.555s)
Batch 150/485, loss: 5.3082508993148805 (10.559s)
Batch 225/485, loss: 4.0773463304837545 (10.561s)
Batch 300/485, loss: 6.191096728245418 (10.574s)
Batch 375/485, loss: 6.202997261683146 (10.569s)
Batch 450/485, loss: 3.7845108048121134 (10.578s)
Batch 485/485, loss: 5.713401583262852 (4.927s)

-----Epoch 155/250-----
Batch 75/485, loss: 2.9233635648091636 (10.575s)
Batch 150/485, loss: 3.3981797472635904 (10.573s)
Batch 225/485, loss: 6.192719565232594 (10.575s)
Batch 300/485, loss: 6.494135673840841 (10.564s)
Batch 375/485, loss: 8.419722055594127 (10.560s)
Batch 450/485, loss: 4.21946152528127 (10.575s)
Batch 485/485, loss: 6.617103333132608 (4.925s)

-----Epoch 156/250-----
Batch 75/485, loss: 4.426847061316172 (10.578s)
Batch 150/485, loss: 3.183401563962301 (10.568s)
Batch 225/485, loss: 6.362481520175934 (10.555s)
Batch 300/485, loss: 2.7870377643903095 (10.551s)
Batch 375/485, loss: 4.106730726559957 (10.561s)
Batch 450/485, loss: 4.779513189792633 (10.549s)
Batch 485/485, loss: 2.580771745102746 (4.931s)

-----Epoch 157/250-----
Batch 75/485, loss: 4.1484594186147055 (10.558s)
Batch 150/485, loss: 3.781593396663666 (10.540s)
Batch 225/485, loss: 3.313113931020101 (10.552s)
Batch 300/485, loss: 2.9712299577395123 (10.552s)
Batch 375/485, loss: 3.5659238743782042 (10.569s)
Batch 450/485, loss: 5.224902958075205 (10.560s)
Batch 485/485, loss: 8.837044790812902 (4.931s)

-----Epoch 158/250-----
Batch 75/485, loss: 3.494509040514628 (10.555s)
Batch 150/485, loss: 3.8047548031806944 (10.568s)
Batch 225/485, loss: 3.9651400129000347 (10.726s)
Batch 300/485, loss: 4.132502096494039 (10.562s)
Batch 375/485, loss: 2.7818286391099294 (10.559s)
Batch 450/485, loss: 4.9579748439788816 (10.572s)
Batch 485/485, loss: 4.267154618671962 (4.939s)

-----Epoch 159/250-----
Batch 75/485, loss: 3.574690708319346 (10.579s)
Batch 150/485, loss: 5.411251905759175 (10.561s)
Batch 225/485, loss: 5.843536352713903 (10.569s)
Batch 300/485, loss: 6.77728345712026 (10.561s)
Batch 375/485, loss: 7.917085987726847 (10.573s)
Batch 450/485, loss: 7.571564484834671 (10.557s)
Batch 485/485, loss: 3.555801826715469 (4.919s)

-----Epoch 160/250-----
Batch 75/485, loss: 4.564396086533864 (10.573s)
Batch 150/485, loss: 7.629269423882167 (10.565s)
Batch 225/485, loss: 3.7118053976694743 (10.570s)
Batch 300/485, loss: 4.403327907721201 (10.564s)
Batch 375/485, loss: 4.041810556650161 (10.566s)
Batch 450/485, loss: 5.8984241167704266 (10.573s)
Batch 485/485, loss: 3.0828400833266123 (4.932s)

-----Epoch 161/250-----
Batch 75/485, loss: 3.7464290368556976 (10.556s)
Batch 150/485, loss: 3.7308284139633177 (10.561s)
Batch 225/485, loss: 4.223178565502167 (10.564s)
Batch 300/485, loss: 3.8959280308087667 (10.571s)
Batch 375/485, loss: 3.69028391122818 (10.577s)
Batch 450/485, loss: 3.8441917979717255 (10.568s)
Batch 485/485, loss: 3.4882806709834506 (4.919s)

-----Epoch 162/250-----
Batch 75/485, loss: 4.169732408126195 (10.563s)
Batch 150/485, loss: 3.372950853506724 (10.566s)
Batch 225/485, loss: 3.7241831358273823 (10.565s)
Batch 300/485, loss: 3.070354639291763 (10.562s)
Batch 375/485, loss: 3.9676143566767377 (10.548s)
Batch 450/485, loss: 3.683603851000468 (10.556s)
Batch 485/485, loss: 3.630332156590053 (4.924s)

-----Epoch 163/250-----
Batch 75/485, loss: 3.2653969311714173 (10.572s)
Batch 150/485, loss: 4.344140311082204 (10.568s)
Batch 225/485, loss: 4.273804432551066 (10.570s)
Batch 300/485, loss: 3.0733739884694415 (10.590s)
Batch 375/485, loss: 3.0715892446041106 (10.565s)
Batch 450/485, loss: 4.151044028997421 (10.574s)
Batch 485/485, loss: 3.2002282874924797 (4.929s)

-----Epoch 164/250-----
Batch 75/485, loss: 4.39787042538325 (10.585s)
Batch 150/485, loss: 3.620365658998489 (10.737s)
Batch 225/485, loss: 3.246171672344208 (10.570s)
Batch 300/485, loss: 3.2819506017367046 (10.588s)
Batch 375/485, loss: 3.9630926259358725 (10.575s)
Batch 450/485, loss: 3.2747826600074768 (10.581s)
Batch 485/485, loss: 4.921386680432728 (4.929s)

-----Epoch 165/250-----
Batch 75/485, loss: 3.7487703283627827 (10.569s)
Batch 150/485, loss: 3.459280503988266 (10.559s)
Batch 225/485, loss: 3.9765821051597596 (10.598s)
Batch 300/485, loss: 3.1017664567629497 (10.581s)
Batch 375/485, loss: 3.5366189551353453 (10.592s)
Batch 450/485, loss: 3.697510042190552 (10.585s)
Batch 485/485, loss: 4.609631851741246 (4.940s)

-----Epoch 166/250-----
Batch 75/485, loss: 3.472423264980316 (10.587s)
Batch 150/485, loss: 3.2792954977353412 (10.580s)
Batch 225/485, loss: 3.166718381245931 (10.540s)
Batch 300/485, loss: 4.023822741508484 (10.538s)
Batch 375/485, loss: 3.8190098285675047 (10.560s)
Batch 450/485, loss: 4.643006908893585 (10.571s)
Batch 485/485, loss: 2.7178141934531075 (4.939s)

-----Epoch 167/250-----
Batch 75/485, loss: 3.86807869831721 (10.587s)
Batch 150/485, loss: 3.38395849386851 (10.590s)
Batch 225/485, loss: 3.6085776567459105 (10.553s)
Batch 300/485, loss: 3.4712278672059376 (10.582s)
Batch 375/485, loss: 3.9384398714701336 (10.594s)
Batch 450/485, loss: 3.506789555549622 (10.448s)
Batch 485/485, loss: 4.051396251576287 (4.782s)

-----Epoch 168/250-----
Batch 75/485, loss: 3.62983008146286 (10.243s)
Batch 150/485, loss: 3.228908643722534 (10.243s)
Batch 225/485, loss: 3.5492314024766287 (10.259s)
Batch 300/485, loss: 3.7684043033917747 (10.246s)
Batch 375/485, loss: 3.3175841975212097 (10.465s)
Batch 450/485, loss: 4.2569517310460405 (10.466s)
Batch 485/485, loss: 4.143952299867357 (4.886s)

-----Epoch 169/250-----
Batch 75/485, loss: 3.6917183208465576 (10.476s)
Batch 150/485, loss: 3.8875193123022713 (10.452s)
Batch 225/485, loss: 3.8461582843462625 (10.554s)
Batch 300/485, loss: 4.449669942855835 (10.459s)
Batch 375/485, loss: 3.016171360810598 (10.471s)
Batch 450/485, loss: 3.5142846179008482 (10.498s)
Batch 485/485, loss: 2.7235413142613 (4.874s)

-----Epoch 170/250-----
Batch 75/485, loss: 4.365794256528218 (10.603s)
Batch 150/485, loss: 3.3207316935062408 (10.458s)
Batch 225/485, loss: 3.3227161598205566 (10.496s)
Batch 300/485, loss: 3.6695971210797627 (10.376s)
Batch 375/485, loss: 3.362262907822927 (10.271s)
Batch 450/485, loss: 3.6831084497769675 (10.264s)
Batch 485/485, loss: 4.170518323353359 (4.786s)

-----Epoch 171/250-----
Batch 75/485, loss: 3.359853403568268 (10.260s)
Batch 150/485, loss: 3.634155865907669 (10.227s)
Batch 225/485, loss: 4.20499591867129 (10.228s)
Batch 300/485, loss: 3.5302156527837116 (10.227s)
Batch 375/485, loss: 4.53546572248141 (10.228s)
Batch 450/485, loss: 3.1298233127593993 (10.226s)
Batch 485/485, loss: 2.730966229098184 (4.771s)

-----Epoch 172/250-----
Batch 75/485, loss: 3.9899278020858766 (10.226s)
Batch 150/485, loss: 3.883108863035838 (10.222s)
Batch 225/485, loss: 4.316249925295512 (10.224s)
Batch 300/485, loss: 3.8773098468780516 (10.233s)
Batch 375/485, loss: 2.994155470927556 (10.223s)
Batch 450/485, loss: 2.9922725756963096 (10.222s)
Batch 485/485, loss: 3.524834098986217 (4.787s)

-----Epoch 173/250-----
Batch 75/485, loss: 4.080739936828613 (10.229s)
Batch 150/485, loss: 3.4972053869565327 (10.224s)
Batch 225/485, loss: 4.313815058072408 (10.235s)
Batch 300/485, loss: 3.1132024892171226 (10.226s)
Batch 375/485, loss: 4.0895213651657105 (10.222s)
Batch 450/485, loss: 2.895390743414561 (10.273s)
Batch 485/485, loss: 3.614427021571568 (4.802s)

-----Epoch 174/250-----
Batch 75/485, loss: 3.1871436957518258 (10.292s)
Batch 150/485, loss: 3.751176182428996 (10.283s)
Batch 225/485, loss: 3.4647900835673013 (10.253s)
Batch 300/485, loss: 3.9898317396640777 (10.254s)
Batch 375/485, loss: 3.7674831398328146 (10.257s)
Batch 450/485, loss: 3.8460630412896473 (10.250s)
Batch 485/485, loss: 3.5953007331916265 (4.782s)

-----Epoch 175/250-----
Batch 75/485, loss: 3.533401093085607 (10.253s)
Batch 150/485, loss: 3.98627699693044 (10.253s)
Batch 225/485, loss: 3.818682754834493 (10.254s)
Batch 300/485, loss: 3.636468951702118 (10.254s)
Batch 375/485, loss: 3.4517547138532003 (10.254s)
Batch 450/485, loss: 3.8073137911160786 (10.401s)
Batch 485/485, loss: 3.0744704016617366 (4.783s)

-----Epoch 176/250-----
Batch 75/485, loss: 4.060382490158081 (10.252s)
Batch 150/485, loss: 3.6632154901822407 (10.261s)
Batch 225/485, loss: 3.345603453318278 (10.278s)
Batch 300/485, loss: 3.0174879038333895 (10.280s)
Batch 375/485, loss: 3.951664702097575 (10.276s)
Batch 450/485, loss: 3.588963525692622 (10.276s)
Batch 485/485, loss: 4.40286284174238 (4.804s)

-----Epoch 177/250-----
Batch 75/485, loss: 3.9293659472465516 (10.269s)
Batch 150/485, loss: 3.5716125122706095 (10.273s)
Batch 225/485, loss: 3.7467278877894086 (10.271s)
Batch 300/485, loss: 4.077904461224874 (10.248s)
Batch 375/485, loss: 3.582566726207733 (10.246s)
Batch 450/485, loss: 3.403702206611633 (10.244s)
Batch 485/485, loss: 2.929698007447379 (4.778s)

-----Epoch 178/250-----
Batch 75/485, loss: 3.9580467112859092 (10.319s)
Batch 150/485, loss: 3.9311315472920736 (10.238s)
Batch 225/485, loss: 2.878462748527527 (10.256s)
Batch 300/485, loss: 4.317522514661153 (10.235s)
Batch 375/485, loss: 3.288812058766683 (10.237s)
Batch 450/485, loss: 4.14664298971494 (10.238s)
Batch 485/485, loss: 2.6224917735372273 (4.776s)

-----Epoch 179/250-----
Batch 75/485, loss: 2.9354567901293436 (10.234s)
Batch 150/485, loss: 3.927473795413971 (10.234s)
Batch 225/485, loss: 4.15885392109553 (10.236s)
Batch 300/485, loss: 3.476427353223165 (10.234s)
Batch 375/485, loss: 4.21703004916509 (10.236s)
Batch 450/485, loss: 2.9617656604448954 (10.234s)
Batch 485/485, loss: 4.348376836947033 (4.774s)

-----Epoch 180/250-----
Batch 75/485, loss: 3.2777645734945935 (10.236s)
Batch 150/485, loss: 3.2219257362683615 (10.238s)
Batch 225/485, loss: 4.095400704542796 (10.238s)
Batch 300/485, loss: 3.8219066111246747 (10.235s)
Batch 375/485, loss: 3.4908972426255542 (10.241s)
Batch 450/485, loss: 3.486195119222005 (10.233s)
Batch 485/485, loss: 4.988783494063786 (4.775s)

-----Epoch 181/250-----
Batch 75/485, loss: 3.4205481235186257 (10.235s)
Batch 150/485, loss: 2.9626780954996743 (10.234s)
Batch 225/485, loss: 3.6726183851559955 (10.234s)
Batch 300/485, loss: 3.421797992388407 (10.223s)
Batch 375/485, loss: 4.20960432767868 (10.354s)
Batch 450/485, loss: 3.893418397506078 (10.216s)
Batch 485/485, loss: 4.487560955115727 (4.761s)

-----Epoch 182/250-----
Batch 75/485, loss: 3.7331368867556254 (10.205s)
Batch 150/485, loss: 3.6351925118764243 (10.207s)
Batch 225/485, loss: 3.3508208004633584 (10.204s)
Batch 300/485, loss: 3.917575906117757 (10.209s)
Batch 375/485, loss: 3.7601253922780353 (10.209s)
Batch 450/485, loss: 4.208737176259358 (10.204s)
Batch 485/485, loss: 2.381950499330248 (4.763s)

-----Epoch 183/250-----
Batch 75/485, loss: 3.7294145162900287 (10.210s)
Batch 150/485, loss: 3.840760969320933 (10.219s)
Batch 225/485, loss: 3.380693205197652 (10.226s)
Batch 300/485, loss: 3.3426585602760315 (10.235s)
Batch 375/485, loss: 3.772531103293101 (10.221s)
Batch 450/485, loss: 3.62526727437973 (10.221s)
Batch 485/485, loss: 4.309787361962455 (4.767s)

-----Epoch 184/250-----
Batch 75/485, loss: 2.8470513049761452 (10.217s)
Batch 150/485, loss: 3.870655330022176 (10.238s)
Batch 225/485, loss: 3.3723655486106874 (10.243s)
Batch 300/485, loss: 3.150031554698944 (10.242s)
Batch 375/485, loss: 3.9371943259239197 (10.272s)
Batch 450/485, loss: 4.730230518579483 (10.292s)
Batch 485/485, loss: 3.775841430255345 (4.806s)

-----Epoch 185/250-----
Batch 75/485, loss: 4.136013166109721 (10.291s)
Batch 150/485, loss: 3.566000526746114 (10.284s)
Batch 225/485, loss: 3.640682838757833 (10.283s)
Batch 300/485, loss: 3.9912948616345725 (10.279s)
Batch 375/485, loss: 3.0888958676656086 (10.284s)
Batch 450/485, loss: 2.960360870361328 (10.283s)
Batch 485/485, loss: 5.037255604778017 (4.796s)

-----Epoch 186/250-----
Batch 75/485, loss: 3.781940916379293 (10.278s)
Batch 150/485, loss: 3.127733093102773 (10.280s)
Batch 225/485, loss: 4.1854015405972795 (10.283s)
Batch 300/485, loss: 3.8075304786364237 (10.288s)
Batch 375/485, loss: 3.049900947809219 (10.282s)
Batch 450/485, loss: 3.426779459317525 (10.281s)
Batch 485/485, loss: 4.90297321677208 (4.797s)

-----Epoch 187/250-----
Batch 75/485, loss: 3.443635518550873 (10.285s)
Batch 150/485, loss: 3.602149165868759 (10.282s)
Batch 225/485, loss: 3.2412092912197115 (10.286s)
Batch 300/485, loss: 3.564005195299784 (10.431s)
Batch 375/485, loss: 4.471655408541362 (10.270s)
Batch 450/485, loss: 3.063994615872701 (10.271s)
Batch 485/485, loss: 4.9202433109283445 (4.792s)

-----Epoch 188/250-----
Batch 75/485, loss: 4.430627068678538 (10.267s)
Batch 150/485, loss: 3.353773550192515 (10.266s)
Batch 225/485, loss: 3.550961519877116 (10.268s)
Batch 300/485, loss: 3.2114665365219115 (10.265s)
Batch 375/485, loss: 3.504289783636729 (10.265s)
Batch 450/485, loss: 3.7893381667137147 (10.267s)
Batch 485/485, loss: 3.9818325468472073 (4.789s)

-----Epoch 189/250-----
Batch 75/485, loss: 3.11714906334877 (10.268s)
Batch 150/485, loss: 3.29627751549085 (10.265s)
Batch 225/485, loss: 3.4966909233729044 (10.264s)
Batch 300/485, loss: 3.1120853066444396 (10.266s)
Batch 375/485, loss: 4.527932327191035 (10.264s)
Batch 450/485, loss: 4.003060895204544 (10.265s)
Batch 485/485, loss: 4.627433780261448 (4.789s)

-----Epoch 190/250-----
Batch 75/485, loss: 3.194124872684479 (10.277s)
Batch 150/485, loss: 3.8736463379859924 (10.259s)
Batch 225/485, loss: 3.2946247816085816 (10.251s)
Batch 300/485, loss: 3.891103614171346 (10.248s)
Batch 375/485, loss: 3.586337498029073 (10.221s)
Batch 450/485, loss: 4.394715751012166 (10.218s)
Batch 485/485, loss: 3.097622636386326 (4.769s)

-----Epoch 191/250-----
Batch 75/485, loss: 3.2321418722470603 (10.219s)
Batch 150/485, loss: 3.1580182329813637 (10.220s)
Batch 225/485, loss: 3.434755476315816 (10.217s)
Batch 300/485, loss: 4.035792421499888 (10.224s)
Batch 375/485, loss: 3.280504966576894 (10.231s)
Batch 450/485, loss: 5.1019607337315875 (10.232s)
Batch 485/485, loss: 3.0779857993125916 (4.774s)

-----Epoch 192/250-----
Batch 75/485, loss: 4.023093635241191 (10.241s)
Batch 150/485, loss: 3.75979119459788 (10.240s)
Batch 225/485, loss: 3.694449078241984 (10.252s)
Batch 300/485, loss: 3.79186119556427 (10.243s)
Batch 375/485, loss: 4.0590314213434855 (10.241s)
Batch 450/485, loss: 3.04476246992747 (10.243s)
Batch 485/485, loss: 2.799913888318198 (4.776s)

-----Epoch 193/250-----
Batch 75/485, loss: 2.8639074905713398 (10.239s)
Batch 150/485, loss: 4.814921669165293 (10.245s)
Batch 225/485, loss: 3.1353538473447164 (10.382s)
Batch 300/485, loss: 3.31375509818395 (10.240s)
slurmstepd: error: *** JOB 965558 ON atl1-1-03-013-3-0 CANCELLED AT 2024-11-22T20:43:29 ***
