---------------------------------------
Begin Slurm Prolog: Nov-18-2024 18:33:46
Job ID:    953098
User ID:   khom9
Account:   cse
Job name:  Train_Abstract_LSTM_CNN
Partition: coc-gpu
---------------------------------------
Using device cuda:0
/usr/local/lib/python3.10/dist-packages/torchtext/data/utils.py:105: UserWarning: Spacy model "en" could not be loaded, trying "en_core_web_sm" instead
  warnings.warn(
/home/hice1/khom9/ondemand/data/sys/myjobs/projects/default/12/dataset.py:37: UserWarning: Sparse CSR tensor support is in beta state. If you miss a functionality in the sparse tensor support, please submit a feature request to https://github.com/pytorch/pytorch/issues. (Triggered internally at /opt/pytorch/pytorch/aten/src/ATen/SparseCsrTensorImpl.cpp:53.)
  self.labels = torch.tensor(mlb.fit_transform(classes)).to_sparse_csr().type(torch.float)

-----Epoch 1-----
Batch 150/23250, loss: 1.5721766318877537 (2.802s)
Batch 300/23250, loss: 1.1993634949127834 (0.796s)
Batch 450/23250, loss: 1.396062102516492 (0.798s)
Batch 600/23250, loss: 1.4898136458794276 (0.800s)

-----Epoch 2-----
Batch 150/23250, loss: 1.0459708950916926 (0.795s)
Batch 300/23250, loss: 1.220969404578209 (0.795s)
Batch 450/23250, loss: 1.012307292819023 (0.793s)
Batch 600/23250, loss: 1.3666820222139358 (0.796s)

-----Epoch 3-----
Batch 150/23250, loss: 1.1128803771734237 (0.800s)
Batch 300/23250, loss: 0.935641167362531 (0.800s)
Batch 450/23250, loss: 1.0499100303649902 (0.800s)
Batch 600/23250, loss: 0.9358195988337199 (0.800s)

-----Epoch 4-----
Batch 150/23250, loss: 0.9074483361840248 (0.800s)
Batch 300/23250, loss: 0.7255910009145736 (0.800s)
Batch 450/23250, loss: 0.9025300248463949 (0.800s)
Batch 600/23250, loss: 1.1532462984323502 (0.794s)

-----Epoch 5-----
Batch 150/23250, loss: 0.7895859536528588 (0.799s)
Batch 300/23250, loss: 0.7611067031820615 (0.800s)
Batch 450/23250, loss: 0.8808548129598299 (0.801s)
Batch 600/23250, loss: 0.8513710700472196 (0.802s)

-----Epoch 6-----
Batch 150/23250, loss: 0.7407283393541971 (0.802s)
Batch 300/23250, loss: 0.6901203377048174 (0.802s)
Batch 450/23250, loss: 0.7497028224666913 (0.802s)
Batch 600/23250, loss: 0.6527633214990298 (0.803s)

-----Epoch 7-----
Batch 150/23250, loss: 0.6809405816594759 (0.804s)
Batch 300/23250, loss: 0.7284617839256923 (0.804s)
Batch 450/23250, loss: 0.7006451749801635 (0.804s)
Batch 600/23250, loss: 0.695265974899133 (0.804s)

-----Epoch 8-----
Batch 150/23250, loss: 0.6721114570895831 (0.804s)
Batch 300/23250, loss: 0.5406097774704297 (0.804s)
Batch 450/23250, loss: 0.6637018132209778 (0.804s)
Batch 600/23250, loss: 0.5900233156482378 (0.804s)

-----Epoch 9-----
Batch 150/23250, loss: 0.5501333484053612 (0.805s)
Batch 300/23250, loss: 0.6156543077031771 (0.805s)
Batch 450/23250, loss: 0.7027350658675035 (0.805s)
Batch 600/23250, loss: 0.5070170243581136 (0.805s)

-----Epoch 10-----
Batch 150/23250, loss: 0.7064430598914623 (0.805s)
Batch 300/23250, loss: 0.5959935666620731 (0.804s)
Batch 450/23250, loss: 0.4681714864571889 (0.805s)
Batch 600/23250, loss: 0.4287245269616445 (0.805s)

-----Epoch 11-----
Batch 150/23250, loss: 0.4985555848479271 (0.806s)
Batch 300/23250, loss: 0.5300635446608066 (0.805s)
Batch 450/23250, loss: 0.6141442057987054 (0.805s)
Batch 600/23250, loss: 0.4915699183444182 (0.808s)

-----Epoch 12-----
Batch 150/23250, loss: 0.581658652027448 (0.809s)
Batch 300/23250, loss: 0.5760460845132669 (0.805s)
Batch 450/23250, loss: 0.42521667445699374 (0.805s)
Batch 600/23250, loss: 0.40585551629463834 (0.805s)

-----Epoch 13-----
Batch 150/23250, loss: 0.3776576364040375 (0.805s)
Batch 300/23250, loss: 0.49106572156151135 (0.805s)
Batch 450/23250, loss: 0.5197817678252856 (0.805s)
Batch 600/23250, loss: 0.3581481861571471 (0.806s)

-----Epoch 14-----
Batch 150/23250, loss: 0.39302263021469114 (0.805s)
Batch 300/23250, loss: 0.3027944434185823 (0.805s)
Batch 450/23250, loss: 0.4304479692876339 (0.805s)
Batch 600/23250, loss: 0.4389872098465761 (0.805s)

-----Epoch 15-----
Batch 150/23250, loss: 0.49340204447507857 (0.807s)
Batch 300/23250, loss: 0.3954176678260167 (0.806s)
Batch 450/23250, loss: 0.40086212689677875 (0.806s)
Batch 600/23250, loss: 0.37517566959063214 (0.807s)

-----Epoch 16-----
Batch 150/23250, loss: 0.4306470526258151 (0.806s)
Batch 300/23250, loss: 0.37204767286777496 (0.806s)
Batch 450/23250, loss: 0.3917892393966516 (0.806s)
Batch 600/23250, loss: 0.37924787814418476 (0.806s)

-----Epoch 17-----
Batch 150/23250, loss: 0.4541869533061981 (0.807s)
Batch 300/23250, loss: 0.36641091041266916 (0.807s)
Batch 450/23250, loss: 0.2683512095610301 (0.807s)
Batch 600/23250, loss: 0.3360433763762315 (0.807s)

-----Epoch 18-----
Batch 150/23250, loss: 0.3319772316515446 (0.807s)
Batch 300/23250, loss: 0.38662017007668814 (0.806s)
Batch 450/23250, loss: 0.36075737824042636 (0.807s)
Batch 600/23250, loss: 0.33718487466375036 (0.807s)

-----Epoch 19-----
Batch 150/23250, loss: 0.4170049680272738 (0.808s)
Batch 300/23250, loss: 0.4057693859438101 (0.811s)
Batch 450/23250, loss: 0.24889221941431364 (0.808s)
Batch 600/23250, loss: 0.36403507336974145 (0.808s)

-----Epoch 20-----
Batch 150/23250, loss: 0.2821129830678304 (0.808s)
Batch 300/23250, loss: 0.25712538813551267 (0.808s)
Batch 450/23250, loss: 0.35466469717522464 (0.808s)
Batch 600/23250, loss: 0.36774089726308984 (0.807s)

-----Epoch 21-----
Batch 150/23250, loss: 0.36384512595832347 (0.809s)
Batch 300/23250, loss: 0.29414723701775075 (0.808s)
Batch 450/23250, loss: 0.2778860047707955 (0.808s)
Batch 600/23250, loss: 0.29605585771302384 (0.808s)

-----Epoch 22-----
Batch 150/23250, loss: 0.3398605668048064 (0.808s)
Batch 300/23250, loss: 0.2851804570108652 (0.808s)
Batch 450/23250, loss: 0.3081757936626673 (0.808s)
Batch 600/23250, loss: 0.22318248108029365 (0.807s)

-----Epoch 23-----
Batch 150/23250, loss: 0.24070793559153875 (0.809s)
Batch 300/23250, loss: 0.3082394896199306 (0.808s)
Batch 450/23250, loss: 0.3486492384970188 (0.808s)
Batch 600/23250, loss: 0.20713596120476724 (0.809s)

-----Epoch 24-----
Batch 150/23250, loss: 0.22403254739940168 (0.809s)
Batch 300/23250, loss: 0.28970455899834635 (0.809s)
Batch 450/23250, loss: 0.24176989865799745 (0.809s)
Batch 600/23250, loss: 0.288338607698679 (0.809s)

-----Epoch 25-----
Batch 150/23250, loss: 0.25444140926003456 (0.809s)
Batch 300/23250, loss: 0.21857788771390915 (0.809s)
Batch 450/23250, loss: 0.3419030674050252 (0.810s)
Batch 600/23250, loss: 0.2973134240011374 (0.810s)

-----Epoch 26-----
Batch 150/23250, loss: 0.20271581749121348 (0.809s)
Batch 300/23250, loss: 0.3625108239551385 (0.809s)
Batch 450/23250, loss: 0.27367646105587484 (0.809s)
Batch 600/23250, loss: 0.3261331402013699 (0.809s)

-----Epoch 27-----
Batch 150/23250, loss: 0.28113971908887225 (0.813s)
Batch 300/23250, loss: 0.36172337328394255 (0.810s)
Batch 450/23250, loss: 0.2418256051838398 (0.813s)
Batch 600/23250, loss: 0.27091912997265655 (0.810s)

-----Epoch 28-----
Batch 150/23250, loss: 0.3152151498446862 (0.810s)
Batch 300/23250, loss: 0.3276476824035247 (0.809s)
Batch 450/23250, loss: 0.2082013808687528 (0.810s)
Batch 600/23250, loss: 0.1996435272693634 (0.810s)

-----Epoch 29-----
Batch 150/23250, loss: 0.30706619006892044 (0.810s)
Batch 300/23250, loss: 0.19298714267710845 (0.811s)
Batch 450/23250, loss: 0.20341682349642118 (0.810s)
Batch 600/23250, loss: 0.3117382692048947 (0.811s)

-----Epoch 30-----
Batch 150/23250, loss: 0.2381068018823862 (0.811s)
Batch 300/23250, loss: 0.29622433982789514 (0.810s)
Batch 450/23250, loss: 0.18520248415569465 (0.810s)
Batch 600/23250, loss: 0.18371408698459465 (0.810s)

-----Epoch 31-----
Batch 150/23250, loss: 0.1953159469862779 (0.811s)
Batch 300/23250, loss: 0.3225900020202001 (0.810s)
Batch 450/23250, loss: 0.12689046760400136 (0.811s)
Batch 600/23250, loss: 0.29438996262848377 (0.811s)

-----Epoch 32-----
Batch 150/23250, loss: 0.2184286121527354 (0.810s)
Batch 300/23250, loss: 0.27663474579652153 (0.810s)
Batch 450/23250, loss: 0.24255078807473182 (0.811s)
Batch 600/23250, loss: 0.24183877542614937 (0.811s)

-----Epoch 33-----
Batch 150/23250, loss: 0.2536180691917737 (0.811s)
Batch 300/23250, loss: 0.1732235978047053 (0.811s)
Batch 450/23250, loss: 0.21027037469049295 (0.811s)
Batch 600/23250, loss: 0.32598685572544733 (0.811s)

-----Epoch 34-----
Batch 150/23250, loss: 0.2360519999017318 (0.811s)
Batch 300/23250, loss: 0.20940785944461823 (0.811s)
Batch 450/23250, loss: 0.25733823262155053 (0.810s)
Batch 600/23250, loss: 0.18980236813426019 (0.811s)

-----Epoch 35-----
Batch 150/23250, loss: 0.24313660142322382 (0.816s)
Batch 300/23250, loss: 0.16508089435597262 (0.811s)
Batch 450/23250, loss: 0.23170946809152762 (0.812s)
Batch 600/23250, loss: 0.2667795470108589 (0.812s)

-----Epoch 36-----
Batch 150/23250, loss: 0.20668037143846352 (0.811s)
Batch 300/23250, loss: 0.2765578988194466 (0.811s)
Batch 450/23250, loss: 0.1873861642430226 (0.811s)
Batch 600/23250, loss: 0.20093572696050008 (0.811s)

-----Epoch 37-----
Batch 150/23250, loss: 0.23109943004945913 (0.812s)
Batch 300/23250, loss: 0.1748301723351081 (0.812s)
Batch 450/23250, loss: 0.18857843303432067 (0.812s)
Batch 600/23250, loss: 0.2038454466064771 (0.812s)

-----Epoch 38-----
Batch 150/23250, loss: 0.22619479380548 (0.812s)
Batch 300/23250, loss: 0.18137443520128727 (0.812s)
Batch 450/23250, loss: 0.15655145903428397 (0.811s)
Batch 600/23250, loss: 0.2153327496598164 (0.812s)

-----Epoch 39-----
Batch 150/23250, loss: 0.17457744942357142 (0.813s)
Batch 300/23250, loss: 0.17047408603131772 (0.812s)
Batch 450/23250, loss: 0.21835070559134087 (0.812s)
Batch 600/23250, loss: 0.18868655522664388 (0.813s)

-----Epoch 40-----
Batch 150/23250, loss: 0.17624139112730822 (0.812s)
Batch 300/23250, loss: 0.20611857548356055 (0.812s)
Batch 450/23250, loss: 0.1601076535259684 (0.812s)
Batch 600/23250, loss: 0.15539139320453008 (0.812s)

-----Epoch 41-----
Batch 150/23250, loss: 0.2058875442792972 (0.813s)
Batch 300/23250, loss: 0.2277623671044906 (0.813s)
Batch 450/23250, loss: 0.15926327161490916 (0.813s)
Batch 600/23250, loss: 0.18004269947608312 (0.813s)

-----Epoch 42-----
Batch 150/23250, loss: 0.1810237905010581 (0.813s)
Batch 300/23250, loss: 0.20407682318240405 (0.813s)
Batch 450/23250, loss: 0.20544500403106214 (0.812s)
Batch 600/23250, loss: 0.1322048069164157 (0.818s)

-----Epoch 43-----
Batch 150/23250, loss: 0.20145394636938968 (0.814s)
Batch 300/23250, loss: 0.23105410839120546 (0.814s)
Batch 450/23250, loss: 0.13453712570170562 (0.813s)
Batch 600/23250, loss: 0.14308816257864237 (0.813s)

-----Epoch 44-----
Batch 150/23250, loss: 0.20339597899466752 (0.813s)
Batch 300/23250, loss: 0.19526326845089595 (0.813s)
Batch 450/23250, loss: 0.12782531465093294 (0.813s)
Batch 600/23250, loss: 0.17779515542089938 (0.813s)

-----Epoch 45-----
Batch 150/23250, loss: 0.16833212215453386 (0.814s)
Batch 300/23250, loss: 0.10509132667134205 (0.814s)
Batch 450/23250, loss: 0.1999118269359072 (0.814s)
Batch 600/23250, loss: 0.20743946287781 (0.814s)

-----Epoch 46-----
Batch 150/23250, loss: 0.14880098118136326 (0.814s)
Batch 300/23250, loss: 0.1292752855271101 (0.814s)
Batch 450/23250, loss: 0.14102676402777434 (0.814s)
Batch 600/23250, loss: 0.20845995757728816 (0.813s)

-----Epoch 47-----
Batch 150/23250, loss: 0.1723219368606806 (0.814s)
Batch 300/23250, loss: 0.13426094823827348 (0.814s)
Batch 450/23250, loss: 0.2024443270638585 (0.814s)
Batch 600/23250, loss: 0.17914467218021551 (0.814s)

-----Epoch 48-----
Batch 150/23250, loss: 0.11234909192969401 (0.814s)
Batch 300/23250, loss: 0.20052286536743244 (0.813s)
Batch 450/23250, loss: 0.12843017077694335 (0.814s)
Batch 600/23250, loss: 0.1904177983229359 (0.814s)

-----Epoch 49-----
Batch 150/23250, loss: 0.1718095624446869 (0.815s)
Batch 300/23250, loss: 0.13800077717751263 (0.815s)
Batch 450/23250, loss: 0.1518644112100204 (0.816s)
Batch 600/23250, loss: 0.1992689875761668 (0.815s)

-----Epoch 50-----
Batch 150/23250, loss: 0.1452146007741491 (0.815s)
Batch 300/23250, loss: 0.18003748053063948 (0.817s)
Batch 450/23250, loss: 0.14889485703160366 (0.815s)
Batch 600/23250, loss: 0.18186540075888236 (0.814s)

-----Epoch 51-----
Batch 150/23250, loss: 0.14690333434691033 (0.816s)
Batch 300/23250, loss: 0.15100246568520864 (0.815s)
Batch 450/23250, loss: 0.20451162370542686 (0.815s)
Batch 600/23250, loss: 0.16511136569082738 (0.815s)

-----Epoch 52-----
Batch 150/23250, loss: 0.08779440712183714 (0.815s)
Batch 300/23250, loss: 0.15778331755350034 (0.814s)
Batch 450/23250, loss: 0.2072846366216739 (0.814s)
Batch 600/23250, loss: 0.1113771886502703 (0.815s)

-----Epoch 53-----
Batch 150/23250, loss: 0.11734539218246937 (0.815s)
Batch 300/23250, loss: 0.13863086221118767 (0.815s)
Batch 450/23250, loss: 0.21072838141272465 (0.815s)
Batch 600/23250, loss: 0.15910696697731813 (0.815s)

-----Epoch 54-----
Batch 150/23250, loss: 0.11322501604755719 (0.815s)
Batch 300/23250, loss: 0.1547730590030551 (0.815s)
Batch 450/23250, loss: 0.1266300091644128 (0.815s)
Batch 600/23250, loss: 0.17217408468325932 (0.816s)

-----Epoch 55-----
Batch 150/23250, loss: 0.1709590037042896 (0.816s)
Batch 300/23250, loss: 0.149571315869689 (0.815s)
Batch 450/23250, loss: 0.1362907969703277 (0.816s)
Batch 600/23250, loss: 0.15287566440800826 (0.815s)

-----Epoch 56-----
Batch 150/23250, loss: 0.16742779821157455 (0.815s)
Batch 300/23250, loss: 0.13384156239529452 (0.815s)
Batch 450/23250, loss: 0.15436336542169252 (0.815s)
Batch 600/23250, loss: 0.08101771771907806 (0.815s)

-----Epoch 57-----
Batch 150/23250, loss: 0.17097522576649984 (0.816s)
Batch 300/23250, loss: 0.1740965690339605 (0.816s)
Batch 450/23250, loss: 0.10666522543877363 (0.819s)
Batch 600/23250, loss: 0.12416769530624151 (0.816s)

-----Epoch 58-----
Batch 150/23250, loss: 0.1379167098055283 (0.817s)
Batch 300/23250, loss: 0.1344124207397302 (0.815s)
Batch 450/23250, loss: 0.1772980395704508 (0.816s)
Batch 600/23250, loss: 0.1646504935870568 (0.816s)

-----Epoch 59-----
Batch 150/23250, loss: 0.14277663664271434 (0.817s)
Batch 300/23250, loss: 0.1432054288312793 (0.816s)
Batch 450/23250, loss: 0.13098080415278673 (0.817s)
Batch 600/23250, loss: 0.15242385341475406 (0.816s)

-----Epoch 60-----
Batch 150/23250, loss: 0.12450082140664259 (0.816s)
Batch 300/23250, loss: 0.13940849614640077 (0.816s)
Batch 450/23250, loss: 0.10982894450426102 (0.817s)
Batch 600/23250, loss: 0.17346334112187226 (0.816s)

-----Epoch 61-----
Batch 150/23250, loss: 0.12793699747572343 (0.817s)
Batch 300/23250, loss: 0.11871426256994407 (0.817s)
Batch 450/23250, loss: 0.15062626304725807 (0.817s)
Batch 600/23250, loss: 0.08348401214927435 (0.817s)

-----Epoch 62-----
Batch 150/23250, loss: 0.12790626607835293 (0.817s)
Batch 300/23250, loss: 0.1293802057703336 (0.817s)
Batch 450/23250, loss: 0.11294361224398017 (0.816s)
Batch 600/23250, loss: 0.12400996971875429 (0.816s)

-----Epoch 63-----
Batch 150/23250, loss: 0.1260678292810917 (0.818s)
Batch 300/23250, loss: 0.10899060800671577 (0.817s)
Batch 450/23250, loss: 0.11405846120168765 (0.818s)
Batch 600/23250, loss: 0.10645305233697097 (0.817s)

-----Epoch 64-----
Batch 150/23250, loss: 0.1921377523119251 (0.817s)
Batch 300/23250, loss: 0.0988662875443697 (0.816s)
Batch 450/23250, loss: 0.12861249441901842 (0.816s)
Batch 600/23250, loss: 0.14732264523704847 (0.816s)

-----Epoch 65-----
Batch 150/23250, loss: 0.11896918663134178 (0.821s)
Batch 300/23250, loss: 0.13435611791908741 (0.817s)
Batch 450/23250, loss: 0.10641412178675334 (0.819s)
Batch 600/23250, loss: 0.11778240099549293 (0.817s)

-----Epoch 66-----
Batch 150/23250, loss: 0.11457347338398298 (0.817s)
Batch 300/23250, loss: 0.11076027244950334 (0.817s)
Batch 450/23250, loss: 0.11853641244893273 (0.817s)
Batch 600/23250, loss: 0.13092701103538273 (0.817s)

-----Epoch 67-----
Batch 150/23250, loss: 0.11465466627230247 (0.818s)
Batch 300/23250, loss: 0.10854134354740382 (0.818s)
Batch 450/23250, loss: 0.0942287636299928 (0.822s)
Batch 600/23250, loss: 0.14160899359732868 (0.816s)

-----Epoch 68-----
Batch 150/23250, loss: 0.1005109571913878 (0.816s)
Batch 300/23250, loss: 0.10781799957156181 (0.815s)
Batch 450/23250, loss: 0.1612452265806496 (0.815s)
Batch 600/23250, loss: 0.07943101887901624 (0.815s)

-----Epoch 69-----
Batch 150/23250, loss: 0.1310077152773738 (0.816s)
Batch 300/23250, loss: 0.11592455980057517 (0.816s)
Batch 450/23250, loss: 0.12997493509824076 (0.815s)
Batch 600/23250, loss: 0.10987868176773191 (0.816s)

-----Epoch 70-----
Batch 150/23250, loss: 0.08734208375836412 (0.815s)
Batch 300/23250, loss: 0.12599023814002672 (0.815s)
Batch 450/23250, loss: 0.10314582379534841 (0.815s)
Batch 600/23250, loss: 0.11016017197320858 (0.816s)

-----Epoch 71-----
Batch 150/23250, loss: 0.12500819583733877 (0.816s)
Batch 300/23250, loss: 0.23325386912872395 (0.816s)
Batch 450/23250, loss: 0.23507128246128559 (0.816s)
Batch 600/23250, loss: 0.1472353567679723 (0.816s)

-----Epoch 72-----
Batch 150/23250, loss: 0.14398725615193447 (0.816s)
Batch 300/23250, loss: 0.10328493428726991 (0.816s)
Batch 450/23250, loss: 0.14548204199721415 (0.815s)
Batch 600/23250, loss: 0.1395084807400902 (0.820s)

-----Epoch 73-----
Batch 150/23250, loss: 0.12404038310050965 (0.821s)
Batch 300/23250, loss: 0.08699560333043337 (0.815s)
Batch 450/23250, loss: 0.12850018492589393 (0.815s)
Batch 600/23250, loss: 0.14852256316691637 (0.815s)

-----Epoch 74-----
Batch 150/23250, loss: 0.08644588576008876 (0.815s)
Batch 300/23250, loss: 0.12061543123175701 (0.814s)
Batch 450/23250, loss: 0.1442027905335029 (0.815s)
Batch 600/23250, loss: 0.10127579227089882 (0.814s)

-----Epoch 75-----
Batch 150/23250, loss: 0.1170751533160607 (0.815s)
Batch 300/23250, loss: 0.11273428903271755 (0.816s)
Batch 450/23250, loss: 0.11266018370787302 (0.814s)
Batch 600/23250, loss: 0.07563181752959887 (0.814s)

-----Epoch 76-----
Batch 150/23250, loss: 0.09730513413747152 (0.815s)
Batch 300/23250, loss: 0.07440545265873273 (0.815s)
Batch 450/23250, loss: 0.11615177035952608 (0.814s)
Batch 600/23250, loss: 0.12321049725015958 (0.814s)

-----Epoch 77-----
Batch 150/23250, loss: 0.09921910391499598 (0.815s)
Batch 300/23250, loss: 0.09684423845261335 (0.816s)
Batch 450/23250, loss: 0.0934359963859121 (0.815s)
Batch 600/23250, loss: 0.12770622187604508 (0.815s)

-----Epoch 78-----
Batch 150/23250, loss: 0.1037018989212811 (0.813s)
Batch 300/23250, loss: 0.09262577805047234 (0.813s)
Batch 450/23250, loss: 0.11426660583044092 (0.813s)
Batch 600/23250, loss: 0.08920716961845755 (0.813s)

-----Epoch 79-----
Batch 150/23250, loss: 0.1003700911315779 (0.814s)
Batch 300/23250, loss: 0.13004700388759374 (0.813s)
Batch 450/23250, loss: 0.11856244398901859 (0.813s)
Batch 600/23250, loss: 0.08641954728091757 (0.814s)

-----Epoch 80-----
Batch 150/23250, loss: 0.09821772649884224 (0.814s)
Batch 300/23250, loss: 0.26481499165296557 (0.816s)
Batch 450/23250, loss: 0.20485062343378863 (0.813s)
Batch 600/23250, loss: 0.12913698016355435 (0.813s)

-----Epoch 81-----
Batch 150/23250, loss: 0.11209141867856184 (0.813s)
Batch 300/23250, loss: 0.18785216641922792 (0.813s)
Batch 450/23250, loss: 0.13005812626332044 (0.813s)
Batch 600/23250, loss: 0.1234149436528484 (0.813s)

-----Epoch 82-----
Batch 150/23250, loss: 0.08849876118203004 (0.812s)
Batch 300/23250, loss: 0.12466439957420031 (0.812s)
Batch 450/23250, loss: 0.09160524581869443 (0.813s)
Batch 600/23250, loss: 0.09175231794516246 (0.813s)

-----Epoch 83-----
Batch 150/23250, loss: 0.12835528131574392 (0.814s)
Batch 300/23250, loss: 0.11438332758843898 (0.813s)
Batch 450/23250, loss: 0.10152169320732356 (0.813s)
Batch 600/23250, loss: 0.07116549619163076 (0.813s)

-----Epoch 84-----
Batch 150/23250, loss: 0.10165196518103281 (0.813s)
Batch 300/23250, loss: 0.09498145749792457 (0.813s)
Batch 450/23250, loss: 0.08235531613851586 (0.812s)
Batch 600/23250, loss: 0.12422878567129374 (0.812s)

-----Epoch 85-----
Batch 150/23250, loss: 0.1188413745785753 (0.814s)
Batch 300/23250, loss: 0.09669635139405727 (0.814s)
Batch 450/23250, loss: 0.06462602037936449 (0.814s)
Batch 600/23250, loss: 0.10137309088682135 (0.815s)

-----Epoch 86-----
Batch 150/23250, loss: 0.10025453998396794 (0.812s)
Batch 300/23250, loss: 0.10400968417525291 (0.811s)
Batch 450/23250, loss: 0.09966072011739016 (0.812s)
Batch 600/23250, loss: 0.09104713272303343 (0.811s)

-----Epoch 87-----
Batch 150/23250, loss: 0.0777065943988661 (0.812s)
Batch 300/23250, loss: 0.09181970500697692 (0.812s)
Batch 450/23250, loss: 0.10290859396879871 (0.813s)
Batch 600/23250, loss: 0.09574691308041414 (0.813s)

-----Epoch 88-----
Batch 150/23250, loss: 0.0773687137911717 (0.812s)
Batch 300/23250, loss: 0.0696846535988152 (0.819s)
Batch 450/23250, loss: 0.1177375299235185 (0.812s)
Batch 600/23250, loss: 0.08280099995434284 (0.812s)

-----Epoch 89-----
Batch 150/23250, loss: 0.09940069823215406 (0.812s)
Batch 300/23250, loss: 0.10744491344317794 (0.812s)
Batch 450/23250, loss: 0.08783519227678577 (0.812s)
Batch 600/23250, loss: 0.08724004345635573 (0.812s)

-----Epoch 90-----
Batch 150/23250, loss: 0.09063426456103722 (0.811s)
Batch 300/23250, loss: 0.08435698551436266 (0.812s)
Batch 450/23250, loss: 0.11456903178865711 (0.812s)
Batch 600/23250, loss: 0.08566461026668548 (0.812s)

-----Epoch 91-----
Batch 150/23250, loss: 0.08713633111367623 (0.812s)
Batch 300/23250, loss: 0.08670721314226587 (0.811s)
Batch 450/23250, loss: 0.07249229099601508 (0.812s)
Batch 600/23250, loss: 0.11961920376246174 (0.812s)

-----Epoch 92-----
Batch 150/23250, loss: 0.08868381895124912 (0.811s)
Batch 300/23250, loss: 0.10788354714090626 (0.811s)
Batch 450/23250, loss: 0.09667658062030872 (0.811s)
Batch 600/23250, loss: 0.08200467391560474 (0.810s)

-----Epoch 93-----
Batch 150/23250, loss: 0.14527726567660768 (0.812s)
Batch 300/23250, loss: 0.07667543416842819 (0.812s)
Batch 450/23250, loss: 0.08480045399318138 (0.812s)
Batch 600/23250, loss: 0.07694520894438028 (0.812s)

-----Epoch 94-----
Batch 150/23250, loss: 0.0959934322660168 (0.812s)
Batch 300/23250, loss: 0.08694500246395667 (0.812s)
Batch 450/23250, loss: 0.10473015556732813 (0.812s)
Batch 600/23250, loss: 0.09689315636952718 (0.812s)

-----Epoch 95-----
Batch 150/23250, loss: 0.15622758383552232 (0.813s)
Batch 300/23250, loss: 0.08989881775031487 (0.812s)
Batch 450/23250, loss: 0.09596655594805877 (0.812s)
Batch 600/23250, loss: 0.11117957901209592 (0.812s)

-----Epoch 96-----
Batch 150/23250, loss: 0.08899027188618978 (0.815s)
Batch 300/23250, loss: 0.09713680041333039 (0.811s)
Batch 450/23250, loss: 0.08315414538607001 (0.812s)
Batch 600/23250, loss: 0.10234769054998955 (0.812s)

-----Epoch 97-----
Batch 150/23250, loss: 0.08112492258350054 (0.812s)
Batch 300/23250, loss: 0.15733846441532176 (0.812s)
Batch 450/23250, loss: 0.12868374546368916 (0.812s)
Batch 600/23250, loss: 0.09881100852042436 (0.812s)

-----Epoch 98-----
Batch 150/23250, loss: 0.09621177177876233 (0.812s)
Batch 300/23250, loss: 0.09222473282366991 (0.812s)
Batch 450/23250, loss: 0.08855429865419864 (0.811s)
Batch 600/23250, loss: 0.10842167077586055 (0.814s)

-----Epoch 99-----
Batch 150/23250, loss: 0.11941847680136561 (0.813s)
Batch 300/23250, loss: 0.07681464862078428 (0.812s)
Batch 450/23250, loss: 0.08068837319811185 (0.812s)
Batch 600/23250, loss: 0.07713357348615925 (0.813s)

-----Epoch 100-----
Batch 150/23250, loss: 0.06745288157835602 (0.812s)
Batch 300/23250, loss: 0.09623256438722214 (0.812s)
Batch 450/23250, loss: 0.09458700083196163 (0.812s)
Batch 600/23250, loss: 0.10148450750857592 (0.812s)

-----Epoch 101-----
Batch 150/23250, loss: 0.05599158983056744 (0.812s)
Batch 300/23250, loss: 0.09991045345241825 (0.816s)
Batch 450/23250, loss: 0.11316714651882648 (0.811s)
Batch 600/23250, loss: 0.07399366145953536 (0.811s)

-----Epoch 102-----
Batch 150/23250, loss: 0.08469745552788178 (0.811s)
Batch 300/23250, loss: 0.07397986750428875 (0.810s)
Batch 450/23250, loss: 0.11426222710559765 (0.810s)
Batch 600/23250, loss: 0.08156395218024651 (0.811s)

-----Epoch 103-----
Batch 150/23250, loss: 0.07502826878180106 (0.814s)
Batch 300/23250, loss: 0.09526645209019383 (0.811s)
Batch 450/23250, loss: 0.08863370912149549 (0.816s)
Batch 600/23250, loss: 0.07753463799754778 (0.812s)

-----Epoch 104-----
Batch 150/23250, loss: 0.06355665869389972 (0.811s)
Batch 300/23250, loss: 0.10946642713000378 (0.810s)
Batch 450/23250, loss: 0.07897646291802327 (0.810s)
Batch 600/23250, loss: 0.08187617429842552 (0.810s)

-----Epoch 105-----
Batch 150/23250, loss: 0.0751946077371637 (0.811s)
Batch 300/23250, loss: 0.09292714091017842 (0.811s)
Batch 450/23250, loss: 0.09590980259080728 (0.811s)
Batch 600/23250, loss: 0.08365117042635878 (0.810s)

-----Epoch 106-----
Batch 150/23250, loss: 0.08652629711975654 (0.810s)
Batch 300/23250, loss: 0.0981036770157516 (0.810s)
Batch 450/23250, loss: 0.0872378537679712 (0.810s)
Batch 600/23250, loss: 0.08882136968895793 (0.810s)

-----Epoch 107-----
Batch 150/23250, loss: 0.08725765452409784 (0.811s)
Batch 300/23250, loss: 0.09544093324492375 (0.811s)
Batch 450/23250, loss: 0.0955204254326721 (0.811s)
Batch 600/23250, loss: 0.08461628982797265 (0.811s)

-----Epoch 108-----
Batch 150/23250, loss: 0.07498430179432035 (0.812s)
Batch 300/23250, loss: 0.12107444681848088 (0.810s)
Batch 450/23250, loss: 0.11105112604796886 (0.811s)
Batch 600/23250, loss: 0.09013833803435167 (0.811s)

-----Epoch 109-----
Batch 150/23250, loss: 0.10319447363416354 (0.812s)
Batch 300/23250, loss: 0.07863659895335634 (0.812s)
Batch 450/23250, loss: 0.10278161671633522 (0.812s)
Batch 600/23250, loss: 0.06767914201443394 (0.812s)

-----Epoch 110-----
Batch 150/23250, loss: 0.08097244587416451 (0.812s)
Batch 300/23250, loss: 0.07806518291433652 (0.811s)
Batch 450/23250, loss: 0.08809500714143118 (0.811s)
Batch 600/23250, loss: 0.06016443120936553 (0.813s)

-----Epoch 111-----
Batch 150/23250, loss: 0.09906710152203838 (0.812s)
Batch 300/23250, loss: 0.096091939813147 (0.816s)
Batch 450/23250, loss: 0.057647124001135426 (0.812s)
Batch 600/23250, loss: 0.0800079241146644 (0.812s)

-----Epoch 112-----
Batch 150/23250, loss: 0.08408679536854227 (0.812s)
Batch 300/23250, loss: 0.09118252508342266 (0.812s)
Batch 450/23250, loss: 0.08564283241828283 (0.812s)
Batch 600/23250, loss: 0.09421744115650654 (0.811s)

-----Epoch 113-----
Batch 150/23250, loss: 0.11032905812064807 (0.813s)
Batch 300/23250, loss: 0.08107979796205958 (0.812s)
Batch 450/23250, loss: 0.05658454849695166 (0.812s)
Batch 600/23250, loss: 0.0855440101151665 (0.812s)

-----Epoch 114-----
Batch 150/23250, loss: 0.08202136074503263 (0.812s)
Batch 300/23250, loss: 0.0688455183741947 (0.812s)
Batch 450/23250, loss: 0.08174282481273015 (0.812s)
Batch 600/23250, loss: 0.08195214422419667 (0.812s)

-----Epoch 115-----
Batch 150/23250, loss: 0.06442504229024053 (0.814s)
Batch 300/23250, loss: 0.1083769280773898 (0.813s)
Batch 450/23250, loss: 0.0709994854281346 (0.812s)
Batch 600/23250, loss: 0.06918384072060386 (0.813s)

-----Epoch 116-----
Batch 150/23250, loss: 0.06708495844776431 (0.812s)
Batch 300/23250, loss: 0.07255100863054395 (0.812s)
Batch 450/23250, loss: 0.07866764754677812 (0.812s)
Batch 600/23250, loss: 0.08205307381848494 (0.812s)

-----Epoch 117-----
Batch 150/23250, loss: 0.06064253503456712 (0.812s)
Batch 300/23250, loss: 0.07153486394012967 (0.811s)
Batch 450/23250, loss: 0.06692042944952846 (0.811s)
Batch 600/23250, loss: 0.09218082882463932 (0.811s)

-----Epoch 118-----
Batch 150/23250, loss: 0.05649409587184588 (0.810s)
Batch 300/23250, loss: 0.0847690039811035 (0.811s)
Batch 450/23250, loss: 0.08373646679644783 (0.810s)
Batch 600/23250, loss: 0.06996601440633336 (0.810s)

-----Epoch 119-----
Batch 150/23250, loss: 0.09569026877482732 (0.811s)
Batch 300/23250, loss: 0.09903742218390107 (0.811s)
Batch 450/23250, loss: 0.0908048271201551 (0.873s)
Batch 600/23250, loss: 0.11285782153407732 (0.952s)

-----Epoch 120-----
Batch 150/23250, loss: 0.07415975381930669 (0.952s)
Batch 300/23250, loss: 0.08969209947933754 (0.951s)
Batch 450/23250, loss: 0.1239491951217254 (0.951s)
Batch 600/23250, loss: 0.09284956011921168 (0.951s)

-----Epoch 121-----
Batch 150/23250, loss: 0.07485909940674901 (0.953s)
Batch 300/23250, loss: 0.09668286334102352 (0.952s)
Batch 450/23250, loss: 0.09412217263753216 (0.952s)
Batch 600/23250, loss: 0.0790142119800051 (0.954s)

-----Epoch 122-----
Batch 150/23250, loss: 0.07340700245151917 (0.952s)
Batch 300/23250, loss: 0.06577381454408168 (0.956s)
Batch 450/23250, loss: 0.06518552128846447 (0.951s)
Batch 600/23250, loss: 0.09635225721945365 (0.951s)

-----Epoch 123-----
Batch 150/23250, loss: 0.08036226893464725 (0.952s)
Batch 300/23250, loss: 0.08111407338952024 (0.952s)
Batch 450/23250, loss: 0.07329280460874239 (0.952s)
Batch 600/23250, loss: 0.0680046025911967 (0.952s)

-----Epoch 124-----
Batch 150/23250, loss: 0.07375065457075834 (0.952s)
Batch 300/23250, loss: 0.09106045411278804 (0.951s)
Batch 450/23250, loss: 0.07522626874968409 (0.952s)
Batch 600/23250, loss: 0.06884754482035836 (0.952s)

-----Epoch 125-----
Batch 150/23250, loss: 0.07450321451450388 (0.952s)
Batch 300/23250, loss: 0.0693968351619939 (0.952s)
Batch 450/23250, loss: 0.09948585660507282 (0.957s)
Batch 600/23250, loss: 0.08744080081582069 (0.952s)

-----Epoch 126-----
Batch 150/23250, loss: 0.08328992991397778 (0.952s)
Batch 300/23250, loss: 0.0783880040049553 (0.952s)
Batch 450/23250, loss: 0.5119267558058103 (0.957s)
Batch 600/23250, loss: 0.10269940291841825 (0.952s)

-----Epoch 127-----
Batch 150/23250, loss: 0.09074264234552781 (0.952s)
Batch 300/23250, loss: 0.060756944939494135 (0.951s)
Batch 450/23250, loss: 0.09280619312698643 (0.953s)
Batch 600/23250, loss: 0.0824283427124222 (0.953s)

-----Epoch 128-----
Batch 150/23250, loss: 0.06854524881268541 (0.952s)
Batch 300/23250, loss: 0.07696695592875281 (0.951s)
Batch 450/23250, loss: 0.07104237496852875 (0.951s)
Batch 600/23250, loss: 0.07339707138637702 (0.952s)

-----Epoch 129-----
Batch 150/23250, loss: 0.06810414049774409 (0.953s)
Batch 300/23250, loss: 0.0844222031099101 (0.952s)
Batch 450/23250, loss: 0.0805061577508847 (0.954s)
Batch 600/23250, loss: 0.06635376987978817 (0.953s)

-----Epoch 130-----
Batch 150/23250, loss: 0.07151634234935045 (0.952s)
Batch 300/23250, loss: 0.06668265415045123 (0.952s)
Batch 450/23250, loss: 0.06175202624561886 (0.952s)
Batch 600/23250, loss: 0.07392397950713833 (0.952s)

-----Epoch 131-----
Batch 150/23250, loss: 0.06102897704268495 (0.954s)
Batch 300/23250, loss: 0.0845316796998183 (0.953s)
Batch 450/23250, loss: 0.07545712551102042 (0.955s)
Batch 600/23250, loss: 0.06459388001511494 (0.953s)

-----Epoch 132-----
Batch 150/23250, loss: 0.06971058225259184 (0.953s)
Batch 300/23250, loss: 0.0660883265423278 (0.953s)
Batch 450/23250, loss: 0.0794243520249923 (0.953s)
Batch 600/23250, loss: 0.09352033816898862 (0.953s)

-----Epoch 133-----
Batch 150/23250, loss: 0.0704110817797482 (0.953s)
Batch 300/23250, loss: 0.07503767628222704 (0.953s)
Batch 450/23250, loss: 0.08632048921038707 (0.952s)
Batch 600/23250, loss: 0.06225318051253756 (0.953s)

-----Epoch 134-----
Batch 150/23250, loss: 0.062123256095995505 (0.953s)
Batch 300/23250, loss: 0.09501911907146375 (0.952s)
Batch 450/23250, loss: 0.07924775634581845 (0.952s)
Batch 600/23250, loss: 0.08052947857106725 (0.952s)

-----Epoch 135-----
Batch 150/23250, loss: 0.08844950417677562 (0.952s)
Batch 300/23250, loss: 0.08741059922923644 (0.952s)
Batch 450/23250, loss: 0.06413836094240348 (0.952s)
Batch 600/23250, loss: 0.09018567404399315 (0.952s)

-----Epoch 136-----
Batch 150/23250, loss: 0.07777253381287058 (0.952s)
Batch 300/23250, loss: 0.06835706839337945 (0.952s)
Batch 450/23250, loss: 0.07991143663724264 (0.952s)
Batch 600/23250, loss: 0.08177383593594034 (0.952s)

-----Epoch 137-----
Batch 150/23250, loss: 0.07741822201137741 (0.952s)
Batch 300/23250, loss: 0.06518022306884329 (0.953s)
Batch 450/23250, loss: 0.06523046642541885 (0.952s)
Batch 600/23250, loss: 0.07483987743034959 (0.953s)

-----Epoch 138-----
Batch 150/23250, loss: 0.07781630319232742 (0.952s)
Batch 300/23250, loss: 0.07243139076357087 (0.952s)
Batch 450/23250, loss: 0.06034904591739178 (0.957s)
Batch 600/23250, loss: 0.07051470576475063 (0.952s)

-----Epoch 139-----
Batch 150/23250, loss: 0.06663057725255687 (0.954s)
Batch 300/23250, loss: 0.0637531335838139 (0.953s)
Batch 450/23250, loss: 0.07219340733252466 (0.953s)
Batch 600/23250, loss: 0.08338655306647222 (0.953s)

-----Epoch 140-----
Batch 150/23250, loss: 0.09743310160314043 (0.953s)
Batch 300/23250, loss: 0.08616904898857077 (0.952s)
Batch 450/23250, loss: 0.08471098442251483 (0.952s)
Batch 600/23250, loss: 0.0811358444392681 (0.952s)

-----Epoch 141-----
Batch 150/23250, loss: 0.23069220080971717 (0.953s)
Batch 300/23250, loss: 0.1445073325932026 (0.953s)
Batch 450/23250, loss: 0.12720950558781624 (0.953s)
Batch 600/23250, loss: 0.10678454872220755 (0.954s)

-----Epoch 142-----
Batch 150/23250, loss: 0.07571471638977528 (0.952s)
Batch 300/23250, loss: 0.15825835530956586 (0.952s)
Batch 450/23250, loss: 0.08701112344861031 (0.952s)
Batch 600/23250, loss: 0.09482669516156117 (0.952s)

-----Epoch 143-----
Batch 150/23250, loss: 0.10527465045452118 (0.954s)
Batch 300/23250, loss: 0.06840748475864529 (0.954s)
Batch 450/23250, loss: 0.07843548933664958 (0.954s)
Batch 600/23250, loss: 0.06927480676521858 (0.953s)

-----Epoch 144-----
Batch 150/23250, loss: 0.07210428515449166 (0.953s)
Batch 300/23250, loss: 0.07101311102509499 (0.952s)
Batch 450/23250, loss: 0.07234989303474625 (0.955s)
Batch 600/23250, loss: 0.05795426594714324 (0.952s)

-----Epoch 145-----
Batch 150/23250, loss: 0.07432728509729107 (0.954s)
Batch 300/23250, loss: 0.05825604584688942 (0.954s)
Batch 450/23250, loss: 0.07131455798322955 (0.954s)
Batch 600/23250, loss: 0.06016056990871827 (0.954s)

-----Epoch 146-----
Batch 150/23250, loss: 0.06821815827550988 (0.959s)
Batch 300/23250, loss: 0.060850543305277824 (0.951s)
Batch 450/23250, loss: 0.05907320220644275 (0.951s)
Batch 600/23250, loss: 0.07199069223677118 (0.951s)

-----Epoch 147-----
Batch 150/23250, loss: 0.0727937442685167 (0.953s)
Batch 300/23250, loss: 0.06476901189734538 (0.952s)
Batch 450/23250, loss: 0.06714685614531239 (0.952s)
Batch 600/23250, loss: 0.07182661232228081 (0.952s)

-----Epoch 148-----
Batch 150/23250, loss: 0.06729726888549825 (0.951s)
Batch 300/23250, loss: 0.06950898652896285 (0.954s)
Batch 450/23250, loss: 0.05925762795532743 (0.951s)
Batch 600/23250, loss: 0.07176286324858666 (0.951s)

-----Epoch 149-----
Batch 150/23250, loss: 0.06189148153488835 (0.953s)
Batch 300/23250, loss: 0.06076092143853506 (0.952s)
Batch 450/23250, loss: 0.07743809067333739 (0.952s)
Batch 600/23250, loss: 0.07244117581595977 (0.952s)

-----Epoch 150-----
Batch 150/23250, loss: 0.07347943397859732 (0.951s)
Batch 300/23250, loss: 0.07160891876245538 (0.952s)
Batch 450/23250, loss: 0.0660940009728074 (0.953s)
Batch 600/23250, loss: 0.079161372029533 (0.950s)

-----Epoch 151-----
Batch 150/23250, loss: 0.05883441127836704 (0.960s)
Batch 300/23250, loss: 0.0676765996341904 (0.951s)
Batch 450/23250, loss: 0.13925143800054987 (0.952s)
Batch 600/23250, loss: 0.11617047473788261 (0.952s)

-----Epoch 152-----
Batch 150/23250, loss: 0.0678729304485023 (0.951s)
Batch 300/23250, loss: 0.08087493099272251 (0.950s)
Batch 450/23250, loss: 0.08528902192289631 (0.951s)
Batch 600/23250, loss: 0.08778845490887761 (0.954s)

-----Epoch 153-----
Batch 150/23250, loss: 0.0673492741274337 (0.949s)
Batch 300/23250, loss: 0.07128161856904626 (0.950s)
Batch 450/23250, loss: 0.0593936916316549 (0.949s)
Batch 600/23250, loss: 0.07984009113783638 (0.949s)

-----Epoch 154-----
Batch 150/23250, loss: 0.06130428198724985 (0.949s)
Batch 300/23250, loss: 0.04850490418573221 (0.949s)
Batch 450/23250, loss: 0.0863140947682162 (0.949s)
Batch 600/23250, loss: 0.0698339618369937 (0.948s)

-----Epoch 155-----
Batch 150/23250, loss: 0.07259578863779703 (0.950s)
Batch 300/23250, loss: 0.07248538031553228 (0.950s)
Batch 450/23250, loss: 0.07271279410769542 (0.950s)
Batch 600/23250, loss: 0.06197027924781044 (0.949s)

-----Epoch 156-----
Batch 150/23250, loss: 0.0690704835082094 (0.950s)
Batch 300/23250, loss: 0.07581112572923303 (0.948s)
Batch 450/23250, loss: 0.06325663911178708 (0.954s)
Batch 600/23250, loss: 0.0566108808790644 (0.949s)

-----Epoch 157-----
Batch 150/23250, loss: 0.06178537755583723 (0.950s)
Batch 300/23250, loss: 0.07096688630059361 (0.950s)
Batch 450/23250, loss: 0.07271619434778889 (0.950s)
Batch 600/23250, loss: 0.07588931621983647 (0.950s)

-----Epoch 158-----
Batch 150/23250, loss: 0.06646416056280335 (0.950s)
Batch 300/23250, loss: 0.07120270073103407 (0.950s)
Batch 450/23250, loss: 0.07018872588252027 (0.949s)
Batch 600/23250, loss: 0.07015424480040867 (0.954s)

-----Epoch 159-----
Batch 150/23250, loss: 0.06498819676538309 (0.951s)
Batch 300/23250, loss: 0.051445022628953056 (0.951s)
Batch 450/23250, loss: 0.08154574653754632 (0.855s)
Batch 600/23250, loss: 0.05964017917091648 (0.806s)

-----Epoch 160-----
Batch 150/23250, loss: 0.06642844420857727 (0.805s)
Batch 300/23250, loss: 0.05933441143482923 (0.806s)
Batch 450/23250, loss: 0.07164582292238872 (0.806s)
Batch 600/23250, loss: 0.061993746695419155 (0.805s)

-----Epoch 161-----
Batch 150/23250, loss: 0.05862563379108906 (0.806s)
Batch 300/23250, loss: 0.055772166394939024 (0.806s)
Batch 450/23250, loss: 0.05608037038085361 (0.806s)
Batch 600/23250, loss: 0.09737425631533067 (0.805s)

-----Epoch 162-----
Batch 150/23250, loss: 0.06804567892104388 (0.808s)
Batch 300/23250, loss: 0.07714660378793875 (0.806s)
Batch 450/23250, loss: 0.06741482210035125 (0.805s)
Batch 600/23250, loss: 0.06954065311079224 (0.806s)

-----Epoch 163-----
Batch 150/23250, loss: 0.07601331972206632 (0.807s)
Batch 300/23250, loss: 0.07990827656661471 (0.806s)
Batch 450/23250, loss: 0.07086565330003698 (0.806s)
Batch 600/23250, loss: 0.08090318618963162 (0.806s)

-----Epoch 164-----
Batch 150/23250, loss: 0.06488357699165742 (0.807s)
Batch 300/23250, loss: 0.07055723709985613 (0.806s)
Batch 450/23250, loss: 0.07548796078811089 (0.807s)
Batch 600/23250, loss: 0.09190320836380124 (0.811s)

-----Epoch 165-----
Batch 150/23250, loss: 0.0623836788845559 (0.807s)
Batch 300/23250, loss: 0.07951330262546738 (0.811s)
Batch 450/23250, loss: 0.06706487482413649 (0.806s)
Batch 600/23250, loss: 0.07102312348783016 (0.805s)

-----Epoch 166-----
Batch 150/23250, loss: 0.06397880515704553 (0.805s)
Batch 300/23250, loss: 0.06098288323419789 (0.805s)
Batch 450/23250, loss: 0.07192347072685758 (0.805s)
Batch 600/23250, loss: 0.05307828884571791 (0.805s)

-----Epoch 167-----
Batch 150/23250, loss: 0.06844395850785076 (0.806s)
Batch 300/23250, loss: 0.057611862374469636 (0.808s)
Batch 450/23250, loss: 0.060911015877500176 (0.806s)
Batch 600/23250, loss: 0.06005302019417286 (0.806s)

-----Epoch 168-----
Batch 150/23250, loss: 0.06076464217466613 (0.805s)
Batch 300/23250, loss: 0.06375293017054598 (0.805s)
Batch 450/23250, loss: 0.20754799999917548 (0.805s)
Batch 600/23250, loss: 0.1298797774811586 (0.805s)

-----Epoch 169-----
Batch 150/23250, loss: 0.0919251845528682 (0.807s)
Batch 300/23250, loss: 0.08437164599696795 (0.806s)
Batch 450/23250, loss: 0.08963528667887052 (0.806s)
Batch 600/23250, loss: 0.08085346642881631 (0.806s)

-----Epoch 170-----
Batch 150/23250, loss: 0.06600674302006761 (0.805s)
Batch 300/23250, loss: 0.06957871447006861 (0.805s)
Batch 450/23250, loss: 0.07665255311876536 (0.805s)
Batch 600/23250, loss: 0.06680252308025957 (0.805s)

-----Epoch 171-----
Batch 150/23250, loss: 0.06389627426241835 (0.806s)
Batch 300/23250, loss: 0.06893222913766901 (0.805s)
Batch 450/23250, loss: 0.07328310554847121 (0.806s)
Batch 600/23250, loss: 0.06432443216443062 (0.805s)

-----Epoch 172-----
Batch 150/23250, loss: 0.11549129340797663 (0.804s)
Batch 300/23250, loss: 0.07891098856925964 (0.804s)
Batch 450/23250, loss: 0.06997683407117923 (0.806s)
Batch 600/23250, loss: 0.06714900073284905 (0.804s)

-----Epoch 173-----
Batch 150/23250, loss: 0.06413693710540731 (0.809s)
Batch 300/23250, loss: 0.06875083833311994 (0.804s)
Batch 450/23250, loss: 0.059952314328402284 (0.804s)
Batch 600/23250, loss: 0.07541338409607609 (0.804s)

-----Epoch 174-----
Batch 150/23250, loss: 0.05730888762200872 (0.804s)
Batch 300/23250, loss: 0.0633968474312375 (0.804s)
Batch 450/23250, loss: 0.07131461273257932 (0.803s)
Batch 600/23250, loss: 0.0634691022709012 (0.804s)

-----Epoch 175-----
Batch 150/23250, loss: 0.056760784421736994 (0.805s)
Batch 300/23250, loss: 0.06711005069315433 (0.805s)
Batch 450/23250, loss: 0.06918333270276586 (0.805s)
Batch 600/23250, loss: 0.07852933956931035 (0.805s)

-----Epoch 176-----
Batch 150/23250, loss: 0.058312436183914546 (0.805s)
Batch 300/23250, loss: 0.06818693213785688 (0.805s)
Batch 450/23250, loss: 0.06637089321389794 (0.804s)
Batch 600/23250, loss: 0.06982781331365308 (0.805s)

-----Epoch 177-----
Batch 150/23250, loss: 0.05223058622330427 (0.806s)
Batch 300/23250, loss: 0.06510106617584825 (0.806s)
Batch 450/23250, loss: 0.06313016652440032 (0.806s)
Batch 600/23250, loss: 0.06815159225836397 (0.805s)

-----Epoch 178-----
Batch 150/23250, loss: 0.06346160949518283 (0.805s)
Batch 300/23250, loss: 0.05390995007008314 (0.805s)
Batch 450/23250, loss: 0.07872943136841058 (0.805s)
Batch 600/23250, loss: 0.07884789763018489 (0.805s)

-----Epoch 179-----
Batch 150/23250, loss: 0.06859632767736912 (0.806s)
Batch 300/23250, loss: 0.06272368895510833 (0.805s)
Batch 450/23250, loss: 0.07056441298375526 (0.806s)
Batch 600/23250, loss: 0.06663628647103906 (0.806s)

-----Epoch 180-----
Batch 150/23250, loss: 0.07063836267217993 (0.806s)
Batch 300/23250, loss: 0.0721466681547463 (0.805s)
Batch 450/23250, loss: 0.07163287499298653 (0.805s)
Batch 600/23250, loss: 0.06468605821952224 (0.807s)

-----Epoch 181-----
Batch 150/23250, loss: 0.04253526148075859 (0.807s)
Batch 300/23250, loss: 0.07688108446697393 (0.806s)
Batch 450/23250, loss: 0.08630274346098304 (0.806s)
Batch 600/23250, loss: 0.07386457321544489 (0.805s)

-----Epoch 182-----
Batch 150/23250, loss: 0.06428741488605738 (0.806s)
Batch 300/23250, loss: 0.0702805008366704 (0.806s)
Batch 450/23250, loss: 0.06004634770254294 (0.806s)
Batch 600/23250, loss: 0.07784709898134072 (0.806s)

-----Epoch 183-----
Batch 150/23250, loss: 0.06671853849043449 (0.807s)
Batch 300/23250, loss: 0.0542616006017973 (0.807s)
Batch 450/23250, loss: 0.058073573624715207 (0.806s)
Batch 600/23250, loss: 0.07173747049334149 (0.806s)

-----Epoch 184-----
Batch 150/23250, loss: 0.05640150242795547 (0.806s)
Batch 300/23250, loss: 0.06852030217647552 (0.806s)
Batch 450/23250, loss: 0.06397733373567462 (0.805s)
Batch 600/23250, loss: 0.07766436969240506 (0.805s)

-----Epoch 185-----
Batch 150/23250, loss: 0.07134006218984723 (0.806s)
Batch 300/23250, loss: 0.06219569871822993 (0.806s)
Batch 450/23250, loss: 0.05816159209236502 (0.806s)
Batch 600/23250, loss: 0.05819581788654129 (0.808s)

-----Epoch 186-----
Batch 150/23250, loss: 0.061863292225946984 (0.806s)
Batch 300/23250, loss: 0.06992445418611169 (0.805s)
Batch 450/23250, loss: 0.05983850070585807 (0.805s)
Batch 600/23250, loss: 0.06379414532333612 (0.806s)

-----Epoch 187-----
Batch 150/23250, loss: 0.05936115026473999 (0.806s)
Batch 300/23250, loss: 0.06814336764626205 (0.806s)
Batch 450/23250, loss: 0.06774727707728743 (0.806s)
Batch 600/23250, loss: 0.05925886280524234 (0.807s)

-----Epoch 188-----
Batch 150/23250, loss: 0.05419024124741554 (0.806s)
Batch 300/23250, loss: 0.059371457180629174 (0.813s)
Batch 450/23250, loss: 0.06987459863225619 (0.806s)
Batch 600/23250, loss: 0.06422842130064964 (0.804s)

-----Epoch 189-----
Batch 150/23250, loss: 0.07501663253332178 (0.806s)
Batch 300/23250, loss: 0.052210957761853936 (0.806s)
Batch 450/23250, loss: 0.044378286621843774 (0.806s)
Batch 600/23250, loss: 0.08254947165648142 (0.806s)

-----Epoch 190-----
Batch 150/23250, loss: 0.06624920298034946 (0.806s)
Batch 300/23250, loss: 0.07595423671727379 (0.805s)
Batch 450/23250, loss: 0.06628429844975471 (0.806s)
Batch 600/23250, loss: 0.05671934690947334 (0.805s)

-----Epoch 191-----
Batch 150/23250, loss: 0.0740860572271049 (0.807s)
Batch 300/23250, loss: 0.06436045046895743 (0.806s)
Batch 450/23250, loss: 0.06038963347362975 (0.806s)
Batch 600/23250, loss: 0.05944532149160902 (0.806s)

-----Epoch 192-----
Batch 150/23250, loss: 0.05941958931895594 (0.806s)
Batch 300/23250, loss: 0.07663781022652984 (0.805s)
Batch 450/23250, loss: 0.06528328919783234 (0.805s)
Batch 600/23250, loss: 0.09738221613690257 (0.805s)

-----Epoch 193-----
Batch 150/23250, loss: 0.08353922280793388 (0.807s)
Batch 300/23250, loss: 0.08828490493819117 (0.806s)
Batch 450/23250, loss: 0.10490501930316289 (0.806s)
Batch 600/23250, loss: 0.08855965841561556 (0.807s)

-----Epoch 194-----
Batch 150/23250, loss: 0.06868993069355686 (0.806s)
Batch 300/23250, loss: 0.06463461741805077 (0.806s)
Batch 450/23250, loss: 0.07633443046361207 (0.806s)
Batch 600/23250, loss: 0.07370050561303894 (0.806s)

-----Epoch 195-----
Batch 150/23250, loss: 0.06226787026350697 (0.807s)
Batch 300/23250, loss: 0.05802842718549073 (0.807s)
Batch 450/23250, loss: 0.07167381805057327 (0.810s)
Batch 600/23250, loss: 0.0584126679909726 (0.807s)

-----Epoch 196-----
Batch 150/23250, loss: 0.054967023578161994 (0.814s)
Batch 300/23250, loss: 0.0632817388077577 (0.805s)
Batch 450/23250, loss: 0.05805233330465853 (0.805s)
Batch 600/23250, loss: 0.06120880173519254 (0.805s)

-----Epoch 197-----
Batch 150/23250, loss: 0.04923982829165956 (0.806s)
Batch 300/23250, loss: 0.06849087211303413 (0.806s)
Batch 450/23250, loss: 0.057270833188667894 (0.806s)
Batch 600/23250, loss: 0.06369472748289505 (0.806s)

-----Epoch 198-----
Batch 150/23250, loss: 0.06212748255891105 (0.806s)
Batch 300/23250, loss: 0.05973023109138012 (0.805s)
Batch 450/23250, loss: 0.06391898815830549 (0.805s)
Batch 600/23250, loss: 0.04913595863617957 (0.810s)

-----Epoch 199-----
Batch 150/23250, loss: 0.048832802049194775 (0.802s)
Batch 300/23250, loss: 0.06106912159671386 (0.802s)
Batch 450/23250, loss: 0.07761847519626221 (0.803s)
Batch 600/23250, loss: 0.07871457037205497 (0.802s)

-----Epoch 200-----
Batch 150/23250, loss: 0.07444145804891984 (0.803s)
Batch 300/23250, loss: 0.06509148756663005 (0.801s)
Batch 450/23250, loss: 0.07003880628074209 (0.802s)
Batch 600/23250, loss: 0.064524715008835 (0.802s)

-----Epoch 201-----
Batch 150/23250, loss: 0.07804574855913718 (0.803s)
Batch 300/23250, loss: 0.07193654322996736 (0.803s)
Batch 450/23250, loss: 0.07515633940696716 (0.807s)
Batch 600/23250, loss: 0.08965962724139293 (0.803s)

-----Epoch 202-----
Batch 150/23250, loss: 0.07884539728363354 (0.802s)
Batch 300/23250, loss: 0.08583656355117758 (0.801s)
Batch 450/23250, loss: 0.08212870211650927 (0.801s)
Batch 600/23250, loss: 0.0709515944433709 (0.802s)

-----Epoch 203-----
Batch 150/23250, loss: 0.060872137819727265 (0.803s)
Batch 300/23250, loss: 0.07017070138206084 (0.802s)
Batch 450/23250, loss: 0.05883655923729141 (0.802s)
Batch 600/23250, loss: 0.06713845118880273 (0.806s)

-----Epoch 204-----
Batch 150/23250, loss: 0.06529451598723729 (0.803s)
Batch 300/23250, loss: 0.05763826214397947 (0.801s)
Batch 450/23250, loss: 0.05926740713107089 (0.801s)
Batch 600/23250, loss: 0.06165718197201689 (0.801s)

-----Epoch 205-----
Batch 150/23250, loss: 0.06583187833117941 (0.803s)
Batch 300/23250, loss: 0.055926019474864 (0.802s)
Batch 450/23250, loss: 0.07071227466066678 (0.802s)
Batch 600/23250, loss: 0.06672085290153822 (0.803s)

-----Epoch 206-----
Batch 150/23250, loss: 0.080433717276901 (0.802s)
Batch 300/23250, loss: 0.0759405622134606 (0.802s)
Batch 450/23250, loss: 0.07138192694634199 (0.802s)
Batch 600/23250, loss: 0.08311683983852466 (0.803s)

-----Epoch 207-----
Batch 150/23250, loss: 0.07157325660809874 (0.802s)
Batch 300/23250, loss: 0.060295214783400296 (0.802s)
Batch 450/23250, loss: 0.07127802848195036 (0.802s)
Batch 600/23250, loss: 0.06040551367526253 (0.802s)

-----Epoch 208-----
Batch 150/23250, loss: 0.05589149542152882 (0.801s)
Batch 300/23250, loss: 0.0556036852983137 (0.801s)
Batch 450/23250, loss: 0.06810082760639488 (0.802s)
Batch 600/23250, loss: 0.06266992806767424 (0.802s)

-----Epoch 209-----
Batch 150/23250, loss: 0.06470922377270957 (0.802s)
Batch 300/23250, loss: 0.060949339711417756 (0.802s)
Batch 450/23250, loss: 0.060923898002753656 (0.803s)
Batch 600/23250, loss: 0.05656821936989824 (0.803s)

-----Epoch 210-----
Batch 150/23250, loss: 0.057603512872010466 (0.802s)
Batch 300/23250, loss: 0.06184408127330244 (0.802s)
Batch 450/23250, loss: 0.05913487955617408 (0.802s)
Batch 600/23250, loss: 0.06566540027037263 (0.802s)

-----Epoch 211-----
Batch 150/23250, loss: 0.06557537731714547 (0.805s)
Batch 300/23250, loss: 0.06841730017835895 (0.803s)
Batch 450/23250, loss: 0.059413345738624536 (0.805s)
Batch 600/23250, loss: 0.06970944262420138 (0.803s)

-----Epoch 212-----
Batch 150/23250, loss: 0.05869459613847236 (0.802s)
Batch 300/23250, loss: 0.059296412449330094 (0.801s)
Batch 450/23250, loss: 0.11561805319041013 (0.802s)
Batch 600/23250, loss: 0.0963781559591492 (0.801s)

-----Epoch 213-----
Batch 150/23250, loss: 0.07206386479859551 (0.803s)
Batch 300/23250, loss: 0.08091434755673012 (0.803s)
Batch 450/23250, loss: 0.1216575609271725 (0.802s)
Batch 600/23250, loss: 0.10222430303692817 (0.802s)

-----Epoch 214-----
Batch 150/23250, loss: 0.06970785039166609 (0.803s)
Batch 300/23250, loss: 0.0668094844557345 (0.802s)
Batch 450/23250, loss: 0.06571375009293358 (0.804s)
Batch 600/23250, loss: 0.07140478878592452 (0.801s)

-----Epoch 215-----
Batch 150/23250, loss: 0.0631592325369517 (0.801s)
Batch 300/23250, loss: 0.07010320127010346 (0.801s)
Batch 450/23250, loss: 0.06353432309503357 (0.801s)
Batch 600/23250, loss: 0.06888010072832307 (0.801s)

-----Epoch 216-----
Batch 150/23250, loss: 0.06238161670664946 (0.801s)
Batch 300/23250, loss: 0.0572374469662706 (0.800s)
Batch 450/23250, loss: 0.06332028727978468 (0.801s)
Batch 600/23250, loss: 0.060855675159643095 (0.800s)

-----Epoch 217-----
Batch 150/23250, loss: 0.06302865688999494 (0.802s)
Batch 300/23250, loss: 0.06131356465630233 (0.802s)
Batch 450/23250, loss: 0.05249409331008792 (0.801s)
Batch 600/23250, loss: 0.05622292833713194 (0.801s)

-----Epoch 218-----
Batch 150/23250, loss: 0.059844128958260016 (0.801s)
Batch 300/23250, loss: 0.060762706622481344 (0.800s)
Batch 450/23250, loss: 0.05438393138349056 (0.801s)
Batch 600/23250, loss: 0.06961685828243692 (0.801s)

-----Epoch 219-----
Batch 150/23250, loss: 0.05192067699506879 (0.802s)
Batch 300/23250, loss: 0.07178418668607871 (0.808s)
Batch 450/23250, loss: 0.07132839233304064 (0.802s)
Batch 600/23250, loss: 0.07797757289061943 (0.802s)

-----Epoch 220-----
Batch 150/23250, loss: 0.07144420965885123 (0.800s)
Batch 300/23250, loss: 0.07102440575137735 (0.800s)
Batch 450/23250, loss: 0.05906071959684293 (0.800s)
Batch 600/23250, loss: 0.07352195969472329 (0.800s)

-----Epoch 221-----
Batch 150/23250, loss: 0.05585901611174146 (0.801s)
Batch 300/23250, loss: 0.06348533117522796 (0.801s)
Batch 450/23250, loss: 0.08781538107742866 (0.801s)
Batch 600/23250, loss: 0.08652257739255825 (0.801s)

-----Epoch 222-----
Batch 150/23250, loss: 0.07829190558443466 (0.801s)
Batch 300/23250, loss: 0.09431389743462205 (0.801s)
Batch 450/23250, loss: 0.07972561343262594 (0.801s)
Batch 600/23250, loss: 0.08237839697549741 (0.800s)

-----Epoch 223-----
Batch 150/23250, loss: 0.07540895505497854 (0.801s)
Batch 300/23250, loss: 0.0652154983455936 (0.800s)
Batch 450/23250, loss: 0.06543917716791232 (0.800s)
Batch 600/23250, loss: 0.07449594631791115 (0.801s)

-----Epoch 224-----
Batch 150/23250, loss: 0.06307199630265435 (0.800s)
Batch 300/23250, loss: 0.06367648222173254 (0.800s)
Batch 450/23250, loss: 0.0600241032615304 (0.799s)
Batch 600/23250, loss: 0.06308981151630481 (0.800s)

-----Epoch 225-----
Batch 150/23250, loss: 0.06436900451468924 (0.801s)
Batch 300/23250, loss: 0.060837341602891684 (0.801s)
Batch 450/23250, loss: 0.06645865353445211 (0.800s)
Batch 600/23250, loss: 0.05282377328102787 (0.800s)

-----Epoch 226-----
Batch 150/23250, loss: 0.05976627880086501 (0.800s)
Batch 300/23250, loss: 0.06082576946044962 (0.800s)
Batch 450/23250, loss: 0.055573521355787914 (0.803s)
Batch 600/23250, loss: 0.06834264154856404 (0.800s)

-----Epoch 227-----
Batch 150/23250, loss: 0.05986586691811681 (0.801s)
Batch 300/23250, loss: 0.062372147366404534 (0.801s)
Batch 450/23250, loss: 0.06140100028986732 (0.801s)
Batch 600/23250, loss: 0.07067272189073265 (0.800s)

-----Epoch 228-----
Batch 150/23250, loss: 0.04743289888836443 (0.800s)
Batch 300/23250, loss: 0.05401318495472272 (0.801s)
Batch 450/23250, loss: 0.06700963945438465 (0.801s)
Batch 600/23250, loss: 0.06264943098028501 (0.801s)

-----Epoch 229-----
Batch 150/23250, loss: 0.06141672789119184 (0.802s)
Batch 300/23250, loss: 0.055451600458472965 (0.801s)
Batch 450/23250, loss: 0.05967339074860017 (0.802s)
Batch 600/23250, loss: 0.05968943722546101 (0.802s)

-----Epoch 230-----
Batch 150/23250, loss: 0.05534251447767019 (0.802s)
Batch 300/23250, loss: 0.05188757687807083 (0.801s)
Batch 450/23250, loss: 0.07357893204937378 (0.802s)
Batch 600/23250, loss: 0.06990188142905633 (0.801s)

-----Epoch 231-----
Batch 150/23250, loss: 0.0574088034282128 (0.802s)
Batch 300/23250, loss: 0.07700474222501119 (0.802s)
Batch 450/23250, loss: 0.07101311082641283 (0.802s)
Batch 600/23250, loss: 0.08210179246962071 (0.802s)

-----Epoch 232-----
Batch 150/23250, loss: 0.06439066613713901 (0.802s)
Batch 300/23250, loss: 0.08245363059764108 (0.801s)
Batch 450/23250, loss: 0.0729384837920467 (0.801s)
Batch 600/23250, loss: 0.08744262378041943 (0.801s)

-----Epoch 233-----
Batch 150/23250, loss: 0.07668312397475044 (0.803s)
Batch 300/23250, loss: 0.07568808992082875 (0.801s)
Batch 450/23250, loss: 0.07150457410762708 (0.801s)
Batch 600/23250, loss: 0.06497453623761733 (0.802s)

-----Epoch 234-----
Batch 150/23250, loss: 0.056914736684411764 (0.801s)
Batch 300/23250, loss: 0.059619602020829915 (0.801s)
Batch 450/23250, loss: 0.0657316987713178 (0.801s)
Batch 600/23250, loss: 0.06203119755412141 (0.803s)

-----Epoch 235-----
Batch 150/23250, loss: 0.059553258086865145 (0.802s)
Batch 300/23250, loss: 0.047770513749370976 (0.802s)
Batch 450/23250, loss: 0.062167125074192885 (0.801s)
Batch 600/23250, loss: 0.06702496859555443 (0.803s)

-----Epoch 236-----
Batch 150/23250, loss: 0.05907849352496366 (0.801s)
Batch 300/23250, loss: 0.06423302346219618 (0.801s)
Batch 450/23250, loss: 0.06367292126951118 (0.801s)
Batch 600/23250, loss: 0.0563297883917888 (0.801s)

-----Epoch 237-----
Batch 150/23250, loss: 0.06163746096814672 (0.802s)
Batch 300/23250, loss: 0.0525679584654669 (0.802s)
Batch 450/23250, loss: 0.060236871459831795 (0.802s)
Batch 600/23250, loss: 0.05432377554786702 (0.802s)

-----Epoch 238-----
Batch 150/23250, loss: 0.06946810000265638 (0.802s)
Batch 300/23250, loss: 0.07795842250809074 (0.801s)
Batch 450/23250, loss: 0.07195475819210212 (0.801s)
Batch 600/23250, loss: 0.07530573151384791 (0.802s)

-----Epoch 239-----
Batch 150/23250, loss: 0.06844737744579713 (0.802s)
Batch 300/23250, loss: 0.06511032221838832 (0.802s)
Batch 450/23250, loss: 0.06048899620150527 (0.802s)
Batch 600/23250, loss: 0.04995996801493068 (0.802s)

-----Epoch 240-----
Batch 150/23250, loss: 0.06575483955442905 (0.802s)
Batch 300/23250, loss: 0.06160079394777616 (0.802s)
Batch 450/23250, loss: 0.05001447917893529 (0.801s)
Batch 600/23250, loss: 0.055589435718332726 (0.802s)

-----Epoch 241-----
Batch 150/23250, loss: 0.058144283608223 (0.803s)
Batch 300/23250, loss: 0.06344825917544464 (0.803s)
Batch 450/23250, loss: 0.055195364483321706 (0.803s)
Batch 600/23250, loss: 0.05982361987543603 (0.802s)

-----Epoch 242-----
Batch 150/23250, loss: 0.06064424457028508 (0.802s)
Batch 300/23250, loss: 0.06772713342681527 (0.806s)
Batch 450/23250, loss: 0.06602303095782797 (0.802s)
Batch 600/23250, loss: 0.05154708969096343 (0.802s)

-----Epoch 243-----
Batch 150/23250, loss: 0.06762521910170714 (0.803s)
Batch 300/23250, loss: 0.08407865421225627 (0.803s)
Batch 450/23250, loss: 0.07393240230778853 (0.805s)
Batch 600/23250, loss: 0.06170962392042081 (0.804s)

-----Epoch 244-----
Batch 150/23250, loss: 0.06139402967567245 (0.803s)
Batch 300/23250, loss: 0.0638607116912802 (0.803s)
Batch 450/23250, loss: 0.06124334179485837 (0.803s)
Batch 600/23250, loss: 0.06428369266912341 (0.803s)

-----Epoch 245-----
Batch 150/23250, loss: 0.060264445394277576 (0.804s)
Batch 300/23250, loss: 0.0717914499901235 (0.804s)
Batch 450/23250, loss: 0.06653035413473844 (0.804s)
Batch 600/23250, loss: 0.0766529245985051 (0.804s)

-----Epoch 246-----
Batch 150/23250, loss: 0.06223151182755828 (0.803s)
Batch 300/23250, loss: 0.05790306294957797 (0.805s)
Batch 450/23250, loss: 0.07433361690491438 (0.802s)
Batch 600/23250, loss: 0.0647642551921308 (0.803s)

-----Epoch 247-----
Batch 150/23250, loss: 0.0651164985075593 (0.804s)
Batch 300/23250, loss: 0.0787598194119831 (0.804s)
Batch 450/23250, loss: 0.06803282962491115 (0.804s)
Batch 600/23250, loss: 0.07357168786848585 (0.804s)

-----Epoch 248-----
Batch 150/23250, loss: 0.058777711940929296 (0.803s)
Batch 300/23250, loss: 0.06472299565871556 (0.803s)
Batch 450/23250, loss: 0.05515748467296362 (0.803s)
Batch 600/23250, loss: 0.06620886659249664 (0.803s)

-----Epoch 249-----
Batch 150/23250, loss: 0.06637506015288333 (0.804s)
Batch 300/23250, loss: 0.060941307103882236 (0.804s)
Batch 450/23250, loss: 0.0568455816929539 (0.804s)
Batch 600/23250, loss: 0.07547873727045953 (0.804s)

-----Epoch 250-----
Batch 150/23250, loss: 0.08405024129897357 (0.809s)
Batch 300/23250, loss: 0.07613546514883637 (0.804s)
Batch 450/23250, loss: 0.06011036676044265 (0.804s)
Batch 600/23250, loss: 0.07238785478907327 (0.804s)

-----Epoch 251-----
Batch 150/23250, loss: 0.056588999998445313 (0.805s)
Batch 300/23250, loss: 0.061002659341320396 (0.804s)
Batch 450/23250, loss: 0.05511022534221411 (0.805s)
Batch 600/23250, loss: 0.0614282579968373 (0.805s)

-----Epoch 252-----
Batch 150/23250, loss: 0.1373323542624712 (0.805s)
Batch 300/23250, loss: 0.07544181960324446 (0.804s)
Batch 450/23250, loss: 0.06551710896193981 (0.804s)
Batch 600/23250, loss: 0.0652740306717654 (0.804s)

-----Epoch 253-----
Batch 150/23250, loss: 0.059697823959092296 (0.805s)
Batch 300/23250, loss: 0.05388218191141884 (0.805s)
Batch 450/23250, loss: 0.056830810668567815 (0.805s)
Batch 600/23250, loss: 0.06771587395419677 (0.805s)

-----Epoch 254-----
Batch 150/23250, loss: 0.06184783718859156 (0.805s)
Batch 300/23250, loss: 0.0540128825387607 (0.804s)
Batch 450/23250, loss: 0.0675909730233252 (0.804s)
Batch 600/23250, loss: 0.06120599618802468 (0.804s)

-----Epoch 255-----
Batch 150/23250, loss: 0.059426697259768846 (0.805s)
Batch 300/23250, loss: 0.04676731399570902 (0.805s)
Batch 450/23250, loss: 0.061538948053494094 (0.806s)
Batch 600/23250, loss: 0.06222975190108021 (0.805s)

-----Epoch 256-----
Batch 150/23250, loss: 0.06385587608752151 (0.805s)
Batch 300/23250, loss: 0.07129302536447843 (0.805s)
Batch 450/23250, loss: 0.0671421217545867 (0.805s)
Batch 600/23250, loss: 0.0869015580167373 (0.811s)

-----Epoch 257-----
Batch 150/23250, loss: 0.0683196932512025 (0.803s)
Batch 300/23250, loss: 0.06411582245181004 (0.805s)
Batch 450/23250, loss: 0.050289087258279325 (0.803s)
Batch 600/23250, loss: 0.05678284060830871 (0.806s)

-----Epoch 258-----
Batch 150/23250, loss: 0.04993760388034085 (0.803s)
Batch 300/23250, loss: 0.060439902301877735 (0.802s)
Batch 450/23250, loss: 0.07256442328915 (0.802s)
Batch 600/23250, loss: 0.06593680660550794 (0.802s)

-----Epoch 259-----
Batch 150/23250, loss: 0.059549826694031555 (0.803s)
Batch 300/23250, loss: 0.060168265035996836 (0.811s)
Batch 450/23250, loss: 0.06503589442931115 (0.798s)
Batch 600/23250, loss: 0.053559800672034426 (0.798s)

-----Epoch 260-----
Batch 150/23250, loss: 0.05135161970121165 (0.797s)
Batch 300/23250, loss: 0.0676029255737861 (0.797s)
Batch 450/23250, loss: 0.07021737102419139 (0.797s)
Batch 600/23250, loss: 0.07623044839749733 (0.798s)

-----Epoch 261-----
Batch 150/23250, loss: 0.06773322271804015 (0.799s)
Batch 300/23250, loss: 0.08647120886171858 (0.798s)
Batch 450/23250, loss: 0.07988652051736911 (0.799s)
Batch 600/23250, loss: 0.07999705997606119 (0.799s)

-----Epoch 262-----
Batch 150/23250, loss: 0.08251600834230582 (0.801s)
Batch 300/23250, loss: 0.07220676911994815 (0.791s)
Batch 450/23250, loss: 0.07750620966777205 (0.792s)
Batch 600/23250, loss: 0.07800246079141895 (0.792s)

-----Epoch 263-----
Batch 150/23250, loss: 0.06687856278692683 (0.793s)
Batch 300/23250, loss: 0.06651124913866321 (0.792s)
Batch 450/23250, loss: 0.0620988557053109 (0.793s)
Batch 600/23250, loss: 0.07231008556981881 (0.793s)

-----Epoch 264-----
Batch 150/23250, loss: 0.06652006230627497 (0.792s)
Batch 300/23250, loss: 0.061407688794036706 (0.793s)
Batch 450/23250, loss: 0.05750259382029375 (0.792s)
Batch 600/23250, loss: 0.06104828621571263 (0.796s)

-----Epoch 265-----
Batch 150/23250, loss: 0.061541400061299406 (0.791s)
Batch 300/23250, loss: 0.06247472562516729 (0.787s)
Batch 450/23250, loss: 0.04633384044592579 (0.790s)
Batch 600/23250, loss: 0.05533518301633497 (0.787s)

-----Epoch 266-----
Batch 150/23250, loss: 0.06283702272300919 (0.788s)
Batch 300/23250, loss: 0.062144512102628745 (0.787s)
Batch 450/23250, loss: 0.060627112463116646 (0.787s)
Batch 600/23250, loss: 0.056152455508708954 (0.787s)

-----Epoch 267-----
Batch 150/23250, loss: 0.04914479925762862 (0.789s)
Batch 300/23250, loss: 0.056844678800553085 (0.799s)
Batch 450/23250, loss: 0.06479740894399583 (0.785s)
Batch 600/23250, loss: 0.057686247068146866 (0.785s)

-----Epoch 268-----
Batch 150/23250, loss: 0.06606528081620733 (0.784s)
Batch 300/23250, loss: 0.05819245622182886 (0.784s)
Batch 450/23250, loss: 0.06129668157858153 (0.784s)
Batch 600/23250, loss: 0.06541793248305718 (0.784s)

-----Epoch 269-----
Batch 150/23250, loss: 0.055892198132351044 (0.785s)
Batch 300/23250, loss: 0.056430793435623246 (0.784s)
Batch 450/23250, loss: 0.05895788244282206 (0.785s)
Batch 600/23250, loss: 0.06321744271243612 (0.784s)

-----Epoch 270-----
Batch 150/23250, loss: 0.06856350038200616 (0.784s)
Batch 300/23250, loss: 0.07491837345063686 (0.784s)
Batch 450/23250, loss: 0.08349609963595866 (0.785s)
Batch 600/23250, loss: 0.118195424216489 (0.784s)

-----Epoch 271-----
Batch 150/23250, loss: 0.10359908333048225 (0.785s)
Batch 300/23250, loss: 0.08388829060519735 (0.785s)
Batch 450/23250, loss: 0.11886373656491439 (0.785s)
Batch 600/23250, loss: 0.13025802367677292 (0.785s)

-----Epoch 272-----
Batch 150/23250, loss: 0.0749779893954595 (0.785s)
Batch 300/23250, loss: 0.08271261541793744 (0.784s)
Batch 450/23250, loss: 0.07437682202085853 (0.784s)
Batch 600/23250, loss: 0.06940780414889257 (0.785s)

-----Epoch 273-----
Batch 150/23250, loss: 0.06489854822556178 (0.785s)
Batch 300/23250, loss: 0.0694472181921204 (0.785s)
Batch 450/23250, loss: 0.06748162843907873 (0.788s)
Batch 600/23250, loss: 0.061645719005415836 (0.785s)

-----Epoch 274-----
Batch 150/23250, loss: 0.04832591576501727 (0.785s)
Batch 300/23250, loss: 0.056109449559201795 (0.784s)
Batch 450/23250, loss: 0.06485473024348418 (0.784s)
Batch 600/23250, loss: 0.06582617849732439 (0.784s)

-----Epoch 275-----
Batch 150/23250, loss: 0.06721531049658855 (0.785s)
Batch 300/23250, loss: 0.053455466783295075 (0.785s)
Batch 450/23250, loss: 0.06071304576471448 (0.786s)
Batch 600/23250, loss: 0.054045145368824404 (0.786s)

-----Epoch 276-----
Batch 150/23250, loss: 0.06677946637384594 (0.785s)
Batch 300/23250, loss: 0.05083945574238896 (0.785s)
Batch 450/23250, loss: 0.05539771053008735 (0.784s)
Batch 600/23250, loss: 0.06414517421275377 (0.785s)

-----Epoch 277-----
Batch 150/23250, loss: 0.05356054319689671 (0.786s)
Batch 300/23250, loss: 0.05859716731278847 (0.785s)
Batch 450/23250, loss: 0.058077925530572734 (0.785s)
Batch 600/23250, loss: 0.07214170392602683 (0.785s)

-----Epoch 278-----
Batch 150/23250, loss: 0.05073944030950467 (0.785s)
Batch 300/23250, loss: 0.0664888896420598 (0.785s)
Batch 450/23250, loss: 0.06698699266028901 (0.785s)
Batch 600/23250, loss: 0.06969709638506175 (0.785s)

-----Epoch 279-----
Batch 150/23250, loss: 0.05980853271360199 (0.786s)
Batch 300/23250, loss: 0.06698049905399482 (0.785s)
Batch 450/23250, loss: 0.06752271234368284 (0.785s)
Batch 600/23250, loss: 0.08016436349600553 (0.785s)

-----Epoch 280-----
Batch 150/23250, loss: 0.06150596362849076 (0.785s)
Batch 300/23250, loss: 0.05786952191963792 (0.785s)
Batch 450/23250, loss: 0.08154015449186167 (0.785s)
Batch 600/23250, loss: 0.08103398924072583 (0.788s)

-----Epoch 281-----
Batch 150/23250, loss: 0.07460415417949359 (0.786s)
Batch 300/23250, loss: 0.05917154376705488 (0.787s)
Batch 450/23250, loss: 0.052801698073744775 (0.786s)
Batch 600/23250, loss: 0.05540050408802927 (0.785s)

-----Epoch 282-----
Batch 150/23250, loss: 0.06651172389276326 (0.785s)
Batch 300/23250, loss: 0.05769975325713555 (0.785s)
Batch 450/23250, loss: 0.05937700424964229 (0.785s)
Batch 600/23250, loss: 0.06723774018386999 (0.785s)

-----Epoch 283-----
Batch 150/23250, loss: 0.07268131752188008 (0.786s)
Batch 300/23250, loss: 0.06870621232315897 (0.786s)
Batch 450/23250, loss: 0.05933501943325003 (0.786s)
Batch 600/23250, loss: 0.07105193186551333 (0.786s)

-----Epoch 284-----
Batch 150/23250, loss: 0.057298771689335504 (0.786s)
Batch 300/23250, loss: 0.06074513959387938 (0.785s)
Batch 450/23250, loss: 0.05648005611573657 (0.785s)
Batch 600/23250, loss: 0.07208175907532374 (0.786s)

-----Epoch 285-----
Batch 150/23250, loss: 0.05879447877407074 (0.786s)
Batch 300/23250, loss: 0.0635617111561199 (0.786s)
Batch 450/23250, loss: 0.06113920960575342 (0.787s)
Batch 600/23250, loss: 0.059803526190419995 (0.786s)

-----Epoch 286-----
Batch 150/23250, loss: 0.05796761595954498 (0.786s)
Batch 300/23250, loss: 0.05115368180597822 (0.785s)
Batch 450/23250, loss: 0.053189963431408006 (0.786s)
Batch 600/23250, loss: 0.06467762528608242 (0.786s)

-----Epoch 287-----
Batch 150/23250, loss: 0.059764553926264244 (0.786s)
Batch 300/23250, loss: 0.05835941333634158 (0.788s)
Batch 450/23250, loss: 0.055699425678079326 (0.787s)
Batch 600/23250, loss: 0.05890197289486726 (0.786s)

-----Epoch 288-----
Batch 150/23250, loss: 0.05141048536015053 (0.786s)
Batch 300/23250, loss: 0.06658705444696049 (0.786s)
Batch 450/23250, loss: 0.05765659331654509 (0.786s)
Batch 600/23250, loss: 0.07684339240814249 (0.786s)

-----Epoch 289-----
Batch 150/23250, loss: 0.06993525749693315 (0.791s)
Batch 300/23250, loss: 0.061197966858744623 (0.786s)
Batch 450/23250, loss: 0.06113609976445635 (0.787s)
Batch 600/23250, loss: 0.08420680895447731 (0.787s)

-----Epoch 290-----
Batch 150/23250, loss: 0.06994329144557317 (0.786s)
Batch 300/23250, loss: 0.07847128773108125 (0.786s)
Batch 450/23250, loss: 0.07323696671053767 (0.786s)
Batch 600/23250, loss: 0.06620756751547258 (0.786s)

-----Epoch 291-----
Batch 150/23250, loss: 0.06677764785165588 (0.787s)
Batch 300/23250, loss: 0.05308719297250112 (0.787s)
Batch 450/23250, loss: 0.07149358227228125 (0.787s)
Batch 600/23250, loss: 0.07354111911728978 (0.787s)

-----Epoch 292-----
Batch 150/23250, loss: 0.062351010013371705 (0.787s)
Batch 300/23250, loss: 0.04669709773734212 (0.786s)
Batch 450/23250, loss: 0.07021006595964233 (0.787s)
Batch 600/23250, loss: 0.055621331961204605 (0.786s)

-----Epoch 293-----
Batch 150/23250, loss: 0.07552170197789868 (0.787s)
Batch 300/23250, loss: 0.07788406291976571 (0.787s)
Batch 450/23250, loss: 0.07378083407257995 (0.787s)
Batch 600/23250, loss: 0.06054567568625013 (0.787s)

-----Epoch 294-----
Batch 150/23250, loss: 0.050522840364525715 (0.787s)
Batch 300/23250, loss: 0.05479892696874837 (0.786s)
Batch 450/23250, loss: 0.07401100499555469 (0.786s)
Batch 600/23250, loss: 0.05794337366397182 (0.787s)

-----Epoch 295-----
Batch 150/23250, loss: 0.052642408985023696 (0.788s)
Batch 300/23250, loss: 0.05237874321018656 (0.787s)
Batch 450/23250, loss: 0.05440398854513963 (0.787s)
Batch 600/23250, loss: 0.064007957149297 (0.787s)

-----Epoch 296-----
Batch 150/23250, loss: 0.04954017115446428 (0.787s)
Batch 300/23250, loss: 0.06399660782888532 (0.787s)
Batch 450/23250, loss: 0.0524466943119963 (0.787s)
Batch 600/23250, loss: 0.05489363911872109 (0.787s)

-----Epoch 297-----
Batch 150/23250, loss: 0.05528683060780168 (0.791s)
Batch 300/23250, loss: 0.06159675506564478 (0.788s)
Batch 450/23250, loss: 0.060658672358840704 (0.788s)
Batch 600/23250, loss: 0.06542093310505152 (0.788s)

-----Epoch 298-----
Batch 150/23250, loss: 0.07946319572627544 (0.787s)
Batch 300/23250, loss: 0.07940673734992743 (0.787s)
Batch 450/23250, loss: 0.07297553865859906 (0.787s)
Batch 600/23250, loss: 0.06960039920484026 (0.787s)

-----Epoch 299-----
Batch 150/23250, loss: 0.05851250607520342 (0.790s)
Batch 300/23250, loss: 0.07927968384698034 (0.788s)
Batch 450/23250, loss: 0.06913885936141013 (0.788s)
Batch 600/23250, loss: 0.07175162179395557 (0.788s)

-----Epoch 300-----
Batch 150/23250, loss: 0.06649915296584367 (0.788s)
Batch 300/23250, loss: 0.05836822758118312 (0.788s)
Batch 450/23250, loss: 0.0741937301432093 (0.788s)
Batch 600/23250, loss: 0.061649901568889616 (0.788s)

-----Epoch 301-----
Batch 150/23250, loss: 0.05408619789096216 (0.789s)
Batch 300/23250, loss: 0.05839324906468391 (0.788s)
Batch 450/23250, loss: 0.0665071590958784 (0.788s)
Batch 600/23250, loss: 0.06633472889351348 (0.789s)

-----Epoch 302-----
Batch 150/23250, loss: 0.10201627908895414 (0.788s)
Batch 300/23250, loss: 0.08766507995625338 (0.788s)
Batch 450/23250, loss: 0.08357141096765797 (0.788s)
Batch 600/23250, loss: 0.07942470183596015 (0.788s)

-----Epoch 303-----
Batch 150/23250, loss: 0.06314032180855672 (0.789s)
Batch 300/23250, loss: 0.06922805705418189 (0.788s)
Batch 450/23250, loss: 0.0636038928385824 (0.789s)
Batch 600/23250, loss: 0.051123373542601866 (0.790s)

-----Epoch 304-----
Batch 150/23250, loss: 0.054881391475598014 (0.789s)
Batch 300/23250, loss: 0.06058359093343218 (0.789s)
Batch 450/23250, loss: 0.05143297822525104 (0.789s)
Batch 600/23250, loss: 0.06218109306568901 (0.790s)

-----Epoch 305-----
Batch 150/23250, loss: 0.05250004425955315 (0.790s)
Batch 300/23250, loss: 0.06681582261497776 (0.790s)
Batch 450/23250, loss: 0.06813481893079976 (0.791s)
Batch 600/23250, loss: 0.07050037571539482 (0.790s)

-----Epoch 306-----
Batch 150/23250, loss: 0.07415888154879212 (0.789s)
Batch 300/23250, loss: 0.057982766392330326 (0.789s)
Batch 450/23250, loss: 0.06287162093445658 (0.789s)
Batch 600/23250, loss: 0.061687704995274546 (0.789s)

-----Epoch 307-----
Batch 150/23250, loss: 0.06642600359395147 (0.790s)
Batch 300/23250, loss: 0.05994357032701373 (0.790s)
Batch 450/23250, loss: 0.14170175703863302 (0.790s)
Batch 600/23250, loss: 0.07213776948551337 (0.790s)

-----Epoch 308-----
Batch 150/23250, loss: 0.061232156449307996 (0.789s)
Batch 300/23250, loss: 0.062056801126648985 (0.789s)
Batch 450/23250, loss: 0.06481979144116243 (0.789s)
Batch 600/23250, loss: 0.06533153386165698 (0.790s)

-----Epoch 309-----
Batch 150/23250, loss: 0.05080118362791836 (0.790s)
Batch 300/23250, loss: 0.06292802665382624 (0.790s)
Batch 450/23250, loss: 0.06786932912655175 (0.790s)
Batch 600/23250, loss: 0.05621265855617821 (0.790s)

-----Epoch 310-----
Batch 150/23250, loss: 0.06219002882639567 (0.790s)
Batch 300/23250, loss: 0.05045055645207564 (0.789s)
Batch 450/23250, loss: 0.06942629565174381 (0.790s)
Batch 600/23250, loss: 0.06089422183732192 (0.790s)

-----Epoch 311-----
Batch 150/23250, loss: 0.048006658560285964 (0.791s)
Batch 300/23250, loss: 0.06172156944250067 (0.790s)
Batch 450/23250, loss: 0.06105435451803108 (0.791s)
Batch 600/23250, loss: 0.06303518900647759 (0.791s)

-----Epoch 312-----
Batch 150/23250, loss: 0.046679722533250846 (0.790s)
Batch 300/23250, loss: 0.05446161521598697 (0.789s)
Batch 450/23250, loss: 0.056061655189841984 (0.790s)
Batch 600/23250, loss: 0.07505905637828013 (0.792s)

-----Epoch 313-----
Batch 150/23250, loss: 0.0770085279767712 (0.790s)
Batch 300/23250, loss: 0.09401586956654985 (0.790s)
Batch 450/23250, loss: 0.09165419478590289 (0.790s)
Batch 600/23250, loss: 0.08808459271366398 (0.790s)

-----Epoch 314-----
Batch 150/23250, loss: 0.06586649178216855 (0.790s)
Batch 300/23250, loss: 0.06260797566423813 (0.790s)
Batch 450/23250, loss: 0.07695398793245355 (0.790s)
Batch 600/23250, loss: 0.06735768180340529 (0.790s)

-----Epoch 315-----
Batch 150/23250, loss: 0.05939520965640743 (0.791s)
Batch 300/23250, loss: 0.05708043838540713 (0.791s)
Batch 450/23250, loss: 0.05675115400304397 (0.791s)
Batch 600/23250, loss: 0.056506348432352145 (0.790s)

-----Epoch 316-----
Batch 150/23250, loss: 0.05609250894437234 (0.790s)
Batch 300/23250, loss: 0.054998816916098196 (0.790s)
Batch 450/23250, loss: 0.06628802967257798 (0.790s)
Batch 600/23250, loss: 0.053738026854892575 (0.790s)

-----Epoch 317-----
Batch 150/23250, loss: 0.05950344818023344 (0.791s)
Batch 300/23250, loss: 0.05816261662791173 (0.791s)
Batch 450/23250, loss: 0.05471643123154839 (0.791s)
Batch 600/23250, loss: 0.05366670347439746 (0.791s)

-----Epoch 318-----
Batch 150/23250, loss: 0.05017612714320421 (0.790s)
Batch 300/23250, loss: 0.04658304628605644 (0.790s)
Batch 450/23250, loss: 0.05950850466421495 (0.790s)
Batch 600/23250, loss: 0.06328241212293506 (0.790s)

-----Epoch 319-----
Batch 150/23250, loss: 0.046674692385519544 (0.791s)
Batch 300/23250, loss: 0.05872846263771256 (0.791s)
Batch 450/23250, loss: 0.06625856976645689 (0.791s)
Batch 600/23250, loss: 0.05785753094280759 (0.791s)

-----Epoch 320-----
Batch 150/23250, loss: 0.06139049799181521 (0.793s)
Batch 300/23250, loss: 0.06068775655080875 (0.790s)
Batch 450/23250, loss: 0.045812457126254834 (0.796s)
Batch 600/23250, loss: 0.06970958388100068 (0.791s)

-----Epoch 321-----
Batch 150/23250, loss: 0.0691125318966806 (0.792s)
Batch 300/23250, loss: 0.06259704889729618 (0.791s)
Batch 450/23250, loss: 0.06205076265459259 (0.791s)
Batch 600/23250, loss: 0.07022307088598609 (0.791s)

-----Epoch 322-----
Batch 150/23250, loss: 0.05802982629276812 (0.791s)
Batch 300/23250, loss: 0.0624980440735817 (0.790s)
Batch 450/23250, loss: 0.06189735286248227 (0.790s)
Batch 600/23250, loss: 0.06641354512112836 (0.791s)

-----Epoch 323-----
Batch 150/23250, loss: 0.051572299531350535 (0.792s)
Batch 300/23250, loss: 0.06298853067370752 (0.791s)
Batch 450/23250, loss: 0.05351319026822845 (0.792s)
Batch 600/23250, loss: 0.0659270475183924 (0.792s)

-----Epoch 324-----
Batch 150/23250, loss: 0.05793157203743855 (0.791s)
Batch 300/23250, loss: 0.046015285868197676 (0.791s)
Batch 450/23250, loss: 0.06036626218352467 (0.791s)
Batch 600/23250, loss: 0.06594027237656216 (0.791s)

-----Epoch 325-----
Batch 150/23250, loss: 0.0559419769855837 (0.792s)
Batch 300/23250, loss: 0.05884852560857932 (0.792s)
Batch 450/23250, loss: 0.05637977548254033 (0.792s)
Batch 600/23250, loss: 0.0716595915146172 (0.792s)

-----Epoch 326-----
Batch 150/23250, loss: 0.07000283731768529 (0.791s)
Batch 300/23250, loss: 0.08222889165083568 (0.791s)
Batch 450/23250, loss: 0.1475975232447187 (0.791s)
Batch 600/23250, loss: 0.09839894187947114 (0.791s)

-----Epoch 327-----
Batch 150/23250, loss: 0.0696920379002889 (0.792s)
Batch 300/23250, loss: 0.07391718696181973 (0.792s)
Batch 450/23250, loss: 0.06831479983404279 (0.792s)
Batch 600/23250, loss: 0.06325838818525274 (0.792s)

-----Epoch 328-----
Batch 150/23250, loss: 0.061740609649568796 (0.792s)
Batch 300/23250, loss: 0.06611271577576797 (0.794s)
Batch 450/23250, loss: 0.05771462155506015 (0.792s)
Batch 600/23250, loss: 0.06256303139651816 (0.791s)

-----Epoch 329-----
Batch 150/23250, loss: 0.06399557639534274 (0.792s)
Batch 300/23250, loss: 0.056907324263205133 (0.792s)
Batch 450/23250, loss: 0.05472425274550915 (0.792s)
Batch 600/23250, loss: 0.05345212837681174 (0.792s)

-----Epoch 330-----
Batch 150/23250, loss: 0.0656845839942495 (0.792s)
Batch 300/23250, loss: 0.05353141393512487 (0.792s)
Batch 450/23250, loss: 0.0554484053949515 (0.791s)
Batch 600/23250, loss: 0.05196855787498256 (0.792s)

-----Epoch 331-----
Batch 150/23250, loss: 0.05311930943280459 (0.793s)
Batch 300/23250, loss: 0.05650245755910874 (0.792s)
Batch 450/23250, loss: 0.06760575621699294 (0.794s)
Batch 600/23250, loss: 0.060266773800055184 (0.792s)

-----Epoch 332-----
Batch 150/23250, loss: 0.06152096825030943 (0.792s)
Batch 300/23250, loss: 0.054634138743082684 (0.792s)
Batch 450/23250, loss: 0.048924189439664284 (0.792s)
Batch 600/23250, loss: 0.06000586593523621 (0.793s)

-----Epoch 333-----
Batch 150/23250, loss: 0.04988097839988768 (0.794s)
Batch 300/23250, loss: 0.07838970714559158 (0.793s)
Batch 450/23250, loss: 0.07715027306849757 (0.793s)
Batch 600/23250, loss: 0.09048374158640703 (0.793s)

-----Epoch 334-----
Batch 150/23250, loss: 0.09437725345293681 (0.793s)
Batch 300/23250, loss: 0.08110060290743908 (0.793s)
Batch 450/23250, loss: 0.07529883664722244 (0.793s)
Batch 600/23250, loss: 0.06875393498068054 (0.792s)

-----Epoch 335-----
Batch 150/23250, loss: 0.07152682660147548 (0.793s)
Batch 300/23250, loss: 0.06698922386392951 (0.792s)
Batch 450/23250, loss: 0.0677612542361021 (0.792s)
Batch 600/23250, loss: 0.053545764945447445 (0.794s)

-----Epoch 336-----
Batch 150/23250, loss: 0.056431258631249266 (0.797s)
Batch 300/23250, loss: 0.05783195000141859 (0.792s)
Batch 450/23250, loss: 0.06484025722369552 (0.792s)
Batch 600/23250, loss: 0.06263587895780802 (0.793s)

-----Epoch 337-----
Batch 150/23250, loss: 0.06817725880071521 (0.793s)
Batch 300/23250, loss: 0.05164753592883547 (0.793s)
Batch 450/23250, loss: 0.05450256127243241 (0.793s)
Batch 600/23250, loss: 0.06304061515877644 (0.793s)

-----Epoch 338-----
Batch 150/23250, loss: 0.0609871852522095 (0.793s)
Batch 300/23250, loss: 0.05991459581380089 (0.793s)
Batch 450/23250, loss: 0.057772281697640815 (0.793s)
Batch 600/23250, loss: 0.06130849627777934 (0.793s)

-----Epoch 339-----
Batch 150/23250, loss: 0.051780981871609885 (0.794s)
Batch 300/23250, loss: 0.05791722117612759 (0.793s)
Batch 450/23250, loss: 0.0601815600382785 (0.794s)
Batch 600/23250, loss: 0.060993470111861826 (0.793s)

-----Epoch 340-----
Batch 150/23250, loss: 0.059802673707405725 (0.793s)
Batch 300/23250, loss: 0.07923721618329485 (0.793s)
Batch 450/23250, loss: 0.08011744496723017 (0.793s)
Batch 600/23250, loss: 0.06199227159842849 (0.793s)

-----Epoch 341-----
Batch 150/23250, loss: 0.061282763363172614 (0.794s)
Batch 300/23250, loss: 0.05521830445776383 (0.794s)
Batch 450/23250, loss: 0.07104948919266463 (0.794s)
Batch 600/23250, loss: 0.07620016935591896 (0.794s)

-----Epoch 342-----
Batch 150/23250, loss: 0.060997730468710265 (0.794s)
Batch 300/23250, loss: 0.06199224711085359 (0.793s)
Batch 450/23250, loss: 0.06401921728936334 (0.793s)
Batch 600/23250, loss: 0.06012027181684971 (0.793s)

-----Epoch 343-----
Batch 150/23250, loss: 0.05699459453423818 (0.794s)
Batch 300/23250, loss: 0.05592962262531122 (0.794s)
Batch 450/23250, loss: 0.05487430403319498 (0.795s)
Batch 600/23250, loss: 0.06378021398248772 (0.794s)

-----Epoch 344-----
Batch 150/23250, loss: 0.056438926892975964 (0.794s)
Batch 300/23250, loss: 0.05724351433260987 (0.793s)
Batch 450/23250, loss: 0.05693218030656377 (0.793s)
Batch 600/23250, loss: 0.100064535572504 (0.793s)

-----Epoch 345-----
Batch 150/23250, loss: 0.09057137714078028 (0.794s)
Batch 300/23250, loss: 0.08194647327065469 (0.794s)
Batch 450/23250, loss: 0.08845497800658146 (0.794s)
Batch 600/23250, loss: 0.07728590888902545 (0.794s)

-----Epoch 346-----
Batch 150/23250, loss: 0.061796089423199495 (0.794s)
Batch 300/23250, loss: 0.06332581690512598 (0.793s)
Batch 450/23250, loss: 0.0670047042084237 (0.793s)
Batch 600/23250, loss: 0.04754858053599795 (0.794s)

-----Epoch 347-----
Batch 150/23250, loss: 0.055831807923192776 (0.794s)
Batch 300/23250, loss: 0.057193229394033554 (0.794s)
Batch 450/23250, loss: 0.06252634642645717 (0.794s)
Batch 600/23250, loss: 0.05484058800463875 (0.794s)

-----Epoch 348-----
Batch 150/23250, loss: 0.05124679554564258 (0.793s)
Batch 300/23250, loss: 0.04805220976782342 (0.793s)
Batch 450/23250, loss: 0.05910626263978581 (0.793s)
Batch 600/23250, loss: 0.0657294963610669 (0.793s)

-----Epoch 349-----
Batch 150/23250, loss: 0.053976478033388654 (0.794s)
Batch 300/23250, loss: 0.05202115401936074 (0.793s)
Batch 450/23250, loss: 0.057535275345047314 (0.793s)
Batch 600/23250, loss: 0.05674048110842705 (0.793s)

-----Epoch 350-----
Batch 150/23250, loss: 0.0529418389312923 (0.793s)
Batch 300/23250, loss: 0.06446121820559104 (0.793s)
Batch 450/23250, loss: 0.05994945300432543 (0.794s)
Batch 600/23250, loss: 0.05812326287540297 (0.794s)
Saved to test_snn_model_350.pth
6.469969749450684
tensor([[  1.9080,   0.0000],
        [  4.2283,   0.0000],
        [  3.7570,   0.0000],
        [  2.6890,   0.0000],
        [  3.9897,   0.0000],
        [  4.3702,   0.0000],
        [  4.5008,   0.0000],
        [  2.1641,   0.0000],
        [  1.0715,   0.0000],
        [  3.2867,   0.0000],
        [  0.0674,   0.0000],
        [  3.9603,   0.0000],
        [  4.4060,   0.0000],
        [  2.8641,   0.0000],
        [  2.6705,   0.0000],
        [  4.2291,   0.0000],
        [  3.5104,   0.0000],
        [  4.3057,   0.0000],
        [  4.2358,   0.0000],
        [  3.5329,   0.0000],
        [  2.4454,   0.0000],
        [  4.2277,   0.0000],
        [  3.7213,   0.0000],
        [  4.2289,   0.0000],
        [  3.8905,   0.0000],
        [  4.3687,   0.0000],
        [  3.6583,   0.0000],
        [  4.0212,   0.0000],
        [  4.2445,   0.0000],
        [  4.2352,   0.0000],
        [ -0.8696,   0.0000],
        [ -3.4201,   0.0000],
        [ -0.6694,   0.0000],
        [  1.0592,   0.0000],
        [  2.4689,   0.0000],
        [  1.9135,   0.0000],
        [  2.2472,   0.0000],
        [ -6.4655,   0.0000],
        [  3.5661,   0.0000],
        [  4.4431,   0.0000],
        [  4.0446,   0.0000],
        [  4.3933,   0.0000],
        [  3.5030,   0.0000],
        [-13.4795,   0.0000],
        [  3.9674,   0.0000],
        [  2.8874,   0.0000],
        [  4.2174,   0.0000],
        [  4.2274,   0.0000],
        [  4.2410,   0.0000],
        [  3.5678,   0.0000],
        [  4.3623,   0.0000],
        [  4.2146,   1.0000],
        [  2.5307,   0.0000],
        [  1.8868,   0.0000],
        [  2.4373,   0.0000],
        [  3.9685,   0.0000],
        [  1.7530,   0.0000],
        [  1.4927,   0.0000],
        [  4.2658,   0.0000],
        [  3.7158,   0.0000],
        [  3.4739,   0.0000],
        [  2.4945,   0.0000],
        [  3.7412,   0.0000],
        [  3.6098,   0.0000],
        [  4.3259,   0.0000],
        [  2.4623,   0.0000],
        [  4.4071,   0.0000],
        [ -4.0593,   0.0000],
        [  3.1734,   0.0000],
        [  3.4901,   0.0000],
        [  4.3637,   0.0000],
        [  3.9463,   0.0000],
        [  3.6562,   0.0000],
        [  4.4072,   0.0000],
        [ -0.8307,   0.0000],
        [  0.7592,   0.0000],
        [  1.3512,   0.0000],
        [ -4.6654,   0.0000],
        [ -0.1106,   0.0000],
        [ -1.3300,   0.0000],
        [ -1.7332,   0.0000],
        [ -2.1048,   0.0000],
        [ -0.4009,   0.0000],
        [ -1.6640,   0.0000],
        [  1.7506,   0.0000],
        [ -2.1414,   0.0000],
        [  0.8113,   0.0000],
        [  2.2460,   0.0000],
        [  0.3692,   0.0000],
        [ -1.7426,   0.0000],
        [  1.8330,   0.0000]], device='cuda:0')
Total avg loss: 0.9908246258099874
Took 4.707446098327637s
[0.49477352 0.00384615 0.04411765 0.01893939 0.01149425 0.00769231
 0.03846154 0.55392157 0.5447648  0.04814815 0.26315789 0.07806691
 0.01153846 0.10452962 0.01886792 0.00384615 0.17275748 0.07924528
 0.00384615 0.13888889 0.59025788 0.00384615 0.02272727 0.00384615
 0.08791209 0.00769231 0.0411985  0.0490566  0.00384615 0.00384615
 0.91980539 0.89090909 0.79382022 0.1958457  0.53713299 0.3411215
 0.2729805  1.         0.00766284 0.01923077 0.02230483 0.00769231
 0.01838235 1.         0.01145038 0.03358209 0.00384615 0.00384615
 0.00384615 0.00766284 0.00769231 0.00384615 0.04779412 0.14239482
 0.13087248 0.01149425 0.153125   0.22318841 0.02290076 0.07246377
 0.12014134 0.32207792 0.03030303 0.06273063 0.02681992 0.38394794
 0.01153846 0.96491228 0.07857143 0.06884058 0.00769231 0.03787879
 0.04104478 0.01153846 0.8347993  0.44876325 0.15555556 0.95238095
 0.89401433 0.91578708 0.82961586 0.82168162 0.75516224 0.82648402
 0.11111111 0.77011494 0.41115702 0.49116608 0.21690141 0.85756824
 0.2540107 ]
Total precision: 0.8434863371510379
[1.         1.         1.         1.         1.         1.
 1.         1.         1.         1.         1.         1.
 1.         1.         1.         1.         1.         1.
 1.         1.         1.         1.         1.         1.
 1.         1.         1.         1.         1.         1.
 0.9045537  1.         0.98742138 1.         1.         1.
 1.         1.         1.         1.         1.         1.
 1.         1.         1.         1.         1.         1.
 1.         1.         1.         1.         1.         1.
 1.         1.         1.         1.         1.         1.
 1.         1.         1.         1.         1.         1.
 1.         1.         1.         1.         1.         1.
 1.         1.         0.97533632 1.         1.         1.
 0.92530297 0.94374269 0.99627976 0.98471554 0.99610895 1.
 1.         1.         1.         1.         1.         0.99224806
 1.        ]
Total recall: 0.9483353613532545
