---------------------------------------
Begin Slurm Prolog: Nov-24-2024 20:26:48
Job ID:    977884
User ID:   khom9
Account:   cse
Job name:  Train_Abstract2_LSTM_SNN-4_v6
Partition: ice-gpu
---------------------------------------
Using device cuda:0
NVIDIA H100 80GB HBM3
/usr/local/lib/python3.10/dist-packages/torchtext/data/utils.py:105: UserWarning: Spacy model "en" could not be loaded, trying "en_core_web_sm" instead
  warnings.warn(
/home/hice1/khom9/ondemand/data/sys/myjobs/projects/default/43/dataset.py:38: UserWarning: Sparse CSR tensor support is in beta state. If you miss a functionality in the sparse tensor support, please submit a feature request to https://github.com/pytorch/pytorch/issues. (Triggered internally at /opt/pytorch/pytorch/aten/src/ATen/SparseCsrTensorImpl.cpp:53.)
  self.labels = torch.tensor(mlb.fit_transform(classes)).to_sparse_csr().type(torch.float)
/usr/local/lib/python3.10/dist-packages/torch/_utils.py:830: UserWarning: TypedStorage is deprecated. It will be removed in the future and UntypedStorage will be the only storage class. This should only matter to you if you are using storages directly.  To access UntypedStorage directly, use tensor.untyped_storage() instead of tensor.storage()
  return self.fget.__get__(instance, owner)()
Loaded weights from pre-trained CNN successfully

-----Epoch 1/250-----
Batch 75/485, loss: 102.76772003173828 (11.635s)
Batch 150/485, loss: 111.68381160736084 (10.292s)
Batch 225/485, loss: 90.0304147720337 (10.343s)
Batch 300/485, loss: 98.2541956837972 (10.355s)
Batch 375/485, loss: 100.65162986755371 (10.368s)
Batch 450/485, loss: 84.93638518015544 (10.389s)
Batch 485/485, loss: 91.68353631155831 (4.881s)
F1 score: 0.0

-----Epoch 2/250-----
Batch 75/485, loss: 94.67266153971354 (10.380s)
Batch 150/485, loss: 98.73770355224609 (10.396s)
Batch 225/485, loss: 93.52060810089111 (10.387s)
Batch 300/485, loss: 72.47494646708171 (10.388s)
Batch 375/485, loss: 102.42959426879882 (10.403s)
Batch 450/485, loss: 88.13654613494873 (10.431s)
Batch 485/485, loss: 99.38118348802838 (4.870s)
F1 score: 0.14058230592944174

-----Epoch 3/250-----
Batch 75/485, loss: 85.12432531992594 (10.682s)
Batch 150/485, loss: 83.2420006942749 (10.423s)
Batch 225/485, loss: 96.3128291829427 (10.424s)
Batch 300/485, loss: 100.68927635192871 (10.427s)
Batch 375/485, loss: 78.25441480000813 (10.442s)
Batch 450/485, loss: 81.40050261179606 (10.454s)
Batch 485/485, loss: 77.31965359279087 (4.888s)
F1 score: 0.26387488935135417

-----Epoch 4/250-----
Batch 75/485, loss: 64.18130106608074 (10.567s)
Batch 150/485, loss: 93.47124675750733 (10.414s)
Batch 225/485, loss: 82.3259260559082 (10.435s)
Batch 300/485, loss: 94.5375940322876 (10.434s)
Batch 375/485, loss: 89.10094395955403 (10.445s)
Batch 450/485, loss: 80.44781163533528 (10.449s)
Batch 485/485, loss: 63.00645969935826 (4.888s)
F1 score: 0.2854218546199018

-----Epoch 5/250-----
Batch 75/485, loss: 63.64223704020182 (10.745s)
Batch 150/485, loss: 70.32239860534668 (10.567s)
Batch 225/485, loss: 83.87639436086019 (10.457s)
Batch 300/485, loss: 87.86509450276692 (10.399s)
Batch 375/485, loss: 85.77550389607747 (10.408s)
Batch 450/485, loss: 82.0078659439087 (10.415s)
Batch 485/485, loss: 66.14927409035819 (4.870s)
F1 score: 0.3253970652810698

-----Epoch 6/250-----
Batch 75/485, loss: 68.74716814676921 (10.551s)
Batch 150/485, loss: 77.95611583709717 (10.393s)
Batch 225/485, loss: 69.94337067921957 (10.452s)
Batch 300/485, loss: 85.38714716593425 (10.401s)
Batch 375/485, loss: 76.97734764099121 (10.422s)
Batch 450/485, loss: 77.58510543823242 (10.435s)
Batch 485/485, loss: 58.45056234087263 (4.876s)
F1 score: 0.33955053724652023

-----Epoch 7/250-----
Batch 75/485, loss: 70.73397942860922 (10.383s)
Batch 150/485, loss: 58.58942890167236 (10.527s)
Batch 225/485, loss: 76.0972668838501 (10.393s)
Batch 300/485, loss: 79.72011681874594 (10.403s)
Batch 375/485, loss: 72.50356519063314 (10.417s)
Batch 450/485, loss: 82.47998831431072 (10.426s)
Batch 485/485, loss: 52.28875506264823 (4.869s)
F1 score: 0.36220234516817684

-----Epoch 8/250-----
Batch 75/485, loss: 73.92909008026123 (10.536s)
Batch 150/485, loss: 64.40276003519693 (10.396s)
Batch 225/485, loss: 63.862341766357424 (10.413s)
Batch 300/485, loss: 77.9087009302775 (10.415s)
Batch 375/485, loss: 64.42616650899251 (10.407s)
Batch 450/485, loss: 80.38719361623129 (10.434s)
Batch 485/485, loss: 54.4502135685512 (4.868s)
F1 score: 0.3536645342354808

-----Epoch 9/250-----
Batch 75/485, loss: 59.88258430480957 (10.388s)
Batch 150/485, loss: 75.75055110931396 (10.393s)
Batch 225/485, loss: 61.0418470509847 (10.555s)
Batch 300/485, loss: 64.73604227701823 (10.410s)
Batch 375/485, loss: 70.93463403065999 (10.419s)
Batch 450/485, loss: 70.8087519200643 (10.416s)
Batch 485/485, loss: 60.36265141623361 (4.872s)
F1 score: 0.3645280826429295

-----Epoch 10/250-----
Batch 75/485, loss: 57.683108444213865 (10.532s)
Batch 150/485, loss: 65.65858042399088 (10.371s)
Batch 225/485, loss: 62.52528511047363 (10.393s)
Batch 300/485, loss: 74.18720317840577 (10.421s)
Batch 375/485, loss: 64.57148110071817 (10.422s)
Batch 450/485, loss: 51.97764063517253 (10.425s)
Batch 485/485, loss: 82.707918712071 (4.876s)
F1 score: 0.3631244272679113

-----Epoch 11/250-----
Batch 75/485, loss: 63.3601735941569 (10.545s)
Batch 150/485, loss: 62.72668201446533 (10.417s)
Batch 225/485, loss: 72.17257829030355 (10.580s)
Batch 300/485, loss: 48.789294662475584 (10.421s)
Batch 375/485, loss: 56.20104202270508 (10.429s)
Batch 450/485, loss: 56.27180662790934 (10.449s)
Batch 485/485, loss: 78.0791968209403 (4.874s)
F1 score: 0.35662630650406013

-----Epoch 12/250-----
Batch 75/485, loss: 57.335888646443685 (10.391s)
Batch 150/485, loss: 60.23572017669678 (10.384s)
Batch 225/485, loss: 63.67350587209066 (10.395s)
Batch 300/485, loss: 52.267741209665935 (10.400s)
Batch 375/485, loss: 71.33866653442382 (10.499s)
Batch 450/485, loss: 54.660436674753825 (10.567s)
Batch 485/485, loss: 39.62411474500384 (4.887s)
F1 score: 0.3483289388406961

-----Epoch 13/250-----
Batch 75/485, loss: 51.8530042775472 (10.383s)
Batch 150/485, loss: 54.199296646118164 (10.383s)
Batch 225/485, loss: 59.289838256835935 (10.389s)
Batch 300/485, loss: 48.2033744430542 (10.525s)
Batch 375/485, loss: 63.81769250869751 (10.393s)
Batch 450/485, loss: 61.48241457621256 (10.415s)
Batch 485/485, loss: 52.33336958203997 (4.862s)
F1 score: 0.3554755094240221

-----Epoch 14/250-----
Batch 75/485, loss: 54.54706076304118 (10.525s)
Batch 150/485, loss: 51.67024007797241 (10.367s)
Batch 225/485, loss: 62.46381020228068 (10.379s)
Batch 300/485, loss: 49.70503725687663 (10.395s)
Batch 375/485, loss: 52.15764392852783 (10.403s)
Batch 450/485, loss: 53.052296784718834 (10.406s)
Batch 485/485, loss: 61.56535478319441 (4.862s)
F1 score: 0.3629033614681861

-----Epoch 15/250-----
Batch 75/485, loss: 50.53915533065796 (10.361s)
Batch 150/485, loss: 55.364877166748045 (10.402s)
Batch 225/485, loss: 47.64548943837484 (10.435s)
Batch 300/485, loss: 55.01475369771322 (10.448s)
Batch 375/485, loss: 55.25361391703288 (10.612s)
Batch 450/485, loss: 54.353398157755535 (10.468s)
Batch 485/485, loss: 38.50201102665493 (4.908s)
F1 score: 0.3740253936215585

-----Epoch 16/250-----
Batch 75/485, loss: 60.324775021870934 (10.442s)
Batch 150/485, loss: 40.866522801717124 (10.449s)
Batch 225/485, loss: 54.26397964477539 (10.458s)
Batch 300/485, loss: 49.53358717600504 (10.451s)
Batch 375/485, loss: 52.63795413970947 (10.464s)
Batch 450/485, loss: 45.479848092397056 (10.467s)
Batch 485/485, loss: 50.75994061061314 (4.890s)
F1 score: 0.3767079913241818

-----Epoch 17/250-----
Batch 75/485, loss: 44.99823651631673 (10.590s)
Batch 150/485, loss: 42.872124996185306 (10.438s)
Batch 225/485, loss: 53.0269807434082 (10.451s)
Batch 300/485, loss: 57.00048414866129 (10.447s)
Batch 375/485, loss: 48.62538139979045 (10.451s)
Batch 450/485, loss: 47.648292509714764 (10.476s)
Batch 485/485, loss: 44.477790996006554 (5.053s)
F1 score: 0.3939849977306212

-----Epoch 18/250-----
Batch 75/485, loss: 55.92901527404785 (10.589s)
Batch 150/485, loss: 58.30790957768758 (10.433s)
Batch 225/485, loss: 37.82690440495809 (10.443s)
Batch 300/485, loss: 36.67190301895142 (10.439s)
Batch 375/485, loss: 43.81276288986206 (10.460s)
Batch 450/485, loss: 47.228176027933756 (10.473s)
Batch 485/485, loss: 52.16443192618234 (4.887s)
F1 score: 0.3999679855355099

-----Epoch 19/250-----
Batch 75/485, loss: 50.56594577153524 (10.414s)
Batch 150/485, loss: 51.60054274876912 (10.421s)
Batch 225/485, loss: 45.57491141637166 (10.426s)
Batch 300/485, loss: 39.58368361790975 (10.432s)
Batch 375/485, loss: 44.032262910207116 (10.436s)
Batch 450/485, loss: 52.32861124038696 (10.440s)
Batch 485/485, loss: 26.875991003853933 (4.898s)
F1 score: 0.4120589246047294

-----Epoch 20/250-----
Batch 75/485, loss: 53.76812184651693 (10.565s)
Batch 150/485, loss: 53.132378527323404 (10.622s)
Batch 225/485, loss: 44.22317054112752 (10.578s)
Batch 300/485, loss: 38.68997645060222 (10.444s)
Batch 375/485, loss: 35.99355148951213 (10.434s)
Batch 450/485, loss: 43.08848653157552 (10.457s)
Batch 485/485, loss: 38.05502537318638 (4.879s)
F1 score: 0.42045354500541293

-----Epoch 21/250-----
Batch 75/485, loss: 33.48788834253947 (10.560s)
Batch 150/485, loss: 48.91257830937703 (10.393s)
Batch 225/485, loss: 42.82052668253581 (10.415s)
Batch 300/485, loss: 53.42412471135457 (10.421s)
Batch 375/485, loss: 39.61121233622233 (10.416s)
Batch 450/485, loss: 40.29207379659017 (10.450s)
Batch 485/485, loss: 36.67823192051479 (4.881s)
F1 score: 0.4334086718496064

-----Epoch 22/250-----
Batch 75/485, loss: 32.91031572977702 (10.400s)
Batch 150/485, loss: 30.59513613382975 (10.401s)
Batch 225/485, loss: 39.14943183263143 (10.565s)
Batch 300/485, loss: 59.49090425491333 (10.413s)
Batch 375/485, loss: 37.491554794311526 (10.429s)
Batch 450/485, loss: 46.325942497253415 (10.447s)
Batch 485/485, loss: 50.13621606826782 (4.883s)
F1 score: 0.4399640704313614

-----Epoch 23/250-----
Batch 75/485, loss: 28.20915728886922 (10.402s)
Batch 150/485, loss: 38.150386848449706 (10.412s)
Batch 225/485, loss: 50.280404523213704 (10.423s)
Batch 300/485, loss: 37.27444890975952 (10.424s)
Batch 375/485, loss: 48.43830885569255 (10.422s)
Batch 450/485, loss: 33.72661178588867 (10.449s)
Batch 485/485, loss: 58.20444019862584 (4.877s)
F1 score: 0.4528635571712756

-----Epoch 24/250-----
Batch 75/485, loss: 39.13409366607666 (10.573s)
Batch 150/485, loss: 38.07238235473633 (10.407s)
Batch 225/485, loss: 36.59380036671956 (10.580s)
Batch 300/485, loss: 30.179434502919516 (10.427s)
Batch 375/485, loss: 45.13857723236084 (10.439s)
Batch 450/485, loss: 50.02053763071696 (10.443s)
Batch 485/485, loss: 33.35112635748727 (4.878s)
F1 score: 0.46561967804457693

-----Epoch 25/250-----
Batch 75/485, loss: 30.38018772125244 (10.407s)
Batch 150/485, loss: 44.69936047871908 (10.412s)
Batch 225/485, loss: 35.276263478597 (10.415s)
Batch 300/485, loss: 33.25165178934733 (10.426s)
Batch 375/485, loss: 40.828869870503745 (10.432s)
Batch 450/485, loss: 35.59032421747843 (10.450s)
Batch 485/485, loss: 61.84567466463361 (4.875s)
F1 score: 0.4741676653224618
Saved to snn_model-4_v6.pth

-----Epoch 26/250-----
Batch 75/485, loss: 40.35493910471598 (10.581s)
Batch 150/485, loss: 28.038505318959555 (10.410s)
Batch 225/485, loss: 55.90555924097697 (10.425s)
Batch 300/485, loss: 39.64867670059204 (10.581s)
Batch 375/485, loss: 35.70767510732015 (10.438s)
Batch 450/485, loss: 31.941174615224202 (10.452s)
Batch 485/485, loss: 25.03022435052054 (4.880s)
F1 score: 0.4779558023882584

-----Epoch 27/250-----
Batch 75/485, loss: 44.29140806833903 (10.404s)
Batch 150/485, loss: 33.77361977895101 (10.401s)
Batch 225/485, loss: 32.257465839385986 (10.417s)
Batch 300/485, loss: 24.14639045079549 (10.419s)
Batch 375/485, loss: 46.61802632649739 (10.432s)
Batch 450/485, loss: 43.455555260976155 (10.557s)
Batch 485/485, loss: 29.14731236866542 (4.938s)
F1 score: 0.4827447553501866

-----Epoch 28/250-----
Batch 75/485, loss: 34.83621309916178 (10.395s)
Batch 150/485, loss: 35.76974390029907 (10.386s)
Batch 225/485, loss: 44.3240244102478 (10.397s)
Batch 300/485, loss: 31.847057882944743 (10.415s)
Batch 375/485, loss: 27.12065299987793 (10.588s)
Batch 450/485, loss: 37.16855947494507 (10.443s)
Batch 485/485, loss: 44.715357194628034 (4.877s)
F1 score: 0.48958115416804676

-----Epoch 29/250-----
Batch 75/485, loss: 37.71183809280396 (10.568s)
Batch 150/485, loss: 28.990899645487467 (10.414s)
Batch 225/485, loss: 34.66868176142375 (10.426s)
Batch 300/485, loss: 33.00710655848185 (10.416s)
Batch 375/485, loss: 37.95545382817586 (10.431s)
Batch 450/485, loss: 40.51084400812785 (10.440s)
Batch 485/485, loss: 29.728428895132883 (4.872s)
F1 score: 0.4994929209533732

-----Epoch 30/250-----
Batch 75/485, loss: 34.76552619298299 (10.383s)
Batch 150/485, loss: 27.991623973846437 (10.342s)
Batch 225/485, loss: 24.086390126546224 (10.356s)
Batch 300/485, loss: 32.9409522374471 (10.355s)
Batch 375/485, loss: 35.96561912536621 (10.376s)
Batch 450/485, loss: 45.71454088846843 (10.573s)
Batch 485/485, loss: 51.32769313539777 (4.855s)
F1 score: 0.504291447306998

-----Epoch 31/250-----
Batch 75/485, loss: 33.94138683954875 (10.348s)
Batch 150/485, loss: 38.80184183120728 (10.344s)
Batch 225/485, loss: 26.643262170155843 (10.351s)
Batch 300/485, loss: 35.896524060567224 (10.368s)
Batch 375/485, loss: 30.91602954228719 (10.392s)
Batch 450/485, loss: 39.70531681696574 (10.404s)
Batch 485/485, loss: 25.880345930371966 (4.859s)
F1 score: 0.502292105313269

-----Epoch 32/250-----
Batch 75/485, loss: 32.26435082753499 (10.511s)
Batch 150/485, loss: 40.713289184570314 (10.351s)
Batch 225/485, loss: 28.027162793477377 (10.363s)
Batch 300/485, loss: 34.18979574203491 (10.371s)
Batch 375/485, loss: 27.920926049550374 (10.375s)
Batch 450/485, loss: 44.78591954549154 (10.383s)
Batch 485/485, loss: 16.141152490888324 (4.862s)
F1 score: 0.5113555065702144

-----Epoch 33/250-----
Batch 75/485, loss: 22.26949926376343 (10.684s)
Batch 150/485, loss: 35.1389823214213 (10.387s)
Batch 225/485, loss: 39.74905650456746 (10.416s)
Batch 300/485, loss: 44.19532117843628 (10.407s)
Batch 375/485, loss: 29.81553888956706 (10.425s)
Batch 450/485, loss: 28.738395156860353 (10.429s)
Batch 485/485, loss: 22.917306096213206 (4.883s)
F1 score: 0.5155027843767503

-----Epoch 34/250-----
Batch 75/485, loss: 24.001597741444904 (10.405s)
Batch 150/485, loss: 32.86315228144328 (10.411s)
Batch 225/485, loss: 31.199982020060222 (10.413s)
Batch 300/485, loss: 31.05540180206299 (10.430s)
Batch 375/485, loss: 32.336083227793374 (10.445s)
Batch 450/485, loss: 45.21562358220418 (10.441s)
Batch 485/485, loss: 20.496683992658344 (4.890s)
F1 score: 0.5209934425214795

-----Epoch 35/250-----
Batch 75/485, loss: 23.037036984761556 (10.568s)
Batch 150/485, loss: 45.11643626530965 (10.550s)
Batch 225/485, loss: 22.735551102956137 (10.532s)
Batch 300/485, loss: 21.001153888702394 (10.567s)
Batch 375/485, loss: 39.251966393788656 (10.427s)
Batch 450/485, loss: 37.17535536448161 (10.451s)
Batch 485/485, loss: 30.51881410053798 (4.865s)
F1 score: 0.5248003466345521

-----Epoch 36/250-----
Batch 75/485, loss: 43.25237615585327 (10.553s)
Batch 150/485, loss: 33.261263573964435 (10.398s)
Batch 225/485, loss: 21.336527894337973 (10.409s)
Batch 300/485, loss: 34.83204746246338 (10.411s)
Batch 375/485, loss: 36.23886860529581 (10.428s)
Batch 450/485, loss: 21.08947774887085 (10.445s)
Batch 485/485, loss: 22.94214997972761 (4.882s)
F1 score: 0.5326551827923586

-----Epoch 37/250-----
Batch 75/485, loss: 25.019519322713215 (10.569s)
Batch 150/485, loss: 40.441264146169026 (10.409s)
Batch 225/485, loss: 26.066528441111245 (10.577s)
Batch 300/485, loss: 24.377894770304362 (10.441s)
Batch 375/485, loss: 36.366477216084796 (10.433s)
Batch 450/485, loss: 32.23866766611735 (10.421s)
Batch 485/485, loss: 27.15399946485247 (4.894s)
F1 score: 0.5353249599189853

-----Epoch 38/250-----
Batch 75/485, loss: 27.534233862559002 (10.567s)
Batch 150/485, loss: 37.89381291071574 (10.399s)
Batch 225/485, loss: 26.21949763615926 (10.434s)
Batch 300/485, loss: 22.864147987365723 (10.419s)
Batch 375/485, loss: 35.650106048583986 (10.434s)
Batch 450/485, loss: 26.40291411717733 (10.436s)
Batch 485/485, loss: 33.519039916992185 (4.891s)
F1 score: 0.5390872207368157

-----Epoch 39/250-----
Batch 75/485, loss: 21.456021010080974 (10.583s)
Batch 150/485, loss: 32.64238793055217 (10.438s)
Batch 225/485, loss: 26.653387756347655 (10.604s)
Batch 300/485, loss: 25.557198079427085 (10.395s)
Batch 375/485, loss: 36.01328574816386 (10.387s)
Batch 450/485, loss: 40.03868427912394 (10.396s)
Batch 485/485, loss: 20.18364633832659 (4.857s)
F1 score: 0.5419058047862109

-----Epoch 40/250-----
Batch 75/485, loss: 28.91475114822388 (10.364s)
Batch 150/485, loss: 32.093532683054605 (10.386s)
Batch 225/485, loss: 38.005844860076905 (10.382s)
Batch 300/485, loss: 23.96124126434326 (10.389s)
Batch 375/485, loss: 33.929583390553795 (10.393s)
Batch 450/485, loss: 25.05567600886027 (10.404s)
Batch 485/485, loss: 14.773867593492781 (4.852s)
F1 score: 0.5454402594373579

-----Epoch 41/250-----
Batch 75/485, loss: 30.93705274581909 (10.512s)
Batch 150/485, loss: 23.3993865776062 (10.360s)
Batch 225/485, loss: 38.28801152547201 (10.380s)
Batch 300/485, loss: 25.437794437408446 (10.528s)
Batch 375/485, loss: 32.0807580947876 (10.390s)
Batch 450/485, loss: 26.119810104370117 (10.422s)
Batch 485/485, loss: 18.503730256216866 (4.866s)
F1 score: 0.5488320902125582

-----Epoch 42/250-----
Batch 75/485, loss: 20.798414694468182 (10.529s)
Batch 150/485, loss: 27.633403905232747 (10.371s)
Batch 225/485, loss: 32.530703175862634 (10.396s)
Batch 300/485, loss: 28.78233798980713 (10.388s)
Batch 375/485, loss: 25.3782106590271 (10.393s)
Batch 450/485, loss: 35.76277801513672 (10.430s)
Batch 485/485, loss: 24.524423667362758 (4.933s)
F1 score: 0.5521645666215659

-----Epoch 43/250-----
Batch 75/485, loss: 27.25497840245565 (10.539s)
Batch 150/485, loss: 20.93246259689331 (10.411s)
Batch 225/485, loss: 16.219515368143718 (10.407s)
Batch 300/485, loss: 38.77964738210042 (10.426s)
Batch 375/485, loss: 31.222016614278157 (10.588s)
Batch 450/485, loss: 30.943191267649333 (10.418s)
Batch 485/485, loss: 33.78253345489502 (4.865s)
F1 score: 0.5566863866334438

-----Epoch 44/250-----
Batch 75/485, loss: 31.702003491719562 (10.368s)
Batch 150/485, loss: 21.591209259033203 (10.397s)
Batch 225/485, loss: 26.874223410288494 (10.403s)
Batch 300/485, loss: 32.24787203470866 (10.405s)
Batch 375/485, loss: 36.12479388236999 (10.376s)
Batch 450/485, loss: 19.899517631530763 (10.421s)
Batch 485/485, loss: 19.98898720060076 (4.850s)
F1 score: 0.5573992610214462

-----Epoch 45/250-----
Batch 75/485, loss: 21.134314098358153 (10.411s)
Batch 150/485, loss: 29.159422709147137 (10.380s)
Batch 225/485, loss: 20.401003595987955 (10.399s)
Batch 300/485, loss: 31.189252179463704 (10.390s)
Batch 375/485, loss: 37.63643896102905 (10.420s)
Batch 450/485, loss: 23.148920408884685 (10.604s)
Batch 485/485, loss: 32.125849274226596 (4.871s)
F1 score: 0.5606108700411907

-----Epoch 46/250-----
Batch 75/485, loss: 31.016096204121908 (10.384s)
Batch 150/485, loss: 23.840188426971437 (10.383s)
Batch 225/485, loss: 25.163190250396728 (10.391s)
Batch 300/485, loss: 24.77956942240397 (10.382s)
Batch 375/485, loss: 23.67399200439453 (10.398s)
Batch 450/485, loss: 39.73761695861816 (10.410s)
Batch 485/485, loss: 14.048859419141497 (4.857s)
F1 score: 0.5635559850011373

-----Epoch 47/250-----
Batch 75/485, loss: 32.27838207880656 (10.359s)
Batch 150/485, loss: 26.69624164581299 (10.371s)
Batch 225/485, loss: 21.388417936960856 (10.385s)
Batch 300/485, loss: 26.29530605951945 (10.396s)
Batch 375/485, loss: 36.10699254989624 (10.402s)
Batch 450/485, loss: 17.826013100941974 (10.433s)
Batch 485/485, loss: 26.62779286248343 (4.873s)
F1 score: 0.564577493519559

-----Epoch 48/250-----
Batch 75/485, loss: 31.708044134775797 (10.541s)
Batch 150/485, loss: 24.90801571528117 (10.389s)
Batch 225/485, loss: 27.186627152760824 (10.385s)
Batch 300/485, loss: 24.634611218770345 (10.386s)
Batch 375/485, loss: 22.179632034301758 (10.409s)
Batch 450/485, loss: 24.655150566101074 (10.423s)
Batch 485/485, loss: 33.776315103258405 (4.862s)
F1 score: 0.566465893800051

-----Epoch 49/250-----
Batch 75/485, loss: 15.565821113586425 (10.542s)
Batch 150/485, loss: 31.28907236735026 (10.382s)
Batch 225/485, loss: 30.767897294362385 (10.381s)
Batch 300/485, loss: 18.571349646250408 (10.392s)
Batch 375/485, loss: 23.491926746368406 (10.408s)
Batch 450/485, loss: 30.62596700668335 (10.424s)
Batch 485/485, loss: 40.111770493643625 (4.872s)
F1 score: 0.5690328297879776

-----Epoch 50/250-----
Batch 75/485, loss: 30.927610206604005 (10.393s)
Batch 150/485, loss: 24.4939488919576 (10.540s)
Batch 225/485, loss: 25.92559106826782 (10.400s)
Batch 300/485, loss: 21.570286782582603 (10.521s)
Batch 375/485, loss: 26.915251299540202 (10.540s)
Batch 450/485, loss: 29.228553819656373 (10.418s)
Batch 485/485, loss: 18.416339465550013 (4.868s)
F1 score: 0.5704512738530718
Saved to snn_model-4_v6.pth

-----Epoch 51/250-----
Batch 75/485, loss: 30.822309958140057 (10.391s)
Batch 150/485, loss: 31.476317297617594 (10.374s)
Batch 225/485, loss: 21.271896012624104 (10.377s)
Batch 300/485, loss: 21.539010423024497 (10.377s)
Batch 375/485, loss: 26.27560906092326 (10.386s)
Batch 450/485, loss: 22.87792993227641 (10.358s)
Batch 485/485, loss: 26.143523475102015 (4.826s)
F1 score: 0.571518919986378

-----Epoch 52/250-----
Batch 75/485, loss: 17.100148146947223 (10.326s)
Batch 150/485, loss: 31.55252021153768 (10.319s)
Batch 225/485, loss: 33.20083318710327 (10.481s)
Batch 300/485, loss: 18.304997437795002 (10.332s)
Batch 375/485, loss: 23.987991015116375 (10.350s)
Batch 450/485, loss: 26.296261831919352 (10.351s)
Batch 485/485, loss: 37.48909818104335 (4.835s)
F1 score: 0.5730709561279398

-----Epoch 53/250-----
Batch 75/485, loss: 22.44713912328084 (10.314s)
Batch 150/485, loss: 19.92260484377543 (10.314s)
Batch 225/485, loss: 29.73730182011922 (10.301s)
Batch 300/485, loss: 18.766014830271402 (10.313s)
Batch 375/485, loss: 37.07864965438843 (10.306s)
Batch 450/485, loss: 21.437490425109864 (10.332s)
Batch 485/485, loss: 30.57808619907924 (4.818s)
F1 score: 0.5756313715842085

-----Epoch 54/250-----
Batch 75/485, loss: 25.75110350926717 (10.292s)
Batch 150/485, loss: 20.162078507741292 (10.281s)
Batch 225/485, loss: 29.630002822875976 (10.444s)
Batch 300/485, loss: 27.13108403523763 (10.296s)
Batch 375/485, loss: 25.431622568766276 (10.286s)
Batch 450/485, loss: 18.036071281433106 (10.301s)
Batch 485/485, loss: 36.85272136415754 (4.805s)
F1 score: 0.5763230559504707

-----Epoch 55/250-----
Batch 75/485, loss: 21.347604789733886 (10.291s)
Batch 150/485, loss: 38.45055287679036 (10.290s)
Batch 225/485, loss: 22.492261981964113 (10.282s)
Batch 300/485, loss: 22.387588952382405 (10.326s)
Batch 375/485, loss: 18.72735818862915 (10.341s)
Batch 450/485, loss: 23.106974271138508 (10.295s)
Batch 485/485, loss: 35.51383308683123 (4.812s)
F1 score: 0.5775474096053489

-----Epoch 56/250-----
Batch 75/485, loss: 15.286725521087646 (10.291s)
Batch 150/485, loss: 30.968028717041015 (10.290s)
Batch 225/485, loss: 17.421715049743653 (10.289s)
Batch 300/485, loss: 36.705130939483645 (10.436s)
Batch 375/485, loss: 23.529546197255453 (10.278s)
Batch 450/485, loss: 25.857828172047935 (10.293s)
Batch 485/485, loss: 23.30540702683585 (4.812s)
F1 score: 0.5781226052540352

-----Epoch 57/250-----
Batch 75/485, loss: 26.783212884267172 (10.307s)
Batch 150/485, loss: 21.60501676559448 (10.238s)
Batch 225/485, loss: 27.902850424448648 (10.248s)
Batch 300/485, loss: 28.583505363464354 (10.254s)
Batch 375/485, loss: 17.98921227455139 (10.260s)
Batch 450/485, loss: 30.941301317214965 (10.280s)
Batch 485/485, loss: 16.938517488752094 (4.795s)
F1 score: 0.5798846041537452

-----Epoch 58/250-----
Batch 75/485, loss: 22.54342637062073 (10.249s)
Batch 150/485, loss: 27.540182298024494 (10.366s)
Batch 225/485, loss: 29.73135544459025 (10.275s)
Batch 300/485, loss: 11.792854760487874 (10.210s)
Batch 375/485, loss: 21.973266003926597 (10.383s)
Batch 450/485, loss: 39.33774278640747 (10.236s)
Batch 485/485, loss: 15.983853776114328 (4.775s)
F1 score: 0.5805311153252185

-----Epoch 59/250-----
Batch 75/485, loss: 20.806939922968546 (10.159s)
Batch 150/485, loss: 19.50578395207723 (10.190s)
Batch 225/485, loss: 23.844308439890543 (10.207s)
Batch 300/485, loss: 28.69365986506144 (10.198s)
Batch 375/485, loss: 23.25684579849243 (10.200s)
Batch 450/485, loss: 35.02901531219482 (10.208s)
Batch 485/485, loss: 22.822354330335344 (4.768s)
F1 score: 0.5830766137079183

-----Epoch 60/250-----
Batch 75/485, loss: 19.418182468414308 (10.152s)
Batch 150/485, loss: 21.808557523091633 (10.160s)
Batch 225/485, loss: 34.54175797144572 (10.184s)
Batch 300/485, loss: 22.070441570281982 (10.184s)
Batch 375/485, loss: 20.837377503712972 (10.185s)
Batch 450/485, loss: 30.935171902974446 (10.211s)
Batch 485/485, loss: 21.694751862117222 (4.910s)
F1 score: 0.5829714638869351

-----Epoch 61/250-----
Batch 75/485, loss: 31.40593443552653 (10.154s)
Batch 150/485, loss: 30.05970498085022 (10.163s)
Batch 225/485, loss: 14.843984158833821 (10.172s)
Batch 300/485, loss: 25.4079970741272 (10.183s)
Batch 375/485, loss: 27.287538404464723 (10.197s)
Batch 450/485, loss: 24.220618085861204 (10.202s)
Batch 485/485, loss: 9.743409374782017 (4.766s)
F1 score: 0.5833664162976431

-----Epoch 62/250-----
Batch 75/485, loss: 33.84940511067708 (10.312s)
Batch 150/485, loss: 19.930851033528647 (10.171s)
Batch 225/485, loss: 25.625321604410807 (10.195s)
Batch 300/485, loss: 16.38503856976827 (10.178s)
Batch 375/485, loss: 22.256989199320476 (10.181s)
Batch 450/485, loss: 18.725872427622477 (10.191s)
Batch 485/485, loss: 45.61804263251168 (4.757s)
F1 score: 0.5843796088687206

-----Epoch 63/250-----
Batch 75/485, loss: 28.67976792017619 (10.105s)
Batch 150/485, loss: 21.094428265889487 (10.266s)
Batch 225/485, loss: 19.82115406036377 (10.143s)
Batch 300/485, loss: 29.93279348373413 (10.152s)
Batch 375/485, loss: 22.464726912180584 (10.161s)
Batch 450/485, loss: 23.277772092819212 (10.185s)
Batch 485/485, loss: 26.126915400368826 (4.754s)
F1 score: 0.5831802937279859

-----Epoch 64/250-----
Batch 75/485, loss: 16.97462906519572 (10.121s)
Batch 150/485, loss: 34.280345293680824 (10.146s)
Batch 225/485, loss: 24.51397312482198 (10.154s)
Batch 300/485, loss: 22.066146262486775 (10.156s)
Batch 375/485, loss: 17.972950286865235 (10.165s)
Batch 450/485, loss: 29.621634880701702 (10.178s)
Batch 485/485, loss: 24.330730669839042 (4.756s)
F1 score: 0.5838946710199581

-----Epoch 65/250-----
Batch 75/485, loss: 18.23196132659912 (10.241s)
Batch 150/485, loss: 44.43048732757568 (10.114s)
Batch 225/485, loss: 16.399836521148682 (10.274s)
Batch 300/485, loss: 21.340216449101767 (10.108s)
Batch 375/485, loss: 24.00314089457194 (10.086s)
Batch 450/485, loss: 26.576478265126546 (10.101s)
Batch 485/485, loss: 11.360820170811245 (4.785s)
F1 score: 0.5866182056519328

-----Epoch 66/250-----
Batch 75/485, loss: 30.707776177724202 (10.168s)
Batch 150/485, loss: 28.183445987701415 (10.019s)
Batch 225/485, loss: 20.737610994974773 (10.021s)
Batch 300/485, loss: 19.70465313911438 (10.027s)
Batch 375/485, loss: 29.740632031758626 (9.986s)
Batch 450/485, loss: 20.453019981384276 (9.979s)
Batch 485/485, loss: 16.036582742418563 (4.677s)
F1 score: 0.5864985803309706

-----Epoch 67/250-----
Batch 75/485, loss: 23.962044626871744 (10.038s)
Batch 150/485, loss: 27.264271691640218 (10.007s)
Batch 225/485, loss: 21.9323886680603 (10.134s)
Batch 300/485, loss: 22.79259621302287 (9.969s)
Batch 375/485, loss: 26.80761602719625 (9.944s)
Batch 450/485, loss: 21.482216205596924 (9.941s)
Batch 485/485, loss: 23.878950037275043 (4.626s)
F1 score: 0.5872965944458685

-----Epoch 68/250-----
Batch 75/485, loss: 20.68245018005371 (10.129s)
Batch 150/485, loss: 34.658313541412355 (9.942s)
Batch 225/485, loss: 20.3213449605306 (9.935s)
Batch 300/485, loss: 23.215449727376303 (9.913s)
Batch 375/485, loss: 21.287791118621826 (9.892s)
Batch 450/485, loss: 25.867959419886272 (9.935s)
Batch 485/485, loss: 19.018920258113315 (4.632s)
F1 score: 0.5846049810694746

-----Epoch 69/250-----
Batch 75/485, loss: 41.18031260172526 (10.109s)
Batch 150/485, loss: 16.313676001230874 (9.907s)
Batch 225/485, loss: 22.440177345275877 (9.906s)
Batch 300/485, loss: 19.621370595296224 (10.044s)
Batch 375/485, loss: 26.197305450439455 (9.910s)
Batch 450/485, loss: 19.707995020548502 (9.913s)
Batch 485/485, loss: 16.76385220800127 (4.622s)
F1 score: 0.587902905088692

-----Epoch 70/250-----
Batch 75/485, loss: 26.513192761739095 (9.934s)
Batch 150/485, loss: 29.07941186904907 (9.911s)
Batch 225/485, loss: 20.920998833974203 (9.904s)
Batch 300/485, loss: 17.45848693847656 (9.898s)
Batch 375/485, loss: 36.40657559076945 (9.906s)
Batch 450/485, loss: 18.621744543711344 (9.911s)
Batch 485/485, loss: 12.147912556784494 (4.625s)
F1 score: 0.5872948658942939

-----Epoch 71/250-----
Batch 75/485, loss: 18.873553479512534 (9.952s)
Batch 150/485, loss: 30.1594402440389 (9.933s)
Batch 225/485, loss: 19.176457764307656 (9.938s)
Batch 300/485, loss: 30.07980124791463 (9.920s)
Batch 375/485, loss: 19.11955988883972 (10.071s)
Batch 450/485, loss: 22.29099860191345 (9.936s)
Batch 485/485, loss: 28.868402079173496 (4.630s)
F1 score: 0.5875610943655883

-----Epoch 72/250-----
Batch 75/485, loss: 19.178276414871217 (10.100s)
Batch 150/485, loss: 23.515586751302084 (9.913s)
Batch 225/485, loss: 36.39127735773722 (9.913s)
Batch 300/485, loss: 13.6996680132548 (9.905s)
Batch 375/485, loss: 28.688548227945965 (9.918s)
Batch 450/485, loss: 19.08735143025716 (9.922s)
Batch 485/485, loss: 27.45120186124529 (4.634s)
F1 score: 0.5898300140103189

-----Epoch 73/250-----
Batch 75/485, loss: 33.14983965555827 (9.929s)
Batch 150/485, loss: 24.67243791262309 (9.908s)
Batch 225/485, loss: 23.75440481821696 (9.901s)
Batch 300/485, loss: 17.79884375254313 (9.896s)
Batch 375/485, loss: 26.213918571472167 (9.897s)
Batch 450/485, loss: 20.65319404602051 (10.191s)
Batch 485/485, loss: 15.77601889201573 (4.690s)
F1 score: 0.5885306361263988

-----Epoch 74/250-----
Batch 75/485, loss: 14.638246370951334 (10.131s)
Batch 150/485, loss: 14.449564113616944 (9.906s)
Batch 225/485, loss: 28.650276282628376 (9.904s)
Batch 300/485, loss: 16.52098560969035 (9.890s)
Batch 375/485, loss: 31.96404989560445 (9.895s)
Batch 450/485, loss: 33.77063614209493 (9.898s)
Batch 485/485, loss: 25.64639493397304 (4.616s)
F1 score: 0.5899522159536352

-----Epoch 75/250-----
Batch 75/485, loss: 42.01262809117635 (10.076s)
Batch 150/485, loss: 15.889148766199748 (9.890s)
Batch 225/485, loss: 18.98504783630371 (9.893s)
Batch 300/485, loss: 25.79025455792745 (9.881s)
Batch 375/485, loss: 14.175879929860432 (9.891s)
Batch 450/485, loss: 24.879314511617025 (9.893s)
Batch 485/485, loss: 22.344848496573313 (4.617s)
F1 score: 0.5884366990774086
Saved to snn_model-4_v6.pth

-----Epoch 76/250-----
Batch 75/485, loss: 30.26822997411092 (10.075s)
Batch 150/485, loss: 24.036347103118896 (9.906s)
Batch 225/485, loss: 27.427452319463093 (9.889s)
Batch 300/485, loss: 26.530043646494548 (9.882s)
Batch 375/485, loss: 12.738529644012452 (9.894s)
Batch 450/485, loss: 23.07868890762329 (9.903s)
Batch 485/485, loss: 16.85786106927054 (4.624s)
F1 score: 0.5901167577521771

-----Epoch 77/250-----
Batch 75/485, loss: 20.154677775700886 (9.921s)
Batch 150/485, loss: 29.643511788050333 (9.902s)
Batch 225/485, loss: 12.685643424987793 (9.942s)
Batch 300/485, loss: 38.66712555249532 (9.921s)
Batch 375/485, loss: 30.28636255264282 (9.919s)
Batch 450/485, loss: 17.183553110758464 (9.940s)
Batch 485/485, loss: 8.711429922921317 (4.632s)
F1 score: 0.5902103769139955

-----Epoch 78/250-----
Batch 75/485, loss: 37.314214356740315 (9.962s)
Batch 150/485, loss: 16.07695547739665 (10.112s)
Batch 225/485, loss: 16.265325660705567 (9.916s)
Batch 300/485, loss: 35.56036834081014 (9.939s)
Batch 375/485, loss: 20.16367115974426 (9.926s)
Batch 450/485, loss: 17.382846183776856 (9.922s)
Batch 485/485, loss: 20.252523708343507 (4.630s)
F1 score: 0.5919187460905365

-----Epoch 79/250-----
Batch 75/485, loss: 11.689366210301717 (10.093s)
Batch 150/485, loss: 28.31811028798421 (9.922s)
Batch 225/485, loss: 11.280089645385742 (9.931s)
Batch 300/485, loss: 22.25483615875244 (9.913s)
Batch 375/485, loss: 34.478374309539795 (9.918s)
Batch 450/485, loss: 35.88750807126363 (9.924s)
Batch 485/485, loss: 17.854270335606166 (4.637s)
F1 score: 0.5913020979757311

-----Epoch 80/250-----
Batch 75/485, loss: 31.524086265563966 (9.957s)
Batch 150/485, loss: 26.925765349070232 (10.094s)
Batch 225/485, loss: 27.869013735453287 (9.927s)
Batch 300/485, loss: 16.787910334269206 (9.916s)
Batch 375/485, loss: 17.395379508336386 (9.915s)
Batch 450/485, loss: 22.485417795181274 (9.925s)
Batch 485/485, loss: 21.609976441519603 (4.629s)
F1 score: 0.5899339237758594

-----Epoch 81/250-----
Batch 75/485, loss: 22.362828801472983 (9.934s)
Batch 150/485, loss: 22.392141415278118 (9.906s)
Batch 225/485, loss: 31.525680955251058 (9.910s)
Batch 300/485, loss: 14.41018383026123 (9.901s)
Batch 375/485, loss: 24.35970445315043 (9.933s)
Batch 450/485, loss: 24.71373343149821 (10.137s)
Batch 485/485, loss: 23.64167560849871 (4.703s)
F1 score: 0.592119981547666

-----Epoch 82/250-----
Batch 75/485, loss: 33.61301053682963 (10.154s)
Batch 150/485, loss: 26.315994294484458 (9.927s)
Batch 225/485, loss: 19.589083010355633 (10.057s)
Batch 300/485, loss: 18.64488681793213 (9.909s)
Batch 375/485, loss: 20.36406785964966 (9.916s)
Batch 450/485, loss: 26.88377274831136 (9.928s)
Batch 485/485, loss: 13.509559604099818 (4.635s)
F1 score: 0.5914695566537501

-----Epoch 83/250-----
Batch 75/485, loss: 30.35975868542989 (10.097s)
Batch 150/485, loss: 17.69415076891581 (9.919s)
Batch 225/485, loss: 25.15495641708374 (9.922s)
Batch 300/485, loss: 26.493298161824544 (9.915s)
Batch 375/485, loss: 18.791458381017048 (9.907s)
Batch 450/485, loss: 24.301412563323975 (9.912s)
Batch 485/485, loss: 18.232884638650077 (4.624s)
F1 score: 0.5914810592478663

-----Epoch 84/250-----
Batch 75/485, loss: 21.398707628250122 (10.090s)
Batch 150/485, loss: 19.554026800791423 (9.900s)
Batch 225/485, loss: 18.339104709625243 (9.906s)
Batch 300/485, loss: 28.104798272450765 (10.053s)
Batch 375/485, loss: 21.18632745742798 (9.906s)
Batch 450/485, loss: 28.47137128194173 (9.910s)
Batch 485/485, loss: 39.81712438719613 (4.625s)
F1 score: 0.5926537184755801

-----Epoch 85/250-----
Batch 75/485, loss: 22.51597982406616 (9.931s)
Batch 150/485, loss: 32.57044169108073 (9.910s)
Batch 225/485, loss: 35.520181325276695 (9.898s)
Batch 300/485, loss: 18.14668685913086 (9.903s)
Batch 375/485, loss: 25.715773770014444 (9.904s)
Batch 450/485, loss: 12.840323015848796 (9.912s)
Batch 485/485, loss: 9.463902235031128 (4.630s)
F1 score: 0.5922630634945225

-----Epoch 86/250-----
Batch 75/485, loss: 15.776067345937093 (9.934s)
Batch 150/485, loss: 15.346543000539144 (9.911s)
Batch 225/485, loss: 12.31194479306539 (9.924s)
Batch 300/485, loss: 13.85104686419169 (10.073s)
Batch 375/485, loss: 34.54843540191651 (9.923s)
Batch 450/485, loss: 48.962145751317344 (9.943s)
Batch 485/485, loss: 20.93122695514134 (4.633s)
F1 score: 0.5921887758710789

-----Epoch 87/250-----
Batch 75/485, loss: 25.387215010325114 (10.152s)
Batch 150/485, loss: 15.474794375101725 (9.935s)
Batch 225/485, loss: 17.359216559727987 (9.959s)
Batch 300/485, loss: 27.161988175710043 (9.949s)
Batch 375/485, loss: 40.57902621905009 (9.953s)
Batch 450/485, loss: 17.91713784535726 (9.915s)
Batch 485/485, loss: 14.517387567247663 (4.626s)
F1 score: 0.5918576924786317

-----Epoch 88/250-----
Batch 75/485, loss: 17.448229004542032 (10.104s)
Batch 150/485, loss: 20.22917273203532 (9.924s)
Batch 225/485, loss: 18.820693610509238 (9.915s)
Batch 300/485, loss: 28.608313229878743 (9.915s)
Batch 375/485, loss: 27.798483451207478 (9.970s)
Batch 450/485, loss: 23.82205028216044 (10.133s)
Batch 485/485, loss: 27.043587773186818 (4.655s)
F1 score: 0.5918266685286157

-----Epoch 89/250-----
Batch 75/485, loss: 27.223001073201498 (10.001s)
Batch 150/485, loss: 26.274237836201987 (9.974s)
Batch 225/485, loss: 27.65442742029826 (9.978s)
Batch 300/485, loss: 11.223404426574707 (9.957s)
Batch 375/485, loss: 25.1707325108846 (10.055s)
Batch 450/485, loss: 24.450575262705485 (10.105s)
Batch 485/485, loss: 16.267921931403023 (4.642s)
F1 score: 0.5937303946500083

-----Epoch 90/250-----
Batch 75/485, loss: 13.82427308400472 (9.962s)
Batch 150/485, loss: 24.250193662643433 (9.920s)
Batch 225/485, loss: 35.17744115193685 (9.923s)
Batch 300/485, loss: 30.19942377090454 (9.911s)
Batch 375/485, loss: 14.156736338933309 (9.924s)
Batch 450/485, loss: 21.806161835988362 (9.928s)
Batch 485/485, loss: 18.465455136980328 (4.792s)
F1 score: 0.5890289071188346

-----Epoch 91/250-----
Batch 75/485, loss: 23.419918416341147 (10.112s)
Batch 150/485, loss: 23.311661621729534 (9.933s)
Batch 225/485, loss: 22.96910025278727 (9.967s)
Batch 300/485, loss: 26.94256497701009 (9.886s)
Batch 375/485, loss: 30.09853106180827 (9.903s)
Batch 450/485, loss: 12.478731028238933 (9.917s)
Batch 485/485, loss: 19.50925498689924 (4.629s)
F1 score: 0.5904845982015107

-----Epoch 92/250-----
Batch 75/485, loss: 28.576540298461914 (10.098s)
Batch 150/485, loss: 10.84738819440206 (9.971s)
Batch 225/485, loss: 16.100026149749755 (9.919s)
Batch 300/485, loss: 31.795406271616617 (9.896s)
Batch 375/485, loss: 31.72551327705383 (9.920s)
Batch 450/485, loss: 23.028608792622883 (9.940s)
Batch 485/485, loss: 15.994674519130163 (4.633s)
F1 score: 0.5922438013473864

-----Epoch 93/250-----
Batch 75/485, loss: 15.696333379745484 (10.106s)
Batch 150/485, loss: 18.0589599609375 (10.070s)
Batch 225/485, loss: 19.965453259150188 (9.925s)
Batch 300/485, loss: 31.670232162475585 (9.914s)
Batch 375/485, loss: 28.027341995239258 (9.914s)
Batch 450/485, loss: 26.725001866022748 (9.911s)
Batch 485/485, loss: 22.144691249302454 (4.638s)
F1 score: 0.5903997610031974

-----Epoch 94/250-----
Batch 75/485, loss: 32.270972372690835 (10.127s)
Batch 150/485, loss: 12.78332276026408 (9.944s)
Batch 225/485, loss: 22.595464140574137 (9.927s)
Batch 300/485, loss: 21.687504618962606 (9.922s)
Batch 375/485, loss: 25.014415667851765 (9.941s)
Batch 450/485, loss: 29.318289591471355 (9.924s)
Batch 485/485, loss: 12.081558404650007 (4.633s)
F1 score: 0.5898705826017713

-----Epoch 95/250-----
Batch 75/485, loss: 18.814870732625327 (10.114s)
Batch 150/485, loss: 27.45524929682414 (9.937s)
Batch 225/485, loss: 27.417342758178712 (10.098s)
Batch 300/485, loss: 19.88992741584778 (9.933s)
Batch 375/485, loss: 29.56642603556315 (9.934s)
Batch 450/485, loss: 17.605818843841554 (9.948s)
Batch 485/485, loss: 13.740893050602503 (4.642s)
F1 score: 0.5905275384328332

-----Epoch 96/250-----
Batch 75/485, loss: 12.466248270670572 (10.098s)
Batch 150/485, loss: 22.231231950124105 (9.900s)
Batch 225/485, loss: 17.102784042358397 (9.919s)
Batch 300/485, loss: 25.339766114552816 (9.907s)
Batch 375/485, loss: 23.690854949951174 (9.915s)
Batch 450/485, loss: 19.069389629364014 (9.934s)
Batch 485/485, loss: 55.638031012671334 (4.649s)
F1 score: 0.5939517090777705

-----Epoch 97/250-----
Batch 75/485, loss: 28.128666667938234 (9.940s)
Batch 150/485, loss: 13.678441464106243 (9.908s)
Batch 225/485, loss: 32.37393201828003 (9.918s)
Batch 300/485, loss: 19.80185857772827 (10.054s)
Batch 375/485, loss: 29.176278251012167 (10.061s)
Batch 450/485, loss: 20.768157660166423 (10.024s)
Batch 485/485, loss: 14.010919857025147 (4.649s)
F1 score: 0.5928183556338323

-----Epoch 98/250-----
Batch 75/485, loss: 24.546200669606527 (10.153s)
Batch 150/485, loss: 23.974975414276123 (9.983s)
Batch 225/485, loss: 20.743805802663168 (9.969s)
Batch 300/485, loss: 31.706780834198 (9.952s)
Batch 375/485, loss: 15.901975498199462 (9.952s)
Batch 450/485, loss: 17.28953187306722 (9.971s)
Batch 485/485, loss: 29.65898106438773 (4.649s)
F1 score: 0.5929538391451858

-----Epoch 99/250-----
Batch 75/485, loss: 22.00456569671631 (10.016s)
Batch 150/485, loss: 24.100239168802897 (9.979s)
Batch 225/485, loss: 26.631266387303672 (10.051s)
Batch 300/485, loss: 20.9275324122111 (10.042s)
Batch 375/485, loss: 15.967808939615885 (10.161s)
Batch 450/485, loss: 24.547884737650552 (9.965s)
Batch 485/485, loss: 30.312711347852435 (4.651s)
F1 score: 0.592943666990651

-----Epoch 100/250-----
Batch 75/485, loss: 31.494633855819703 (9.999s)
Batch 150/485, loss: 23.566278495788573 (9.986s)
Batch 225/485, loss: 31.213838335673014 (9.971s)
Batch 300/485, loss: 16.6698255443573 (9.968s)
Batch 375/485, loss: 16.64287265141805 (9.970s)
Batch 450/485, loss: 16.829605827331545 (9.981s)
Batch 485/485, loss: 27.945813969203403 (4.658s)
F1 score: 0.5911372731991668
Saved to snn_model-4_v6.pth

-----Epoch 101/250-----
Batch 75/485, loss: 19.902025225957235 (10.147s)
Batch 150/485, loss: 31.706615454355877 (10.006s)
Batch 225/485, loss: 17.43191413561503 (10.008s)
Batch 300/485, loss: 31.808892803192137 (10.065s)
Batch 375/485, loss: 21.28172903060913 (10.068s)
Batch 450/485, loss: 18.871066211064658 (10.198s)
Batch 485/485, loss: 17.337969997950964 (4.654s)
F1 score: 0.5910369451471393

-----Epoch 102/250-----
Batch 75/485, loss: 28.847850109736125 (10.158s)
Batch 150/485, loss: 16.073889563878378 (9.959s)
Batch 225/485, loss: 30.456330051422118 (9.962s)
Batch 300/485, loss: 26.14315679550171 (9.965s)
Batch 375/485, loss: 15.545619881947836 (9.965s)
Batch 450/485, loss: 23.08699159304301 (9.974s)
Batch 485/485, loss: 17.85785288129534 (4.654s)
F1 score: 0.5914385521812755

-----Epoch 103/250-----
Batch 75/485, loss: 25.847412977218628 (9.992s)
Batch 150/485, loss: 16.930290988286337 (9.952s)
Batch 225/485, loss: 21.46988976796468 (9.951s)
Batch 300/485, loss: 24.44209278424581 (9.989s)
Batch 375/485, loss: 19.752513790130614 (9.988s)
Batch 450/485, loss: 31.548102633158365 (10.066s)
Batch 485/485, loss: 20.09103979383196 (4.698s)
F1 score: 0.5933869586688333

-----Epoch 104/250-----
Batch 75/485, loss: 16.094530070622763 (10.396s)
Batch 150/485, loss: 27.693291015625 (10.001s)
Batch 225/485, loss: 20.482473786671957 (9.988s)
Batch 300/485, loss: 16.405079666773478 (10.032s)
Batch 375/485, loss: 36.68036475499471 (9.951s)
Batch 450/485, loss: 26.12252778371175 (9.984s)
Batch 485/485, loss: 14.119226135526384 (4.687s)
F1 score: 0.5926665189249831

-----Epoch 105/250-----
Batch 75/485, loss: 11.04980993270874 (10.230s)
Batch 150/485, loss: 24.4296595064799 (10.035s)
Batch 225/485, loss: 25.28182596206665 (9.963s)
Batch 300/485, loss: 19.955458857218424 (10.013s)
Batch 375/485, loss: 16.16374988555908 (10.064s)
Batch 450/485, loss: 36.661501576105756 (9.972s)
Batch 485/485, loss: 32.62950617926462 (4.642s)
F1 score: 0.5918862585196549

-----Epoch 106/250-----
Batch 75/485, loss: 23.203175427118936 (10.125s)
Batch 150/485, loss: 24.405291392008465 (9.957s)
Batch 225/485, loss: 18.397129287719725 (9.949s)
Batch 300/485, loss: 29.41841209411621 (9.945s)
Batch 375/485, loss: 14.845176032384236 (9.954s)
Batch 450/485, loss: 27.21035343805949 (9.958s)
Batch 485/485, loss: 23.472304657527378 (4.652s)
F1 score: 0.5928484520052136

-----Epoch 107/250-----
Batch 75/485, loss: 21.339351660410564 (10.164s)
Batch 150/485, loss: 23.23612429936727 (10.053s)
Batch 225/485, loss: 23.606661135355633 (10.059s)
Batch 300/485, loss: 22.447640711466473 (9.994s)
Batch 375/485, loss: 18.067351290384927 (9.944s)
Batch 450/485, loss: 18.707374057769776 (9.956s)
Batch 485/485, loss: 42.07783229010446 (4.643s)
F1 score: 0.5939014016105065

-----Epoch 108/250-----
Batch 75/485, loss: 14.124655866622925 (10.124s)
Batch 150/485, loss: 19.289942423502605 (10.087s)
Batch 225/485, loss: 13.75413121541341 (9.943s)
Batch 300/485, loss: 29.4407146581014 (9.939s)
Batch 375/485, loss: 19.54824683825175 (9.938s)
Batch 450/485, loss: 27.325527273813883 (9.956s)
Batch 485/485, loss: 52.65499144962856 (4.648s)
F1 score: 0.5918422308591087

-----Epoch 109/250-----
Batch 75/485, loss: 17.439735037485757 (10.108s)
Batch 150/485, loss: 28.970138810475667 (9.928s)
Batch 225/485, loss: 26.95073821703593 (9.926s)
Batch 300/485, loss: 24.927087446848553 (9.988s)
Batch 375/485, loss: 24.124142138163247 (9.975s)
Batch 450/485, loss: 17.218760633468627 (10.060s)
Batch 485/485, loss: 19.996257836478097 (4.695s)
F1 score: 0.5900894315915185

-----Epoch 110/250-----
Batch 75/485, loss: 23.01571955362956 (10.243s)
Batch 150/485, loss: 26.355589326222738 (10.126s)
Batch 225/485, loss: 18.348667424519856 (9.962s)
Batch 300/485, loss: 22.229683151245116 (9.947s)
Batch 375/485, loss: 20.843629331588744 (9.954s)
Batch 450/485, loss: 32.94287144025167 (9.961s)
Batch 485/485, loss: 11.546450628553117 (4.646s)
F1 score: 0.589575966884355

-----Epoch 111/250-----
Batch 75/485, loss: 13.451125332514446 (10.130s)
Batch 150/485, loss: 10.595426829655965 (9.957s)
Batch 225/485, loss: 48.647010997136434 (9.947s)
Batch 300/485, loss: 20.424059047698975 (9.946s)
Batch 375/485, loss: 24.87130934079488 (9.950s)
Batch 450/485, loss: 18.32683341662089 (9.959s)
Batch 485/485, loss: 25.474714742388045 (4.640s)
F1 score: 0.5907139907313228

-----Epoch 112/250-----
Batch 75/485, loss: 22.70556067784627 (9.983s)
Batch 150/485, loss: 12.417534732818604 (9.955s)
Batch 225/485, loss: 22.27486176172892 (10.096s)
Batch 300/485, loss: 26.303502972920736 (9.947s)
Batch 375/485, loss: 27.06393679300944 (9.951s)
Batch 450/485, loss: 24.572638556162516 (9.959s)
Batch 485/485, loss: 35.53533504349845 (4.650s)
F1 score: 0.5928890075483043

-----Epoch 113/250-----
Batch 75/485, loss: 25.303211847941082 (10.158s)
Batch 150/485, loss: 18.22316925684611 (9.979s)
Batch 225/485, loss: 27.490032431284586 (9.993s)
Batch 300/485, loss: 37.55606038411458 (10.096s)
Batch 375/485, loss: 13.078880767822266 (10.017s)
Batch 450/485, loss: 15.025252552032471 (9.984s)
Batch 485/485, loss: 19.700744915008546 (4.653s)
F1 score: 0.5923922480944194

-----Epoch 114/250-----
Batch 75/485, loss: 21.03261568069458 (10.149s)
Batch 150/485, loss: 20.71098079999288 (9.961s)
Batch 225/485, loss: 25.121442702611287 (9.973s)
Batch 300/485, loss: 19.679829142888387 (10.114s)
Batch 375/485, loss: 18.299241545995077 (9.971s)
Batch 450/485, loss: 22.96575523376465 (9.977s)
Batch 485/485, loss: 39.9307094505855 (4.665s)
F1 score: 0.593146838499947

-----Epoch 115/250-----
Batch 75/485, loss: 24.900533618927003 (10.145s)
Batch 150/485, loss: 33.263909819920855 (9.977s)
Batch 225/485, loss: 20.970873327255248 (9.964s)
Batch 300/485, loss: 25.485293321609497 (9.968s)
Batch 375/485, loss: 14.959004983901977 (9.972s)
Batch 450/485, loss: 17.95903388977051 (9.982s)
Batch 485/485, loss: 23.11676639829363 (4.663s)
F1 score: 0.5925653956388456

-----Epoch 116/250-----
Batch 75/485, loss: 23.063934319814045 (10.159s)
Batch 150/485, loss: 28.42935941696167 (9.996s)
Batch 225/485, loss: 20.83473431905111 (9.982s)
Batch 300/485, loss: 18.215219405492146 (9.972s)
Batch 375/485, loss: 22.315740801493327 (10.125s)
Batch 450/485, loss: 23.22053506533305 (9.981s)
Batch 485/485, loss: 26.7706663949149 (4.656s)
F1 score: 0.5920471439479402

-----Epoch 117/250-----
Batch 75/485, loss: 20.833155517578124 (10.148s)
Batch 150/485, loss: 17.331929403940837 (9.972s)
Batch 225/485, loss: 25.431638857523602 (9.962s)
Batch 300/485, loss: 18.46615145365397 (9.959s)
Batch 375/485, loss: 18.769322929382323 (9.973s)
Batch 450/485, loss: 32.874403667449954 (9.984s)
Batch 485/485, loss: 30.85537578037807 (4.652s)
F1 score: 0.5891132540082487

-----Epoch 118/250-----
Batch 75/485, loss: 15.81004020690918 (10.160s)
Batch 150/485, loss: 26.842437152862548 (9.982s)
Batch 225/485, loss: 24.73534418741862 (9.973s)
Batch 300/485, loss: 15.632701371510823 (9.974s)
Batch 375/485, loss: 22.891459509531657 (9.998s)
Batch 450/485, loss: 30.7491681321462 (10.139s)
Batch 485/485, loss: 27.12122493471418 (4.658s)
F1 score: 0.5929728175638685

-----Epoch 119/250-----
Batch 75/485, loss: 20.611635411580405 (10.156s)
Batch 150/485, loss: 23.160773595174152 (9.976s)
Batch 225/485, loss: 14.009973125457764 (9.982s)
Batch 300/485, loss: 30.716251106262206 (9.966s)
Batch 375/485, loss: 26.99674354235331 (9.972s)
Batch 450/485, loss: 23.260675048828126 (9.978s)
Batch 485/485, loss: 22.85598145893642 (4.662s)
F1 score: 0.5898005398457336

-----Epoch 120/250-----
Batch 75/485, loss: 26.365704952875774 (10.004s)
Batch 150/485, loss: 12.162530047098796 (9.965s)
Batch 225/485, loss: 24.59849801381429 (9.996s)
Batch 300/485, loss: 21.028127142588296 (9.963s)
Batch 375/485, loss: 31.19585812886556 (9.973s)
Batch 450/485, loss: 26.32987715403239 (9.975s)
Batch 485/485, loss: 23.242035034724644 (4.651s)
F1 score: 0.5895355239640683

-----Epoch 121/250-----
Batch 75/485, loss: 17.610329624811808 (10.134s)
Batch 150/485, loss: 24.12580589612325 (9.968s)
Batch 225/485, loss: 22.657004448572795 (10.055s)
Batch 300/485, loss: 20.05790076891581 (10.068s)
Batch 375/485, loss: 27.4529313882192 (9.954s)
Batch 450/485, loss: 25.069194100697835 (9.984s)
Batch 485/485, loss: 27.664970091411046 (4.660s)
F1 score: 0.5882104825786053

-----Epoch 122/250-----
Batch 75/485, loss: 27.234525394439697 (10.155s)
Batch 150/485, loss: 24.154216515223187 (9.980s)
Batch 225/485, loss: 32.000098298390704 (9.981s)
Batch 300/485, loss: 16.39610652923584 (9.964s)
Batch 375/485, loss: 23.921023203531902 (9.974s)
Batch 450/485, loss: 19.35119426727295 (9.977s)
Batch 485/485, loss: 23.143775245121546 (4.656s)
F1 score: 0.5894160210969518

-----Epoch 123/250-----
Batch 75/485, loss: 19.955368197758993 (10.141s)
Batch 150/485, loss: 25.148843008677165 (9.965s)
Batch 225/485, loss: 28.204128408432005 (9.966s)
Batch 300/485, loss: 17.3020698928833 (9.954s)
Batch 375/485, loss: 22.644435043334962 (9.961s)
Batch 450/485, loss: 27.93622194925944 (9.978s)
Batch 485/485, loss: 15.985905061449323 (4.744s)
F1 score: 0.5873043126119969

-----Epoch 124/250-----
Batch 75/485, loss: 18.01249174753825 (10.169s)
Batch 150/485, loss: 14.440772012074788 (9.993s)
Batch 225/485, loss: 23.917235797246295 (9.978s)
Batch 300/485, loss: 21.266589956283568 (9.983s)
Batch 375/485, loss: 43.27150568008423 (9.987s)
Batch 450/485, loss: 18.7013489596049 (9.996s)
Batch 485/485, loss: 20.668260765075683 (4.669s)
F1 score: 0.5896577751995495

-----Epoch 125/250-----
Batch 75/485, loss: 19.062831268310546 (10.164s)
Batch 150/485, loss: 26.93660472869873 (10.145s)
Batch 225/485, loss: 24.973153514862062 (9.990s)
Batch 300/485, loss: 25.935013434092205 (9.976s)
Batch 375/485, loss: 16.798221441904705 (9.981s)
Batch 450/485, loss: 31.082346827189127 (9.994s)
Batch 485/485, loss: 16.531522267205375 (4.663s)
F1 score: 0.5865231901058304
Saved to snn_model-4_v6.pth

-----Epoch 126/250-----
Batch 75/485, loss: 21.531910292307536 (10.158s)
Batch 150/485, loss: 17.43044646581014 (9.977s)
Batch 225/485, loss: 27.429945532480875 (9.979s)
Batch 300/485, loss: 23.454072370529175 (9.963s)
Batch 375/485, loss: 23.039595775604248 (9.965s)
Batch 450/485, loss: 29.576805982589722 (9.991s)
Batch 485/485, loss: 16.60532225200108 (4.663s)
F1 score: 0.5874140811486293

-----Epoch 127/250-----
Batch 75/485, loss: 26.626690292358397 (10.163s)
Batch 150/485, loss: 20.683215573628743 (10.135s)
Batch 225/485, loss: 20.761738891601563 (9.979s)
Batch 300/485, loss: 16.570205510457356 (9.970s)
Batch 375/485, loss: 19.331854775746663 (9.985s)
Batch 450/485, loss: 27.196473105748495 (9.999s)
Batch 485/485, loss: 39.609387493133546 (4.664s)
F1 score: 0.5872208101799989

-----Epoch 128/250-----
Batch 75/485, loss: 24.165614528656008 (10.164s)
Batch 150/485, loss: 20.08584320704142 (9.994s)
Batch 225/485, loss: 21.38386513074239 (10.001s)
Batch 300/485, loss: 19.51012093861898 (9.980s)
Batch 375/485, loss: 30.7917759958903 (9.985s)
Batch 450/485, loss: 22.63142915725708 (9.990s)
Batch 485/485, loss: 31.479567432403563 (4.659s)
F1 score: 0.5879845681180875

-----Epoch 129/250-----
Batch 75/485, loss: 23.39748220761617 (10.166s)
Batch 150/485, loss: 18.950555165608723 (10.021s)
Batch 225/485, loss: 22.59569893836975 (10.266s)
Batch 300/485, loss: 26.16556755701701 (9.999s)
Batch 375/485, loss: 29.158919684092204 (9.974s)
Batch 450/485, loss: 28.7434420077006 (9.970s)
Batch 485/485, loss: 11.96812024797712 (4.650s)
F1 score: 0.5843099986761239

-----Epoch 130/250-----
Batch 75/485, loss: 29.202406107584636 (10.146s)
Batch 150/485, loss: 28.36204702059428 (9.979s)
Batch 225/485, loss: 22.744797881444295 (9.969s)
Batch 300/485, loss: 15.629245173136393 (9.970s)
Batch 375/485, loss: 33.69384194056193 (9.969s)
Batch 450/485, loss: 15.089407444000244 (9.980s)
Batch 485/485, loss: 19.698896040235248 (4.724s)
F1 score: 0.5858784799218373

-----Epoch 131/250-----
Batch 75/485, loss: 13.31833213488261 (10.312s)
Batch 150/485, loss: 14.53900307973226 (9.994s)
Batch 225/485, loss: 29.009683074951173 (9.993s)
Batch 300/485, loss: 19.4174631690979 (10.119s)
Batch 375/485, loss: 40.07810427347819 (9.975s)
Batch 450/485, loss: 34.16448631922404 (9.987s)
Batch 485/485, loss: 13.422722516741072 (4.657s)
F1 score: 0.5861413697813912

-----Epoch 132/250-----
Batch 75/485, loss: 37.626544071833294 (10.152s)
Batch 150/485, loss: 12.255542755126953 (9.968s)
Batch 225/485, loss: 12.81806263923645 (9.987s)
Batch 300/485, loss: 25.02390263557434 (9.988s)
Batch 375/485, loss: 26.17465902964274 (10.006s)
Batch 450/485, loss: 26.00715123494466 (10.085s)
Batch 485/485, loss: 31.95089329310826 (4.694s)
F1 score: 0.5825931333890365

-----Epoch 133/250-----
Batch 75/485, loss: 22.011248772939044 (10.084s)
Batch 150/485, loss: 36.8739737256368 (9.996s)
Batch 225/485, loss: 15.240187530517579 (9.999s)
Batch 300/485, loss: 25.713713709513346 (9.988s)
Batch 375/485, loss: 22.713762435913086 (10.152s)
Batch 450/485, loss: 17.5285081354777 (10.008s)
Batch 485/485, loss: 23.85186514173235 (4.667s)
F1 score: 0.5820410853403343

-----Epoch 134/250-----
Batch 75/485, loss: 28.856547403335572 (10.161s)
Batch 150/485, loss: 18.507679704030355 (9.987s)
Batch 225/485, loss: 42.58894180297852 (9.974s)
Batch 300/485, loss: 14.891818205515543 (9.961s)
Batch 375/485, loss: 16.4908446820577 (9.968s)
Batch 450/485, loss: 28.945521863301597 (9.964s)
Batch 485/485, loss: 13.200585501534599 (4.654s)
F1 score: 0.5835900561919927

-----Epoch 135/250-----
Batch 75/485, loss: 35.93916391372681 (9.988s)
Batch 150/485, loss: 22.24997016906738 (9.957s)
Batch 225/485, loss: 21.347607390085855 (9.965s)
Batch 300/485, loss: 19.47693589528402 (9.955s)
Batch 375/485, loss: 18.17318733851115 (9.959s)
Batch 450/485, loss: 25.89269246419271 (10.125s)
Batch 485/485, loss: 24.935105548586165 (4.648s)
F1 score: 0.5803562826030727

-----Epoch 136/250-----
Batch 75/485, loss: 37.637666867574055 (9.988s)
Batch 150/485, loss: 28.100824292500814 (9.965s)
Batch 225/485, loss: 20.398025964101155 (9.960s)
Batch 300/485, loss: 17.762205778757732 (9.946s)
Batch 375/485, loss: 25.77796594619751 (9.958s)
Batch 450/485, loss: 21.046286748250324 (9.965s)
Batch 485/485, loss: 16.636083398546493 (4.658s)
F1 score: 0.5839285975541781

-----Epoch 137/250-----
Batch 75/485, loss: 19.76055555343628 (10.001s)
Batch 150/485, loss: 25.523759689331055 (10.089s)
Batch 225/485, loss: 20.352284622192382 (10.056s)
Batch 300/485, loss: 37.09749639511109 (9.936s)
Batch 375/485, loss: 26.84076794306437 (9.926s)
Batch 450/485, loss: 21.018777980804444 (9.938s)
Batch 485/485, loss: 32.584216363089425 (4.632s)
F1 score: 0.5815158471167325

-----Epoch 138/250-----
Batch 75/485, loss: 32.26933324813843 (10.118s)
Batch 150/485, loss: 32.70069114049276 (9.938s)
Batch 225/485, loss: 26.241722717285157 (10.006s)
Batch 300/485, loss: 20.371428769429524 (10.117s)
Batch 375/485, loss: 18.31038000424703 (10.089s)
Batch 450/485, loss: 13.63780532836914 (9.951s)
Batch 485/485, loss: 35.22853941236224 (4.638s)
F1 score: 0.5787055989016926

-----Epoch 139/250-----
Batch 75/485, loss: 28.698223724365235 (10.145s)
Batch 150/485, loss: 13.76376179377238 (10.001s)
Batch 225/485, loss: 30.20722131729126 (10.024s)
Batch 300/485, loss: 19.938816274007163 (10.020s)
Batch 375/485, loss: 19.877648906707762 (9.937s)
Batch 450/485, loss: 29.198390690485635 (9.928s)
Batch 485/485, loss: 29.359519004821777 (4.634s)
F1 score: 0.579499664305296

-----Epoch 140/250-----
Batch 75/485, loss: 23.423384965260823 (10.108s)
Batch 150/485, loss: 29.985249703725177 (10.083s)
Batch 225/485, loss: 14.847972100575765 (9.934s)
Batch 300/485, loss: 30.423170245488485 (9.926s)
Batch 375/485, loss: 26.832736320495606 (9.928s)
Batch 450/485, loss: 29.830585015614826 (9.936s)
Batch 485/485, loss: 15.771129785265241 (4.634s)
F1 score: 0.5755954491678551

-----Epoch 141/250-----
Batch 75/485, loss: 29.283617413838705 (9.948s)
Batch 150/485, loss: 20.460279083251955 (9.911s)
Batch 225/485, loss: 23.498444970448812 (9.908s)
Batch 300/485, loss: 34.137985413869224 (9.910s)
Batch 375/485, loss: 27.681845696767173 (9.935s)
Batch 450/485, loss: 18.882702051798503 (9.939s)
Batch 485/485, loss: 28.063099915640695 (4.644s)
F1 score: 0.5765652803293209

-----Epoch 142/250-----
Batch 75/485, loss: 12.966026109059651 (10.102s)
Batch 150/485, loss: 28.768225269317625 (10.073s)
Batch 225/485, loss: 41.083981393178306 (9.958s)
Batch 300/485, loss: 20.591876900990805 (9.960s)
Batch 375/485, loss: 20.142059809366863 (9.939s)
Batch 450/485, loss: 30.753765999476116 (9.946s)
Batch 485/485, loss: 9.623497227260044 (4.645s)
F1 score: 0.5744505306695407

-----Epoch 143/250-----
Batch 75/485, loss: 36.040206934611 (10.113s)
Batch 150/485, loss: 24.80660089492798 (9.938s)
Batch 225/485, loss: 20.284299348195393 (9.950s)
Batch 300/485, loss: 25.593248189290364 (9.931s)
Batch 375/485, loss: 19.67874090830485 (9.933s)
Batch 450/485, loss: 18.15120813369751 (9.934s)
Batch 485/485, loss: 21.20950974055699 (4.634s)
F1 score: 0.5716223077260659

-----Epoch 144/250-----
Batch 75/485, loss: 16.47028689702352 (10.115s)
Batch 150/485, loss: 30.628772954940796 (9.936s)
Batch 225/485, loss: 35.97556236902873 (10.082s)
Batch 300/485, loss: 19.522559382120768 (9.891s)
Batch 375/485, loss: 18.971527846654258 (9.921s)
Batch 450/485, loss: 23.007372086842853 (9.917s)
Batch 485/485, loss: 21.89094490323748 (4.686s)
F1 score: 0.5764629372065694

-----Epoch 145/250-----
Batch 75/485, loss: 24.006424738566082 (10.001s)
Batch 150/485, loss: 12.778548107147216 (10.067s)
Batch 225/485, loss: 26.132257703145346 (9.964s)
Batch 300/485, loss: 18.233175837198893 (9.954s)
Batch 375/485, loss: 22.894541091918946 (9.949s)
Batch 450/485, loss: 30.558763440450033 (9.955s)
Batch 485/485, loss: 42.82394756589617 (4.649s)
F1 score: 0.5769538014044784

-----Epoch 146/250-----
Batch 75/485, loss: 17.656891949971516 (10.119s)
Batch 150/485, loss: 17.456109517415364 (9.958s)
Batch 225/485, loss: 20.93891414642334 (9.950s)
Batch 300/485, loss: 46.35420902252197 (10.081s)
Batch 375/485, loss: 23.152711000442505 (9.930s)
Batch 450/485, loss: 23.87067834854126 (9.943s)
Batch 485/485, loss: 19.937811865125383 (4.635s)
F1 score: 0.575314774092501

-----Epoch 147/250-----
Batch 75/485, loss: 20.44180899302165 (10.112s)
Batch 150/485, loss: 18.86484771092733 (9.928s)
Batch 225/485, loss: 16.387308216094972 (9.926s)
Batch 300/485, loss: 27.00901340484619 (9.923s)
Batch 375/485, loss: 25.195518703460692 (9.930s)
Batch 450/485, loss: 29.15592093149821 (9.945s)
Batch 485/485, loss: 44.0799733706883 (4.640s)
F1 score: 0.575035080144406

-----Epoch 148/250-----
Batch 75/485, loss: 37.50533348719279 (10.114s)
Batch 150/485, loss: 32.86102762540182 (9.933s)
Batch 225/485, loss: 14.554115950266521 (9.925s)
Batch 300/485, loss: 24.920922622680663 (9.921s)
Batch 375/485, loss: 20.43831089655558 (10.090s)
Batch 450/485, loss: 24.51639149983724 (9.963s)
Batch 485/485, loss: 23.857324641091484 (4.648s)
F1 score: 0.5694066957404109

-----Epoch 149/250-----
Batch 75/485, loss: 17.098613001505534 (10.123s)
Batch 150/485, loss: 30.329934272766113 (9.947s)
Batch 225/485, loss: 25.697043329874674 (9.946s)
Batch 300/485, loss: 39.28641969680786 (9.930s)
Batch 375/485, loss: 17.241150970458985 (9.934s)
Batch 450/485, loss: 16.150249621073407 (9.949s)
Batch 485/485, loss: 38.33336856024606 (4.640s)
F1 score: 0.5691559894828857

-----Epoch 150/250-----
Batch 75/485, loss: 18.474426097869873 (10.120s)
Batch 150/485, loss: 28.352170416514078 (9.935s)
Batch 225/485, loss: 36.01016511917114 (9.940s)
Batch 300/485, loss: 16.00149648030599 (9.928s)
Batch 375/485, loss: 28.41157709121704 (9.935s)
Batch 450/485, loss: 20.73911409378052 (10.108s)
Batch 485/485, loss: 18.18951941898891 (4.641s)
F1 score: 0.5671823438271412
Saved to snn_model-4_v6.pth

-----Epoch 151/250-----
Batch 75/485, loss: 36.695089438756305 (9.973s)
Batch 150/485, loss: 27.5505411529541 (9.946s)
Batch 225/485, loss: 24.2410271581014 (9.980s)
Batch 300/485, loss: 22.459578097661336 (9.962s)
Batch 375/485, loss: 19.960175755818685 (9.978s)
Batch 450/485, loss: 22.000674266815185 (9.984s)
Batch 485/485, loss: 19.171633788517543 (4.665s)
F1 score: 0.5701146229087837

-----Epoch 152/250-----
Batch 75/485, loss: 25.84582769393921 (10.189s)
Batch 150/485, loss: 31.75308906555176 (9.983s)
Batch 225/485, loss: 26.82509620030721 (9.952s)
Batch 300/485, loss: 15.365929171244304 (9.945s)
Batch 375/485, loss: 29.59857432047526 (9.947s)
Batch 450/485, loss: 13.710207150777181 (9.949s)
Batch 485/485, loss: 29.146040534973146 (4.651s)
F1 score: 0.5704407469790057

-----Epoch 153/250-----
Batch 75/485, loss: 29.3902924601237 (10.451s)
Batch 150/485, loss: 20.379037907918296 (10.025s)
Batch 225/485, loss: 24.46485096613566 (9.941s)
Batch 300/485, loss: 22.816689551671345 (9.940s)
Batch 375/485, loss: 22.32011999130249 (9.938s)
Batch 450/485, loss: 24.723378715515135 (9.949s)
Batch 485/485, loss: 31.560027360916138 (4.637s)
F1 score: 0.5698287317027069

-----Epoch 154/250-----
Batch 75/485, loss: 35.423940057754514 (9.967s)
Batch 150/485, loss: 26.983138287862143 (9.944s)
Batch 225/485, loss: 33.11723805745443 (9.935s)
Batch 300/485, loss: 14.992714312871298 (9.938s)
Batch 375/485, loss: 21.056339670817056 (9.945s)
Batch 450/485, loss: 17.437729810078938 (9.944s)
Batch 485/485, loss: 20.883830233982632 (4.640s)
F1 score: 0.5681467948149082

-----Epoch 155/250-----
Batch 75/485, loss: 28.360968004862467 (10.113s)
Batch 150/485, loss: 30.25317616144816 (9.951s)
Batch 225/485, loss: 31.802521743774413 (9.953s)
Batch 300/485, loss: 24.62515483220418 (9.939s)
Batch 375/485, loss: 16.05565083503723 (9.941s)
Batch 450/485, loss: 17.95124931335449 (9.948s)
Batch 485/485, loss: 16.57247052873884 (4.638s)
F1 score: 0.5667797088452101

-----Epoch 156/250-----
Batch 75/485, loss: 31.960610993703206 (9.965s)
Batch 150/485, loss: 27.090518442789712 (9.921s)
Batch 225/485, loss: 18.422252724965414 (9.936s)
Batch 300/485, loss: 25.867075595855713 (9.919s)
Batch 375/485, loss: 17.863647747039796 (9.941s)
Batch 450/485, loss: 24.204909795125324 (9.941s)
Batch 485/485, loss: 24.081500155585154 (4.634s)
F1 score: 0.5696587246445906

-----Epoch 157/250-----
Batch 75/485, loss: 28.136379515329995 (9.957s)
Batch 150/485, loss: 17.97273734410604 (10.087s)
Batch 225/485, loss: 15.072346935272217 (9.923s)
Batch 300/485, loss: 18.19321973800659 (9.917s)
Batch 375/485, loss: 29.031849091847736 (9.925s)
Batch 450/485, loss: 31.673387985229493 (9.946s)
Batch 485/485, loss: 35.19349975585938 (4.642s)
F1 score: 0.5729140084620291

-----Epoch 158/250-----
Batch 75/485, loss: 18.006272837320964 (10.110s)
Batch 150/485, loss: 26.67286095937093 (9.936s)
Batch 225/485, loss: 19.457016677856444 (9.932s)
Batch 300/485, loss: 32.93990837097168 (9.924s)
Batch 375/485, loss: 24.604784336090088 (9.937s)
Batch 450/485, loss: 24.650518957773844 (9.963s)
Batch 485/485, loss: 24.160551493508475 (4.644s)
F1 score: 0.5682801261602699

-----Epoch 159/250-----
Batch 75/485, loss: 21.754408632914224 (10.130s)
Batch 150/485, loss: 21.79077147801717 (10.093s)
Batch 225/485, loss: 20.870305150349935 (9.927s)
Batch 300/485, loss: 20.451109085083008 (9.930s)
Batch 375/485, loss: 24.331966075897217 (9.931s)
Batch 450/485, loss: 34.41056856155396 (9.965s)
Batch 485/485, loss: 33.97742945807321 (4.641s)
F1 score: 0.5690968217975814

-----Epoch 160/250-----
Batch 75/485, loss: 30.749886519114177 (10.140s)
Batch 150/485, loss: 14.649958992004395 (9.968s)
Batch 225/485, loss: 20.66698001861572 (9.956s)
Batch 300/485, loss: 40.386773637135825 (9.933s)
Batch 375/485, loss: 22.462446416219077 (9.940s)
Batch 450/485, loss: 12.499501705169678 (9.987s)
Batch 485/485, loss: 40.11396314076015 (4.719s)
F1 score: 0.567072313783254

-----Epoch 161/250-----
Batch 75/485, loss: 30.609554328918456 (10.272s)
Batch 150/485, loss: 15.054683488210042 (9.961s)
Batch 225/485, loss: 32.49963525136312 (10.094s)
Batch 300/485, loss: 25.47346019744873 (9.947s)
Batch 375/485, loss: 21.407033316294353 (9.994s)
Batch 450/485, loss: 32.15372563680013 (9.955s)
Batch 485/485, loss: 11.620775856290544 (4.645s)
F1 score: 0.5662090600687986

-----Epoch 162/250-----
Batch 75/485, loss: 20.763446159362793 (10.123s)
Batch 150/485, loss: 26.706727174123127 (9.940s)
Batch 225/485, loss: 24.339502255121868 (9.937s)
Batch 300/485, loss: 16.8818558661143 (9.932s)
Batch 375/485, loss: 31.01185687383016 (9.951s)
Batch 450/485, loss: 42.085069802602135 (9.958s)
Batch 485/485, loss: 15.432428700583321 (4.641s)
F1 score: 0.5615766821746845

-----Epoch 163/250-----
Batch 75/485, loss: 19.175536092122396 (9.967s)
Batch 150/485, loss: 18.922772477467856 (9.934s)
Batch 225/485, loss: 24.847264086405435 (9.907s)
Batch 300/485, loss: 25.58657562891642 (10.055s)
Batch 375/485, loss: 22.116245193481447 (9.937s)
Batch 450/485, loss: 38.93268953959147 (9.926s)
Batch 485/485, loss: 27.18128343309675 (4.635s)
F1 score: 0.5604087267330506

-----Epoch 164/250-----
Batch 75/485, loss: 26.090848712921144 (9.962s)
Batch 150/485, loss: 42.384476839701335 (9.938s)
Batch 225/485, loss: 35.50950184504191 (9.933s)
Batch 300/485, loss: 14.227073402404786 (9.911s)
Batch 375/485, loss: 16.594860407511394 (9.911s)
Batch 450/485, loss: 19.09271092414856 (9.920s)
Batch 485/485, loss: 24.904943888528006 (4.626s)
F1 score: 0.5572284362013303

-----Epoch 165/250-----
Batch 75/485, loss: 24.200893109639484 (10.126s)
Batch 150/485, loss: 19.054007104237876 (9.935s)
Batch 225/485, loss: 26.1363338915507 (9.947s)
Batch 300/485, loss: 23.441916389465334 (9.944s)
Batch 375/485, loss: 24.78158098220825 (10.097s)
Batch 450/485, loss: 21.42043804168701 (9.919s)
Batch 485/485, loss: 27.57588552747454 (4.628s)
F1 score: 0.561055181257977

-----Epoch 166/250-----
Batch 75/485, loss: 25.310440610249838 (9.927s)
Batch 150/485, loss: 20.310660769144693 (9.906s)
Batch 225/485, loss: 20.848301995595296 (9.902s)
Batch 300/485, loss: 27.428543510437013 (9.905s)
Batch 375/485, loss: 27.463838024139406 (9.913s)
Batch 450/485, loss: 25.46995049794515 (9.914s)
Batch 485/485, loss: 16.251073557989937 (4.629s)
F1 score: 0.5594827660831581

-----Epoch 167/250-----
Batch 75/485, loss: 15.610568192799887 (10.081s)
Batch 150/485, loss: 20.557996610005695 (9.909s)
Batch 225/485, loss: 32.791990451812744 (9.917s)
Batch 300/485, loss: 24.112878405253092 (9.912s)
Batch 375/485, loss: 18.113727741241455 (9.910s)
Batch 450/485, loss: 25.389951858520508 (10.091s)
Batch 485/485, loss: 36.16421405247279 (4.630s)
F1 score: 0.564486656675325

-----Epoch 168/250-----
Batch 75/485, loss: 16.366322091420493 (10.104s)
Batch 150/485, loss: 31.02512436548869 (9.916s)
Batch 225/485, loss: 14.182673556009929 (9.916s)
Batch 300/485, loss: 28.23232531865438 (9.905s)
Batch 375/485, loss: 38.32109554290771 (9.917s)
Batch 450/485, loss: 14.019843591054281 (9.998s)
Batch 485/485, loss: 24.02869322640555 (4.706s)
F1 score: 0.5660740135263931

-----Epoch 169/250-----
Batch 75/485, loss: 22.025263957977295 (10.159s)
Batch 150/485, loss: 14.394691721598308 (9.914s)
Batch 225/485, loss: 40.1982836373647 (9.903s)
Batch 300/485, loss: 27.363548539479574 (9.906s)
Batch 375/485, loss: 22.20665079752604 (9.915s)
Batch 450/485, loss: 21.77939138730367 (9.930s)
Batch 485/485, loss: 26.067521068028043 (4.637s)
F1 score: 0.563115754691581

-----Epoch 170/250-----
Batch 75/485, loss: 28.007309335072836 (10.245s)
Batch 150/485, loss: 21.264722785949708 (9.924s)
Batch 225/485, loss: 25.929705893198648 (9.934s)
Batch 300/485, loss: 21.92392312367757 (9.918s)
Batch 375/485, loss: 19.62423313140869 (9.920s)
Batch 450/485, loss: 23.345836302439373 (9.931s)
Batch 485/485, loss: 32.3176511492048 (4.630s)
F1 score: 0.5607427015560978

-----Epoch 171/250-----
Batch 75/485, loss: 30.631714471181233 (10.103s)
Batch 150/485, loss: 18.965858268737794 (9.910s)
Batch 225/485, loss: 21.26308916091919 (9.914s)
Batch 300/485, loss: 18.250806840260825 (9.900s)
Batch 375/485, loss: 20.488015721638998 (9.909s)
Batch 450/485, loss: 32.67334213892619 (9.918s)
Batch 485/485, loss: 26.83275822230748 (4.626s)
F1 score: 0.5642301604251292

-----Epoch 172/250-----
Batch 75/485, loss: 18.837863006591796 (9.960s)
Batch 150/485, loss: 25.18413496017456 (10.108s)
Batch 225/485, loss: 22.005616658528645 (9.947s)
Batch 300/485, loss: 37.71570313135783 (9.943s)
Batch 375/485, loss: 16.162651672363282 (9.951s)
Batch 450/485, loss: 35.38400513966878 (9.972s)
Batch 485/485, loss: 15.978479099273681 (4.649s)
F1 score: 0.5679935167535682

-----Epoch 173/250-----
Batch 75/485, loss: 40.34602248509725 (9.974s)
Batch 150/485, loss: 28.178311672210693 (9.959s)
Batch 225/485, loss: 21.664687302907307 (9.959s)
Batch 300/485, loss: 13.75928809483846 (9.943s)
Batch 375/485, loss: 26.169030806223553 (9.944s)
Batch 450/485, loss: 14.58828644434611 (9.964s)
Batch 485/485, loss: 30.54780694416591 (4.647s)
F1 score: 0.5586888748042269

-----Epoch 174/250-----
Batch 75/485, loss: 20.452541313171388 (9.983s)
Batch 150/485, loss: 21.18759302775065 (10.093s)
Batch 225/485, loss: 30.420828418731688 (9.950s)
Batch 300/485, loss: 27.82391211827596 (9.946s)
Batch 375/485, loss: 27.16844221750895 (9.944s)
Batch 450/485, loss: 24.70554673512777 (9.955s)
Batch 485/485, loss: 13.862216159275599 (4.646s)
F1 score: 0.5600074904327088

-----Epoch 175/250-----
Batch 75/485, loss: 23.99847277323405 (9.976s)
Batch 150/485, loss: 25.397331975301107 (9.955s)
Batch 225/485, loss: 29.03129088719686 (9.949s)
Batch 300/485, loss: 27.153437410990396 (9.948s)
Batch 375/485, loss: 22.900160547892252 (9.971s)
Batch 450/485, loss: 16.827083695729574 (9.958s)
Batch 485/485, loss: 30.227003628867013 (4.651s)
F1 score: 0.5589129568480498
Saved to snn_model-4_v6.pth

-----Epoch 176/250-----
Batch 75/485, loss: 21.65044798533122 (9.992s)
Batch 150/485, loss: 22.03535336812337 (9.953s)
Batch 225/485, loss: 20.93535234451294 (10.108s)
Batch 300/485, loss: 30.10176657994588 (9.943s)
Batch 375/485, loss: 29.704586690266925 (9.998s)
Batch 450/485, loss: 26.89861441930135 (10.102s)
Batch 485/485, loss: 15.155790424346923 (4.697s)
F1 score: 0.5618189318971466

-----Epoch 177/250-----
Batch 75/485, loss: 22.006197516123454 (10.134s)
Batch 150/485, loss: 14.317921524047852 (9.947s)
Batch 225/485, loss: 45.561878712972 (9.952s)
Batch 300/485, loss: 16.568876266479492 (9.945s)
Batch 375/485, loss: 25.238751373291016 (9.943s)
Batch 450/485, loss: 25.39877581914266 (9.952s)
Batch 485/485, loss: 30.42383689880371 (4.646s)
F1 score: 0.5553303051126343

-----Epoch 178/250-----
Batch 75/485, loss: 29.996526565551758 (10.142s)
Batch 150/485, loss: 32.66390462875366 (9.948s)
Batch 225/485, loss: 24.071568921407064 (9.946s)
Batch 300/485, loss: 28.026811517079672 (10.115s)
Batch 375/485, loss: 27.074952532450357 (9.953s)
Batch 450/485, loss: 25.97736108779907 (9.965s)
Batch 485/485, loss: 25.257380962371826 (4.649s)
F1 score: 0.5613109964656574

-----Epoch 179/250-----
Batch 75/485, loss: 31.23614974975586 (9.978s)
Batch 150/485, loss: 35.410106035868324 (9.967s)
Batch 225/485, loss: 16.76728317260742 (9.965s)
Batch 300/485, loss: 22.64950678507487 (9.951s)
Batch 375/485, loss: 19.03723881403605 (9.945s)
Batch 450/485, loss: 24.289782482783 (9.959s)
Batch 485/485, loss: 19.11166364124843 (4.644s)
F1 score: 0.5558395357839894

-----Epoch 180/250-----
Batch 75/485, loss: 14.317309385935465 (10.131s)
Batch 150/485, loss: 20.990186367034912 (9.945s)
Batch 225/485, loss: 18.38400239308675 (9.955s)
Batch 300/485, loss: 38.48286767641703 (9.945s)
Batch 375/485, loss: 21.628549944559733 (10.097s)
Batch 450/485, loss: 28.886600901285806 (9.961s)
Batch 485/485, loss: 28.93289759499686 (4.647s)
F1 score: 0.5575152472366965

-----Epoch 181/250-----
Batch 75/485, loss: 25.01995050430298 (9.981s)
Batch 150/485, loss: 20.703723131815593 (9.962s)
Batch 225/485, loss: 19.626264136632283 (9.952s)
Batch 300/485, loss: 32.4999312210083 (9.956s)
Batch 375/485, loss: 31.31768155415853 (9.961s)
Batch 450/485, loss: 21.01874449412028 (9.961s)
Batch 485/485, loss: 15.289449187687465 (4.645s)
F1 score: 0.5584569055167007

-----Epoch 182/250-----
Batch 75/485, loss: 31.79598757425944 (10.133s)
Batch 150/485, loss: 15.450466810862224 (9.958s)
Batch 225/485, loss: 15.994327405293783 (9.958s)
Batch 300/485, loss: 35.750668601989744 (9.945s)
Batch 375/485, loss: 23.60640827178955 (9.952s)
Batch 450/485, loss: 26.430095303853353 (10.110s)
Batch 485/485, loss: 17.00020228794643 (4.645s)
F1 score: 0.5590185638838124

-----Epoch 183/250-----
Batch 75/485, loss: 24.431303304036458 (10.134s)
Batch 150/485, loss: 23.250510228474933 (9.939s)
Batch 225/485, loss: 20.61083366394043 (9.951s)
Batch 300/485, loss: 25.60894037882487 (9.941s)
Batch 375/485, loss: 14.693397916158041 (9.944s)
Batch 450/485, loss: 26.930250924428304 (9.952s)
Batch 485/485, loss: 45.56625807625907 (4.639s)
F1 score: 0.5611938552537663

-----Epoch 184/250-----
Batch 75/485, loss: 21.336263968149822 (9.975s)
Batch 150/485, loss: 24.312663631439207 (9.951s)
Batch 225/485, loss: 21.315827121734618 (9.948s)
Batch 300/485, loss: 28.554723307291667 (9.942s)
Batch 375/485, loss: 25.157727133433024 (10.090s)
Batch 450/485, loss: 28.90450325012207 (10.054s)
Batch 485/485, loss: 22.36396688733782 (4.628s)
F1 score: 0.5596668834393205

-----Epoch 185/250-----
Batch 75/485, loss: 31.723949438730877 (10.121s)
Batch 150/485, loss: 26.018186079661053 (9.954s)
Batch 225/485, loss: 24.20572831471761 (9.958s)
Batch 300/485, loss: 18.361121972401936 (9.942s)
Batch 375/485, loss: 30.610908489227295 (9.949s)
Batch 450/485, loss: 20.083591950734455 (9.958s)
Batch 485/485, loss: 22.465297331128802 (4.648s)
F1 score: 0.5586614183167161

-----Epoch 186/250-----
Batch 75/485, loss: 23.30182148615519 (9.974s)
Batch 150/485, loss: 20.747701581319173 (9.945s)
Batch 225/485, loss: 21.494074999491374 (9.944s)
Batch 300/485, loss: 30.280374018351235 (9.939s)
Batch 375/485, loss: 40.861227143605554 (9.943s)
Batch 450/485, loss: 32.304102700551354 (9.954s)
Batch 485/485, loss: 23.045968886784145 (4.641s)
F1 score: 0.5503621063148451

-----Epoch 187/250-----
Batch 75/485, loss: 36.74116896311442 (10.125s)
Batch 150/485, loss: 44.180548203786216 (9.969s)
Batch 225/485, loss: 21.3435448773702 (9.950s)
Batch 300/485, loss: 26.791444511413573 (9.941s)
Batch 375/485, loss: 20.10857942581177 (9.957s)
Batch 450/485, loss: 21.87939135869344 (9.958s)
Batch 485/485, loss: 31.26773157119751 (4.645s)
F1 score: 0.5636434046486457

-----Epoch 188/250-----
Batch 75/485, loss: 19.643450787862143 (10.128s)
Batch 150/485, loss: 25.732075430552165 (9.949s)
Batch 225/485, loss: 31.614497299194337 (9.950s)
Batch 300/485, loss: 19.18591360092163 (9.944s)
Batch 375/485, loss: 28.440203075408935 (9.949s)
Batch 450/485, loss: 34.300643056233724 (9.960s)
Batch 485/485, loss: 36.26099549702236 (4.646s)
F1 score: 0.5623729279663771

-----Epoch 189/250-----
Batch 75/485, loss: 24.05910349527995 (10.142s)
Batch 150/485, loss: 26.23319258371989 (10.087s)
Batch 225/485, loss: 43.282492612202965 (9.950s)
Batch 300/485, loss: 16.93094711939494 (9.950s)
Batch 375/485, loss: 28.661879418691 (9.940s)
Batch 450/485, loss: 22.447206859588622 (9.953s)
Batch 485/485, loss: 21.663722133636476 (4.648s)
F1 score: 0.559751460726813

-----Epoch 190/250-----
Batch 75/485, loss: 14.825718714396158 (10.147s)
Batch 150/485, loss: 30.04696288426717 (9.973s)
Batch 225/485, loss: 23.382466888427736 (9.963s)
Batch 300/485, loss: 17.49406593322754 (9.957s)
Batch 375/485, loss: 34.816214650472006 (9.961s)
Batch 450/485, loss: 40.730637302398684 (9.971s)
Batch 485/485, loss: 16.890893595559255 (4.653s)
F1 score: 0.5626942427438558

-----Epoch 191/250-----
Batch 75/485, loss: 17.174521452585857 (9.994s)
Batch 150/485, loss: 25.39145996729533 (10.120s)
Batch 225/485, loss: 28.00497999827067 (9.979s)
Batch 300/485, loss: 24.544333273569745 (9.962s)
Batch 375/485, loss: 28.21603500366211 (9.960s)
Batch 450/485, loss: 34.455423227945964 (9.973s)
Batch 485/485, loss: 16.49492620740618 (4.653s)
F1 score: 0.5604748977463424

-----Epoch 192/250-----
Batch 75/485, loss: 17.636539662679038 (9.986s)
Batch 150/485, loss: 20.204393418629966 (9.953s)
Batch 225/485, loss: 23.966908810933433 (9.962s)
Batch 300/485, loss: 31.94494760831197 (10.031s)
Batch 375/485, loss: 29.378915379842123 (10.100s)
Batch 450/485, loss: 26.37394826889038 (9.973s)
Batch 485/485, loss: 30.75405183519636 (4.649s)
F1 score: 0.5590238907372946

-----Epoch 193/250-----
Batch 75/485, loss: 36.34625103632609 (10.140s)
Batch 150/485, loss: 25.511978295644123 (9.971s)
Batch 225/485, loss: 33.337860628763835 (10.112s)
Batch 300/485, loss: 17.016132081349692 (9.963s)
Batch 375/485, loss: 20.10496789296468 (9.977s)
Batch 450/485, loss: 20.53786537806193 (9.982s)
Batch 485/485, loss: 19.89442594391959 (4.655s)
F1 score: 0.5581864385302389

-----Epoch 194/250-----
Batch 75/485, loss: 25.518197116851805 (10.145s)
Batch 150/485, loss: 13.70350914001465 (9.971s)
Batch 225/485, loss: 36.77154822031657 (9.973s)
Batch 300/485, loss: 33.68725568771362 (9.969s)
Batch 375/485, loss: 26.854376595815022 (9.958s)
Batch 450/485, loss: 16.809869639078777 (9.961s)
Batch 485/485, loss: 16.7332428250994 (4.648s)
F1 score: 0.5598004532004411

-----Epoch 195/250-----
Batch 75/485, loss: 35.38601012547811 (9.987s)
Batch 150/485, loss: 23.243969011306763 (9.962s)
Batch 225/485, loss: 15.306510270436604 (9.964s)
Batch 300/485, loss: 25.018720569610597 (10.104s)
Batch 375/485, loss: 30.13492956797282 (9.958s)
Batch 450/485, loss: 23.368402932484944 (9.967s)
Batch 485/485, loss: 13.884032331194197 (4.647s)
F1 score: 0.5602603904445544

-----Epoch 196/250-----
Batch 75/485, loss: 25.436428349812825 (10.126s)
Batch 150/485, loss: 32.17020486831665 (9.947s)
Batch 225/485, loss: 26.24847151438395 (9.945s)
Batch 300/485, loss: 18.418430118560792 (9.945s)
Batch 375/485, loss: 26.75016860961914 (9.947s)
Batch 450/485, loss: 21.26061084429423 (9.958s)
Batch 485/485, loss: 14.774339662279402 (4.647s)
F1 score: 0.5600271695102067

-----Epoch 197/250-----
Batch 75/485, loss: 19.27343147913615 (9.971s)
Batch 150/485, loss: 28.09833792368571 (9.957s)
Batch 225/485, loss: 32.065534318288165 (9.953s)
Batch 300/485, loss: 18.99714328765869 (9.935s)
Batch 375/485, loss: 24.769529730478922 (10.106s)
Batch 450/485, loss: 24.139420261383055 (9.954s)
Batch 485/485, loss: 21.101748480115617 (4.638s)
F1 score: 0.5573799560501289

-----Epoch 198/250-----
Batch 75/485, loss: 18.322068462371828 (9.967s)
Batch 150/485, loss: 12.994672876993816 (9.930s)
Batch 225/485, loss: 13.22002026240031 (9.930s)
Batch 300/485, loss: 28.045868695576985 (9.918s)
Batch 375/485, loss: 35.56669811884562 (9.933s)
Batch 450/485, loss: 35.2171010017395 (9.942s)
Batch 485/485, loss: 27.094601999010358 (4.639s)
F1 score: 0.5548806058564605

-----Epoch 199/250-----
Batch 75/485, loss: 21.373406321207682 (9.974s)
Batch 150/485, loss: 19.786173744201662 (9.949s)
Batch 225/485, loss: 20.17824940363566 (9.945s)
Batch 300/485, loss: 31.25418800354004 (9.941s)
Batch 375/485, loss: 32.70602532704671 (9.944s)
Batch 450/485, loss: 22.906117382049562 (10.096s)
Batch 485/485, loss: 15.634196295057023 (4.641s)
F1 score: 0.5562787549207243

-----Epoch 200/250-----
Batch 75/485, loss: 25.67405003229777 (10.114s)
Batch 150/485, loss: 22.694017747243244 (9.948s)
Batch 225/485, loss: 22.52876501083374 (9.973s)
Batch 300/485, loss: 25.9971262105306 (10.100s)
Batch 375/485, loss: 33.94020014444987 (10.014s)
Batch 450/485, loss: 15.833994051615397 (9.972s)
Batch 485/485, loss: 17.117912592206682 (4.653s)
F1 score: 0.5556389962698933
Saved to snn_model-4_v6.pth

-----Epoch 201/250-----
Batch 75/485, loss: 18.105500685373944 (10.157s)
Batch 150/485, loss: 35.51233112970988 (9.964s)
Batch 225/485, loss: 22.667565053304035 (9.967s)
Batch 300/485, loss: 31.66921422322591 (9.955s)
Batch 375/485, loss: 26.84767681121826 (9.961s)
Batch 450/485, loss: 16.545275751749674 (9.965s)
Batch 485/485, loss: 11.470321151188442 (4.649s)
F1 score: 0.5518986836609135

-----Epoch 202/250-----
Batch 75/485, loss: 21.865619983673096 (10.132s)
Batch 150/485, loss: 23.841264654795328 (9.972s)
Batch 225/485, loss: 27.701999638875325 (9.964s)
Batch 300/485, loss: 26.207270545959474 (9.959s)
Batch 375/485, loss: 17.592120469411213 (9.965s)
Batch 450/485, loss: 25.85163542429606 (9.978s)
Batch 485/485, loss: 28.319051456451415 (4.662s)
F1 score: 0.554509976401128

-----Epoch 203/250-----
Batch 75/485, loss: 28.719433759053548 (9.989s)
Batch 150/485, loss: 23.986030292510986 (9.969s)
Batch 225/485, loss: 22.99300584157308 (9.969s)
Batch 300/485, loss: 27.526153608957927 (9.964s)
Batch 375/485, loss: 15.924246584574382 (9.963s)
Batch 450/485, loss: 28.78122144063314 (9.974s)
Batch 485/485, loss: 18.57682822091239 (4.655s)
F1 score: 0.5589222748521674

-----Epoch 204/250-----
Batch 75/485, loss: 20.920378278096518 (10.293s)
Batch 150/485, loss: 31.03594003041585 (9.960s)
Batch 225/485, loss: 18.395132211049397 (9.964s)
Batch 300/485, loss: 15.04042937596639 (9.959s)
Batch 375/485, loss: 21.442460670471192 (9.957s)
Batch 450/485, loss: 32.327104822794595 (9.936s)
Batch 485/485, loss: 40.083250645228794 (4.634s)
F1 score: 0.5530149708088024

-----Epoch 205/250-----
Batch 75/485, loss: 28.698304271698 (9.954s)
Batch 150/485, loss: 25.27872234026591 (9.966s)
Batch 225/485, loss: 27.142493998209634 (9.950s)
Batch 300/485, loss: 35.411402238210044 (9.946s)
Batch 375/485, loss: 13.372515932718914 (9.955s)
Batch 450/485, loss: 19.534730790456138 (9.946s)
Batch 485/485, loss: 15.27605721609933 (4.642s)
F1 score: 0.5562199222320523

-----Epoch 206/250-----
Batch 75/485, loss: 31.99932348251343 (10.114s)
Batch 150/485, loss: 20.349355901082358 (10.098s)
Batch 225/485, loss: 22.396808535257975 (9.938s)
Batch 300/485, loss: 17.09492487589518 (9.928s)
Batch 375/485, loss: 32.886365820566816 (9.934s)
Batch 450/485, loss: 26.76575744628906 (9.937s)
Batch 485/485, loss: 13.373411859784808 (4.636s)
F1 score: 0.5597954782927745

-----Epoch 207/250-----
Batch 75/485, loss: 25.009100964864096 (10.095s)
Batch 150/485, loss: 18.77952724456787 (9.911s)
Batch 225/485, loss: 24.776441796620688 (9.916s)
Batch 300/485, loss: 23.46059409459432 (9.903s)
Batch 375/485, loss: 13.430112291971842 (9.908s)
Batch 450/485, loss: 25.970128739674887 (9.919s)
Batch 485/485, loss: 64.55603523254395 (4.626s)
F1 score: 0.5530209228188996

-----Epoch 208/250-----
Batch 75/485, loss: 32.01513610839844 (10.094s)
Batch 150/485, loss: 29.502409598032635 (10.060s)
Batch 225/485, loss: 40.3292255338033 (10.056s)
Batch 300/485, loss: 13.175721168518066 (10.002s)
Batch 375/485, loss: 19.251169001261392 (9.905s)
Batch 450/485, loss: 22.73542437871297 (9.929s)
Batch 485/485, loss: 14.420860372270857 (4.655s)
F1 score: 0.5516210423930352

-----Epoch 209/250-----
Batch 75/485, loss: 16.166030489603678 (9.984s)
Batch 150/485, loss: 29.59060745239258 (9.968s)
Batch 225/485, loss: 29.123740863800048 (9.966s)
Batch 300/485, loss: 18.509205239613852 (9.955s)
Batch 375/485, loss: 38.35234184900919 (9.957s)
Batch 450/485, loss: 21.569845650990803 (9.967s)
Batch 485/485, loss: 19.197941303253174 (4.648s)
F1 score: 0.5522287736711817

-----Epoch 210/250-----
Batch 75/485, loss: 26.963309733072915 (10.132s)
Batch 150/485, loss: 15.531531600952148 (9.945s)
Batch 225/485, loss: 27.130044345855712 (10.102s)
Batch 300/485, loss: 24.71899503707886 (9.940s)
Batch 375/485, loss: 27.879261353810627 (9.950s)
Batch 450/485, loss: 26.31779229482015 (9.965s)
Batch 485/485, loss: 31.727388708932057 (4.653s)
F1 score: 0.5560583366084675

-----Epoch 211/250-----
Batch 75/485, loss: 24.036904017130535 (9.990s)
Batch 150/485, loss: 32.06623205820719 (9.970s)
Batch 225/485, loss: 19.406464106241863 (9.961s)
Batch 300/485, loss: 27.650893522898357 (9.961s)
Batch 375/485, loss: 25.83778726577759 (9.953s)
Batch 450/485, loss: 27.665885480244956 (9.938s)
Batch 485/485, loss: 35.428260340009416 (4.636s)
F1 score: 0.5555644422807234

-----Epoch 212/250-----
Batch 75/485, loss: 40.001531206766764 (10.101s)
Batch 150/485, loss: 26.39477096557617 (9.922s)
Batch 225/485, loss: 23.122420806884765 (9.924s)
Batch 300/485, loss: 21.46856882095337 (10.067s)
Batch 375/485, loss: 21.104996395111083 (9.914s)
Batch 450/485, loss: 27.328729451497395 (9.926s)
Batch 485/485, loss: 19.143877220153808 (4.629s)
F1 score: 0.552039578207373

-----Epoch 213/250-----
Batch 75/485, loss: 26.11181546529134 (10.096s)
Batch 150/485, loss: 23.255756413141885 (9.916s)
Batch 225/485, loss: 22.63206895828247 (9.916s)
Batch 300/485, loss: 18.67687604268392 (9.926s)
Batch 375/485, loss: 31.566505247751873 (9.913s)
Batch 450/485, loss: 24.880604883829754 (9.925s)
Batch 485/485, loss: 45.13921060562134 (4.632s)
F1 score: 0.554038461120497

-----Epoch 214/250-----
Batch 75/485, loss: 31.19134190241496 (9.944s)
Batch 150/485, loss: 22.558631324768065 (9.924s)
Batch 225/485, loss: 25.48225222905477 (9.920s)
Batch 300/485, loss: 21.814102560679117 (9.916s)
Batch 375/485, loss: 33.03399714152018 (10.070s)
Batch 450/485, loss: 30.199318186442056 (9.935s)
Batch 485/485, loss: 12.356246730259487 (4.639s)
F1 score: 0.5453314210077757

-----Epoch 215/250-----
Batch 75/485, loss: 21.170841286977133 (9.960s)
Batch 150/485, loss: 27.225926545461018 (9.936s)
Batch 225/485, loss: 29.281715043385823 (9.936s)
Batch 300/485, loss: 25.64372458775838 (9.915s)
Batch 375/485, loss: 22.79158161799113 (9.919s)
Batch 450/485, loss: 19.697804787953693 (9.978s)
Batch 485/485, loss: 38.91456016813006 (4.651s)
F1 score: 0.5451638195092251

-----Epoch 216/250-----
Batch 75/485, loss: 22.781128667195638 (10.144s)
Batch 150/485, loss: 56.29904130299886 (10.034s)
Batch 225/485, loss: 45.56470067977905 (10.094s)
Batch 300/485, loss: 44.822545738220214 (9.970s)
Batch 375/485, loss: 34.17510768254598 (9.966s)
Batch 450/485, loss: 34.23563870112101 (10.114s)
Batch 485/485, loss: 34.734087753295896 (4.631s)
F1 score: 0.5519310264745263

-----Epoch 217/250-----
Batch 75/485, loss: 40.45254718780517 (10.111s)
Batch 150/485, loss: 27.554263769785564 (9.936s)
Batch 225/485, loss: 33.883991133371985 (9.935s)
Batch 300/485, loss: 31.845435479482013 (9.929s)
Batch 375/485, loss: 23.021577905019125 (9.936s)
Batch 450/485, loss: 20.035261764526368 (9.930s)
Batch 485/485, loss: 35.90652141571045 (4.636s)
F1 score: 0.5586672654363558

-----Epoch 218/250-----
Batch 75/485, loss: 29.837917257944742 (10.110s)
Batch 150/485, loss: 29.57298339207967 (9.930s)
Batch 225/485, loss: 16.288729629516602 (9.941s)
Batch 300/485, loss: 33.856746718088786 (9.925s)
Batch 375/485, loss: 20.143882058461507 (9.925s)
Batch 450/485, loss: 26.671851743062337 (9.934s)
Batch 485/485, loss: 33.34098279135568 (4.633s)
F1 score: 0.5551833257780472

-----Epoch 219/250-----
Batch 75/485, loss: 15.29511355082194 (10.245s)
Batch 150/485, loss: 33.33669935862223 (9.914s)
Batch 225/485, loss: 18.599686171213786 (9.915s)
Batch 300/485, loss: 40.459926268259686 (9.913s)
Batch 375/485, loss: 20.71031826019287 (9.923s)
Batch 450/485, loss: 24.414723854064942 (9.930s)
Batch 485/485, loss: 25.941219718115672 (4.632s)
F1 score: 0.5524059092863771

-----Epoch 220/250-----
Batch 75/485, loss: 35.09941496531169 (9.964s)
Batch 150/485, loss: 22.103614044189452 (9.937s)
Batch 225/485, loss: 25.79122231801351 (9.933s)
Batch 300/485, loss: 25.755495014190675 (9.930s)
Batch 375/485, loss: 22.346168104807536 (9.934s)
Batch 450/485, loss: 21.07828430175781 (9.941s)
Batch 485/485, loss: 28.665485082353864 (4.647s)
F1 score: 0.5488971070214589

-----Epoch 221/250-----
Batch 75/485, loss: 24.342876173655192 (10.261s)
Batch 150/485, loss: 30.22662940979004 (9.946s)
Batch 225/485, loss: 31.69455858230591 (9.943s)
Batch 300/485, loss: 19.343586438496907 (9.933s)
Batch 375/485, loss: 21.348508338928223 (9.924s)
Batch 450/485, loss: 20.745096817016602 (9.947s)
Batch 485/485, loss: 45.824508217402865 (4.651s)
F1 score: 0.5442076014333515

-----Epoch 222/250-----
Batch 75/485, loss: 24.670030574798584 (10.149s)
Batch 150/485, loss: 20.855614306131997 (9.960s)
Batch 225/485, loss: 31.231246534983317 (9.968s)
Batch 300/485, loss: 24.358412431081135 (9.941s)
Batch 375/485, loss: 23.835307865142823 (9.918s)
Batch 450/485, loss: 33.68268674214681 (9.924s)
Batch 485/485, loss: 19.832375703539167 (4.630s)
F1 score: 0.5432038941055007

-----Epoch 223/250-----
slurmstepd: error: *** JOB 977884 ON atl1-1-03-012-18-0 CANCELLED AT 2024-11-25T00:31:13 ***
