---------------------------------------
Begin Slurm Prolog: Nov-21-2024 12:07:31
Job ID:    961624
User ID:   khom9
Account:   cse
Job name:  Train_Abstract_LSTM_CNN
Partition: coc-gpu
---------------------------------------
Using device cuda:0
NVIDIA L40S
/usr/local/lib/python3.10/dist-packages/torchtext/data/utils.py:105: UserWarning: Spacy model "en" could not be loaded, trying "en_core_web_sm" instead
  warnings.warn(
/home/hice1/khom9/ondemand/data/sys/myjobs/projects/default/20/dataset.py:37: UserWarning: Sparse CSR tensor support is in beta state. If you miss a functionality in the sparse tensor support, please submit a feature request to https://github.com/pytorch/pytorch/issues. (Triggered internally at /opt/pytorch/pytorch/aten/src/ATen/SparseCsrTensorImpl.cpp:53.)
  self.labels = torch.tensor(mlb.fit_transform(classes)).to_sparse_csr().type(torch.float)

-----Epoch 1-----
Batch 150/485, loss: 0.26142977754275004 (20.430s)
Batch 300/485, loss: 0.25679610192775726 (18.842s)
Batch 450/485, loss: 0.2618818289041519 (18.843s)
Batch 485/485, loss: 0.2408333718776703 (4.410s)

-----Epoch 2-----
Batch 150/485, loss: 0.2552780304352442 (18.895s)
Batch 300/485, loss: 0.3652401571969191 (18.897s)
Batch 450/485, loss: 0.2994763714075088 (18.899s)
Batch 485/485, loss: 0.2669263184070587 (4.409s)

-----Epoch 3-----
Batch 150/485, loss: 0.2572435239950816 (18.889s)
Batch 300/485, loss: 0.25434439291556676 (18.890s)
Batch 450/485, loss: 0.25125312874714534 (18.891s)
Batch 485/485, loss: 0.2844708191496985 (4.410s)

-----Epoch 4-----
Batch 150/485, loss: 0.2698829218745232 (18.895s)
Batch 300/485, loss: 0.261008986334006 (18.899s)
Batch 450/485, loss: 0.23672198434670766 (18.900s)
Batch 485/485, loss: 0.2470790479864393 (4.409s)

-----Epoch 5-----
Batch 150/485, loss: 0.25042696376641593 (18.905s)
Batch 300/485, loss: 0.24769059509038927 (18.905s)
Batch 450/485, loss: 0.24105474044879277 (18.907s)
Batch 485/485, loss: 0.2476035671574729 (4.412s)

-----Epoch 6-----
Batch 150/485, loss: 0.24328047335147857 (18.905s)
Batch 300/485, loss: 0.24922372058033943 (18.904s)
Batch 450/485, loss: 0.3135521157582601 (19.065s)
Batch 485/485, loss: 0.3562124069247927 (4.411s)

-----Epoch 7-----
Batch 150/485, loss: 0.5236803254485131 (18.910s)
Batch 300/485, loss: 0.335781453649203 (18.906s)
Batch 450/485, loss: 0.29962064723173776 (18.910s)
Batch 485/485, loss: 0.27906850363527025 (4.412s)

-----Epoch 8-----
Batch 150/485, loss: 0.31302372097969056 (18.908s)
Batch 300/485, loss: 0.25856057087580364 (18.906s)
Batch 450/485, loss: 0.2425052480896314 (19.419s)
Batch 485/485, loss: 0.2725533332143511 (4.406s)

-----Epoch 9-----
Batch 150/485, loss: 0.25940545290708544 (18.900s)
Batch 300/485, loss: 0.25000942379236224 (18.885s)
Batch 450/485, loss: 0.2374274390935898 (18.886s)
Batch 485/485, loss: 0.25400097029549734 (4.406s)

-----Epoch 10-----
Batch 150/485, loss: 0.2440369665622711 (18.906s)
Batch 300/485, loss: 0.26107694576183954 (18.924s)
Batch 450/485, loss: 0.24328117390473683 (18.920s)
Batch 485/485, loss: 0.24566614202090672 (4.412s)

-----Epoch 11-----
Batch 150/485, loss: 0.24027004833022753 (18.913s)
Batch 300/485, loss: 0.2706106342871984 (18.925s)
Batch 450/485, loss: 0.23993966728448868 (18.920s)
Batch 485/485, loss: 0.23696200677326748 (4.417s)

-----Epoch 12-----
Batch 150/485, loss: 0.24444330622752508 (18.923s)
Batch 300/485, loss: 0.24978795945644378 (18.908s)
Batch 450/485, loss: 0.26283012400070827 (19.078s)
Batch 485/485, loss: 0.25017410559313635 (4.417s)

-----Epoch 13-----
Batch 150/485, loss: 0.247190816005071 (18.930s)
Batch 300/485, loss: 0.24899231165647506 (18.929s)
Batch 450/485, loss: 0.2360905385017395 (18.938s)
Batch 485/485, loss: 0.30067603758403233 (4.417s)

-----Epoch 14-----
Batch 150/485, loss: 0.23803034394979478 (18.935s)
Batch 300/485, loss: 0.24775010625521343 (18.938s)
Batch 450/485, loss: 0.23783222099145254 (18.928s)
Batch 485/485, loss: 0.2448183012860162 (4.417s)

-----Epoch 15-----
Batch 150/485, loss: 0.23562858060002326 (18.942s)
Batch 300/485, loss: 0.23532149483760198 (18.947s)
Batch 450/485, loss: 0.24132609128952026 (18.950s)
Batch 485/485, loss: 0.2436823125396456 (4.424s)

-----Epoch 16-----
Batch 150/485, loss: 0.24004559050003688 (18.940s)
Batch 300/485, loss: 0.23004327297210694 (18.933s)
Batch 450/485, loss: 0.25901151994864147 (18.938s)
Batch 485/485, loss: 0.2400167886699949 (4.418s)

-----Epoch 17-----
Batch 150/485, loss: 0.25162856101989745 (18.953s)
Batch 300/485, loss: 0.23745339160164197 (18.955s)
Batch 450/485, loss: 0.2354019738237063 (18.955s)
Batch 485/485, loss: 0.24788203750337873 (4.421s)

-----Epoch 18-----
Batch 150/485, loss: 0.245894978394111 (18.928s)
Batch 300/485, loss: 0.25203733240564663 (18.935s)
Batch 450/485, loss: 0.250230507850647 (19.075s)
Batch 485/485, loss: 0.23180977744715556 (4.418s)

-----Epoch 19-----
Batch 150/485, loss: 0.28041505853335064 (18.932s)
Batch 300/485, loss: 0.22849746267000834 (18.930s)
Batch 450/485, loss: 0.23058862348397574 (18.929s)
Batch 485/485, loss: 0.23233775262321746 (4.417s)

-----Epoch 20-----
Batch 150/485, loss: 0.2499096593260765 (18.948s)
Batch 300/485, loss: 0.23451063990592957 (18.930s)
Batch 450/485, loss: 0.23329350978136063 (18.933s)
Batch 485/485, loss: 0.23047638535499573 (4.416s)

-----Epoch 21-----
Batch 150/485, loss: 0.2467524236937364 (18.918s)
Batch 300/485, loss: 0.24672913536429406 (18.898s)
Batch 450/485, loss: 0.2277603476246198 (18.892s)
Batch 485/485, loss: 0.22539160975388117 (4.408s)

-----Epoch 22-----
Batch 150/485, loss: 0.23601203401883444 (18.901s)
Batch 300/485, loss: 0.23401609172423682 (18.906s)
Batch 450/485, loss: 0.36968417396148046 (18.918s)
Batch 485/485, loss: 0.32128171920776366 (4.415s)

-----Epoch 23-----
Batch 150/485, loss: 0.28341716607411704 (18.918s)
Batch 300/485, loss: 0.2609515724579493 (19.062s)
Batch 450/485, loss: 0.25379700273275374 (18.926s)
Batch 485/485, loss: 0.24486181097371237 (4.417s)

-----Epoch 24-----
Batch 150/485, loss: 0.2501886992653211 (18.926s)
Batch 300/485, loss: 0.2492430982987086 (18.923s)
Batch 450/485, loss: 0.23006250321865082 (19.065s)
Batch 485/485, loss: 0.2307991338627679 (4.421s)

-----Epoch 25-----
Batch 150/485, loss: 0.22775794933239618 (18.908s)
Batch 300/485, loss: 0.2326946900288264 (18.904s)
Batch 450/485, loss: 0.23151079177856446 (18.916s)
Batch 485/485, loss: 0.21580218885626112 (4.413s)

-----Epoch 26-----
Batch 150/485, loss: 0.23093979785839716 (18.920s)
Batch 300/485, loss: 0.2367280624806881 (18.903s)
Batch 450/485, loss: 0.22404102871815362 (18.895s)
Batch 485/485, loss: 0.23117575602872031 (4.409s)

-----Epoch 27-----
Batch 150/485, loss: 0.2198881810903549 (18.898s)
Batch 300/485, loss: 0.230637104511261 (18.900s)
Batch 450/485, loss: 0.23780732760826748 (18.902s)
Batch 485/485, loss: 0.2519000943217959 (4.412s)

-----Epoch 28-----
Batch 150/485, loss: 0.22221535076697668 (18.913s)
Batch 300/485, loss: 0.22449392373363178 (19.437s)
Batch 450/485, loss: 0.2429096120595932 (18.900s)
Batch 485/485, loss: 0.3341582387685776 (4.408s)

-----Epoch 29-----
Batch 150/485, loss: 0.27025665163993834 (18.888s)
Batch 300/485, loss: 0.253858958085378 (18.889s)
Batch 450/485, loss: 0.24845569491386413 (18.887s)
Batch 485/485, loss: 0.27320480304104944 (4.406s)

-----Epoch 30-----
Batch 150/485, loss: 0.245454922914505 (18.891s)
Batch 300/485, loss: 0.22985005830725033 (18.895s)
Batch 450/485, loss: 0.23712292114893596 (18.893s)
Batch 485/485, loss: 0.23380279881613594 (4.552s)

-----Epoch 31-----
Batch 150/485, loss: 0.2347471391161283 (18.843s)
Batch 300/485, loss: 0.233187828262647 (18.844s)
Batch 450/485, loss: 0.22231977298855782 (18.855s)
Batch 485/485, loss: 0.23921711955751693 (4.392s)

-----Epoch 32-----
Batch 150/485, loss: 0.22446605930725733 (18.847s)
Batch 300/485, loss: 0.2212188286582629 (18.850s)
Batch 450/485, loss: 0.2259336978197098 (18.840s)
Batch 485/485, loss: 0.249648203594344 (4.391s)

-----Epoch 33-----
Batch 150/485, loss: 0.22448169325788817 (18.834s)
Batch 300/485, loss: 0.2282084050277869 (18.848s)
Batch 450/485, loss: 0.22856313308080037 (18.838s)
Batch 485/485, loss: 0.23044794287000384 (4.402s)

-----Epoch 34-----
Batch 150/485, loss: 0.22500457644462585 (18.864s)
Batch 300/485, loss: 0.22412012328704198 (18.856s)
Batch 450/485, loss: 0.22667762607336045 (18.854s)
Batch 485/485, loss: 0.23833404013088771 (4.399s)

-----Epoch 35-----
Batch 150/485, loss: 0.2076479549209277 (18.860s)
Batch 300/485, loss: 0.22240626181165377 (18.855s)
Batch 450/485, loss: 0.23118783096472423 (18.853s)
Batch 485/485, loss: 0.23498681741101402 (4.396s)

-----Epoch 36-----
Batch 150/485, loss: 0.23191333254178365 (18.856s)
Batch 300/485, loss: 0.23125506023565928 (18.849s)
Batch 450/485, loss: 0.2233546574910482 (18.856s)
Batch 485/485, loss: 0.22623260212796076 (4.401s)

-----Epoch 37-----
Batch 150/485, loss: 0.22556878258784613 (19.003s)
Batch 300/485, loss: 0.22647493034601213 (18.857s)
Batch 450/485, loss: 0.22483921180168787 (18.852s)
Batch 485/485, loss: 0.22485229820013047 (4.400s)

-----Epoch 38-----
Batch 150/485, loss: 0.22340353926022846 (18.850s)
Batch 300/485, loss: 0.22550864855448405 (18.851s)
Batch 450/485, loss: 0.2286050001780192 (18.857s)
Batch 485/485, loss: 0.22999493905476162 (4.400s)

-----Epoch 39-----
Batch 150/485, loss: 0.21373379906018575 (18.863s)
Batch 300/485, loss: 0.22520796279112498 (18.899s)
Batch 450/485, loss: 0.23169830292463303 (18.889s)
Batch 485/485, loss: 0.22783242825950895 (4.408s)

-----Epoch 40-----
Batch 150/485, loss: 0.22042947351932526 (18.892s)
Batch 300/485, loss: 0.2823530356089274 (18.890s)
Batch 450/485, loss: 0.27907623291015626 (18.891s)
Batch 485/485, loss: 0.24163329473563602 (4.408s)

-----Epoch 41-----
Batch 150/485, loss: 0.24294383496046065 (18.895s)
Batch 300/485, loss: 0.24230566561222078 (18.884s)
Batch 450/485, loss: 0.22036227444807688 (18.889s)
Batch 485/485, loss: 0.23668461952890668 (4.404s)

-----Epoch 42-----
Batch 150/485, loss: 0.23495648185412088 (18.853s)
Batch 300/485, loss: 0.2306899787982305 (18.851s)
Batch 450/485, loss: 0.2138365720709165 (18.877s)
Batch 485/485, loss: 0.21869144865444728 (4.405s)

-----Epoch 43-----
Batch 150/485, loss: 0.21827697257200876 (19.046s)
Batch 300/485, loss: 0.22577779705325762 (18.912s)
Batch 450/485, loss: 0.2169082764784495 (18.909s)
Batch 485/485, loss: 0.223276795233999 (4.410s)

-----Epoch 44-----
Batch 150/485, loss: 0.22719651212294897 (18.845s)
Batch 300/485, loss: 0.20717789764205616 (18.849s)
Batch 450/485, loss: 0.23738691568374634 (18.844s)
Batch 485/485, loss: 0.2219638407230377 (4.396s)

-----Epoch 45-----
Batch 150/485, loss: 0.20626378566026687 (18.844s)
Batch 300/485, loss: 0.2254916642109553 (18.845s)
Batch 450/485, loss: 0.22370928595463435 (18.835s)
Batch 485/485, loss: 0.22189455032348632 (4.393s)

-----Epoch 46-----
Batch 150/485, loss: 0.2223352271815141 (18.834s)
Batch 300/485, loss: 0.2238678481678168 (18.826s)
Batch 450/485, loss: 0.2178956550359726 (18.825s)
Batch 485/485, loss: 0.2080007878797395 (4.399s)

-----Epoch 47-----
Batch 150/485, loss: 0.21716715425252914 (18.851s)
Batch 300/485, loss: 0.21183451677362125 (18.848s)
Batch 450/485, loss: 0.2202495073278745 (18.850s)
Batch 485/485, loss: 0.3115959755011967 (4.399s)

-----Epoch 48-----
Batch 150/485, loss: 0.22953104645013808 (18.857s)
Batch 300/485, loss: 0.2149538310368856 (18.854s)
Batch 450/485, loss: 0.22019082903862 (18.858s)
Batch 485/485, loss: 0.19855148323944638 (4.400s)

-----Epoch 49-----
Batch 150/485, loss: 0.21360618968804676 (19.003s)
Batch 300/485, loss: 0.21431437383095422 (18.872s)
Batch 450/485, loss: 0.2148441622654597 (18.870s)
Batch 485/485, loss: 0.21611169299909047 (4.405s)

-----Epoch 50-----
Batch 150/485, loss: 0.22131149927775065 (18.879s)
Batch 300/485, loss: 0.22664682408173878 (18.873s)
Batch 450/485, loss: 0.20884855960806212 (18.879s)
Batch 485/485, loss: 0.2295425887618746 (4.402s)

-----Epoch 51-----
Batch 150/485, loss: 0.21777835975090662 (18.874s)
Batch 300/485, loss: 0.20679172227780024 (18.878s)
Batch 450/485, loss: 0.21717512359221777 (18.870s)
Batch 485/485, loss: 0.22087256440094538 (4.403s)

-----Epoch 52-----
Batch 150/485, loss: 0.21337847391764322 (18.870s)
Batch 300/485, loss: 0.22677800903717676 (18.870s)
Batch 450/485, loss: 0.227101545582215 (18.871s)
Batch 485/485, loss: 0.2047963116850172 (4.407s)

-----Epoch 53-----
Batch 150/485, loss: 0.21078748971223832 (18.877s)
Batch 300/485, loss: 0.22117973710099856 (18.874s)
Batch 450/485, loss: 0.21316699882348378 (18.876s)
Batch 485/485, loss: 0.20065945514610836 (4.404s)

-----Epoch 54-----
Batch 150/485, loss: 0.21359978114565215 (18.877s)
Batch 300/485, loss: 0.21191606392463047 (18.890s)
Batch 450/485, loss: 0.21442423284053802 (18.901s)
Batch 485/485, loss: 0.2129282431943076 (4.408s)

-----Epoch 55-----
Batch 150/485, loss: 0.21643724352121352 (19.052s)
Batch 300/485, loss: 0.22633296410242718 (18.886s)
Batch 450/485, loss: 0.2232097683350245 (18.886s)
Batch 485/485, loss: 0.21268915704318456 (4.407s)

-----Epoch 56-----
Batch 150/485, loss: 0.2252070134381453 (18.877s)
Batch 300/485, loss: 0.21422404487927754 (18.874s)
Batch 450/485, loss: 0.2099249463280042 (18.886s)
Batch 485/485, loss: 0.2155704643045153 (4.410s)

-----Epoch 57-----
Batch 150/485, loss: 0.21088223571578663 (18.893s)
Batch 300/485, loss: 0.2103089578449726 (18.891s)
Batch 450/485, loss: 0.2051635991036892 (18.890s)
Batch 485/485, loss: 0.22163190373352595 (4.407s)

-----Epoch 58-----
Batch 150/485, loss: 0.23820124119520186 (18.888s)
Batch 300/485, loss: 0.24823325932025908 (18.886s)
Batch 450/485, loss: 0.2167607818543911 (18.887s)
Batch 485/485, loss: 0.22694774738379886 (4.406s)

-----Epoch 59-----
Batch 150/485, loss: 0.21963763395945232 (18.886s)
Batch 300/485, loss: 0.20389350454012553 (18.884s)
Batch 450/485, loss: 0.21228012323379516 (18.894s)
Batch 485/485, loss: 0.21120251204286303 (4.409s)

-----Epoch 60-----
Batch 150/485, loss: 0.21748907854159674 (18.906s)
Batch 300/485, loss: 0.20072115128238996 (18.914s)
Batch 450/485, loss: 0.21191994418700535 (18.911s)
Batch 485/485, loss: 0.21040329848017011 (4.407s)

-----Epoch 61-----
Batch 150/485, loss: 0.21076217224200566 (19.040s)
Batch 300/485, loss: 0.20517952238519988 (18.892s)
Batch 450/485, loss: 0.21251998568574587 (18.890s)
Batch 485/485, loss: 0.22071434131690434 (4.409s)

-----Epoch 62-----
Batch 150/485, loss: 0.3211187122265498 (18.893s)
Batch 300/485, loss: 0.2444366756081581 (18.891s)
Batch 450/485, loss: 0.2179081016778946 (18.890s)
Batch 485/485, loss: 0.21715029563222613 (4.407s)

-----Epoch 63-----
Batch 150/485, loss: 0.21003018478552501 (18.897s)
Batch 300/485, loss: 0.22326331983009975 (18.893s)
Batch 450/485, loss: 0.19745389019449552 (18.904s)
Batch 485/485, loss: 0.217416946377073 (4.410s)

-----Epoch 64-----
Batch 150/485, loss: 0.2129367212454478 (18.907s)
Batch 300/485, loss: 0.20760274633765222 (18.899s)
Batch 450/485, loss: 0.20682072644432387 (18.900s)
Batch 485/485, loss: 0.21057320066860744 (4.408s)

-----Epoch 65-----
Batch 150/485, loss: 0.20280644054214159 (18.896s)
Batch 300/485, loss: 0.20254834254582724 (18.900s)
Batch 450/485, loss: 0.2056124026576678 (18.912s)
Batch 485/485, loss: 0.22060991312776293 (4.414s)

-----Epoch 66-----
Batch 150/485, loss: 0.20529552107055982 (18.933s)
Batch 300/485, loss: 0.2150877274076144 (18.901s)
Batch 450/485, loss: 0.21570660397410393 (18.879s)
Batch 485/485, loss: 0.20774070833410535 (4.400s)

-----Epoch 67-----
Batch 150/485, loss: 0.20345091531674067 (18.862s)
Batch 300/485, loss: 0.21476643616954486 (19.008s)
Batch 450/485, loss: 0.2151790768901507 (18.852s)
Batch 485/485, loss: 0.20398839648280825 (4.397s)

-----Epoch 68-----
Batch 150/485, loss: 0.22323042765259743 (18.868s)
Batch 300/485, loss: 0.2103911143541336 (18.992s)
Batch 450/485, loss: 0.20523101419210435 (18.972s)
Batch 485/485, loss: 0.213086798787117 (4.438s)

-----Epoch 69-----
Batch 150/485, loss: 0.20529286652803422 (18.936s)
Batch 300/485, loss: 0.20755015522241593 (18.987s)
Batch 450/485, loss: 0.20545283933480582 (18.910s)
Batch 485/485, loss: 0.2036198445728847 (4.436s)

-----Epoch 70-----
Batch 150/485, loss: 0.2047527321676413 (18.993s)
Batch 300/485, loss: 0.20568864196538925 (18.971s)
Batch 450/485, loss: 0.2033325192332268 (18.873s)
Batch 485/485, loss: 0.20102457744734628 (4.405s)

-----Epoch 71-----
Batch 150/485, loss: 0.2070655416448911 (18.922s)
Batch 300/485, loss: 0.21697264755765597 (19.008s)
Batch 450/485, loss: 0.21422041883071263 (18.974s)
Batch 485/485, loss: 0.22105748695986613 (4.405s)

-----Epoch 72-----
Batch 150/485, loss: 0.19811900397141774 (18.942s)
Batch 300/485, loss: 0.19919007301330566 (18.994s)
Batch 450/485, loss: 0.21239518250028291 (18.918s)
Batch 485/485, loss: 0.23390269790376936 (4.392s)

-----Epoch 73-----
Batch 150/485, loss: 0.2072675981124242 (18.796s)
Batch 300/485, loss: 0.20002042134602865 (18.927s)
Batch 450/485, loss: 0.20638243228197098 (18.760s)
Batch 485/485, loss: 0.195901791538511 (4.379s)

-----Epoch 74-----
Batch 150/485, loss: 0.2120036566754182 (18.755s)
Batch 300/485, loss: 0.20694768438736597 (18.741s)
Batch 450/485, loss: 0.20175238167246182 (18.725s)
Batch 485/485, loss: 0.20280705903257643 (4.369s)

-----Epoch 75-----
Batch 150/485, loss: 0.24795198053121567 (18.719s)
Batch 300/485, loss: 0.24322584162155786 (18.708s)
Batch 450/485, loss: 0.20575679818789164 (18.697s)
Batch 485/485, loss: 0.20047533682414465 (4.356s)

-----Epoch 76-----
Batch 150/485, loss: 0.20106619055072467 (18.692s)
Batch 300/485, loss: 0.2055213098724683 (18.674s)
Batch 450/485, loss: 0.19658065259456634 (18.665s)
Batch 485/485, loss: 0.19291032126971652 (4.349s)

-----Epoch 77-----
Batch 150/485, loss: 0.20043466180562974 (18.645s)
Batch 300/485, loss: 0.20081390192111334 (18.643s)
Batch 450/485, loss: 0.19770331993699075 (18.634s)
Batch 485/485, loss: 0.21384355894156865 (4.345s)

-----Epoch 78-----
Batch 150/485, loss: 0.20927025909225147 (18.640s)
Batch 300/485, loss: 0.20069204260905585 (18.640s)
Batch 450/485, loss: 0.19275251840551694 (18.631s)
Batch 485/485, loss: 0.22502664625644683 (4.343s)

-----Epoch 79-----
Batch 150/485, loss: 0.22697258775432905 (18.614s)
Batch 300/485, loss: 0.3154452492793401 (18.751s)
Batch 450/485, loss: 0.21978207916021347 (18.601s)
Batch 485/485, loss: 0.22245486080646515 (4.342s)

-----Epoch 80-----
Batch 150/485, loss: 0.20728630473216375 (18.600s)
Batch 300/485, loss: 0.2071601062019666 (18.605s)
Batch 450/485, loss: 0.2003587023417155 (18.594s)
Batch 485/485, loss: 0.2254204694713865 (4.339s)

-----Epoch 81-----
Batch 150/485, loss: 0.20669424603382747 (18.600s)
Batch 300/485, loss: 0.19296024878819784 (18.592s)
Batch 450/485, loss: 0.1981664115190506 (18.494s)
Batch 485/485, loss: 0.21804153408323015 (4.314s)

-----Epoch 82-----
Batch 150/485, loss: 0.2076148185133934 (18.494s)
Batch 300/485, loss: 0.20732498556375503 (18.493s)
Batch 450/485, loss: 0.20073804646730423 (18.489s)
Batch 485/485, loss: 0.19910049183028086 (4.316s)

-----Epoch 83-----
Batch 150/485, loss: 0.2056936683257421 (18.500s)
Batch 300/485, loss: 0.1901464773217837 (18.414s)
Batch 450/485, loss: 0.20643299877643584 (18.401s)
Batch 485/485, loss: 0.2035924888082913 (4.293s)

-----Epoch 84-----
Batch 150/485, loss: 0.19619188328584036 (18.393s)
Batch 300/485, loss: 0.19928367669383684 (18.393s)
Batch 450/485, loss: 0.20031847491860388 (18.397s)
Batch 485/485, loss: 0.18599707313946315 (4.294s)

-----Epoch 85-----
Batch 150/485, loss: 0.1997381924589475 (18.405s)
Batch 300/485, loss: 0.19699639588594436 (18.555s)
Batch 450/485, loss: 0.20453926702340444 (18.402s)
Batch 485/485, loss: 0.19921472583498273 (4.295s)

-----Epoch 86-----
Batch 150/485, loss: 0.19330500210324922 (18.388s)
Batch 300/485, loss: 0.19703869675596555 (18.381s)
Batch 450/485, loss: 0.20056511690219245 (18.389s)
Batch 485/485, loss: 0.20950273041214262 (4.291s)

-----Epoch 87-----
Batch 150/485, loss: 0.2017625538011392 (18.391s)
Batch 300/485, loss: 0.1982396777967612 (18.393s)
Batch 450/485, loss: 0.20532348896066346 (18.398s)
Batch 485/485, loss: 0.20211711823940276 (4.290s)

-----Epoch 88-----
Batch 150/485, loss: 0.22457543363173801 (18.395s)
Batch 300/485, loss: 0.2136260375380516 (18.403s)
Batch 450/485, loss: 0.20716045260429383 (18.389s)
Batch 485/485, loss: 0.1968998657805579 (4.294s)

-----Epoch 89-----
Batch 150/485, loss: 0.19592093040545783 (18.397s)
Batch 300/485, loss: 0.19534288108348846 (18.398s)
Batch 450/485, loss: 0.20421580895781516 (18.380s)
Batch 485/485, loss: 0.19645047911575864 (4.288s)

-----Epoch 90-----
Batch 150/485, loss: 0.19760718017816545 (18.376s)
Batch 300/485, loss: 0.19479052166144054 (18.384s)
Batch 450/485, loss: 0.20035162150859834 (18.380s)
Batch 485/485, loss: 0.19675923798765454 (4.291s)

-----Epoch 91-----
Batch 150/485, loss: 0.19590263495842616 (18.390s)
Batch 300/485, loss: 0.21966438656051954 (18.545s)
Batch 450/485, loss: 0.26627053052186966 (18.446s)
Batch 485/485, loss: 0.2209527999162674 (4.302s)

-----Epoch 92-----
Batch 150/485, loss: 0.20071685021122296 (18.404s)
Batch 300/485, loss: 0.20372921834389368 (18.393s)
Batch 450/485, loss: 0.19420763432979585 (18.390s)
Batch 485/485, loss: 0.20689963953835624 (4.289s)

-----Epoch 93-----
Batch 150/485, loss: 0.1882181867957115 (18.386s)
Batch 300/485, loss: 0.19623185341556867 (18.390s)
Batch 450/485, loss: 0.2011626938978831 (18.396s)
Batch 485/485, loss: 0.2118955114058086 (4.289s)

-----Epoch 94-----
Batch 150/485, loss: 0.19780867507060368 (18.391s)
Batch 300/485, loss: 0.2082300133506457 (18.391s)
Batch 450/485, loss: 0.19811906263232232 (18.427s)
Batch 485/485, loss: 0.19494517317840032 (4.296s)

-----Epoch 95-----
Batch 150/485, loss: 0.19286369502544404 (18.426s)
Batch 300/485, loss: 0.19807592570781707 (18.421s)
Batch 450/485, loss: 0.20023253212372463 (18.424s)
Batch 485/485, loss: 0.19147413415568215 (4.298s)

-----Epoch 96-----
Batch 150/485, loss: 0.1954191758732001 (18.434s)
Batch 300/485, loss: 0.2031607131163279 (18.419s)
Batch 450/485, loss: 0.202136211146911 (18.413s)
Batch 485/485, loss: 0.1961671790906361 (4.293s)

-----Epoch 97-----
Batch 150/485, loss: 0.1879531795779864 (18.412s)
Batch 300/485, loss: 0.19213732540607453 (18.421s)
Batch 450/485, loss: 0.20350094030300775 (18.551s)
Batch 485/485, loss: 0.1905583849975041 (4.293s)

-----Epoch 98-----
Batch 150/485, loss: 0.19981686159968376 (18.403s)
Batch 300/485, loss: 0.20324259549379348 (18.414s)
Batch 450/485, loss: 0.19438284277915954 (18.411s)
Batch 485/485, loss: 0.21312598160334995 (4.294s)

-----Epoch 99-----
Batch 150/485, loss: 0.19580854733784994 (18.409s)
Batch 300/485, loss: 0.20459040492773056 (18.407s)
Batch 450/485, loss: 0.19685742368300757 (18.427s)
Batch 485/485, loss: 0.24583180589335304 (4.297s)

-----Epoch 100-----
Batch 150/485, loss: 0.20754137068986891 (18.423s)
Batch 300/485, loss: 0.19539799893895785 (18.428s)
Batch 450/485, loss: 0.20498969386021296 (18.430s)
Batch 485/485, loss: 0.2003998496702739 (4.297s)

-----Epoch 101-----
Batch 150/485, loss: 0.18931726624568304 (18.424s)
Batch 300/485, loss: 0.21253538221120835 (18.420s)
Batch 450/485, loss: 0.20864641924699148 (18.422s)
Batch 485/485, loss: 0.20292910848345075 (4.299s)

-----Epoch 102-----
Batch 150/485, loss: 0.1930564280351003 (18.421s)
Batch 300/485, loss: 0.20567046284675597 (18.420s)
Batch 450/485, loss: 0.2084684917330742 (18.421s)
Batch 485/485, loss: 0.19355864993163518 (4.306s)

-----Epoch 103-----
Batch 150/485, loss: 0.19832818532983462 (18.434s)
Batch 300/485, loss: 0.19218490183353423 (18.435s)
Batch 450/485, loss: 0.18900897562503816 (18.574s)
Batch 485/485, loss: 0.18212857927594867 (4.298s)

-----Epoch 104-----
Batch 150/485, loss: 0.19338909968733786 (18.425s)
Batch 300/485, loss: 0.18676255896687508 (18.425s)
Batch 450/485, loss: 0.19043050651748974 (18.424s)
Batch 485/485, loss: 0.2242574657712664 (4.297s)

-----Epoch 105-----
Batch 150/485, loss: 0.20583603282769522 (18.438s)
Batch 300/485, loss: 0.2297703351577123 (18.417s)
Batch 450/485, loss: 0.21456566343704858 (18.417s)
Batch 485/485, loss: 0.19115808520998273 (4.300s)

-----Epoch 106-----
Batch 150/485, loss: 0.1941470002134641 (18.419s)
Batch 300/485, loss: 0.19499951114257177 (18.424s)
Batch 450/485, loss: 0.1893550169467926 (18.419s)
Batch 485/485, loss: 0.19107434302568435 (4.297s)

-----Epoch 107-----
Batch 150/485, loss: 0.19567755113045374 (18.433s)
Batch 300/485, loss: 0.18666784594456354 (18.421s)
Batch 450/485, loss: 0.1968939278026422 (18.435s)
Batch 485/485, loss: 0.18338987103530338 (4.301s)

-----Epoch 108-----
Batch 150/485, loss: 0.20085393925507863 (18.425s)
Batch 300/485, loss: 0.1896865047017733 (18.430s)
Batch 450/485, loss: 0.19272653604547182 (18.424s)
Batch 485/485, loss: 0.1885351232119969 (4.299s)

-----Epoch 109-----
Batch 150/485, loss: 0.2290527779360612 (18.423s)
Batch 300/485, loss: 0.2563505765795708 (18.419s)
Batch 450/485, loss: 0.19736316387852032 (18.570s)
Batch 485/485, loss: 0.18403163169111525 (4.298s)

-----Epoch 110-----
Batch 150/485, loss: 0.19348350937167805 (18.423s)
Batch 300/485, loss: 0.1949225954214732 (18.421s)
Batch 450/485, loss: 0.19645325620969137 (18.418s)
Batch 485/485, loss: 0.1952216672045844 (4.298s)

-----Epoch 111-----
Batch 150/485, loss: 0.18828966960310936 (18.426s)
Batch 300/485, loss: 0.1919033603866895 (18.427s)
Batch 450/485, loss: 0.19145908822615942 (18.423s)
Batch 485/485, loss: 0.18893633506127766 (4.300s)

-----Epoch 112-----
Batch 150/485, loss: 0.19227614214022953 (18.422s)
Batch 300/485, loss: 0.18358585889140766 (18.425s)
Batch 450/485, loss: 0.1907314381500085 (18.431s)
Batch 485/485, loss: 0.1856131572808538 (4.299s)

-----Epoch 113-----
Batch 150/485, loss: 0.19079109266400338 (18.446s)
Batch 300/485, loss: 0.20553994531432787 (18.430s)
Batch 450/485, loss: 0.18456175540884337 (18.440s)
Batch 485/485, loss: 0.19090496471949986 (4.298s)

-----Epoch 114-----
Batch 150/485, loss: 0.19629401872555416 (18.436s)
Batch 300/485, loss: 0.1977203326423963 (18.440s)
Batch 450/485, loss: 0.18942665214339893 (18.447s)
Batch 485/485, loss: 0.1848942803485053 (4.303s)

-----Epoch 115-----
Batch 150/485, loss: 0.18207614868879318 (18.425s)
Batch 300/485, loss: 0.19122444252173107 (18.432s)
Batch 450/485, loss: 0.18568000728885334 (18.578s)
Batch 485/485, loss: 0.19492109779800687 (4.299s)

-----Epoch 116-----
Batch 150/485, loss: 0.1872092183927695 (18.428s)
Batch 300/485, loss: 0.1854494658112526 (18.442s)
Batch 450/485, loss: 0.19758068005243937 (18.457s)
Batch 485/485, loss: 0.1925866716674396 (4.303s)

-----Epoch 117-----
Batch 150/485, loss: 0.18915403003493944 (18.441s)
Batch 300/485, loss: 0.21986343329151473 (18.446s)
Batch 450/485, loss: 0.20332786202430725 (18.452s)
Batch 485/485, loss: 0.18933984126363482 (4.306s)

-----Epoch 118-----
Batch 150/485, loss: 0.1898588179051876 (18.464s)
Batch 300/485, loss: 0.1877949806054433 (18.453s)
Batch 450/485, loss: 0.18966697668035826 (18.458s)
Batch 485/485, loss: 0.18477886234010968 (4.308s)

-----Epoch 119-----
Batch 150/485, loss: 0.19204386721054714 (18.451s)
Batch 300/485, loss: 0.1960507484773795 (18.438s)
Batch 450/485, loss: 0.20651583870251974 (18.459s)
Batch 485/485, loss: 0.18088443385703223 (4.302s)

-----Epoch 120-----
Batch 150/485, loss: 0.19167240912715594 (18.435s)
Batch 300/485, loss: 0.18745541443427405 (18.430s)
Batch 450/485, loss: 0.18880872557560602 (18.429s)
Batch 485/485, loss: 0.17808951352323804 (4.301s)

-----Epoch 121-----
Batch 150/485, loss: 0.18559054126342137 (18.436s)
Batch 300/485, loss: 0.19409280265371004 (18.440s)
Batch 450/485, loss: 0.19095250934362412 (18.434s)
Batch 485/485, loss: 0.196356224162238 (4.444s)

-----Epoch 122-----
Batch 150/485, loss: 0.18451664631565412 (18.434s)
Batch 300/485, loss: 0.18828897734483083 (18.439s)
Batch 450/485, loss: 0.1951978534956773 (18.444s)
Batch 485/485, loss: 0.20581001298768178 (4.301s)

-----Epoch 123-----
Batch 150/485, loss: 0.18377190425992013 (18.441s)
Batch 300/485, loss: 0.1958661573131879 (18.439s)
Batch 450/485, loss: 0.1938228440284729 (18.445s)
Batch 485/485, loss: 0.18588258709226335 (4.302s)

-----Epoch 124-----
Batch 150/485, loss: 0.19647211333115897 (18.444s)
Batch 300/485, loss: 0.18491996064782143 (18.444s)
Batch 450/485, loss: 0.19826648488640786 (18.439s)
Batch 485/485, loss: 0.17767817463193622 (4.303s)

-----Epoch 125-----
Batch 150/485, loss: 0.18313534264763195 (18.446s)
Batch 300/485, loss: 0.18618987103303272 (18.427s)
Batch 450/485, loss: 0.193497141400973 (18.433s)
Batch 485/485, loss: 0.1817752139908927 (4.300s)

-----Epoch 126-----
Batch 150/485, loss: 0.18915702690680822 (18.432s)
Batch 300/485, loss: 0.19406181067228317 (18.431s)
Batch 450/485, loss: 0.18506083369255066 (18.440s)
Batch 485/485, loss: 0.19127860005412783 (4.302s)

-----Epoch 127-----
Batch 150/485, loss: 0.18454188177982966 (18.435s)
Batch 300/485, loss: 0.19121419623494149 (18.443s)
Batch 450/485, loss: 0.19615029856562616 (18.434s)
Batch 485/485, loss: 0.20348410734108516 (4.442s)

-----Epoch 128-----
Batch 150/485, loss: 0.22070840994517008 (18.438s)
Batch 300/485, loss: 0.20710637668768564 (18.447s)
Batch 450/485, loss: 0.19089047277967136 (18.457s)
Batch 485/485, loss: 0.19774812204497202 (4.308s)

-----Epoch 129-----
Batch 150/485, loss: 0.19244167789816857 (18.468s)
Batch 300/485, loss: 0.18428906107942264 (18.473s)
Batch 450/485, loss: 0.18989174058039984 (18.472s)
Batch 485/485, loss: 0.19488322585821152 (4.308s)

-----Epoch 130-----
Batch 150/485, loss: 0.18656678318977357 (18.470s)
Batch 300/485, loss: 0.1831933230161667 (18.479s)
Batch 450/485, loss: 0.19289282356699308 (18.482s)
Batch 485/485, loss: 0.1817238083907536 (4.316s)

-----Epoch 131-----
Batch 150/485, loss: 0.1980849236746629 (18.495s)
Batch 300/485, loss: 0.19720038796464603 (18.493s)
Batch 450/485, loss: 0.193466826180617 (18.503s)
Batch 485/485, loss: 0.18717863900320872 (4.315s)

-----Epoch 132-----
Batch 150/485, loss: 0.18784559746583304 (18.499s)
Batch 300/485, loss: 0.18804822047551473 (18.492s)
Batch 450/485, loss: 0.1892743415137132 (18.499s)
Batch 485/485, loss: 0.1753358768565314 (4.317s)

-----Epoch 133-----
Batch 150/485, loss: 0.184874214331309 (18.492s)
Batch 300/485, loss: 0.185823245793581 (18.496s)
Batch 450/485, loss: 0.19019802764058114 (18.499s)
Batch 485/485, loss: 0.18581078158957617 (4.314s)

-----Epoch 134-----
Batch 150/485, loss: 0.18033992861708006 (18.631s)
Batch 300/485, loss: 0.1850175307194392 (18.453s)
Batch 450/485, loss: 0.18916549786925316 (18.446s)
Batch 485/485, loss: 0.19482400459902627 (4.308s)

-----Epoch 135-----
Batch 150/485, loss: 0.1854170093437036 (18.450s)
Batch 300/485, loss: 0.21859964688618977 (18.451s)
Batch 450/485, loss: 0.1966211311519146 (18.457s)
Batch 485/485, loss: 0.18983130582741328 (4.305s)

-----Epoch 136-----
Batch 150/485, loss: 0.18760215143362682 (18.446s)
Batch 300/485, loss: 0.19040614580114681 (18.444s)
Batch 450/485, loss: 0.19384089107314745 (18.443s)
Batch 485/485, loss: 0.19216474762984684 (4.304s)

-----Epoch 137-----
Batch 150/485, loss: 0.19026736328999203 (18.461s)
Batch 300/485, loss: 0.2019125765065352 (18.443s)
Batch 450/485, loss: 0.18271324709057807 (18.452s)
Batch 485/485, loss: 0.1804482428090913 (4.305s)

-----Epoch 138-----
Batch 150/485, loss: 0.18122398773829143 (18.448s)
Batch 300/485, loss: 0.18815107439955076 (18.447s)
Batch 450/485, loss: 0.19856040467818578 (18.448s)
Batch 485/485, loss: 0.18058768787554333 (4.304s)

-----Epoch 139-----
Batch 150/485, loss: 0.1820197785894076 (18.449s)
Batch 300/485, loss: 0.18612018724282584 (18.444s)
Batch 450/485, loss: 0.19015793651342391 (18.445s)
Batch 485/485, loss: 0.19798975459166934 (4.302s)

-----Epoch 140-----
Batch 150/485, loss: 0.1875452094276746 (18.593s)
Batch 300/485, loss: 0.18791396369536717 (18.448s)
Batch 450/485, loss: 0.17743563413619995 (18.478s)
Batch 485/485, loss: 0.19468968553202493 (4.305s)

-----Epoch 141-----
Batch 150/485, loss: 0.1846968392531077 (18.442s)
Batch 300/485, loss: 0.2346990403532982 (18.447s)
Batch 450/485, loss: 0.20155477638045946 (18.445s)
Batch 485/485, loss: 0.1905221973146711 (4.304s)

-----Epoch 142-----
Batch 150/485, loss: 0.1860463527838389 (18.449s)
Batch 300/485, loss: 0.1914143468439579 (18.451s)
Batch 450/485, loss: 0.188067570378383 (18.456s)
Batch 485/485, loss: 0.18177480442183358 (4.306s)

-----Epoch 143-----
Batch 150/485, loss: 0.181672502408425 (18.450s)
Batch 300/485, loss: 0.18434624885519346 (18.456s)
Batch 450/485, loss: 0.17972905367612838 (18.447s)
Batch 485/485, loss: 0.18422972176756178 (4.311s)

-----Epoch 144-----
Batch 150/485, loss: 0.17905142962932585 (18.450s)
Batch 300/485, loss: 0.18538440272212028 (18.450s)
Batch 450/485, loss: 0.18781630158424378 (18.446s)
Batch 485/485, loss: 0.19119686143738882 (4.303s)

-----Epoch 145-----
Batch 150/485, loss: 0.18371213659644126 (18.445s)
Batch 300/485, loss: 0.18048130303621293 (18.444s)
Batch 450/485, loss: 0.1853041442235311 (18.459s)
Batch 485/485, loss: 0.19150619634560176 (4.307s)

-----Epoch 146-----
Batch 150/485, loss: 0.19486741115649542 (18.584s)
Batch 300/485, loss: 0.2091927852233251 (18.451s)
Batch 450/485, loss: 0.20252867301305136 (18.460s)
Batch 485/485, loss: 0.18850683591195516 (4.306s)

-----Epoch 147-----
Batch 150/485, loss: 0.18244654655456544 (18.445s)
Batch 300/485, loss: 0.18602552250027657 (18.451s)
Batch 450/485, loss: 0.1873775335152944 (18.443s)
Batch 485/485, loss: 0.17822581018720354 (4.304s)

-----Epoch 148-----
Batch 150/485, loss: 0.18107334246238072 (18.447s)
Batch 300/485, loss: 0.18105743502577146 (18.451s)
Batch 450/485, loss: 0.1827611089249452 (18.449s)
Batch 485/485, loss: 0.17560549463544572 (4.306s)

-----Epoch 149-----
Batch 150/485, loss: 0.17819434036811194 (18.448s)
Batch 300/485, loss: 0.18622798711061478 (18.454s)
Batch 450/485, loss: 0.18210793202122053 (18.447s)
Batch 485/485, loss: 0.20066622836249215 (4.321s)

-----Epoch 150-----
Batch 150/485, loss: 0.19832041516900062 (18.452s)
Batch 300/485, loss: 0.19169574772318204 (18.451s)
Batch 450/485, loss: 0.18787954603632293 (18.451s)
Batch 485/485, loss: 0.17945289143494197 (4.302s)

-----Epoch 151-----
Batch 150/485, loss: 0.1814898196856181 (18.451s)
Batch 300/485, loss: 0.4128702801465988 (18.459s)
Batch 450/485, loss: 0.2665674258271853 (18.447s)
Batch 485/485, loss: 0.230239856668881 (4.305s)

-----Epoch 152-----
Batch 150/485, loss: 0.2059448837240537 (18.595s)
Batch 300/485, loss: 0.2010968833665053 (18.445s)
Batch 450/485, loss: 0.19182808816432953 (18.444s)
Batch 485/485, loss: 0.18068536541291647 (4.305s)

-----Epoch 153-----
Batch 150/485, loss: 0.1868815149863561 (18.448s)
Batch 300/485, loss: 0.1836582101881504 (18.451s)
Batch 450/485, loss: 0.18596315239866576 (18.451s)
Batch 485/485, loss: 0.18892904732908522 (4.305s)

-----Epoch 154-----
Batch 150/485, loss: 0.18333551228046419 (18.448s)
Batch 300/485, loss: 0.1847341219584147 (18.451s)
Batch 450/485, loss: 0.1803907617429892 (18.449s)
Batch 485/485, loss: 0.17909828679902212 (4.306s)

-----Epoch 155-----
Batch 150/485, loss: 0.18066129619876545 (18.454s)
Batch 300/485, loss: 0.1788433021803697 (18.451s)
Batch 450/485, loss: 0.18003439630071322 (18.445s)
Batch 485/485, loss: 0.1853046302284513 (4.312s)

-----Epoch 156-----
Batch 150/485, loss: 0.18370875750978788 (18.462s)
Batch 300/485, loss: 0.1837225915491581 (18.448s)
Batch 450/485, loss: 0.17703169842561087 (18.454s)
Batch 485/485, loss: 0.1744184800556728 (4.303s)

-----Epoch 157-----
Batch 150/485, loss: 0.17516389037172 (18.451s)
Batch 300/485, loss: 0.2031576436261336 (18.448s)
Batch 450/485, loss: 0.24226809432109198 (18.449s)
Batch 485/485, loss: 0.1926924420254571 (4.314s)

-----Epoch 158-----
Batch 150/485, loss: 0.21012394746144614 (18.449s)
Batch 300/485, loss: 0.1903703639904658 (18.587s)
Batch 450/485, loss: 0.1859317034482956 (18.446s)
Batch 485/485, loss: 0.18923031879322869 (4.305s)

-----Epoch 159-----
Batch 150/485, loss: 0.17995702837904295 (18.451s)
Batch 300/485, loss: 0.18441046327352523 (18.455s)
Batch 450/485, loss: 0.18481913611292838 (18.447s)
Batch 485/485, loss: 0.18168048092297145 (4.305s)

-----Epoch 160-----
Batch 150/485, loss: 0.18428320273756982 (18.459s)
Batch 300/485, loss: 0.17907766992847124 (18.451s)
Batch 450/485, loss: 0.1979549174507459 (18.462s)
Batch 485/485, loss: 0.19424653330019542 (4.305s)

-----Epoch 161-----
Batch 150/485, loss: 0.18076821823914846 (18.450s)
Batch 300/485, loss: 0.19340382903814315 (18.454s)
Batch 450/485, loss: 0.18034609879056612 (18.449s)
Batch 485/485, loss: 0.18161286009209496 (4.304s)

-----Epoch 162-----
Batch 150/485, loss: 0.21078290442625683 (18.443s)
Batch 300/485, loss: 0.188911239306132 (18.454s)
Batch 450/485, loss: 0.18494474922617277 (18.453s)
Batch 485/485, loss: 0.17130172082356043 (4.305s)

-----Epoch 163-----
Batch 150/485, loss: 0.17598238537708918 (18.449s)
Batch 300/485, loss: 0.18031052460273106 (18.467s)
Batch 450/485, loss: 0.18066086009144783 (18.463s)
Batch 485/485, loss: 0.1889485450727599 (4.307s)

-----Epoch 164-----
Batch 150/485, loss: 0.18794360920786857 (18.449s)
Batch 300/485, loss: 0.20312318881352742 (18.600s)
Batch 450/485, loss: 0.19861303930481275 (18.450s)
Batch 485/485, loss: 0.17841472029685973 (4.304s)

-----Epoch 165-----
Batch 150/485, loss: 0.17972912589708964 (18.441s)
Batch 300/485, loss: 0.1804227044681708 (18.450s)
Batch 450/485, loss: 0.18466336985429127 (18.448s)
Batch 485/485, loss: 0.18869435233729226 (4.306s)

-----Epoch 166-----
Batch 150/485, loss: 0.18360948289434115 (18.450s)
Batch 300/485, loss: 0.17569406573971114 (18.447s)
Batch 450/485, loss: 0.20661950026949247 (18.445s)
Batch 485/485, loss: 0.21722394270556314 (4.303s)

-----Epoch 167-----
Batch 150/485, loss: 0.1919184905787309 (18.454s)
Batch 300/485, loss: 0.17935955370465914 (18.447s)
Batch 450/485, loss: 0.20325909793376923 (18.454s)
Batch 485/485, loss: 0.19523905302797046 (4.305s)

-----Epoch 168-----
Batch 150/485, loss: 0.18500284756223362 (18.455s)
Batch 300/485, loss: 0.1731711690624555 (18.437s)
Batch 450/485, loss: 0.1858006771405538 (18.437s)
Batch 485/485, loss: 0.18284493344170707 (4.311s)

-----Epoch 169-----
Batch 150/485, loss: 0.183899189333121 (18.439s)
Batch 300/485, loss: 0.17972448403636615 (18.445s)
Batch 450/485, loss: 0.18050089821219445 (18.440s)
Batch 485/485, loss: 0.18418390644448143 (4.303s)

-----Epoch 170-----
Batch 150/485, loss: 0.1810863102475802 (18.431s)
Batch 300/485, loss: 0.18050365939736365 (18.576s)
Batch 450/485, loss: 0.1928730158507824 (18.445s)
Batch 485/485, loss: 0.18717770172016962 (4.302s)

-----Epoch 171-----
Batch 150/485, loss: 0.17673926398158074 (18.445s)
Batch 300/485, loss: 0.18212831382950148 (18.440s)
Batch 450/485, loss: 0.18362304200728735 (18.443s)
Batch 485/485, loss: 0.1901208030326026 (4.302s)

-----Epoch 172-----
Batch 150/485, loss: 0.18694235210617383 (18.443s)
Batch 300/485, loss: 0.17962935730814933 (18.446s)
Batch 450/485, loss: 0.18040711258848507 (18.435s)
Batch 485/485, loss: 0.19620472022465296 (4.304s)

-----Epoch 173-----
Batch 150/485, loss: 0.1773571235438188 (18.456s)
Batch 300/485, loss: 0.18206222449739773 (18.447s)
Batch 450/485, loss: 0.19241131156682967 (18.444s)
Batch 485/485, loss: 0.239711275271007 (4.304s)

-----Epoch 174-----
Batch 150/485, loss: 0.1877615757783254 (18.443s)
Batch 300/485, loss: 0.18142361561457315 (18.439s)
Batch 450/485, loss: 0.18589417601625124 (18.436s)
Batch 485/485, loss: 0.18657100711550031 (4.304s)

-----Epoch 175-----
Batch 150/485, loss: 0.17571784694989523 (18.444s)
Batch 300/485, loss: 0.190479900042216 (18.401s)
Batch 450/485, loss: 0.18137174253662428 (18.410s)
Batch 485/485, loss: 0.1810237603528159 (4.301s)

-----Epoch 176-----
Batch 150/485, loss: 0.18349409436186154 (18.415s)
Batch 300/485, loss: 0.17440913567940394 (18.552s)
Batch 450/485, loss: 0.17650536075234413 (18.403s)
Batch 485/485, loss: 0.17765780006136214 (4.294s)

-----Epoch 177-----
Batch 150/485, loss: 0.1963011607527733 (18.418s)
Batch 300/485, loss: 0.1753687398135662 (18.408s)
Batch 450/485, loss: 0.18938557222485541 (18.415s)
Batch 485/485, loss: 0.18359296172857284 (4.303s)

-----Epoch 178-----
Batch 150/485, loss: 0.18181796838839848 (18.520s)
Batch 300/485, loss: 0.18385670483112335 (18.470s)
Batch 450/485, loss: 0.1790806599954764 (18.466s)
Batch 485/485, loss: 0.17871079934494835 (4.308s)

-----Epoch 179-----
Batch 150/485, loss: 0.17401103809475899 (18.462s)
Batch 300/485, loss: 0.17869547774394354 (18.464s)
Batch 450/485, loss: 0.18587106506029766 (18.457s)
Batch 485/485, loss: 0.3602314348731722 (4.305s)

-----Epoch 180-----
Batch 150/485, loss: 0.2408171992500623 (18.460s)
Batch 300/485, loss: 0.19715365355213482 (18.513s)
Batch 450/485, loss: 0.1812756991883119 (18.527s)
Batch 485/485, loss: 0.1857476796422686 (4.476s)

-----Epoch 181-----
Batch 150/485, loss: 0.17923210312922797 (18.468s)
Batch 300/485, loss: 0.17625858783721923 (18.510s)
Batch 450/485, loss: 0.17882181356350582 (18.432s)
Batch 485/485, loss: 0.17214322771344867 (4.298s)

-----Epoch 182-----
Batch 150/485, loss: 0.17715952108303706 (18.433s)
Batch 300/485, loss: 0.17872834727168083 (18.564s)
Batch 450/485, loss: 0.17666155969103178 (18.427s)
Batch 485/485, loss: 0.18950559794902802 (4.298s)

-----Epoch 183-----
Batch 150/485, loss: 0.18368155231078465 (18.453s)
Batch 300/485, loss: 0.18075386817256608 (18.426s)
Batch 450/485, loss: 0.1836932222545147 (18.421s)
Batch 485/485, loss: 0.17787352140460697 (4.297s)

-----Epoch 184-----
Batch 150/485, loss: 0.18081765835483868 (18.438s)
Batch 300/485, loss: 0.17694627702236176 (18.426s)
Batch 450/485, loss: 0.18253740141789118 (18.427s)
Batch 485/485, loss: 0.17455703147820065 (4.299s)

-----Epoch 185-----
Batch 150/485, loss: 0.24895460506280262 (18.431s)
Batch 300/485, loss: 0.18796816314260165 (18.425s)
Batch 450/485, loss: 0.17735586782296497 (18.422s)
Batch 485/485, loss: 0.18620756502662386 (4.301s)

-----Epoch 186-----
Batch 150/485, loss: 0.1755676807463169 (18.435s)
Batch 300/485, loss: 0.18477787574132284 (18.429s)
Batch 450/485, loss: 0.1756920875608921 (18.427s)
Batch 485/485, loss: 0.16433515122958592 (4.299s)

-----Epoch 187-----
Batch 150/485, loss: 0.1772724847495556 (18.448s)
Batch 300/485, loss: 0.17556093965967495 (18.426s)
Batch 450/485, loss: 0.17512928028901417 (18.426s)
Batch 485/485, loss: 0.17882552189486367 (4.302s)

-----Epoch 188-----
Batch 150/485, loss: 0.17167210002740224 (18.440s)
Batch 300/485, loss: 0.17939965039491654 (18.435s)
Batch 450/485, loss: 0.1801946620643139 (18.574s)
Batch 485/485, loss: 0.17530231859002796 (4.299s)

-----Epoch 189-----
Batch 150/485, loss: 0.1818516160051028 (18.430s)
Batch 300/485, loss: 0.17527985523144404 (18.393s)
Batch 450/485, loss: 0.17599749838312467 (18.394s)
Batch 485/485, loss: 0.17944666338818413 (4.291s)

-----Epoch 190-----
Batch 150/485, loss: 0.17589809790253638 (18.399s)
Batch 300/485, loss: 0.17953882505496344 (18.399s)
Batch 450/485, loss: 0.1876287963986397 (18.443s)
Batch 485/485, loss: 0.17743644969803946 (4.301s)

-----Epoch 191-----
Batch 150/485, loss: 0.17497957358757654 (18.444s)
Batch 300/485, loss: 0.17919748639067015 (18.415s)
Batch 450/485, loss: 0.1744335506359736 (18.413s)
Batch 485/485, loss: 0.17009553504841668 (4.295s)

-----Epoch 192-----
Batch 150/485, loss: 0.26072926024595894 (18.431s)
Batch 300/485, loss: 0.2664798813064893 (18.424s)
Batch 450/485, loss: 0.2337561081846555 (18.424s)
Batch 485/485, loss: 0.21616276502609252 (4.298s)

-----Epoch 193-----
Batch 150/485, loss: 0.203406685590744 (18.417s)
Batch 300/485, loss: 0.190397410094738 (18.416s)
Batch 450/485, loss: 0.18613277971744538 (18.475s)
Batch 485/485, loss: 0.1831071721655982 (4.313s)

-----Epoch 194-----
Batch 150/485, loss: 0.1766242847343286 (18.498s)
Batch 300/485, loss: 0.1808592605094115 (18.494s)
Batch 450/485, loss: 0.17568946306904157 (18.634s)
Batch 485/485, loss: 0.17240839153528215 (4.314s)

-----Epoch 195-----
Batch 150/485, loss: 0.17953930084904035 (18.497s)
Batch 300/485, loss: 0.16971207092205684 (18.493s)
Batch 450/485, loss: 0.17490867778658867 (18.497s)
Batch 485/485, loss: 0.17433241094861712 (4.316s)

-----Epoch 196-----
Batch 150/485, loss: 0.17281606396039326 (18.494s)
Batch 300/485, loss: 0.17537190576394399 (18.502s)
Batch 450/485, loss: 0.17893999814987183 (18.505s)
Batch 485/485, loss: 0.16388249269553593 (4.316s)

-----Epoch 197-----
Batch 150/485, loss: 0.18190125703811647 (18.505s)
Batch 300/485, loss: 0.17830298736691474 (18.491s)
Batch 450/485, loss: 0.17534256398677825 (18.504s)
Batch 485/485, loss: 0.17251659248556409 (4.315s)

-----Epoch 198-----
Batch 150/485, loss: 0.1704941782852014 (18.498s)
Batch 300/485, loss: 0.17484250431259474 (18.504s)
Batch 450/485, loss: 0.1777001850803693 (18.492s)
Batch 485/485, loss: 0.18525717769350325 (4.326s)

-----Epoch 199-----
Batch 150/485, loss: 0.17433944056431452 (18.488s)
Batch 300/485, loss: 0.21418146029114724 (18.489s)
Batch 450/485, loss: 0.1840393974383672 (18.494s)
Batch 485/485, loss: 0.19647952552352632 (4.314s)

-----Epoch 200-----
Batch 150/485, loss: 0.18104550858338675 (18.489s)
Batch 300/485, loss: 0.19502835984031358 (18.490s)
Batch 450/485, loss: 0.17494799196720123 (18.606s)
Batch 485/485, loss: 0.16511145936591284 (4.300s)
Saved to test_model_e200_f7.pth
Total avg loss: 0.17615772789201234
0.06760954856872559
tensor([[-1.0127e+01,  0.0000e+00],
        [-1.8060e+02,  0.0000e+00],
        [-8.0655e+01,  0.0000e+00],
        [-1.3904e+02,  0.0000e+00],
        [-1.3329e+02,  0.0000e+00],
        [-8.0585e+01,  0.0000e+00],
        [-1.7351e+02,  0.0000e+00],
        [-6.4177e+01,  0.0000e+00],
        [-8.6135e+00,  0.0000e+00],
        [-1.0672e+02,  0.0000e+00],
        [-4.2743e+01,  0.0000e+00],
        [-6.3569e+01,  0.0000e+00],
        [-1.9652e+02,  0.0000e+00],
        [-1.3787e+02,  0.0000e+00],
        [-1.4774e+02,  0.0000e+00],
        [-1.6355e+02,  0.0000e+00],
        [-8.6813e+01,  0.0000e+00],
        [-1.5762e+02,  0.0000e+00],
        [-1.7674e+02,  0.0000e+00],
        [-1.4129e+02,  0.0000e+00],
        [-1.0503e+01,  0.0000e+00],
        [-1.5970e+02,  0.0000e+00],
        [-1.6138e+02,  0.0000e+00],
        [-1.8109e+02,  0.0000e+00],
        [-1.2770e+02,  0.0000e+00],
        [-1.7374e+02,  0.0000e+00],
        [-1.5985e+02,  0.0000e+00],
        [-1.1258e+02,  0.0000e+00],
        [-9.7216e+01,  0.0000e+00],
        [-1.3781e+02,  0.0000e+00],
        [ 5.5538e-01,  0.0000e+00],
        [-2.3307e+01,  0.0000e+00],
        [-1.6969e-01,  0.0000e+00],
        [-4.3412e+01,  0.0000e+00],
        [-2.3651e+01,  0.0000e+00],
        [-5.1839e+01,  0.0000e+00],
        [-5.0549e+01,  0.0000e+00],
        [-9.9004e+01,  0.0000e+00],
        [-1.4130e+02,  0.0000e+00],
        [-1.5334e+02,  0.0000e+00],
        [-1.6932e+02,  0.0000e+00],
        [-6.3629e+01,  0.0000e+00],
        [-8.1846e+01,  0.0000e+00],
        [-1.6870e+02,  0.0000e+00],
        [-1.0155e+02,  0.0000e+00],
        [-9.6570e+01,  0.0000e+00],
        [-1.5474e+02,  0.0000e+00],
        [-1.7139e+02,  0.0000e+00],
        [-1.8694e+02,  0.0000e+00],
        [-1.8378e+02,  0.0000e+00],
        [-1.7390e+02,  0.0000e+00],
        [-1.6954e+02,  0.0000e+00],
        [-1.0908e+02,  0.0000e+00],
        [-2.1655e+01,  0.0000e+00],
        [-6.5633e+01,  0.0000e+00],
        [-1.2341e+02,  0.0000e+00],
        [-4.6900e+01,  0.0000e+00],
        [-2.9843e+01,  0.0000e+00],
        [-1.0703e+02,  0.0000e+00],
        [-1.4141e+02,  0.0000e+00],
        [-1.1037e+02,  0.0000e+00],
        [-3.4407e+01,  0.0000e+00],
        [-1.6551e+02,  0.0000e+00],
        [-1.6571e+02,  0.0000e+00],
        [-1.7792e+02,  0.0000e+00],
        [-2.5284e+01,  0.0000e+00],
        [-1.0500e+02,  0.0000e+00],
        [-6.0966e+01,  0.0000e+00],
        [-1.1955e+02,  0.0000e+00],
        [-6.3109e+01,  0.0000e+00],
        [-1.3780e+02,  0.0000e+00],
        [-1.3823e+02,  0.0000e+00],
        [-9.6490e+01,  0.0000e+00],
        [-1.7713e+02,  0.0000e+00],
        [-3.3332e-01,  0.0000e+00],
        [-4.5724e+00,  0.0000e+00],
        [-5.2532e+01,  0.0000e+00],
        [-5.3706e+01,  0.0000e+00],
        [ 3.0788e-01,  0.0000e+00],
        [-1.4681e-01,  0.0000e+00],
        [-2.9954e+00,  0.0000e+00],
        [ 1.1332e+00,  1.0000e+00],
        [-1.5357e+01,  0.0000e+00],
        [-2.6944e+01,  0.0000e+00],
        [-7.2549e+01,  0.0000e+00],
        [-1.7463e+01,  0.0000e+00],
        [-3.7215e+01,  0.0000e+00],
        [-5.1443e+01,  0.0000e+00],
        [-6.3840e+01,  0.0000e+00],
        [-4.0459e-01,  0.0000e+00],
        [-3.4998e+01,  0.0000e+00]], device='cuda:0')
[0.06746699 0.00952381 0.06779661 0.07575758 0.1        0.06451613
 0.05586592 0.11001965 0.04523568 0.04577465 0.0499737  0.06
 0.02608696 0.08695652 0.08928571 0.05       0.06557377 0.07291667
 0.02083333 0.08403361 0.07996071 0.01282051 0.05128205 0.015625
 0.06504065 0.04081633 0.04044118 0.09558824 0.33333333 0.02777778
 0.54086463 0.06684857 0.09662716 0.06071757 0.06407323 0.07149853
 0.06318504 0.07586207 0.03333333 0.05154639 0.03208556 1.
 0.04672897 0.08333333 0.08333333 0.06569343 0.09090909 0.01851852
 0.03225806 0.02247191 0.02247191 0.01587302 0.05078125 0.06267806
 0.05531915 0.02362205 0.06102117 0.04189336 0.10526316 0.04819277
 0.08173077 0.06068081 0.04188482 0.06882591 0.04       0.06547619
 0.11538462 0.0540275  0.05432099 0.05792683 0.05555556 0.03984064
 0.05641026 0.02654867 0.23441681 0.04794262 0.08925319 0.06920415
 0.41977809 0.37210822 0.07363394 0.16768366 0.04058108 0.04070556
 0.0626186  0.06074343 0.06741958 0.08348512 0.06209677 0.16101103
 0.05422374]
Total precision: 0.33336688392605546
[0.98943662 1.         1.         1.         1.         1.
 1.         0.99115044 0.99442897 1.         1.         1.
 1.         1.         1.         1.         1.         1.
 1.         1.         0.98786408 1.         1.         1.
 1.         1.         1.         1.         1.         1.
 0.98977066 1.         0.96296296 1.         0.9903537  1.
 1.         1.         1.         1.         1.         1.
 1.         1.         1.         1.         1.         1.
 1.         1.         1.         1.         1.         1.
 1.         1.         1.         1.         1.         1.
 1.         0.99193548 1.         1.         1.         0.99435028
 1.         1.         1.         1.         1.         1.
 1.         1.         0.99850523 1.         1.         1.
 0.99603009 0.99894737 0.98660714 0.98782904 1.         0.99447514
 1.         1.         0.98994975 0.98920863 1.         0.99310939
 1.        ]
Total recall: 0.9931978217071273
Total F1 score: 0.47462842051394905
