---------------------------------------
Begin Slurm Prolog: Dec-02-2024 18:02:30
Job ID:    1003786
User ID:   khom9
Account:   cse
Job name:  Train_Abstract2_LSTM_SNN-6_v1
Partition: coc-gpu
---------------------------------------
Using device cuda:0
NVIDIA L40S
/usr/local/lib/python3.10/dist-packages/torchtext/data/utils.py:105: UserWarning: Spacy model "en" could not be loaded, trying "en_core_web_sm" instead
  warnings.warn(
/home/hice1/khom9/ondemand/data/sys/myjobs/projects/default/59/dataset.py:38: UserWarning: Sparse CSR tensor support is in beta state. If you miss a functionality in the sparse tensor support, please submit a feature request to https://github.com/pytorch/pytorch/issues. (Triggered internally at /opt/pytorch/pytorch/aten/src/ATen/SparseCsrTensorImpl.cpp:53.)
  self.labels = torch.tensor(mlb.fit_transform(classes)).to_sparse_csr().type(torch.float)
Learning rate: 1e-05
Training for 250 epochs, with T=45, batch size=48
Saving model every 25 epochs

-----Epoch 1/250-----
Batch 75/485, loss: 8.036006571451823 (23.461s)
Batch 150/485, loss: 7.126096855799357 (21.813s)
Batch 225/485, loss: 6.557715307871501 (21.822s)
Batch 300/485, loss: 6.534390230178833 (21.757s)
Batch 375/485, loss: 6.681807184219361 (21.739s)
Batch 450/485, loss: 7.657638381322225 (21.664s)
Batch 485/485, loss: 6.24977718761989 (10.139s)
F1 score: 0.7844545578781029

-----Epoch 2/250-----
Batch 75/485, loss: 8.228894815444946 (21.807s)
Batch 150/485, loss: 8.331275472640991 (21.588s)
Batch 225/485, loss: 6.112481536865235 (21.903s)
Batch 300/485, loss: 7.199653666814168 (22.053s)
Batch 375/485, loss: 6.26807414372762 (21.647s)
Batch 450/485, loss: 7.72867644627889 (21.820s)
Batch 485/485, loss: 6.403726182665143 (10.185s)
F1 score: 0.784297497405149

-----Epoch 3/250-----
Batch 75/485, loss: 6.796652285257975 (22.015s)
Batch 150/485, loss: 6.878965037663778 (21.834s)
Batch 225/485, loss: 7.001452252070109 (21.972s)
Batch 300/485, loss: 7.934147084554036 (22.389s)
Batch 375/485, loss: 6.371527315775554 (22.218s)
Batch 450/485, loss: 7.160033680597941 (22.139s)
Batch 485/485, loss: 7.313650737489973 (10.348s)
F1 score: 0.7841504783191874

-----Epoch 4/250-----
Batch 75/485, loss: 6.341332902908325 (22.299s)
Batch 150/485, loss: 7.683710091908773 (22.289s)
Batch 225/485, loss: 7.985618947347005 (22.301s)
Batch 300/485, loss: 6.408413073221842 (22.153s)
Batch 375/485, loss: 7.3551553471883135 (22.263s)
Batch 450/485, loss: 6.908727048238118 (22.307s)
Batch 485/485, loss: 6.651407241821289 (10.494s)
F1 score: 0.7851867633544721

-----Epoch 5/250-----
Batch 75/485, loss: 6.9201267655690515 (22.367s)
Batch 150/485, loss: 6.2869297122955325 (22.306s)
Batch 225/485, loss: 7.785597448348999 (22.422s)
Batch 300/485, loss: 6.889641230901082 (22.371s)
Batch 375/485, loss: 7.322360321680705 (22.339s)
Batch 450/485, loss: 6.397956848144531 (21.972s)
Batch 485/485, loss: 7.862788322993687 (10.326s)
F1 score: 0.7848606979245879

-----Epoch 6/250-----
Batch 75/485, loss: 6.993403546015421 (22.103s)
Batch 150/485, loss: 7.955558468500773 (22.550s)
Batch 225/485, loss: 6.030082991917928 (22.294s)
Batch 300/485, loss: 7.0598513094584145 (22.272s)
Batch 375/485, loss: 8.126762177149455 (22.328s)
Batch 450/485, loss: 6.334864053726196 (22.044s)
Batch 485/485, loss: 8.31790052822658 (10.340s)
F1 score: 0.7837096769340579

-----Epoch 7/250-----
Batch 75/485, loss: 6.951284898122152 (22.011s)
Batch 150/485, loss: 7.414643446604411 (22.470s)
Batch 225/485, loss: 6.6099898147583005 (22.355s)
Batch 300/485, loss: 5.54446283976237 (22.419s)
Batch 375/485, loss: 7.366114136377971 (22.397s)
Batch 450/485, loss: 7.742724103927612 (22.121s)
Batch 485/485, loss: 7.474444879804339 (10.596s)
F1 score: 0.7852841035898964

-----Epoch 8/250-----
Batch 75/485, loss: 8.607733262379965 (22.226s)
Batch 150/485, loss: 6.936040563583374 (22.328s)
Batch 225/485, loss: 7.651960417429606 (22.290s)
Batch 300/485, loss: 6.654770113627116 (22.414s)
Batch 375/485, loss: 6.08435238202413 (22.192s)
Batch 450/485, loss: 7.434751300811768 (22.223s)
Batch 485/485, loss: 7.558683013916015 (10.304s)
F1 score: 0.7856897785274878

-----Epoch 9/250-----
Batch 75/485, loss: 8.877999703089396 (22.472s)
Batch 150/485, loss: 6.795920750300089 (22.280s)
Batch 225/485, loss: 6.215523204803467 (22.289s)
Batch 300/485, loss: 6.991852312088013 (22.232s)
Batch 375/485, loss: 7.831099055608114 (22.323s)
Batch 450/485, loss: 6.253053744633992 (22.653s)
Batch 485/485, loss: 7.024387053080967 (10.529s)
F1 score: 0.7853152542079261

-----Epoch 10/250-----
Batch 75/485, loss: 6.523586448033651 (22.342s)
Batch 150/485, loss: 8.361776030858358 (22.355s)
Batch 225/485, loss: 5.394838860829672 (22.119s)
Batch 300/485, loss: 7.084592456817627 (22.308s)
Batch 375/485, loss: 8.175120169321696 (22.330s)
Batch 450/485, loss: 7.220920464197794 (22.348s)
Batch 485/485, loss: 6.713053267342704 (10.198s)
F1 score: 0.7845503572664092

-----Epoch 11/250-----
Batch 75/485, loss: 8.66256737391154 (22.350s)
Batch 150/485, loss: 6.407686831156413 (22.415s)
Batch 225/485, loss: 7.412896102269491 (22.311s)
Batch 300/485, loss: 6.255846687952677 (22.145s)
Batch 375/485, loss: 6.449585186640421 (22.366s)
Batch 450/485, loss: 7.697807505925496 (22.233s)
Batch 485/485, loss: 7.170036588396345 (10.341s)
F1 score: 0.7846279128497727

-----Epoch 12/250-----
Batch 75/485, loss: 6.161222823460897 (22.360s)
Batch 150/485, loss: 8.215468244552612 (21.992s)
Batch 225/485, loss: 6.489950033823649 (22.116s)
Batch 300/485, loss: 6.993884528477986 (22.182s)
Batch 375/485, loss: 7.464501924514771 (22.203s)
Batch 450/485, loss: 7.985596599578858 (22.109s)
Batch 485/485, loss: 6.142429147447858 (10.056s)
F1 score: 0.7849403166145338

-----Epoch 13/250-----
Batch 75/485, loss: 7.065944245656332 (22.002s)
Batch 150/485, loss: 7.425239159266154 (21.861s)
Batch 225/485, loss: 6.616413895289103 (22.064s)
Batch 300/485, loss: 7.1258478895823165 (22.183s)
Batch 375/485, loss: 6.666112003326416 (21.758s)
Batch 450/485, loss: 7.526990200678507 (22.126s)
Batch 485/485, loss: 7.068497903006417 (10.138s)
F1 score: 0.7858864404969178

-----Epoch 14/250-----
Batch 75/485, loss: 7.03686837832133 (22.100s)
Batch 150/485, loss: 6.537389375368754 (21.908s)
Batch 225/485, loss: 7.408428840637207 (21.893s)
Batch 300/485, loss: 6.915838871002197 (21.913s)
Batch 375/485, loss: 7.220492792129517 (21.681s)
Batch 450/485, loss: 7.672290608088176 (21.886s)
Batch 485/485, loss: 5.803318343843732 (10.254s)
F1 score: 0.7855341282255758

-----Epoch 15/250-----
Batch 75/485, loss: 6.962700341542562 (22.050s)
Batch 150/485, loss: 7.429915040334066 (21.810s)
Batch 225/485, loss: 8.544317874908447 (21.975s)
Batch 300/485, loss: 5.907272288004557 (21.699s)
Batch 375/485, loss: 6.1106997458140055 (21.696s)
Batch 450/485, loss: 7.078034795125325 (21.687s)
Batch 485/485, loss: 7.639053807939802 (10.037s)
F1 score: 0.7866622084643107

-----Epoch 16/250-----
Batch 75/485, loss: 7.87275484085083 (21.570s)
Batch 150/485, loss: 5.898715098698934 (21.748s)
Batch 225/485, loss: 7.602435401280721 (21.791s)
Batch 300/485, loss: 8.624376656214396 (21.672s)
Batch 375/485, loss: 7.1291240914662675 (21.697s)
Batch 450/485, loss: 5.614662481943767 (21.437s)
Batch 485/485, loss: 7.642079305648804 (10.171s)
F1 score: 0.7868728222886424

-----Epoch 17/250-----
Batch 75/485, loss: 5.970761671066284 (21.486s)
Batch 150/485, loss: 7.508487259546916 (22.020s)
Batch 225/485, loss: 6.919943695068359 (21.522s)
Batch 300/485, loss: 6.742484877904256 (21.534s)
Batch 375/485, loss: 7.282368618647258 (21.288s)
Batch 450/485, loss: 7.071606594721477 (21.526s)
Batch 485/485, loss: 9.216019541876657 (10.058s)
F1 score: 0.7871684256197838

-----Epoch 18/250-----
Batch 75/485, loss: 6.47068593343099 (21.437s)
Batch 150/485, loss: 6.201097071965536 (21.472s)
Batch 225/485, loss: 8.496039708455404 (21.494s)
Batch 300/485, loss: 6.853442195256551 (21.394s)
Batch 375/485, loss: 7.274830973943074 (21.485s)
Batch 450/485, loss: 7.44957226117452 (21.670s)
Batch 485/485, loss: 7.453673369543893 (10.028s)
F1 score: 0.7870168478045453

-----Epoch 19/250-----
Batch 75/485, loss: 6.9860203742980955 (21.355s)
Batch 150/485, loss: 6.887280502319336 (21.238s)
Batch 225/485, loss: 7.1672245820363365 (21.665s)
Batch 300/485, loss: 7.472845417658488 (21.529s)
Batch 375/485, loss: 7.181570644378662 (21.697s)
Batch 450/485, loss: 6.791922877629598 (21.467s)
Batch 485/485, loss: 7.406858607700893 (9.982s)
F1 score: 0.7877226810509452

-----Epoch 20/250-----
Batch 75/485, loss: 7.79997665087382 (21.533s)
Batch 150/485, loss: 7.371003570556641 (21.605s)
Batch 225/485, loss: 7.5685465653737385 (21.309s)
Batch 300/485, loss: 7.080680923461914 (21.699s)
Batch 375/485, loss: 5.823446731567383 (21.525s)
Batch 450/485, loss: 8.120536839167277 (21.537s)
Batch 485/485, loss: 6.327408375058855 (10.044s)
F1 score: 0.7864521149076873

-----Epoch 21/250-----
Batch 75/485, loss: 8.906901693344116 (21.517s)
Batch 150/485, loss: 5.743677679697672 (21.511s)
Batch 225/485, loss: 8.425447963078817 (21.406s)
Batch 300/485, loss: 6.2830863825480145 (21.545s)
Batch 375/485, loss: 6.800265165964762 (21.470s)
Batch 450/485, loss: 7.255437018076579 (21.669s)
Batch 485/485, loss: 6.414495720182146 (10.014s)
F1 score: 0.7864714718672318

-----Epoch 22/250-----
Batch 75/485, loss: 6.963359438578288 (21.439s)
Batch 150/485, loss: 6.580146455764771 (21.425s)
Batch 225/485, loss: 6.595254783630371 (21.442s)
Batch 300/485, loss: 7.0018690490722655 (21.443s)
Batch 375/485, loss: 8.325219262441 (21.536s)
Batch 450/485, loss: 7.875459445317587 (21.461s)
Batch 485/485, loss: 5.193291786738804 (9.964s)
F1 score: 0.786136282922815

-----Epoch 23/250-----
Batch 75/485, loss: 7.372870667775472 (21.563s)
Batch 150/485, loss: 6.7518448098500565 (21.376s)
Batch 225/485, loss: 7.4882201512654625 (21.453s)
Batch 300/485, loss: 6.405949843724569 (21.547s)
Batch 375/485, loss: 6.985234721501668 (21.741s)
Batch 450/485, loss: 7.628908904393514 (21.749s)
Batch 485/485, loss: 6.551507275445121 (10.069s)
F1 score: 0.7863083941614782

-----Epoch 24/250-----
Batch 75/485, loss: 7.204251486460368 (21.464s)
Batch 150/485, loss: 6.802117853164673 (21.242s)
Batch 225/485, loss: 7.00185380935669 (21.397s)
Batch 300/485, loss: 6.586087233225505 (21.798s)
Batch 375/485, loss: 6.961206601460774 (21.506s)
Batch 450/485, loss: 8.252399088541667 (21.462s)
Batch 485/485, loss: 5.7860439641135075 (9.937s)
F1 score: 0.7871096267704909

-----Epoch 25/250-----
Batch 75/485, loss: 7.483106679916382 (21.390s)
Batch 150/485, loss: 7.9620964654286706 (21.436s)
Batch 225/485, loss: 5.693779748280843 (21.536s)
Batch 300/485, loss: 8.554406814575195 (21.440s)
Batch 375/485, loss: 6.73362535794576 (21.370s)
Batch 450/485, loss: 5.960251185099284 (21.538s)
Batch 485/485, loss: 7.258524969645909 (9.986s)
Saved to snn_model-6_v1.pth
F1 score: 0.7875588660238914

-----Epoch 26/250-----
Batch 75/485, loss: 6.906015243530273 (21.253s)
Batch 150/485, loss: 8.19708109219869 (21.727s)
Batch 225/485, loss: 6.480168091456095 (21.496s)
Batch 300/485, loss: 7.259214115142822 (21.252s)
Batch 375/485, loss: 5.837293944358826 (21.840s)
Batch 450/485, loss: 6.7954659748077395 (21.505s)
Batch 485/485, loss: 7.916071271896362 (9.903s)
F1 score: 0.7881374721427159

-----Epoch 27/250-----
Batch 75/485, loss: 7.337663682301839 (21.512s)
Batch 150/485, loss: 9.01667436917623 (21.460s)
Batch 225/485, loss: 6.708783594767253 (21.467s)
Batch 300/485, loss: 6.18338472366333 (21.437s)
Batch 375/485, loss: 6.318315455118815 (21.437s)
Batch 450/485, loss: 7.203627204895019 (21.530s)
Batch 485/485, loss: 6.08915730203901 (10.021s)
F1 score: 0.7877979262141388

-----Epoch 28/250-----
Batch 75/485, loss: 6.635694363911947 (21.992s)
Batch 150/485, loss: 6.222295357386272 (21.596s)
Batch 225/485, loss: 6.3886726919809975 (21.478s)
Batch 300/485, loss: 8.252935002644858 (21.511s)
Batch 375/485, loss: 7.535387083689372 (21.596s)
Batch 450/485, loss: 7.1923435624440515 (21.505s)
Batch 485/485, loss: 6.937682253973825 (10.097s)
F1 score: 0.7873485192144455

-----Epoch 29/250-----
Batch 75/485, loss: 6.791792112986247 (21.697s)
Batch 150/485, loss: 7.51928550084432 (21.580s)
Batch 225/485, loss: 7.569815521240234 (21.449s)
Batch 300/485, loss: 5.593349301020305 (21.276s)
Batch 375/485, loss: 6.958945086797079 (21.369s)
Batch 450/485, loss: 8.346221755345663 (21.590s)
Batch 485/485, loss: 5.185344382694789 (9.976s)
F1 score: 0.7880911713753237

-----Epoch 30/250-----
Batch 75/485, loss: 6.432133588790894 (21.699s)
Batch 150/485, loss: 7.169576562245687 (21.559s)
Batch 225/485, loss: 7.45941322962443 (21.594s)
Batch 300/485, loss: 6.762335774103801 (21.718s)
Batch 375/485, loss: 7.122873544692993 (21.449s)
Batch 450/485, loss: 7.490203212102254 (21.467s)
Batch 485/485, loss: 6.129303135190692 (10.193s)
F1 score: 0.7879350084235535

-----Epoch 31/250-----
Batch 75/485, loss: 8.221655365626017 (21.599s)
Batch 150/485, loss: 5.986971607208252 (21.426s)
Batch 225/485, loss: 5.76716462135315 (21.276s)
Batch 300/485, loss: 7.7967457071940105 (21.554s)
Batch 375/485, loss: 7.526541881561279 (21.351s)
Batch 450/485, loss: 7.530304978688558 (21.336s)
Batch 485/485, loss: 6.94831315449306 (10.223s)
F1 score: 0.7885079719216522

-----Epoch 32/250-----
Batch 75/485, loss: 7.747180821100871 (21.458s)
Batch 150/485, loss: 6.415647185643514 (21.533s)
Batch 225/485, loss: 8.053239240646363 (21.448s)
Batch 300/485, loss: 6.291917578379313 (21.501s)
Batch 375/485, loss: 6.621150544484457 (21.667s)
Batch 450/485, loss: 6.544948577880859 (21.559s)
Batch 485/485, loss: 9.68007606778826 (10.046s)
F1 score: 0.7878761229780658

-----Epoch 33/250-----
Batch 75/485, loss: 7.190117297172546 (21.708s)
Batch 150/485, loss: 6.379798631668091 (21.726s)
Batch 225/485, loss: 7.342070064544678 (21.769s)
Batch 300/485, loss: 7.343506937026977 (21.612s)
Batch 375/485, loss: 7.5121581077575685 (21.581s)
Batch 450/485, loss: 7.432921756108602 (21.470s)
Batch 485/485, loss: 7.861879689352853 (10.168s)
F1 score: 0.7894850095678128

-----Epoch 34/250-----
Batch 75/485, loss: 6.405563004811605 (21.744s)
Batch 150/485, loss: 6.890917892456055 (21.831s)
Batch 225/485, loss: 7.0003339989980065 (21.612s)
Batch 300/485, loss: 8.15929438273112 (21.682s)
Batch 375/485, loss: 6.847327206929525 (21.729s)
Batch 450/485, loss: 7.044154116312662 (21.619s)
Batch 485/485, loss: 6.078844908305577 (10.148s)
F1 score: 0.788539034958635

-----Epoch 35/250-----
Batch 75/485, loss: 6.6854477341969805 (21.814s)
Batch 150/485, loss: 5.561676489512125 (21.737s)
Batch 225/485, loss: 7.8630831305185955 (21.532s)
Batch 300/485, loss: 7.175712633132934 (21.541s)
Batch 375/485, loss: 6.548545811971029 (21.566s)
Batch 450/485, loss: 8.144079732894898 (21.561s)
Batch 485/485, loss: 6.991562880788531 (10.034s)
F1 score: 0.7891659103644485

-----Epoch 36/250-----
Batch 75/485, loss: 5.156635265350342 (21.825s)
Batch 150/485, loss: 6.841407047907511 (21.636s)
Batch 225/485, loss: 7.519458866119384 (21.659s)
Batch 300/485, loss: 7.145981979370117 (21.655s)
Batch 375/485, loss: 5.976627833048503 (21.516s)
Batch 450/485, loss: 8.58160031636556 (21.875s)
Batch 485/485, loss: 9.688157388142177 (10.069s)
F1 score: 0.7893744515941513

-----Epoch 37/250-----
Batch 75/485, loss: 8.890215590794881 (21.655s)
Batch 150/485, loss: 6.551088902155558 (21.599s)
Batch 225/485, loss: 6.925852565765381 (21.614s)
Batch 300/485, loss: 6.359939721425374 (21.663s)
Batch 375/485, loss: 7.906911522547404 (21.258s)
Batch 450/485, loss: 6.785531924565633 (21.445s)
Batch 485/485, loss: 5.449564497811454 (9.973s)
F1 score: 0.7899359588308011

-----Epoch 38/250-----
Batch 75/485, loss: 7.741052964528402 (21.875s)
Batch 150/485, loss: 7.037804238001505 (21.641s)
Batch 225/485, loss: 7.196388816833496 (21.419s)
Batch 300/485, loss: 7.442814474105835 (21.476s)
Batch 375/485, loss: 7.017250639597575 (21.834s)
Batch 450/485, loss: 6.345730759302775 (21.438s)
Batch 485/485, loss: 8.564031110491072 (10.021s)
F1 score: 0.7867274549123263

-----Epoch 39/250-----
Batch 75/485, loss: 6.571375754674276 (21.635s)
Batch 150/485, loss: 7.086945320765177 (21.647s)
Batch 225/485, loss: 7.198085842132568 (21.499s)
Batch 300/485, loss: 6.293546311060587 (21.384s)
Batch 375/485, loss: 7.499267991383871 (21.493s)
Batch 450/485, loss: 7.502512515385946 (21.476s)
Batch 485/485, loss: 8.375590923854283 (10.023s)
F1 score: 0.789376775888416

-----Epoch 40/250-----
Batch 75/485, loss: 6.913505137761434 (21.728s)
Batch 150/485, loss: 8.666043367385864 (21.521s)
Batch 225/485, loss: 6.602236893971761 (21.747s)
Batch 300/485, loss: 6.077108573913574 (21.837s)
Batch 375/485, loss: 5.928328412373861 (21.461s)
Batch 450/485, loss: 7.411254469553629 (21.462s)
Batch 485/485, loss: 8.453354399544851 (10.098s)
F1 score: 0.7900826257990151

-----Epoch 41/250-----
Batch 75/485, loss: 6.454522066116333 (21.432s)
Batch 150/485, loss: 6.678000160853068 (21.420s)
Batch 225/485, loss: 7.454708617528279 (21.446s)
Batch 300/485, loss: 8.852987365722656 (21.409s)
Batch 375/485, loss: 6.55631020228068 (21.559s)
Batch 450/485, loss: 7.2207544294993085 (21.399s)
Batch 485/485, loss: 6.332493053163801 (10.123s)
F1 score: 0.7900751236158268

-----Epoch 42/250-----
Batch 75/485, loss: 7.2712129243214925 (21.454s)
Batch 150/485, loss: 5.965424690246582 (21.443s)
Batch 225/485, loss: 7.298390315373738 (21.491s)
Batch 300/485, loss: 7.029105955759684 (21.865s)
Batch 375/485, loss: 8.073008829752604 (21.281s)
Batch 450/485, loss: 7.223959719340007 (21.172s)
Batch 485/485, loss: 8.677365132740565 (9.995s)
F1 score: 0.7884541129540723

-----Epoch 43/250-----
Batch 75/485, loss: 7.457474101384481 (21.421s)
Batch 150/485, loss: 6.166065149307251 (21.577s)
Batch 225/485, loss: 7.0805070718129475 (21.618s)
Batch 300/485, loss: 6.810840619405111 (21.425s)
Batch 375/485, loss: 7.492784264882405 (21.338s)
Batch 450/485, loss: 6.744057722091675 (21.342s)
Batch 485/485, loss: 6.670045580182757 (10.066s)
F1 score: 0.789717284189486

-----Epoch 44/250-----
Batch 75/485, loss: 6.169019397099813 (21.157s)
Batch 150/485, loss: 7.429465182622274 (21.577s)
Batch 225/485, loss: 7.554733537038167 (21.575s)
Batch 300/485, loss: 7.712914632161458 (21.504s)
Batch 375/485, loss: 6.390955282847087 (21.523s)
Batch 450/485, loss: 7.160884888966878 (21.673s)
Batch 485/485, loss: 7.907473019191197 (9.939s)
F1 score: 0.7887257178834153

-----Epoch 45/250-----
Batch 75/485, loss: 7.0854966354370115 (21.651s)
Batch 150/485, loss: 8.635635938644409 (21.575s)
Batch 225/485, loss: 7.421715335845947 (21.688s)
Batch 300/485, loss: 7.85912691116333 (21.682s)
Batch 375/485, loss: 5.062780955632528 (21.626s)
Batch 450/485, loss: 6.83161686261495 (22.860s)
Batch 485/485, loss: 6.6387751647404265 (10.929s)
F1 score: 0.7891706907237535

-----Epoch 46/250-----
Batch 75/485, loss: 7.91315572420756 (22.983s)
Batch 150/485, loss: 7.096999028523763 (22.887s)
Batch 225/485, loss: 6.8149376996358235 (22.995s)
Batch 300/485, loss: 6.954721409479777 (22.963s)
Batch 375/485, loss: 6.7013553539911905 (22.937s)
Batch 450/485, loss: 6.562414919535319 (22.708s)
Batch 485/485, loss: 8.82211662020002 (10.823s)
F1 score: 0.789482395960965

-----Epoch 47/250-----
Batch 75/485, loss: 8.840864060719808 (22.863s)
Batch 150/485, loss: 6.363566977183024 (22.978s)
Batch 225/485, loss: 5.930314203898112 (22.947s)
Batch 300/485, loss: 6.607571551005045 (22.843s)
Batch 375/485, loss: 7.5274396165212 (22.924s)
Batch 450/485, loss: 7.473320124944051 (23.323s)
Batch 485/485, loss: 7.07522394997733 (10.625s)
F1 score: 0.7881996894771636

-----Epoch 48/250-----
Batch 75/485, loss: 6.8782182216644285 (22.941s)
Batch 150/485, loss: 6.688858925501505 (22.976s)
Batch 225/485, loss: 6.061854906082154 (22.787s)
Batch 300/485, loss: 7.971606671015421 (22.796s)
Batch 375/485, loss: 6.365106287002564 (22.863s)
Batch 450/485, loss: 8.6940247408549 (22.947s)
Batch 485/485, loss: 7.299144206728254 (10.717s)
F1 score: 0.7894788915147946

-----Epoch 49/250-----
Batch 75/485, loss: 5.991397542953491 (22.925s)
Batch 150/485, loss: 7.627930968602499 (22.666s)
Batch 225/485, loss: 7.100572083791097 (22.644s)
Batch 300/485, loss: 7.620160586039225 (22.772s)
Batch 375/485, loss: 6.650240025520325 (23.184s)
Batch 450/485, loss: 7.345684280395508 (23.098s)
Batch 485/485, loss: 8.521792895453316 (10.643s)
F1 score: 0.7879983500208761

-----Epoch 50/250-----
Batch 75/485, loss: 6.444762404759725 (22.747s)
Batch 150/485, loss: 6.744167238871256 (22.768s)
Batch 225/485, loss: 8.784614953994751 (22.803s)
Batch 300/485, loss: 7.530187441507976 (22.732s)
Batch 375/485, loss: 6.189532117843628 (22.592s)
Batch 450/485, loss: 7.283417243957519 (22.887s)
Batch 485/485, loss: 7.136546012333461 (10.673s)
Saved to snn_model-6_v1.pth
F1 score: 0.7901089350250485

-----Epoch 51/250-----
Batch 75/485, loss: 6.087452421188354 (22.893s)
Batch 150/485, loss: 6.589462544123331 (22.955s)
Batch 225/485, loss: 7.296887073516846 (22.715s)
Batch 300/485, loss: 6.731336189905803 (23.072s)
Batch 375/485, loss: 6.827234706878662 (22.742s)
Batch 450/485, loss: 7.846806777318319 (22.786s)
Batch 485/485, loss: 8.593269416264125 (10.652s)
F1 score: 0.7905918469008517

-----Epoch 52/250-----
Batch 75/485, loss: 7.1711702696482345 (22.728s)
Batch 150/485, loss: 8.283611447016398 (22.863s)
Batch 225/485, loss: 7.291312297185262 (22.725s)
Batch 300/485, loss: 7.289320576985677 (22.774s)
Batch 375/485, loss: 6.969242032368978 (22.799s)
Batch 450/485, loss: 6.7611496639251705 (22.823s)
Batch 485/485, loss: 5.3493437017713275 (10.626s)
F1 score: 0.7907505314556931

-----Epoch 53/250-----
Batch 75/485, loss: 7.359343454043071 (22.634s)
Batch 150/485, loss: 7.464912424087524 (23.163s)
Batch 225/485, loss: 7.78929633140564 (22.688s)
Batch 300/485, loss: 6.444728161493937 (22.974s)
Batch 375/485, loss: 6.267624082565308 (23.724s)
Batch 450/485, loss: 7.007660573323568 (22.863s)
Batch 485/485, loss: 8.547101531709943 (10.613s)
F1 score: 0.7907134752954479

-----Epoch 54/250-----
Batch 75/485, loss: 6.5966005007425945 (22.829s)
Batch 150/485, loss: 8.445938990910848 (22.842s)
Batch 225/485, loss: 6.094322328567505 (23.064s)
Batch 300/485, loss: 7.437915232976278 (22.918s)
Batch 375/485, loss: 7.1901172987620035 (23.001s)
Batch 450/485, loss: 8.230122458140055 (23.204s)
Batch 485/485, loss: 5.628940105438232 (10.692s)
F1 score: 0.7874994970628271

-----Epoch 55/250-----
Batch 75/485, loss: 7.941641012827556 (23.935s)
Batch 150/485, loss: 7.240186030069987 (24.942s)
Batch 225/485, loss: 7.376699422200521 (22.894s)
Batch 300/485, loss: 6.298006579081218 (22.838s)
Batch 375/485, loss: 7.295822045008341 (22.842s)
Batch 450/485, loss: 7.886196816762288 (23.110s)
Batch 485/485, loss: 5.140085479191371 (10.766s)
F1 score: 0.7919208645605377

-----Epoch 56/250-----
Batch 75/485, loss: 7.756676495869955 (23.107s)
Batch 150/485, loss: 7.892062629063924 (22.878s)
Batch 225/485, loss: 6.470690921147664 (23.153s)
Batch 300/485, loss: 6.841955572764078 (22.942s)
Batch 375/485, loss: 7.847867310841878 (23.233s)
Batch 450/485, loss: 6.693255173365275 (22.749s)
Batch 485/485, loss: 5.253095299857003 (10.555s)
F1 score: 0.7918222520273541

-----Epoch 57/250-----
Batch 75/485, loss: 6.780572881698609 (22.935s)
Batch 150/485, loss: 6.898616336186727 (22.699s)
Batch 225/485, loss: 6.584816675186158 (22.999s)
Batch 300/485, loss: 7.553024085362752 (23.066s)
Batch 375/485, loss: 7.3834776655832925 (22.775s)
Batch 450/485, loss: 6.307819449106852 (22.833s)
Batch 485/485, loss: 7.138192462921142 (10.733s)
F1 score: 0.7913910036307207

-----Epoch 58/250-----
Batch 75/485, loss: 7.646121419270833 (22.886s)
Batch 150/485, loss: 7.497170003255208 (22.900s)
Batch 225/485, loss: 6.581327253977458 (22.674s)
Batch 300/485, loss: 7.370109430948893 (23.027s)
Batch 375/485, loss: 6.236550661722819 (22.932s)
Batch 450/485, loss: 6.176951249440511 (22.773s)
Batch 485/485, loss: 9.199824898583548 (10.646s)
F1 score: 0.7922452711656048

-----Epoch 59/250-----
Batch 75/485, loss: 8.908073574701945 (22.759s)
Batch 150/485, loss: 7.278167147636413 (22.817s)
Batch 225/485, loss: 6.4309807364145914 (22.855s)
Batch 300/485, loss: 6.818750127156576 (22.762s)
Batch 375/485, loss: 6.288194119135539 (22.804s)
Batch 450/485, loss: 7.084651416142782 (22.851s)
Batch 485/485, loss: 6.980350296837943 (10.686s)
F1 score: 0.7922974260345135

-----Epoch 60/250-----
Batch 75/485, loss: 7.417889744440714 (22.998s)
Batch 150/485, loss: 6.955390110015869 (22.595s)
Batch 225/485, loss: 7.015552943547567 (23.201s)
Batch 300/485, loss: 7.43499093691508 (22.791s)
Batch 375/485, loss: 6.058600648244222 (22.709s)
Batch 450/485, loss: 7.388272053400676 (22.651s)
Batch 485/485, loss: 8.675857530321395 (10.715s)
F1 score: 0.7913715346187524

-----Epoch 61/250-----
Batch 75/485, loss: 8.00026073773702 (22.792s)
Batch 150/485, loss: 7.954613711039225 (22.801s)
Batch 225/485, loss: 5.758663733800252 (22.749s)
Batch 300/485, loss: 6.686691548029581 (22.752s)
Batch 375/485, loss: 7.272654959360758 (22.899s)
Batch 450/485, loss: 7.666866893768311 (22.957s)
Batch 485/485, loss: 6.922372627258301 (10.729s)
F1 score: 0.7917710468455449

-----Epoch 62/250-----
Batch 75/485, loss: 7.336615358988444 (22.713s)
Batch 150/485, loss: 6.8915616830190025 (23.323s)
Batch 225/485, loss: 5.971970500946045 (22.851s)
Batch 300/485, loss: 7.588093802134196 (22.443s)
Batch 375/485, loss: 6.808591868082682 (22.798s)
Batch 450/485, loss: 8.704639399846394 (22.840s)
Batch 485/485, loss: 6.320551885877337 (10.574s)
F1 score: 0.7917713240904558

-----Epoch 63/250-----
Batch 75/485, loss: 6.936930468877157 (22.848s)
Batch 150/485, loss: 7.903877280553182 (22.800s)
Batch 225/485, loss: 7.1783043575286865 (22.826s)
Batch 300/485, loss: 6.682943538029988 (22.977s)
Batch 375/485, loss: 7.800675703684489 (22.758s)
Batch 450/485, loss: 6.279279994964599 (22.533s)
Batch 485/485, loss: 6.256778165272304 (11.046s)
F1 score: 0.7922097435023204

-----Epoch 64/250-----
Batch 75/485, loss: 7.71186949412028 (22.957s)
Batch 150/485, loss: 8.59148475964864 (22.574s)
Batch 225/485, loss: 6.106941270828247 (22.852s)
Batch 300/485, loss: 7.330451889038086 (22.767s)
Batch 375/485, loss: 6.171600233713786 (22.785s)
Batch 450/485, loss: 6.054312658309937 (22.913s)
Batch 485/485, loss: 6.4825633525848385 (10.770s)
F1 score: 0.7910868421361145

-----Epoch 65/250-----
Batch 75/485, loss: 7.420593770345052 (22.881s)
Batch 150/485, loss: 8.607060715357463 (23.086s)
Batch 225/485, loss: 6.595527528127034 (22.928s)
Batch 300/485, loss: 6.4221341546376545 (22.718s)
Batch 375/485, loss: 7.411077438990275 (22.956s)
Batch 450/485, loss: 6.378794565200805 (23.036s)
Batch 485/485, loss: 7.624853079659598 (10.600s)
F1 score: 0.7928896016168867

-----Epoch 66/250-----
Batch 75/485, loss: 8.294455115000407 (22.882s)
Batch 150/485, loss: 6.315066665013632 (22.859s)
Batch 225/485, loss: 6.549775686264038 (22.873s)
Batch 300/485, loss: 6.6123415438334145 (22.969s)
Batch 375/485, loss: 6.210164372126261 (22.798s)
Batch 450/485, loss: 8.199227803548178 (22.736s)
Batch 485/485, loss: 8.099790648051671 (10.588s)
F1 score: 0.7907284415273985

-----Epoch 67/250-----
Batch 75/485, loss: 7.802995506922404 (23.117s)
Batch 150/485, loss: 6.055767854054769 (22.841s)
Batch 225/485, loss: 6.800884383519491 (22.924s)
Batch 300/485, loss: 7.400156291325887 (22.735s)
Batch 375/485, loss: 5.994567651748657 (22.958s)
Batch 450/485, loss: 6.838346169789632 (22.702s)
Batch 485/485, loss: 8.974302523476737 (10.720s)
F1 score: 0.791401217685831

-----Epoch 68/250-----
Batch 75/485, loss: 6.81236868540446 (23.047s)
Batch 150/485, loss: 7.084872280756633 (22.933s)
Batch 225/485, loss: 6.747140248616536 (22.647s)
Batch 300/485, loss: 5.831672941843669 (22.555s)
Batch 375/485, loss: 9.277155408859253 (22.967s)
Batch 450/485, loss: 7.354946778615315 (23.215s)
Batch 485/485, loss: 6.802676091875349 (10.729s)
F1 score: 0.7927906990899452

-----Epoch 69/250-----
Batch 75/485, loss: 7.157517331441244 (22.933s)
Batch 150/485, loss: 6.682667649586995 (23.036s)
Batch 225/485, loss: 6.83785398165385 (22.835s)
Batch 300/485, loss: 7.505134089787801 (23.344s)
Batch 375/485, loss: 6.345157346725464 (23.010s)
Batch 450/485, loss: 6.5224370225270585 (22.984s)
Batch 485/485, loss: 9.09710967200143 (10.684s)
F1 score: 0.7932185591528419

-----Epoch 70/250-----
Batch 75/485, loss: 6.852629060745239 (23.296s)
Batch 150/485, loss: 7.668107805252075 (23.004s)
Batch 225/485, loss: 7.508846028645833 (22.987s)
Batch 300/485, loss: 6.579022782643636 (23.072s)
Batch 375/485, loss: 7.905234387715658 (22.723s)
Batch 450/485, loss: 6.505268163681031 (23.002s)
Batch 485/485, loss: 7.42776677267892 (10.953s)
F1 score: 0.7923163669001629

-----Epoch 71/250-----
Batch 75/485, loss: 7.131863193511963 (23.304s)
Batch 150/485, loss: 7.32595264116923 (23.228s)
Batch 225/485, loss: 6.567893419265747 (23.438s)
Batch 300/485, loss: 7.142880865732828 (22.997s)
Batch 375/485, loss: 5.601412878036499 (23.027s)
Batch 450/485, loss: 6.854823535283407 (23.093s)
Batch 485/485, loss: 9.069962303979056 (10.808s)
F1 score: 0.7931835161764332

-----Epoch 72/250-----
Batch 75/485, loss: 7.219571380615235 (23.003s)
Batch 150/485, loss: 7.4721623833974204 (22.897s)
Batch 225/485, loss: 6.549613275527954 (22.682s)
Batch 300/485, loss: 7.560139099756877 (23.103s)
Batch 375/485, loss: 5.4661514314015704 (22.819s)
Batch 450/485, loss: 8.027477134068807 (22.744s)
Batch 485/485, loss: 6.277988944734846 (10.588s)
F1 score: 0.7922914484937837

-----Epoch 73/250-----
Batch 75/485, loss: 7.595973374048869 (23.015s)
Batch 150/485, loss: 6.776954768498738 (22.907s)
Batch 225/485, loss: 6.905328960418701 (22.723s)
Batch 300/485, loss: 6.23941419283549 (22.830s)
Batch 375/485, loss: 6.7987511984507245 (22.919s)
Batch 450/485, loss: 7.301404774983724 (23.289s)
Batch 485/485, loss: 6.466858754839216 (10.509s)
F1 score: 0.7931827617594649

-----Epoch 74/250-----
Batch 75/485, loss: 6.5237378406524655 (23.293s)
Batch 150/485, loss: 8.465376199086506 (23.271s)
Batch 225/485, loss: 6.463533849716186 (23.487s)
Batch 300/485, loss: 6.728332195281983 (23.135s)
Batch 375/485, loss: 7.603195006052653 (23.060s)
Batch 450/485, loss: 6.589341945648194 (23.212s)
Batch 485/485, loss: 7.048088679994856 (10.837s)
F1 score: 0.792860460159009

-----Epoch 75/250-----
Batch 75/485, loss: 6.707531255086263 (22.976s)
Batch 150/485, loss: 6.937126302719117 (22.914s)
Batch 225/485, loss: 6.029636964797974 (23.035s)
Batch 300/485, loss: 8.066675329208374 (23.005s)
Batch 375/485, loss: 7.90445787747701 (23.062s)
Batch 450/485, loss: 8.193926401138306 (23.405s)
Batch 485/485, loss: 5.936015040533883 (10.789s)
Saved to snn_model-6_v1.pth
F1 score: 0.7903706050072474

-----Epoch 76/250-----
Batch 75/485, loss: 6.62775980313619 (23.459s)
Batch 150/485, loss: 6.3109475644429525 (23.184s)
Batch 225/485, loss: 7.692224308649699 (23.113s)
Batch 300/485, loss: 9.20777904510498 (23.401s)
Batch 375/485, loss: 6.605113622347514 (24.006s)
Batch 450/485, loss: 6.747889169057211 (23.585s)
Batch 485/485, loss: 6.160451759610857 (10.680s)
F1 score: 0.7910916658805561

-----Epoch 77/250-----
Batch 75/485, loss: 6.691092459360759 (22.966s)
Batch 150/485, loss: 6.5750741767883305 (23.123s)
Batch 225/485, loss: 5.620849075317383 (23.348s)
Batch 300/485, loss: 7.910860112508138 (23.552s)
Batch 375/485, loss: 7.96616470972697 (23.511s)
Batch 450/485, loss: 7.121953585942586 (23.089s)
Batch 485/485, loss: 7.023337800162179 (10.765s)
F1 score: 0.7931908481803016

-----Epoch 78/250-----
Batch 75/485, loss: 8.30046178817749 (22.885s)
Batch 150/485, loss: 5.576841246287028 (23.504s)
Batch 225/485, loss: 6.2479694588979084 (23.455s)
Batch 300/485, loss: 7.91168550491333 (23.590s)
Batch 375/485, loss: 5.965183124542237 (23.405s)
Batch 450/485, loss: 7.6307638581593835 (23.118s)
Batch 485/485, loss: 7.554667391095843 (11.027s)
F1 score: 0.7935188174596179

-----Epoch 79/250-----
Batch 75/485, loss: 6.657177047729492 (23.040s)
Batch 150/485, loss: 6.792859827677409 (23.357s)
Batch 225/485, loss: 8.03980539004008 (23.046s)
Batch 300/485, loss: 7.0601764456431075 (23.262s)
Batch 375/485, loss: 7.349208466211954 (23.476s)
Batch 450/485, loss: 6.440333855946859 (23.304s)
Batch 485/485, loss: 6.563661418642316 (10.822s)
F1 score: 0.7926730094613885

-----Epoch 80/250-----
Batch 75/485, loss: 5.734221118291219 (22.782s)
Batch 150/485, loss: 8.581913967132568 (22.799s)
Batch 225/485, loss: 7.4298122723897295 (23.221s)
Batch 300/485, loss: 7.256745732625325 (22.408s)
Batch 375/485, loss: 6.18831332842509 (21.822s)
Batch 450/485, loss: 7.861495904922485 (23.061s)
Batch 485/485, loss: 6.158866092136928 (10.660s)
F1 score: 0.7933241086331987

-----Epoch 81/250-----
Batch 75/485, loss: 6.623328186670939 (22.874s)
Batch 150/485, loss: 7.129122467041015 (22.874s)
Batch 225/485, loss: 7.209215253194174 (22.929s)
Batch 300/485, loss: 6.340923821131389 (22.811s)
Batch 375/485, loss: 7.373370320002238 (22.601s)
Batch 450/485, loss: 7.267068713506063 (22.793s)
Batch 485/485, loss: 7.289267403738839 (10.634s)
F1 score: 0.7926431362259309

-----Epoch 82/250-----
Batch 75/485, loss: 7.490136578877767 (22.766s)
Batch 150/485, loss: 7.295924050013224 (23.048s)
Batch 225/485, loss: 6.995168091456096 (23.019s)
Batch 300/485, loss: 7.06250651995341 (22.915s)
Batch 375/485, loss: 7.128302046457926 (22.889s)
Batch 450/485, loss: 6.5655640029907225 (23.034s)
Batch 485/485, loss: 7.533077022007533 (10.738s)
F1 score: 0.7931429604017872

-----Epoch 83/250-----
Batch 75/485, loss: 7.239390422503154 (23.187s)
Batch 150/485, loss: 6.761845925649007 (22.616s)
Batch 225/485, loss: 8.771461242039999 (22.745s)
Batch 300/485, loss: 6.296224819819132 (22.842s)
Batch 375/485, loss: 6.081407709121704 (22.374s)
Batch 450/485, loss: 6.91034464041392 (23.025s)
Batch 485/485, loss: 7.734081329618181 (10.668s)
F1 score: 0.794104243438976

-----Epoch 84/250-----
Batch 75/485, loss: 5.953143084843953 (22.696s)
Batch 150/485, loss: 6.971763073603312 (22.749s)
Batch 225/485, loss: 6.716177151997884 (23.053s)
Batch 300/485, loss: 8.420669455528259 (22.837s)
Batch 375/485, loss: 6.671294720967611 (22.779s)
Batch 450/485, loss: 6.783292458852132 (22.718s)
Batch 485/485, loss: 7.669379670279366 (10.554s)
F1 score: 0.7925625796106052

-----Epoch 85/250-----
Batch 75/485, loss: 7.468516861597697 (23.342s)
Batch 150/485, loss: 6.60220773379008 (22.852s)
Batch 225/485, loss: 6.318132696151733 (22.982s)
Batch 300/485, loss: 6.219752677281698 (22.787s)
Batch 375/485, loss: 6.780777502059936 (22.801s)
Batch 450/485, loss: 9.087408075332641 (23.171s)
Batch 485/485, loss: 5.432637064797538 (10.650s)
F1 score: 0.7934824632103761

-----Epoch 86/250-----
Batch 75/485, loss: 6.2448981030782065 (22.853s)
Batch 150/485, loss: 7.138071346282959 (22.934s)
Batch 225/485, loss: 6.613719800313314 (22.802s)
Batch 300/485, loss: 7.829399077097575 (22.758s)
Batch 375/485, loss: 7.343068850835165 (22.868s)
Batch 450/485, loss: 7.696890099843343 (22.771s)
Batch 485/485, loss: 4.9529708521706715 (10.462s)
F1 score: 0.7936143588892458

-----Epoch 87/250-----
Batch 75/485, loss: 8.090624961853027 (22.585s)
Batch 150/485, loss: 6.567587766647339 (22.681s)
Batch 225/485, loss: 5.64575782140096 (22.668s)
Batch 300/485, loss: 8.352536567052205 (22.698s)
Batch 375/485, loss: 5.388750667572022 (23.000s)
Batch 450/485, loss: 7.655223356882731 (22.785s)
Batch 485/485, loss: 9.50164337158203 (10.583s)
F1 score: 0.7947531717621678

-----Epoch 88/250-----
Batch 75/485, loss: 6.47832568804423 (22.753s)
Batch 150/485, loss: 6.568363469441731 (22.669s)
Batch 225/485, loss: 6.029679381052653 (22.899s)
Batch 300/485, loss: 8.939586226145426 (22.610s)
Batch 375/485, loss: 6.401389916737874 (22.678s)
Batch 450/485, loss: 7.399473594029744 (22.784s)
Batch 485/485, loss: 7.716493701934814 (10.660s)
F1 score: 0.7945718035994281

-----Epoch 89/250-----
Batch 75/485, loss: 6.285554780960083 (22.641s)
Batch 150/485, loss: 6.614864009221395 (22.616s)
Batch 225/485, loss: 6.575351629257202 (22.776s)
Batch 300/485, loss: 6.643301912943522 (22.839s)
Batch 375/485, loss: 6.32655148824056 (22.970s)
Batch 450/485, loss: 8.20902511914571 (22.543s)
Batch 485/485, loss: 7.616618728637695 (10.682s)
F1 score: 0.794905624768912

-----Epoch 90/250-----
Batch 75/485, loss: 8.466195869445801 (22.920s)
Batch 150/485, loss: 6.4352499262491865 (22.711s)
Batch 225/485, loss: 7.643542801539104 (22.879s)
Batch 300/485, loss: 6.19389851252238 (22.867s)
Batch 375/485, loss: 7.184148044586181 (22.957s)
Batch 450/485, loss: 6.403528010050456 (22.865s)
Batch 485/485, loss: 6.315304613113403 (10.567s)
F1 score: 0.7949531312725477

-----Epoch 91/250-----
Batch 75/485, loss: 6.358318729400635 (22.731s)
Batch 150/485, loss: 5.958980442682902 (22.963s)
Batch 225/485, loss: 6.550506079991658 (22.732s)
Batch 300/485, loss: 7.729114780426025 (22.897s)
Batch 375/485, loss: 7.904913682937622 (22.773s)
Batch 450/485, loss: 6.858461513519287 (23.088s)
Batch 485/485, loss: 7.624759088243757 (10.727s)
F1 score: 0.7964036893959678

-----Epoch 92/250-----
Batch 75/485, loss: 6.63562260945638 (22.889s)
Batch 150/485, loss: 6.020075699488322 (22.619s)
Batch 225/485, loss: 6.732451423009237 (22.707s)
Batch 300/485, loss: 7.564316412607829 (22.784s)
Batch 375/485, loss: 6.409113292694092 (22.784s)
Batch 450/485, loss: 8.318458709716797 (22.928s)
Batch 485/485, loss: 6.927731152943203 (10.566s)
F1 score: 0.7949014711943859

-----Epoch 93/250-----
Batch 75/485, loss: 7.915121291478475 (22.819s)
Batch 150/485, loss: 7.576315952936809 (22.838s)
Batch 225/485, loss: 6.635979944864909 (23.056s)
Batch 300/485, loss: 5.501393655141195 (23.154s)
Batch 375/485, loss: 6.133305164972941 (23.214s)
Batch 450/485, loss: 7.158023430506389 (21.809s)
Batch 485/485, loss: 10.452588456017631 (10.818s)
F1 score: 0.7953057263509459

-----Epoch 94/250-----
Batch 75/485, loss: 7.226699806849162 (23.361s)
Batch 150/485, loss: 6.056949319839478 (22.949s)
Batch 225/485, loss: 6.303451232910156 (23.198s)
Batch 300/485, loss: 7.910172999699911 (23.466s)
Batch 375/485, loss: 7.546221618652344 (23.722s)
Batch 450/485, loss: 7.598248340288798 (23.122s)
Batch 485/485, loss: 5.757958684648786 (10.972s)
F1 score: 0.7953279314253898

-----Epoch 95/250-----
Batch 75/485, loss: 6.524670845667521 (23.353s)
Batch 150/485, loss: 7.601097717285156 (23.059s)
Batch 225/485, loss: 6.818308973312378 (22.968s)
Batch 300/485, loss: 7.4823983287811275 (23.264s)
Batch 375/485, loss: 6.936916697820028 (23.501s)
Batch 450/485, loss: 6.800357052485148 (23.233s)
Batch 485/485, loss: 6.333800418036325 (10.719s)
F1 score: 0.7962910308006419

-----Epoch 96/250-----
Batch 75/485, loss: 7.244265456199646 (22.844s)
Batch 150/485, loss: 7.616980206171672 (23.061s)
Batch 225/485, loss: 6.421737944285075 (23.602s)
Batch 300/485, loss: 7.01505498568217 (23.275s)
Batch 375/485, loss: 7.521279201507569 (23.282s)
Batch 450/485, loss: 6.164774599075318 (23.079s)
Batch 485/485, loss: 6.936954280308314 (10.729s)
F1 score: 0.7956113659974137

-----Epoch 97/250-----
Batch 75/485, loss: 8.34120569864909 (23.139s)
Batch 150/485, loss: 6.63519868850708 (23.194s)
Batch 225/485, loss: 6.274300982157389 (23.324s)
Batch 300/485, loss: 6.459353043238322 (23.092s)
Batch 375/485, loss: 8.131910928090413 (23.192s)
Batch 450/485, loss: 6.375876245498657 (23.158s)
Batch 485/485, loss: 5.954601785114833 (10.962s)
F1 score: 0.795608006251507

-----Epoch 98/250-----
Batch 75/485, loss: 7.205674587885539 (23.273s)
Batch 150/485, loss: 7.790068864822388 (23.274s)
Batch 225/485, loss: 7.241413942972819 (23.129s)
Batch 300/485, loss: 6.637754096984863 (23.090s)
Batch 375/485, loss: 8.253670206069947 (23.063s)
Batch 450/485, loss: 6.5306819121042885 (23.210s)
Batch 485/485, loss: 6.389626932144165 (10.811s)
F1 score: 0.794834499888142

-----Epoch 99/250-----
Batch 75/485, loss: 6.28116084575653 (23.075s)
Batch 150/485, loss: 7.51875947634379 (23.046s)
Batch 225/485, loss: 7.236388743718465 (22.953s)
Batch 300/485, loss: 8.087141084671021 (23.284s)
Batch 375/485, loss: 6.433424987792969 (23.035s)
Batch 450/485, loss: 6.614560718536377 (23.162s)
Batch 485/485, loss: 6.7357650552477155 (10.916s)
F1 score: 0.7958842666124871

-----Epoch 100/250-----
Batch 75/485, loss: 6.873713026046753 (23.335s)
Batch 150/485, loss: 6.767026542027791 (23.128s)
Batch 225/485, loss: 5.872371714909871 (23.111s)
Batch 300/485, loss: 6.425745048522949 (23.195s)
Batch 375/485, loss: 9.041630719502766 (23.069s)
Batch 450/485, loss: 6.493851807912191 (23.289s)
Batch 485/485, loss: 6.931472669328962 (10.842s)
Saved to snn_model-6_v1.pth
F1 score: 0.795480582439068

-----Epoch 101/250-----
Batch 75/485, loss: 5.951904516220093 (23.174s)
Batch 150/485, loss: 8.928414494196574 (23.025s)
Batch 225/485, loss: 6.673991664250692 (22.924s)
Batch 300/485, loss: 6.92471287727356 (23.043s)
Batch 375/485, loss: 6.18206807454427 (23.081s)
Batch 450/485, loss: 6.9072719510396325 (23.344s)
Batch 485/485, loss: 7.8951169218335835 (10.760s)
F1 score: 0.796507336891031

-----Epoch 102/250-----
Batch 75/485, loss: 8.415372498830159 (23.127s)
Batch 150/485, loss: 7.680813306172689 (23.131s)
Batch 225/485, loss: 6.995116408665975 (23.098s)
Batch 300/485, loss: 6.765392564137777 (23.068s)
Batch 375/485, loss: 6.925687157313029 (23.289s)
Batch 450/485, loss: 5.596988954544067 (22.683s)
Batch 485/485, loss: 6.237561811719622 (10.730s)
F1 score: 0.7965455966557602

-----Epoch 103/250-----
Batch 75/485, loss: 7.173012393315633 (22.915s)
Batch 150/485, loss: 7.409683885574341 (22.945s)
Batch 225/485, loss: 6.994181197484334 (23.185s)
Batch 300/485, loss: 7.632235412597656 (23.081s)
Batch 375/485, loss: 6.304917542139689 (23.583s)
Batch 450/485, loss: 6.846316032409668 (22.930s)
Batch 485/485, loss: 5.814654997416905 (10.847s)
F1 score: 0.7967767684920002

-----Epoch 104/250-----
Batch 75/485, loss: 6.0188107045491535 (23.206s)
Batch 150/485, loss: 6.241697756449382 (22.979s)
Batch 225/485, loss: 7.686831658681234 (23.106s)
Batch 300/485, loss: 7.243230514526367 (23.228s)
Batch 375/485, loss: 8.236963291168212 (23.262s)
Batch 450/485, loss: 6.731636581420898 (23.207s)
Batch 485/485, loss: 7.167170320238386 (10.835s)
F1 score: 0.7957645388543846

-----Epoch 105/250-----
Batch 75/485, loss: 6.754116824467977 (23.242s)
Batch 150/485, loss: 7.092149384816488 (23.086s)
Batch 225/485, loss: 7.360196034113566 (23.217s)
Batch 300/485, loss: 7.0662566089630126 (23.423s)
Batch 375/485, loss: 6.150561571121216 (23.155s)
Batch 450/485, loss: 7.389384727478028 (23.289s)
Batch 485/485, loss: 7.160377870287214 (10.567s)
F1 score: 0.7958785378810165

-----Epoch 106/250-----
Batch 75/485, loss: 6.779691251118978 (23.414s)
Batch 150/485, loss: 6.561640176773071 (21.878s)
Batch 225/485, loss: 7.0008932336171465 (21.863s)
Batch 300/485, loss: 6.971072235107422 (21.455s)
Batch 375/485, loss: 5.573129132588704 (21.807s)
Batch 450/485, loss: 7.937174091339111 (21.994s)
Batch 485/485, loss: 7.882814529963902 (10.246s)
F1 score: 0.7965939140518118

-----Epoch 107/250-----
Batch 75/485, loss: 5.97812760035197 (22.772s)
Batch 150/485, loss: 7.4340102608998615 (22.992s)
Batch 225/485, loss: 7.79989460627238 (23.498s)
Batch 300/485, loss: 7.6890876038869225 (23.081s)
Batch 375/485, loss: 7.47606162071228 (23.082s)
Batch 450/485, loss: 5.6432795906066895 (23.261s)
Batch 485/485, loss: 6.351272821426392 (10.734s)
F1 score: 0.7963254675725022

-----Epoch 108/250-----
Batch 75/485, loss: 7.535411818822225 (23.209s)
Batch 150/485, loss: 6.696075210571289 (22.972s)
Batch 225/485, loss: 6.913709554672241 (23.159s)
Batch 300/485, loss: 7.848109703063965 (23.286s)
Batch 375/485, loss: 6.574576145807902 (23.100s)
Batch 450/485, loss: 6.576315797170003 (23.194s)
Batch 485/485, loss: 5.778837677410671 (10.721s)
F1 score: 0.7976258023292975

-----Epoch 109/250-----
Batch 75/485, loss: 6.770222819646199 (23.342s)
Batch 150/485, loss: 7.040415398279825 (22.998s)
Batch 225/485, loss: 9.04717921257019 (23.284s)
Batch 300/485, loss: 5.4710042254130045 (23.286s)
Batch 375/485, loss: 7.473081665039063 (23.179s)
Batch 450/485, loss: 5.7479895369211835 (23.053s)
Batch 485/485, loss: 6.535203061785016 (10.862s)
F1 score: 0.7956795747728072

-----Epoch 110/250-----
Batch 75/485, loss: 6.464957729975382 (23.284s)
Batch 150/485, loss: 8.588960030873617 (23.131s)
Batch 225/485, loss: 7.443484932581583 (22.957s)
Batch 300/485, loss: 6.494077685674031 (22.874s)
Batch 375/485, loss: 6.159139776229859 (23.107s)
Batch 450/485, loss: 5.6410711447397865 (23.304s)
Batch 485/485, loss: 7.002305930001395 (10.729s)
F1 score: 0.7974409302261024

-----Epoch 111/250-----
Batch 75/485, loss: 8.09969599723816 (23.157s)
Batch 150/485, loss: 7.178050537109375 (22.979s)
Batch 225/485, loss: 5.512613255182902 (22.842s)
Batch 300/485, loss: 6.751600643793742 (23.187s)
Batch 375/485, loss: 7.419929815928142 (23.325s)
Batch 450/485, loss: 6.730229495366414 (22.820s)
Batch 485/485, loss: 7.379013691629682 (10.761s)
F1 score: 0.7966913889833852

-----Epoch 112/250-----
Batch 75/485, loss: 8.007003164291381 (23.132s)
Batch 150/485, loss: 5.9536296717325845 (22.943s)
Batch 225/485, loss: 6.37051077524821 (23.006s)
Batch 300/485, loss: 8.108012396494548 (22.711s)
Batch 375/485, loss: 6.8206276575724285 (23.085s)
Batch 450/485, loss: 7.396102838516235 (23.151s)
Batch 485/485, loss: 6.574726152420044 (10.727s)
F1 score: 0.7966932942213347

-----Epoch 113/250-----
Batch 75/485, loss: 7.443452927271525 (22.973s)
Batch 150/485, loss: 7.602405802408854 (23.103s)
Batch 225/485, loss: 6.672015479405721 (23.135s)
Batch 300/485, loss: 6.844112615585328 (23.120s)
Batch 375/485, loss: 6.026234401067098 (23.310s)
Batch 450/485, loss: 7.094094564119975 (23.246s)
Batch 485/485, loss: 8.505128506251744 (10.974s)
F1 score: 0.7967728999905371

-----Epoch 114/250-----
Batch 75/485, loss: 8.055676161448162 (23.029s)
Batch 150/485, loss: 6.787163680394491 (23.707s)
Batch 225/485, loss: 7.601213995615641 (23.406s)
Batch 300/485, loss: 5.917366545995076 (24.186s)
Batch 375/485, loss: 5.741837085088094 (23.314s)
Batch 450/485, loss: 8.357721659342447 (23.335s)
Batch 485/485, loss: 6.661682489940098 (10.788s)
F1 score: 0.7961774960498729

-----Epoch 115/250-----
Batch 75/485, loss: 6.936556647618612 (23.298s)
Batch 150/485, loss: 6.911157766977946 (23.313s)
Batch 225/485, loss: 6.436547845204672 (23.936s)
Batch 300/485, loss: 6.404124161402384 (23.192s)
Batch 375/485, loss: 6.622038106918335 (23.415s)
Batch 450/485, loss: 6.834377498626709 (23.568s)
Batch 485/485, loss: 9.629376724788122 (11.553s)
F1 score: 0.7957902620527548

-----Epoch 116/250-----
Batch 75/485, loss: 6.186242421468099 (24.574s)
Batch 150/485, loss: 7.9616408475240075 (24.543s)
Batch 225/485, loss: 8.305520480473836 (23.663s)
Batch 300/485, loss: 7.39425341129303 (23.401s)
Batch 375/485, loss: 7.506877988179525 (24.724s)
Batch 450/485, loss: 5.3166663646698 (24.452s)
Batch 485/485, loss: 6.073418991906302 (11.449s)
F1 score: 0.7973830399773488

-----Epoch 117/250-----
Batch 75/485, loss: 6.7593033981323245 (24.634s)
Batch 150/485, loss: 6.698218812942505 (24.727s)
Batch 225/485, loss: 6.808154821395874 (24.728s)
Batch 300/485, loss: 6.963567957878113 (24.516s)
Batch 375/485, loss: 8.95465610186259 (24.624s)
Batch 450/485, loss: 5.249493932723999 (25.030s)
Batch 485/485, loss: 7.921649394716535 (11.570s)
F1 score: 0.797625790082134

-----Epoch 118/250-----
Batch 75/485, loss: 7.476321026484172 (24.984s)
Batch 150/485, loss: 7.300577211380005 (24.498s)
Batch 225/485, loss: 6.464895505905151 (23.678s)
Batch 300/485, loss: 6.95808206876119 (23.166s)
Batch 375/485, loss: 7.102094777425131 (23.166s)
Batch 450/485, loss: 7.742009385426839 (23.062s)
Batch 485/485, loss: 6.795359134674072 (10.780s)
F1 score: 0.7967702639665319

-----Epoch 119/250-----
Batch 75/485, loss: 6.428130811055501 (23.123s)
Batch 150/485, loss: 7.371385459899902 (23.091s)
Batch 225/485, loss: 7.06857342561086 (23.165s)
Batch 300/485, loss: 6.623593908945719 (23.069s)
Batch 375/485, loss: 8.728289086023967 (23.498s)
Batch 450/485, loss: 6.570102516810099 (23.211s)
Batch 485/485, loss: 4.928545331954956 (10.877s)
F1 score: 0.7983916501403483

-----Epoch 120/250-----
Batch 75/485, loss: 6.3238196881612145 (23.284s)
Batch 150/485, loss: 8.126541271209717 (23.142s)
Batch 225/485, loss: 5.969555859565735 (23.349s)
Batch 300/485, loss: 7.219808654785156 (23.229s)
Batch 375/485, loss: 6.668860200246175 (23.429s)
Batch 450/485, loss: 5.998829758961995 (23.637s)
Batch 485/485, loss: 7.426829426629203 (10.770s)
F1 score: 0.7975378684081718

-----Epoch 121/250-----
Batch 75/485, loss: 6.7144019953409835 (23.033s)
Batch 150/485, loss: 6.019730895360311 (23.068s)
Batch 225/485, loss: 7.057972675959269 (23.178s)
Batch 300/485, loss: 7.432295684814453 (23.077s)
Batch 375/485, loss: 7.05961740175883 (23.477s)
Batch 450/485, loss: 6.832134764989217 (23.127s)
Batch 485/485, loss: 7.271498809541975 (10.924s)
F1 score: 0.7986274626599547

-----Epoch 122/250-----
Batch 75/485, loss: 6.985829133987426 (23.003s)
Batch 150/485, loss: 6.171500651041667 (23.356s)
Batch 225/485, loss: 7.472637284596761 (23.473s)
Batch 300/485, loss: 7.018201843897502 (23.433s)
Batch 375/485, loss: 7.387320731480917 (22.903s)
Batch 450/485, loss: 6.76103258450826 (23.455s)
Batch 485/485, loss: 7.52786409514291 (10.982s)
F1 score: 0.7981071629737849

-----Epoch 123/250-----
Batch 75/485, loss: 6.683417091369629 (24.169s)
Batch 150/485, loss: 6.793107940355937 (23.158s)
Batch 225/485, loss: 6.408629837036133 (23.639s)
Batch 300/485, loss: 7.5097225983937586 (23.115s)
Batch 375/485, loss: 6.803005129496256 (23.431s)
Batch 450/485, loss: 7.672749214172363 (23.336s)
Batch 485/485, loss: 7.007474647249494 (10.831s)
F1 score: 0.798061207121611

-----Epoch 124/250-----
Batch 75/485, loss: 8.068297176361083 (23.178s)
Batch 150/485, loss: 6.937286122639974 (23.360s)
Batch 225/485, loss: 6.6538335227966305 (23.379s)
Batch 300/485, loss: 7.167308769226074 (23.049s)
Batch 375/485, loss: 7.029427242279053 (23.122s)
Batch 450/485, loss: 6.302192211151123 (23.116s)
Batch 485/485, loss: 6.935021597998483 (10.748s)
F1 score: 0.798804084268765

-----Epoch 125/250-----
Batch 75/485, loss: 7.782770566940307 (23.270s)
Batch 150/485, loss: 6.571734727223714 (23.219s)
Batch 225/485, loss: 6.6408635520935055 (23.498s)
Batch 300/485, loss: 6.244027360280355 (23.332s)
Batch 375/485, loss: 6.7822751108805335 (23.205s)
Batch 450/485, loss: 7.41573445002238 (23.309s)
Batch 485/485, loss: 8.761271817343575 (11.005s)
Saved to snn_model-6_v1.pth
F1 score: 0.7992922401902566

-----Epoch 126/250-----
Batch 75/485, loss: 7.452235918045044 (23.234s)
Batch 150/485, loss: 6.277399654388428 (23.198s)
Batch 225/485, loss: 6.685875536600749 (23.286s)
Batch 300/485, loss: 7.895563201904297 (23.137s)
Batch 375/485, loss: 7.2000032234191895 (23.225s)
Batch 450/485, loss: 7.2351688989003495 (23.478s)
Batch 485/485, loss: 6.546668624877929 (11.140s)
F1 score: 0.7993086155983621

-----Epoch 127/250-----
Batch 75/485, loss: 7.016913668314616 (22.898s)
Batch 150/485, loss: 6.243969093958537 (23.004s)
Batch 225/485, loss: 8.160429592132568 (22.924s)
Batch 300/485, loss: 7.431870571772257 (22.840s)
Batch 375/485, loss: 6.953972040812174 (23.068s)
Batch 450/485, loss: 7.649423685073852 (23.273s)
Batch 485/485, loss: 4.672704407146999 (10.784s)
F1 score: 0.7994309247884814

-----Epoch 128/250-----
Batch 75/485, loss: 7.2871992333730065 (23.004s)
Batch 150/485, loss: 7.6762624327341715 (23.197s)
Batch 225/485, loss: 6.3901739597320555 (22.923s)
Batch 300/485, loss: 7.135263106028239 (22.983s)
Batch 375/485, loss: 7.1419840399424235 (22.915s)
Batch 450/485, loss: 5.822386897404988 (23.386s)
Batch 485/485, loss: 7.701047897338867 (10.803s)
F1 score: 0.7992437917292593

-----Epoch 129/250-----
Batch 75/485, loss: 8.95409005800883 (22.796s)
Batch 150/485, loss: 6.982202571233113 (23.197s)
Batch 225/485, loss: 6.00955184618632 (23.009s)
Batch 300/485, loss: 6.899103015263876 (23.076s)
Batch 375/485, loss: 6.946583058039347 (22.970s)
Batch 450/485, loss: 6.867037216822307 (23.011s)
Batch 485/485, loss: 6.30082653590611 (10.674s)
F1 score: 0.7997224699215372

-----Epoch 130/250-----
Batch 75/485, loss: 5.834102309544881 (23.071s)
Batch 150/485, loss: 7.088364877700806 (22.871s)
Batch 225/485, loss: 8.312839301427205 (22.901s)
Batch 300/485, loss: 6.171918547948201 (22.909s)
Batch 375/485, loss: 7.512079782485962 (22.996s)
Batch 450/485, loss: 6.956417983373006 (23.059s)
Batch 485/485, loss: 6.900066341672625 (10.773s)
F1 score: 0.7990137717060756

-----Epoch 131/250-----
Batch 75/485, loss: 6.266528952916463 (23.102s)
Batch 150/485, loss: 7.459685815175375 (22.900s)
Batch 225/485, loss: 7.681393432617187 (23.057s)
Batch 300/485, loss: 7.667516740163167 (22.856s)
Batch 375/485, loss: 5.988348588943482 (23.027s)
Batch 450/485, loss: 6.622482471466064 (22.906s)
Batch 485/485, loss: 8.101180689675468 (10.845s)
F1 score: 0.7994808123395813

-----Epoch 132/250-----
Batch 75/485, loss: 6.693396814664205 (23.729s)
Batch 150/485, loss: 6.984919029871623 (23.192s)
Batch 225/485, loss: 7.510791168212891 (23.015s)
Batch 300/485, loss: 7.307486529350281 (23.223s)
Batch 375/485, loss: 6.656665356953939 (23.235s)
Batch 450/485, loss: 6.4917689863840735 (22.776s)
Batch 485/485, loss: 7.8632730211530415 (10.794s)
F1 score: 0.7991861646050543

-----Epoch 133/250-----
Batch 75/485, loss: 7.605659373601278 (22.736s)
Batch 150/485, loss: 7.9221832529703775 (22.803s)
Batch 225/485, loss: 6.491025501887004 (21.707s)
Batch 300/485, loss: 7.584620558420817 (21.401s)
Batch 375/485, loss: 6.791614039738973 (21.555s)
Batch 450/485, loss: 6.177222684224446 (21.521s)
Batch 485/485, loss: 5.254219743183681 (10.181s)
F1 score: 0.7974411085163107

-----Epoch 134/250-----
Batch 75/485, loss: 7.63919768333435 (21.670s)
Batch 150/485, loss: 8.360193729400635 (21.780s)
Batch 225/485, loss: 6.493324448267619 (21.575s)
Batch 300/485, loss: 6.824327087402343 (22.027s)
Batch 375/485, loss: 7.68715802192688 (21.751s)
Batch 450/485, loss: 5.400273310343424 (21.346s)
Batch 485/485, loss: 6.004351254871914 (10.178s)
F1 score: 0.7992770810811027

-----Epoch 135/250-----
Batch 75/485, loss: 7.745057913462321 (22.023s)
Batch 150/485, loss: 6.8162853749593095 (21.785s)
Batch 225/485, loss: 7.172248140970866 (21.619s)
Batch 300/485, loss: 7.669163777033488 (21.707s)
Batch 375/485, loss: 6.096157760620117 (21.548s)
Batch 450/485, loss: 6.747861970265706 (21.771s)
Batch 485/485, loss: 7.4689668314797535 (10.158s)
F1 score: 0.7989346160130923

-----Epoch 136/250-----
Batch 75/485, loss: 8.19616265296936 (21.601s)
Batch 150/485, loss: 5.4163381894429525 (21.830s)
Batch 225/485, loss: 6.370211273829142 (21.646s)
Batch 300/485, loss: 7.734623896280924 (21.876s)
Batch 375/485, loss: 7.103719784418742 (21.598s)
Batch 450/485, loss: 7.750551360448202 (21.731s)
Batch 485/485, loss: 6.060507706233433 (10.062s)
F1 score: 0.7995043411548063

-----Epoch 137/250-----
Batch 75/485, loss: 6.283922379811605 (21.629s)
Batch 150/485, loss: 6.832986720403036 (21.593s)
Batch 225/485, loss: 8.264634447097778 (21.806s)
Batch 300/485, loss: 7.224555018742879 (21.550s)
Batch 375/485, loss: 6.218724546432495 (21.659s)
Batch 450/485, loss: 8.097453368504842 (22.501s)
Batch 485/485, loss: 5.454987103598459 (10.667s)
F1 score: 0.8001283256647144

-----Epoch 138/250-----
Batch 75/485, loss: 6.1804615497589115 (23.290s)
Batch 150/485, loss: 6.551486002604166 (23.057s)
Batch 225/485, loss: 7.1444933986663814 (23.178s)
Batch 300/485, loss: 8.022643950780234 (23.048s)
Batch 375/485, loss: 7.515901387532552 (22.992s)
Batch 450/485, loss: 6.263046328226725 (22.957s)
Batch 485/485, loss: 6.097137750898089 (10.821s)
F1 score: 0.7999434440013985

-----Epoch 139/250-----
Batch 75/485, loss: 6.705195325215658 (23.414s)
Batch 150/485, loss: 6.998907934824626 (23.060s)
Batch 225/485, loss: 7.646605186462402 (23.010s)
Batch 300/485, loss: 7.024769048690796 (22.837s)
Batch 375/485, loss: 7.599058643976847 (22.852s)
Batch 450/485, loss: 5.442362257639567 (23.098s)
Batch 485/485, loss: 7.290420729773385 (10.739s)
F1 score: 0.7994452011077618

-----Epoch 140/250-----
Batch 75/485, loss: 6.801815983454387 (22.995s)
Batch 150/485, loss: 6.319634256362915 (22.745s)
Batch 225/485, loss: 6.838233970006307 (22.948s)
Batch 300/485, loss: 6.043212798436483 (22.816s)
Batch 375/485, loss: 9.090348424911499 (22.756s)
Batch 450/485, loss: 7.141972783406575 (22.578s)
Batch 485/485, loss: 6.549401944024222 (10.522s)
F1 score: 0.8006549754380736

-----Epoch 141/250-----
Batch 75/485, loss: 5.910558983484904 (22.772s)
Batch 150/485, loss: 7.096730934778849 (22.788s)
Batch 225/485, loss: 6.232852420806885 (22.795s)
Batch 300/485, loss: 7.66739254951477 (22.843s)
Batch 375/485, loss: 7.360011332829793 (23.042s)
Batch 450/485, loss: 6.733577359517415 (22.628s)
Batch 485/485, loss: 7.86672693661281 (10.682s)
F1 score: 0.8002893919057962

-----Epoch 142/250-----
Batch 75/485, loss: 6.434128271738688 (23.210s)
Batch 150/485, loss: 6.99339248975118 (22.926s)
Batch 225/485, loss: 6.562801078160604 (23.223s)
Batch 300/485, loss: 6.556259781519572 (22.941s)
Batch 375/485, loss: 7.261705080668132 (23.111s)
Batch 450/485, loss: 7.905839780171712 (22.913s)
Batch 485/485, loss: 7.581422226769583 (10.781s)
F1 score: 0.8014197063007444

-----Epoch 143/250-----
Batch 75/485, loss: 7.997266747156779 (23.113s)
Batch 150/485, loss: 6.896282002131144 (23.254s)
Batch 225/485, loss: 7.449317410786946 (22.889s)
Batch 300/485, loss: 6.990529276529948 (23.304s)
Batch 375/485, loss: 7.425613864262899 (23.056s)
Batch 450/485, loss: 6.377933225631714 (22.885s)
Batch 485/485, loss: 5.9350149427141465 (10.797s)
F1 score: 0.8007779730922274

-----Epoch 144/250-----
Batch 75/485, loss: 7.344021724065144 (23.718s)
Batch 150/485, loss: 6.094772659937541 (23.115s)
Batch 225/485, loss: 6.07043703397115 (23.146s)
Batch 300/485, loss: 8.67380158106486 (22.998s)
Batch 375/485, loss: 6.959240563710531 (22.946s)
Batch 450/485, loss: 6.937271149953206 (23.266s)
Batch 485/485, loss: 6.2428200176783974 (10.928s)
F1 score: 0.7992171744453056

-----Epoch 145/250-----
Batch 75/485, loss: 7.771102387110393 (23.582s)
Batch 150/485, loss: 7.684836031595866 (23.349s)
Batch 225/485, loss: 6.5003149716059365 (23.189s)
Batch 300/485, loss: 5.407975708643596 (22.015s)
Batch 375/485, loss: 7.862774432500204 (22.259s)
Batch 450/485, loss: 6.5634729830423995 (23.173s)
Batch 485/485, loss: 6.673350231988089 (10.595s)
F1 score: 0.8000517958361493

-----Epoch 146/250-----
Batch 75/485, loss: 5.720420824686686 (22.997s)
Batch 150/485, loss: 7.50297753016154 (23.065s)
Batch 225/485, loss: 7.147543389002482 (23.175s)
Batch 300/485, loss: 7.737957394917806 (23.119s)
Batch 375/485, loss: 7.2230672359466555 (22.783s)
Batch 450/485, loss: 6.497013909022013 (23.243s)
Batch 485/485, loss: 6.505749906812396 (10.845s)
F1 score: 0.8011610613621556

-----Epoch 147/250-----
Batch 75/485, loss: 6.290710042317708 (23.539s)
Batch 150/485, loss: 6.658193362553915 (23.007s)
Batch 225/485, loss: 7.7625873788197834 (23.146s)
Batch 300/485, loss: 7.478613945643107 (23.180s)
Batch 375/485, loss: 7.000211477279663 (22.987s)
Batch 450/485, loss: 6.188648700714111 (23.238s)
Batch 485/485, loss: 6.910651915413993 (10.794s)
F1 score: 0.8005396338408447

-----Epoch 148/250-----
Batch 75/485, loss: 7.093693860371908 (22.875s)
Batch 150/485, loss: 7.240292987823486 (23.229s)
Batch 225/485, loss: 7.382541182835896 (23.161s)
Batch 300/485, loss: 7.967529214223226 (23.008s)
Batch 375/485, loss: 5.762889763514201 (23.298s)
Batch 450/485, loss: 7.158028179804484 (22.980s)
Batch 485/485, loss: 6.43317962714604 (10.835s)
F1 score: 0.7979469626197911

-----Epoch 149/250-----
Batch 75/485, loss: 5.81386134147644 (23.103s)
Batch 150/485, loss: 7.01317866007487 (23.042s)
Batch 225/485, loss: 6.01522442817688 (23.340s)
Batch 300/485, loss: 8.608894996643066 (23.050s)
Batch 375/485, loss: 7.7065674050649005 (22.963s)
Batch 450/485, loss: 6.848432823816935 (22.880s)
Batch 485/485, loss: 7.23513023512704 (10.711s)
F1 score: 0.8001991697634557

-----Epoch 150/250-----
Batch 75/485, loss: 6.916326154073079 (22.982s)
Batch 150/485, loss: 7.309241905212402 (22.978s)
Batch 225/485, loss: 6.272787691752116 (22.979s)
Batch 300/485, loss: 8.18797394434611 (23.252s)
Batch 375/485, loss: 6.515326948165893 (22.823s)
Batch 450/485, loss: 6.472299588521322 (22.869s)
Batch 485/485, loss: 5.787753854479108 (10.684s)
Saved to snn_model-6_v1.pth
F1 score: 0.8016680629099213

-----Epoch 151/250-----
Batch 75/485, loss: 7.629456424713135 (23.221s)
Batch 150/485, loss: 8.046196428934733 (23.097s)
Batch 225/485, loss: 6.545477085113525 (23.895s)
Batch 300/485, loss: 6.260980828603109 (23.043s)
Batch 375/485, loss: 6.326119356155395 (21.915s)
Batch 450/485, loss: 7.952500505447388 (22.782s)
Batch 485/485, loss: 5.797843047550747 (11.022s)
F1 score: 0.8012469782605673

-----Epoch 152/250-----
Batch 75/485, loss: 6.798458995819092 (23.597s)
Batch 150/485, loss: 6.690105810165405 (23.640s)
Batch 225/485, loss: 7.068957583109538 (23.521s)
Batch 300/485, loss: 7.348067620595296 (23.675s)
Batch 375/485, loss: 7.913096612294515 (23.505s)
Batch 450/485, loss: 5.992412141164144 (23.466s)
Batch 485/485, loss: 6.498222827911377 (10.505s)
F1 score: 0.8000987354642752

-----Epoch 153/250-----
Batch 75/485, loss: 7.10006534576416 (23.372s)
Batch 150/485, loss: 7.095613454182943 (22.918s)
Batch 225/485, loss: 6.626230144500733 (23.360s)
Batch 300/485, loss: 6.696178321838379 (23.249s)
Batch 375/485, loss: 7.399633302688598 (23.357s)
Batch 450/485, loss: 7.225548985799153 (23.303s)
Batch 485/485, loss: 7.071538925170898 (10.561s)
F1 score: 0.8016849191072967

-----Epoch 154/250-----
Batch 75/485, loss: 6.916824363072713 (21.918s)
Batch 150/485, loss: 6.403133516311645 (22.058s)
Batch 225/485, loss: 6.614060055414836 (23.413s)
Batch 300/485, loss: 9.085169828732809 (23.418s)
Batch 375/485, loss: 6.172033491134644 (23.755s)
Batch 450/485, loss: 5.6621177291870115 (22.781s)
Batch 485/485, loss: 7.88833223751613 (10.288s)
F1 score: 0.8022596736260204

-----Epoch 155/250-----
Batch 75/485, loss: 6.609576822916667 (22.614s)
Batch 150/485, loss: 7.100058606465658 (23.544s)
Batch 225/485, loss: 7.525127023061117 (23.348s)
Batch 300/485, loss: 6.519158875147502 (23.472s)
Batch 375/485, loss: 6.988328940073649 (23.209s)
Batch 450/485, loss: 6.011694917678833 (23.385s)
Batch 485/485, loss: 7.009748016084943 (10.858s)
F1 score: 0.8024745882338855

-----Epoch 156/250-----
Batch 75/485, loss: 6.995526380538941 (23.150s)
Batch 150/485, loss: 6.778690516153971 (23.241s)
Batch 225/485, loss: 7.513813145955404 (23.456s)
Batch 300/485, loss: 6.914745893478393 (23.314s)
Batch 375/485, loss: 6.2779497718811035 (23.398s)
Batch 450/485, loss: 7.046563240687052 (23.132s)
Batch 485/485, loss: 6.395425530842372 (10.696s)
F1 score: 0.8025509648019118

-----Epoch 157/250-----
Batch 75/485, loss: 7.575743637084961 (23.505s)
Batch 150/485, loss: 6.813460359573364 (22.960s)
Batch 225/485, loss: 6.118393936157227 (23.076s)
Batch 300/485, loss: 7.301000785827637 (23.228s)
Batch 375/485, loss: 6.707093159357707 (23.744s)
Batch 450/485, loss: 8.155257043838501 (23.318s)
Batch 485/485, loss: 7.77051260811942 (10.877s)
F1 score: 0.800125915017909

-----Epoch 158/250-----
Batch 75/485, loss: 6.743235651652018 (23.388s)
Batch 150/485, loss: 7.607314602533976 (23.279s)
Batch 225/485, loss: 7.283326635360718 (23.113s)
Batch 300/485, loss: 7.443312451044719 (23.139s)
Batch 375/485, loss: 5.515151319503784 (23.207s)
Batch 450/485, loss: 6.665206445058187 (23.263s)
Batch 485/485, loss: 9.229137025560652 (10.742s)
F1 score: 0.8017188423846853

-----Epoch 159/250-----
Batch 75/485, loss: 8.091259099642436 (23.211s)
Batch 150/485, loss: 6.008419615427653 (23.426s)
Batch 225/485, loss: 7.356677487691243 (23.094s)
slurmstepd: error: *** JOB 1003786 ON atl1-1-03-004-25-0 CANCELLED AT 2024-12-03T00:32:49 DUE TO TIME LIMIT ***
