---------------------------------------
Begin Slurm Prolog: Dec-03-2024 11:47:44
Job ID:    1007535
User ID:   khom9
Account:   cse
Job name:  Train_Abstract2_LSTM_SNN-7_v1
Partition: coc-gpu
---------------------------------------
Using device cuda:0
NVIDIA L40S
/usr/local/lib/python3.10/dist-packages/torchtext/data/utils.py:105: UserWarning: Spacy model "en" could not be loaded, trying "en_core_web_sm" instead
  warnings.warn(
/home/hice1/khom9/ondemand/data/sys/myjobs/projects/default/65/dataset.py:38: UserWarning: Sparse CSR tensor support is in beta state. If you miss a functionality in the sparse tensor support, please submit a feature request to https://github.com/pytorch/pytorch/issues. (Triggered internally at /opt/pytorch/pytorch/aten/src/ATen/SparseCsrTensorImpl.cpp:53.)
  self.labels = torch.tensor(mlb.fit_transform(classes)).to_sparse_csr().type(torch.float)
/usr/local/lib/python3.10/dist-packages/torch/_utils.py:830: UserWarning: TypedStorage is deprecated. It will be removed in the future and UntypedStorage will be the only storage class. This should only matter to you if you are using storages directly.  To access UntypedStorage directly, use tensor.untyped_storage() instead of tensor.storage()
  return self.fget.__get__(instance, owner)()
Loaded weights from pre-trained CNN successfully
Learning rate: 5e-05
Training for 250 epochs, with T=45, batch size=48
Saving model every 10 epochs

-----Epoch 1/250-----
Batch 75/485, loss: 125.94131614685058 (15.579s)
Batch 150/485, loss: 99.3310922241211 (13.701s)
Batch 225/485, loss: 136.83482902526856 (13.752s)
Batch 300/485, loss: 120.82207695007324 (13.690s)
Batch 375/485, loss: 112.77660446166992 (13.684s)
Batch 450/485, loss: 106.03038653055827 (13.852s)
Batch 485/485, loss: 152.59360951014926 (6.507s)
F1 score: 0.004097764559529134

-----Epoch 2/250-----
Batch 75/485, loss: 122.15155075073243 (13.634s)
slurmstepd: error: *** JOB 1007535 ON atl1-1-03-004-21-0 CANCELLED AT 2024-12-03T11:50:12 ***
