---------------------------------------
Begin Slurm Prolog: Nov-21-2024 02:36:54
Job ID:    960438
User ID:   khom9
Account:   cse
Job name:  Train_Abstract_LSTM_CNN
Partition: ice-gpu
---------------------------------------
Using device cuda:0
NVIDIA H100 80GB HBM3
/usr/local/lib/python3.10/dist-packages/torchtext/data/utils.py:105: UserWarning: Spacy model "en" could not be loaded, trying "en_core_web_sm" instead
  warnings.warn(
/home/hice1/khom9/ondemand/data/sys/myjobs/projects/default/18/dataset.py:37: UserWarning: Sparse CSR tensor support is in beta state. If you miss a functionality in the sparse tensor support, please submit a feature request to https://github.com/pytorch/pytorch/issues. (Triggered internally at /opt/pytorch/pytorch/aten/src/ATen/SparseCsrTensorImpl.cpp:53.)
  self.labels = torch.tensor(mlb.fit_transform(classes)).to_sparse_csr().type(torch.float)

-----Epoch 1-----
Batch 150/485, loss: 1.3437733745574951 (20.753s)
Batch 300/485, loss: 1.3163788803418477 (18.431s)
Batch 450/485, loss: 1.3549363430341084 (18.201s)
Batch 485/485, loss: 1.7547371813229151 (4.293s)

-----Epoch 2-----
Batch 150/485, loss: 1.4097892908255258 (18.257s)
Batch 300/485, loss: 1.3143920516967773 (18.248s)
Batch 450/485, loss: 1.4154398771127066 (18.247s)
Batch 485/485, loss: 1.0912959218025207 (4.257s)

-----Epoch 3-----
Batch 150/485, loss: 1.4103858745098115 (18.237s)
Batch 300/485, loss: 1.3381775005658467 (18.259s)
Batch 450/485, loss: 1.3183694048722585 (18.252s)
Batch 485/485, loss: 1.6928426470075335 (4.258s)

-----Epoch 4-----
Batch 150/485, loss: 1.224149265686671 (18.255s)
Batch 300/485, loss: 1.2809179174900054 (18.283s)
Batch 450/485, loss: 1.5623991493384044 (18.408s)
Batch 485/485, loss: 1.4139879958970205 (4.264s)

-----Epoch 5-----
Batch 150/485, loss: 1.3889805356661478 (18.258s)
Batch 300/485, loss: 1.3069681966304778 (18.235s)
Batch 450/485, loss: 1.349953721364339 (18.238s)
Batch 485/485, loss: 1.4921310952731541 (4.252s)

-----Epoch 6-----
Batch 150/485, loss: 1.4603090020020804 (18.237s)
Batch 300/485, loss: 1.3076606698830922 (18.240s)
Batch 450/485, loss: 1.3179019836584727 (18.389s)
Batch 485/485, loss: 1.3342724050794328 (4.257s)

-----Epoch 7-----
Batch 150/485, loss: 1.3367293000221252 (18.247s)
Batch 300/485, loss: 1.495016365448634 (18.249s)
Batch 450/485, loss: 1.2388348893324534 (18.252s)
Batch 485/485, loss: 1.382459715434483 (4.257s)

-----Epoch 8-----
Batch 150/485, loss: 1.2945916140079499 (18.244s)
Batch 300/485, loss: 1.3857174996534984 (18.248s)
Batch 450/485, loss: 1.3494262047608694 (18.262s)
Batch 485/485, loss: 1.5524273548807417 (4.261s)

-----Epoch 9-----
Batch 150/485, loss: 1.3232570032278697 (18.488s)
Batch 300/485, loss: 1.348511333068212 (18.438s)
Batch 450/485, loss: 1.3619829193751016 (18.219s)
Batch 485/485, loss: 1.5861218844141278 (4.249s)

-----Epoch 10-----
Batch 150/485, loss: 1.3917510644594828 (18.221s)
Batch 300/485, loss: 1.4485916912555694 (18.220s)
Batch 450/485, loss: 1.1234900697072348 (18.209s)
Batch 485/485, loss: 1.5026931013379778 (4.245s)

-----Epoch 11-----
Batch 150/485, loss: 1.338937238852183 (18.171s)
Batch 300/485, loss: 1.4330119685331981 (18.164s)
Batch 450/485, loss: 1.3246462873617808 (18.426s)
Batch 485/485, loss: 1.362345382145473 (4.333s)

-----Epoch 12-----
Batch 150/485, loss: 1.3832254592577617 (18.187s)
Batch 300/485, loss: 1.3661695651213328 (18.143s)
Batch 450/485, loss: 1.3183905545870462 (18.302s)
Batch 485/485, loss: 1.3813424025263106 (4.233s)

-----Epoch 13-----
Batch 150/485, loss: 1.3248012026151021 (18.150s)
Batch 300/485, loss: 1.4378039809068044 (18.192s)
Batch 450/485, loss: 1.3291438666979472 (18.165s)
Batch 485/485, loss: 1.1628637926919119 (4.236s)

-----Epoch 14-----
Batch 150/485, loss: 1.4094524550437928 (18.166s)
Batch 300/485, loss: 1.3269547049204509 (18.220s)
Batch 450/485, loss: 1.2448226364453634 (18.336s)
Batch 485/485, loss: 1.5985010589872088 (4.249s)

-----Epoch 15-----
Batch 150/485, loss: 1.2444735896587371 (18.220s)
Batch 300/485, loss: 1.3821823819478354 (18.167s)
Batch 450/485, loss: 1.3672450578212738 (18.166s)
Batch 485/485, loss: 1.2684772508484976 (4.235s)

-----Epoch 16-----
Batch 150/485, loss: 1.2932676394780478 (18.159s)
Batch 300/485, loss: 1.448044597307841 (18.163s)
Batch 450/485, loss: 1.3041385980447133 (18.159s)
Batch 485/485, loss: 1.4939316119466508 (4.237s)

-----Epoch 17-----
Batch 150/485, loss: 1.4370951728026071 (18.159s)
Batch 300/485, loss: 1.3200221808751424 (18.188s)
Batch 450/485, loss: 1.3302322681744894 (18.187s)
Batch 485/485, loss: 1.299668369974409 (4.235s)

-----Epoch 18-----
Batch 150/485, loss: 1.464227108558019 (18.160s)
Batch 300/485, loss: 1.2915768015384674 (18.160s)
Batch 450/485, loss: 1.3871165351072947 (18.305s)
Batch 485/485, loss: 1.0896550280707222 (4.235s)

-----Epoch 19-----
Batch 150/485, loss: 1.2543646601835887 (18.156s)
Batch 300/485, loss: 1.454966596364975 (18.155s)
Batch 450/485, loss: 1.3918900442123414 (18.165s)
Batch 485/485, loss: 1.2342334764344352 (4.233s)

-----Epoch 20-----
Batch 150/485, loss: 1.4634756716092427 (18.270s)
Batch 300/485, loss: 1.3042549755175907 (18.208s)
Batch 450/485, loss: 1.318739239772161 (18.209s)
Batch 485/485, loss: 1.2932285700525556 (4.249s)

-----Epoch 21-----
Batch 150/485, loss: 1.4475884600480398 (18.222s)
Batch 300/485, loss: 1.3740947234630585 (18.204s)
Batch 450/485, loss: 1.293702512582143 (18.228s)
Batch 485/485, loss: 1.1664168170520237 (4.251s)

-----Epoch 22-----
Batch 150/485, loss: 1.303242897192637 (18.216s)
Batch 300/485, loss: 1.4015526660283406 (18.197s)
Batch 450/485, loss: 1.3419911686579387 (18.224s)
Batch 485/485, loss: 1.4653962969779968 (4.249s)

-----Epoch 23-----
Batch 150/485, loss: 1.3575702575842539 (18.227s)
Batch 300/485, loss: 1.2382227269808452 (18.244s)
Batch 450/485, loss: 1.4213231213887532 (18.268s)
Batch 485/485, loss: 1.6021697606359209 (4.260s)

-----Epoch 24-----
Batch 150/485, loss: 1.3242698208491008 (18.251s)
Batch 300/485, loss: 1.3004046297073364 (18.211s)
Batch 450/485, loss: 1.3894816346963246 (18.349s)
Batch 485/485, loss: 1.5975253002984182 (4.244s)

-----Epoch 25-----
Batch 150/485, loss: 1.389085909128189 (18.180s)
Batch 300/485, loss: 1.3449435341358185 (18.174s)
Batch 450/485, loss: 1.3251500471433004 (18.179s)
Batch 485/485, loss: 1.4109393426350185 (4.239s)

-----Epoch 26-----
Batch 150/485, loss: 1.2482659574349722 (18.166s)
Batch 300/485, loss: 1.3892657899856566 (18.180s)
Batch 450/485, loss: 1.3820810258388518 (18.194s)
Batch 485/485, loss: 1.5824262704168046 (4.244s)

-----Epoch 27-----
Batch 150/485, loss: 1.4428682355086009 (18.193s)
Batch 300/485, loss: 1.3354111417134602 (18.190s)
Batch 450/485, loss: 1.2899868440628053 (18.190s)
Batch 485/485, loss: 1.3713095988546098 (4.248s)

-----Epoch 28-----
Batch 150/485, loss: 1.3150941439469654 (18.473s)
Batch 300/485, loss: 1.3667961259682972 (18.334s)
Batch 450/485, loss: 1.333112605412801 (18.250s)
Batch 485/485, loss: 1.5895543387957982 (4.237s)

-----Epoch 29-----
Batch 150/485, loss: 1.3098681890964508 (18.162s)
Batch 300/485, loss: 1.3832456044356027 (18.168s)
Batch 450/485, loss: 1.4091538921991984 (18.160s)
Batch 485/485, loss: 1.2257544245038714 (4.237s)

-----Epoch 30-----
Batch 150/485, loss: 1.3607486855983735 (18.162s)
Batch 300/485, loss: 1.2999980278809866 (18.170s)
Batch 450/485, loss: 1.351355305115382 (18.180s)
Batch 485/485, loss: 1.6068692939622062 (4.388s)

-----Epoch 31-----
Batch 150/485, loss: 1.414160339832306 (18.181s)
Batch 300/485, loss: 1.2505262287457783 (18.187s)
Batch 450/485, loss: 1.3756998415788015 (18.173s)
Batch 485/485, loss: 1.4815394946507046 (4.239s)

-----Epoch 32-----
Batch 150/485, loss: 1.3789870285987853 (18.171s)
Batch 300/485, loss: 1.3976876370112101 (18.250s)
Batch 450/485, loss: 1.3012314327557881 (18.272s)
Batch 485/485, loss: 1.3208212511880058 (4.261s)

-----Epoch 33-----
Batch 150/485, loss: 1.3428419760862986 (18.268s)
Batch 300/485, loss: 1.4058516013622284 (18.269s)
Batch 450/485, loss: 1.3610582236448925 (18.271s)
Batch 485/485, loss: 1.1903594306537084 (4.262s)

-----Epoch 34-----
Batch 150/485, loss: 1.3205253310998282 (18.261s)
Batch 300/485, loss: 1.4406639524300893 (18.273s)
Batch 450/485, loss: 1.2947564125061035 (18.213s)
Batch 485/485, loss: 1.4185932653290885 (4.237s)

-----Epoch 35-----
Batch 150/485, loss: 1.3408276740709941 (18.176s)
Batch 300/485, loss: 1.367842787106832 (18.174s)
Batch 450/485, loss: 1.277298904657364 (18.173s)
Batch 485/485, loss: 1.714942363330296 (4.240s)

-----Epoch 36-----
Batch 150/485, loss: 1.2398098262151083 (18.172s)
Batch 300/485, loss: 1.4066125774383544 (18.167s)
Batch 450/485, loss: 1.4467956443627676 (18.169s)
Batch 485/485, loss: 1.2544761521475656 (4.236s)

-----Epoch 37-----
Batch 150/485, loss: 1.3099835177262624 (18.317s)
Batch 300/485, loss: 1.4364070065816243 (18.163s)
Batch 450/485, loss: 1.3578602695465087 (18.167s)
Batch 485/485, loss: 1.2105721064976283 (4.235s)

-----Epoch 38-----
Batch 150/485, loss: 1.3959112250804901 (18.177s)
Batch 300/485, loss: 1.3468219761053721 (18.168s)
Batch 450/485, loss: 1.3730334826310475 (18.160s)
Batch 485/485, loss: 1.1931432179042272 (4.240s)

-----Epoch 39-----
Batch 150/485, loss: 1.34452090382576 (18.209s)
Batch 300/485, loss: 1.4227242068449657 (18.216s)
Batch 450/485, loss: 1.3166826132933298 (18.222s)
Batch 485/485, loss: 1.368153234890529 (4.255s)

-----Epoch 40-----
Batch 150/485, loss: 1.4706201179822287 (18.237s)
Batch 300/485, loss: 1.3228065419197081 (18.264s)
Batch 450/485, loss: 1.3044536284605661 (18.266s)
Batch 485/485, loss: 1.6803227313927243 (4.263s)

-----Epoch 41-----
Batch 150/485, loss: 1.2922065238157907 (18.405s)
Batch 300/485, loss: 1.3968935600916546 (18.334s)
Batch 450/485, loss: 1.188279510140419 (18.277s)
Batch 485/485, loss: 0.9719860451562065 (4.264s)

-----Epoch 42-----
Batch 150/485, loss: 1.3756071941057841 (18.280s)
Batch 300/485, loss: 1.1911619544029235 (18.270s)
Batch 450/485, loss: 1.1295821513732274 (18.286s)
Batch 485/485, loss: 1.12244456580707 (4.262s)

-----Epoch 43-----
Batch 150/485, loss: 1.446472376982371 (18.433s)
Batch 300/485, loss: 1.4256811702251435 (18.269s)
Batch 450/485, loss: 1.2787578586737316 (18.267s)
Batch 485/485, loss: 1.1572780285562787 (4.262s)

-----Epoch 44-----
Batch 150/485, loss: 1.3424327039718629 (18.291s)
Batch 300/485, loss: 1.3731953589121502 (18.243s)
Batch 450/485, loss: 1.3243464640776317 (18.263s)
Batch 485/485, loss: 1.4868877138410295 (4.254s)

-----Epoch 45-----
Batch 150/485, loss: 1.4315899328390758 (18.243s)
Batch 300/485, loss: 1.3162248528003693 (18.240s)
Batch 450/485, loss: 1.365328435897827 (18.238s)
Batch 485/485, loss: 1.172044347013746 (4.256s)

-----Epoch 46-----
Batch 150/485, loss: 1.4239552362759909 (18.247s)
Batch 300/485, loss: 1.2756799960136413 (18.238s)
Batch 450/485, loss: 1.3891788232326507 (18.234s)
Batch 485/485, loss: 1.269245570046561 (4.254s)

-----Epoch 47-----
Batch 150/485, loss: 1.3404266198476156 (18.238s)
Batch 300/485, loss: 1.350066829919815 (18.236s)
Batch 450/485, loss: 1.2898497100671131 (18.244s)
Batch 485/485, loss: 1.7535178201539177 (4.253s)

-----Epoch 48-----
Batch 150/485, loss: 1.3024587174256643 (18.241s)
Batch 300/485, loss: 1.3386040397485097 (18.235s)
Batch 450/485, loss: 1.1691653700669606 (18.232s)
Batch 485/485, loss: 1.4783269788537707 (4.253s)

-----Epoch 49-----
Batch 150/485, loss: 1.2700277644395828 (18.380s)
Batch 300/485, loss: 1.1313514838616052 (18.214s)
Batch 450/485, loss: 1.2352333571513494 (18.219s)
Batch 485/485, loss: 1.213738682440349 (4.250s)

-----Epoch 50-----
Batch 150/485, loss: 1.066144849260648 (18.225s)
Batch 300/485, loss: 1.2305430907011032 (18.253s)
Batch 450/485, loss: 1.0403187958399456 (18.270s)
Batch 485/485, loss: 1.5797629262719834 (4.262s)

-----Epoch 51-----
Batch 150/485, loss: 1.163411122560501 (18.259s)
Batch 300/485, loss: 0.9249979223807653 (18.248s)
Batch 450/485, loss: 1.1447701595226925 (18.246s)
Batch 485/485, loss: 1.0978402427264622 (4.256s)

-----Epoch 52-----
Batch 150/485, loss: 1.1095198555787404 (18.245s)
Batch 300/485, loss: 1.1491194073359172 (18.225s)
Batch 450/485, loss: 0.9200319095452627 (18.224s)
Batch 485/485, loss: 0.8165098352091653 (4.252s)

-----Epoch 53-----
Batch 150/485, loss: 1.060255055030187 (18.226s)
Batch 300/485, loss: 0.9542450751860937 (18.230s)
Batch 450/485, loss: 1.0670820770661036 (18.225s)
Batch 485/485, loss: 1.0146036650453294 (4.252s)

-----Epoch 54-----
Batch 150/485, loss: 1.0269704067707062 (18.272s)
Batch 300/485, loss: 1.0720156327883403 (18.276s)
Batch 450/485, loss: 0.9472191123167674 (18.262s)
Batch 485/485, loss: 1.0285092975412096 (4.255s)

-----Epoch 55-----
Batch 150/485, loss: 0.8820532470941543 (18.396s)
Batch 300/485, loss: 1.12630111515522 (18.243s)
Batch 450/485, loss: 0.9760762470960617 (18.195s)
Batch 485/485, loss: 1.11988839336804 (4.244s)

-----Epoch 56-----
Batch 150/485, loss: 0.983437617023786 (18.237s)
Batch 300/485, loss: 1.0518370546897253 (18.244s)
Batch 450/485, loss: 0.8816097458203633 (18.234s)
Batch 485/485, loss: 0.9846840841429574 (4.254s)

-----Epoch 57-----
Batch 150/485, loss: 0.8743429698546727 (18.239s)
Batch 300/485, loss: 1.0539305075009664 (18.236s)
Batch 450/485, loss: 0.9484608838955562 (18.237s)
Batch 485/485, loss: 1.2899062590939658 (4.254s)

-----Epoch 58-----
Batch 150/485, loss: 0.9659421235322952 (18.264s)
Batch 300/485, loss: 0.8586018057664235 (18.270s)
Batch 450/485, loss: 0.9579052331050237 (18.270s)
Batch 485/485, loss: 1.16047551717077 (4.289s)

-----Epoch 59-----
Batch 150/485, loss: 0.8981002287069957 (18.327s)
Batch 300/485, loss: 0.9466064635912578 (18.323s)
Batch 450/485, loss: 0.952937950094541 (18.328s)
Batch 485/485, loss: 0.9264430505888802 (4.288s)

-----Epoch 60-----
Batch 150/485, loss: 0.9626470677057902 (18.382s)
Batch 300/485, loss: 1.0206608045101166 (18.364s)
Batch 450/485, loss: 0.8239790922403336 (18.249s)
Batch 485/485, loss: 0.747707508291517 (4.268s)

-----Epoch 61-----
Batch 150/485, loss: 0.9280341772238413 (18.369s)
Batch 300/485, loss: 0.8571485408147176 (18.168s)
Batch 450/485, loss: 0.9488309973478317 (18.162s)
Batch 485/485, loss: 0.8604081307138716 (4.242s)

-----Epoch 62-----
Batch 150/485, loss: 0.8962547248601913 (18.170s)
Batch 300/485, loss: 0.8969498940308889 (18.183s)
Batch 450/485, loss: 1.0017772378524143 (18.194s)
Batch 485/485, loss: 1.034951032911028 (4.253s)

-----Epoch 63-----
Batch 150/485, loss: 0.9625787236293157 (18.239s)
Batch 300/485, loss: 0.9444981873035431 (18.220s)
Batch 450/485, loss: 0.8414148247241974 (18.170s)
Batch 485/485, loss: 0.8636525801249912 (4.240s)

-----Epoch 64-----
Batch 150/485, loss: 0.8510364298025767 (18.172s)
Batch 300/485, loss: 1.029694744348526 (18.233s)
Batch 450/485, loss: 1.0126685259739558 (18.241s)
Batch 485/485, loss: 0.8823936811515263 (4.251s)

-----Epoch 65-----
Batch 150/485, loss: 0.9321839930613836 (18.253s)
Batch 300/485, loss: 0.8684422771135966 (18.416s)
Batch 450/485, loss: 0.8184444055954615 (18.180s)
Batch 485/485, loss: 0.7033093358789172 (4.245s)

-----Epoch 66-----
Batch 150/485, loss: 0.8966103408734004 (18.179s)
Batch 300/485, loss: 0.8012939403454463 (18.278s)
Batch 450/485, loss: 0.814148421883583 (18.381s)
Batch 485/485, loss: 0.9429936426026481 (4.303s)

-----Epoch 67-----
Batch 150/485, loss: 0.8746520382165909 (18.381s)
Batch 300/485, loss: 0.873232187628746 (18.480s)
Batch 450/485, loss: 0.8042452714840571 (18.679s)
Batch 485/485, loss: 0.748619657754898 (4.225s)

-----Epoch 68-----
Batch 150/485, loss: 0.8659647516409557 (18.122s)
Batch 300/485, loss: 0.850797136425972 (18.457s)
Batch 450/485, loss: 0.8145768783489863 (18.661s)
Batch 485/485, loss: 0.732974955865315 (4.251s)

-----Epoch 69-----
Batch 150/485, loss: 0.778777740796407 (18.236s)
Batch 300/485, loss: 0.8028101718425751 (18.289s)
Batch 450/485, loss: 0.8627539215485255 (18.263s)
Batch 485/485, loss: 1.0807587691715785 (4.249s)

-----Epoch 70-----
Batch 150/485, loss: 0.7243642165263494 (18.220s)
Batch 300/485, loss: 0.8935331209500631 (18.220s)
Batch 450/485, loss: 0.8108026790618896 (18.222s)
Batch 485/485, loss: 0.8631920542035784 (4.250s)

-----Epoch 71-----
Batch 150/485, loss: 0.8623729811112086 (18.217s)
Batch 300/485, loss: 0.7575541085004807 (18.217s)
Batch 450/485, loss: 0.7750234421094259 (18.214s)
Batch 485/485, loss: 0.8423925961766924 (4.252s)

-----Epoch 72-----
Batch 150/485, loss: 0.8156181381146113 (18.236s)
Batch 300/485, loss: 0.7626332978407542 (18.204s)
Batch 450/485, loss: 0.8585184772809347 (18.212s)
Batch 485/485, loss: 0.7763064273766109 (4.248s)

-----Epoch 73-----
Batch 150/485, loss: 0.8145296982924144 (18.208s)
Batch 300/485, loss: 0.6911580570538839 (18.358s)
Batch 450/485, loss: 0.814868382414182 (18.210s)
Batch 485/485, loss: 0.8034632802009583 (4.247s)

-----Epoch 74-----
Batch 150/485, loss: 0.7670811766386032 (18.215s)
Batch 300/485, loss: 0.8639148352543513 (18.356s)
Batch 450/485, loss: 0.7513611408074697 (18.369s)
Batch 485/485, loss: 0.577918688740049 (4.269s)

-----Epoch 75-----
Batch 150/485, loss: 0.7869988981882731 (18.335s)
Batch 300/485, loss: 0.6952267666657765 (18.414s)
Batch 450/485, loss: 0.8041321543852488 (18.776s)
Batch 485/485, loss: 0.7967505054814475 (4.249s)

-----Epoch 76-----
Batch 150/485, loss: 0.819332415262858 (18.229s)
Batch 300/485, loss: 0.7905250358581543 (18.222s)
Batch 450/485, loss: 0.7939716863632202 (18.372s)
Batch 485/485, loss: 0.5993614060538156 (4.248s)

-----Epoch 77-----
Batch 150/485, loss: 0.7893693546454111 (18.213s)
Batch 300/485, loss: 0.8010118095080058 (18.220s)
Batch 450/485, loss: 0.6677994740009308 (18.214s)
Batch 485/485, loss: 0.8818901044981821 (4.250s)

-----Epoch 78-----
Batch 150/485, loss: 0.6934527589877446 (18.221s)
Batch 300/485, loss: 0.7803927439451218 (18.217s)
Batch 450/485, loss: 0.7976126146316528 (18.218s)
Batch 485/485, loss: 0.9929120106356485 (4.250s)

-----Epoch 79-----
Batch 150/485, loss: 0.7501597865422567 (18.219s)
Batch 300/485, loss: 0.7422760795553526 (18.365s)
Batch 450/485, loss: 0.7375708758831024 (18.224s)
Batch 485/485, loss: 0.8899686626025609 (4.250s)

-----Epoch 80-----
Batch 150/485, loss: 0.755861407717069 (18.225s)
Batch 300/485, loss: 0.796925200621287 (18.355s)
Batch 450/485, loss: 0.6546166825294495 (18.271s)
Batch 485/485, loss: 0.6699359638350351 (4.298s)

-----Epoch 81-----
Batch 150/485, loss: 0.7072883303960165 (18.291s)
Batch 300/485, loss: 0.7302575131257375 (18.279s)
Batch 450/485, loss: 0.7944312898317972 (18.300s)
Batch 485/485, loss: 0.9609591586249215 (4.263s)

-----Epoch 82-----
Batch 150/485, loss: 0.7283050866921743 (18.281s)
Batch 300/485, loss: 0.7160236839453379 (18.230s)
Batch 450/485, loss: 0.7362198328971863 (18.233s)
Batch 485/485, loss: 0.6769157767295837 (4.257s)

-----Epoch 83-----
Batch 150/485, loss: 0.7515035800139109 (18.229s)
Batch 300/485, loss: 0.7243822918335596 (18.231s)
Batch 450/485, loss: 0.6919540899991989 (18.228s)
Batch 485/485, loss: 0.6899665653705597 (4.251s)

-----Epoch 84-----
Batch 150/485, loss: 0.6862218874692917 (18.228s)
Batch 300/485, loss: 0.7257303420702617 (18.223s)
Batch 450/485, loss: 0.624746192296346 (18.230s)
Batch 485/485, loss: 0.9469393134117127 (4.252s)

-----Epoch 85-----
Batch 150/485, loss: 1.3211319748560588 (18.226s)
Batch 300/485, loss: 1.0147358894348144 (18.374s)
Batch 450/485, loss: 0.7340526006619136 (18.235s)
Batch 485/485, loss: 0.6812063847269331 (4.252s)

-----Epoch 86-----
Batch 150/485, loss: 0.7812724071741104 (18.379s)
Batch 300/485, loss: 0.6629755218823751 (18.230s)
Batch 450/485, loss: 0.7115081387758255 (18.235s)
Batch 485/485, loss: 0.6576343051024846 (4.251s)

-----Epoch 87-----
Batch 150/485, loss: 0.7253572958707809 (18.235s)
Batch 300/485, loss: 0.673961663444837 (18.233s)
Batch 450/485, loss: 0.7857946066061655 (18.246s)
Batch 485/485, loss: 0.7298158347606659 (4.253s)

-----Epoch 88-----
Batch 150/485, loss: 0.729843047261238 (18.227s)
Batch 300/485, loss: 0.6613525795936585 (18.233s)
Batch 450/485, loss: 0.6610712478558223 (18.229s)
Batch 485/485, loss: 0.5721754738262721 (4.255s)

-----Epoch 89-----
Batch 150/485, loss: 0.7311647834380468 (18.230s)
Batch 300/485, loss: 0.6672578893105189 (18.235s)
Batch 450/485, loss: 0.6290898356835047 (18.236s)
Batch 485/485, loss: 0.589803615638188 (4.251s)

-----Epoch 90-----
Batch 150/485, loss: 0.6850732654333115 (18.231s)
Batch 300/485, loss: 0.5683405397335688 (18.414s)
Batch 450/485, loss: 0.6907318983475367 (18.239s)
Batch 485/485, loss: 0.775061468567167 (4.253s)

-----Epoch 91-----
Batch 150/485, loss: 0.6264153191447258 (18.228s)
Batch 300/485, loss: 0.6298018246889114 (18.381s)
Batch 450/485, loss: 0.7278140304485957 (18.233s)
Batch 485/485, loss: 0.6723009475639888 (4.255s)

-----Epoch 92-----
Batch 150/485, loss: 0.574863402446111 (18.232s)
Batch 300/485, loss: 0.6709026191631953 (18.229s)
Batch 450/485, loss: 0.7062058524290721 (18.237s)
Batch 485/485, loss: 0.7381084884916033 (4.252s)

-----Epoch 93-----
Batch 150/485, loss: 0.8779311688741048 (18.226s)
Batch 300/485, loss: 0.8020458783706029 (18.230s)
Batch 450/485, loss: 0.767010339697202 (18.227s)
Batch 485/485, loss: 0.8388817846775055 (4.257s)

-----Epoch 94-----
Batch 150/485, loss: 0.6094438662131627 (18.248s)
Batch 300/485, loss: 0.7668970229228338 (18.234s)
Batch 450/485, loss: 0.6464892562230428 (18.233s)
Batch 485/485, loss: 0.5831451803445816 (4.263s)

-----Epoch 95-----
Batch 150/485, loss: 0.5953481100002924 (18.230s)
Batch 300/485, loss: 0.7358681414524714 (18.237s)
Batch 450/485, loss: 0.6133209484815597 (18.234s)
Batch 485/485, loss: 0.5932941828455244 (4.252s)

-----Epoch 96-----
Batch 150/485, loss: 0.5985165539383889 (18.228s)
Batch 300/485, loss: 0.6244082483649254 (18.235s)
Batch 450/485, loss: 1.0078686875104905 (18.243s)
Batch 485/485, loss: 0.6587358960083552 (4.251s)

-----Epoch 97-----
Batch 150/485, loss: 0.644215499162674 (18.233s)
Batch 300/485, loss: 0.6218416823943456 (18.231s)
Batch 450/485, loss: 0.6677936534086863 (18.384s)
Batch 485/485, loss: 0.5877985468932561 (4.256s)

-----Epoch 98-----
Batch 150/485, loss: 0.6439180445671081 (18.242s)
Batch 300/485, loss: 0.6243350522716841 (18.268s)
Batch 450/485, loss: 0.6004912576079369 (18.316s)
Batch 485/485, loss: 0.49098254612513953 (4.272s)

-----Epoch 99-----
Batch 150/485, loss: 0.6449774426221847 (18.314s)
Batch 300/485, loss: 0.6227890693147977 (18.325s)
Batch 450/485, loss: 0.5737035767237345 (18.294s)
Batch 485/485, loss: 0.7114866725036076 (4.264s)

-----Epoch 100-----
Batch 150/485, loss: 0.6155228805541992 (18.286s)
Batch 300/485, loss: 0.6062325468659401 (18.300s)
Batch 450/485, loss: 0.5853847525517146 (18.307s)
Batch 485/485, loss: 0.6776235708168574 (4.278s)

-----Epoch 101-----
Batch 150/485, loss: 0.5685774779319763 (18.265s)
Batch 300/485, loss: 0.6019793656468392 (18.274s)
Batch 450/485, loss: 0.8350669034322102 (18.258s)
Batch 485/485, loss: 0.9543882855347224 (4.255s)

-----Epoch 102-----
Batch 150/485, loss: 0.6925737557808558 (18.249s)
Batch 300/485, loss: 0.580327084561189 (18.246s)
Batch 450/485, loss: 0.6009753145774206 (18.253s)
Batch 485/485, loss: 0.7193000997815814 (4.258s)

-----Epoch 103-----
Batch 150/485, loss: 0.5598278150955835 (18.255s)
Batch 300/485, loss: 0.6177547069390615 (18.244s)
Batch 450/485, loss: 0.675007401406765 (18.400s)
Batch 485/485, loss: 0.528397838132722 (4.255s)

-----Epoch 104-----
Batch 150/485, loss: 0.5773997539281845 (18.243s)
Batch 300/485, loss: 0.6233776538570722 (18.240s)
Batch 450/485, loss: 0.6018812829256057 (18.244s)
Batch 485/485, loss: 0.5982516161033086 (4.255s)

-----Epoch 105-----
Batch 150/485, loss: 0.5460596947868666 (18.333s)
Batch 300/485, loss: 0.6414594479401906 (18.363s)
Batch 450/485, loss: 0.5852795971433321 (18.219s)
Batch 485/485, loss: 0.6788927708353315 (4.251s)

-----Epoch 106-----
Batch 150/485, loss: 0.616040162841479 (18.218s)
Batch 300/485, loss: 0.7837427814801534 (18.227s)
Batch 450/485, loss: 0.7294554162025452 (18.257s)
Batch 485/485, loss: 0.5738335592406136 (4.253s)

-----Epoch 107-----
Batch 150/485, loss: 0.6114526853958766 (18.233s)
Batch 300/485, loss: 0.604761325319608 (18.409s)
Batch 450/485, loss: 0.6028223856290181 (18.243s)
Batch 485/485, loss: 0.6848618166787284 (4.265s)

-----Epoch 108-----
Batch 150/485, loss: 0.524662222067515 (18.148s)
Batch 300/485, loss: 0.6470297459761302 (18.145s)
Batch 450/485, loss: 0.6013552423318227 (18.159s)
Batch 485/485, loss: 0.6570864566734859 (4.241s)

-----Epoch 109-----
Batch 150/485, loss: 0.5377356947461764 (18.187s)
Batch 300/485, loss: 0.5773723713556925 (18.177s)
Batch 450/485, loss: 0.5948273406426112 (18.416s)
Batch 485/485, loss: 0.5564725458621979 (4.260s)

-----Epoch 110-----
Batch 150/485, loss: 0.5844417045513789 (18.282s)
Batch 300/485, loss: 0.5791749264796575 (18.251s)
Batch 450/485, loss: 0.617930932044983 (18.220s)
Batch 485/485, loss: 0.5117638179234096 (4.249s)

-----Epoch 111-----
Batch 150/485, loss: 0.5833330031236013 (18.221s)
Batch 300/485, loss: 0.5551244276762008 (18.240s)
Batch 450/485, loss: 0.704812420407931 (18.219s)
Batch 485/485, loss: 0.570239028760365 (4.265s)

-----Epoch 112-----
Batch 150/485, loss: 0.5416818357507388 (18.273s)
Batch 300/485, loss: 0.5932221454381943 (18.282s)
Batch 450/485, loss: 0.5537470604976018 (18.274s)
Batch 485/485, loss: 0.7220230226005827 (4.263s)

-----Epoch 113-----
Batch 150/485, loss: 0.5739362592498461 (18.257s)
Batch 300/485, loss: 0.5381032106280327 (18.226s)
Batch 450/485, loss: 0.561927387714386 (18.227s)
Batch 485/485, loss: 0.5654633402824402 (4.255s)

-----Epoch 114-----
Batch 150/485, loss: 0.5430554034312566 (18.244s)
Batch 300/485, loss: 0.5801649743318558 (18.259s)
Batch 450/485, loss: 0.5679457436005274 (18.233s)
Batch 485/485, loss: 0.6424860860620226 (4.250s)

-----Epoch 115-----
Batch 150/485, loss: 0.5317711117863655 (18.233s)
Batch 300/485, loss: 0.5246929549177488 (18.226s)
Batch 450/485, loss: 0.578969474832217 (18.368s)
Batch 485/485, loss: 0.6137627444096974 (4.252s)

-----Epoch 116-----
Batch 150/485, loss: 0.5703690695762634 (18.221s)
Batch 300/485, loss: 0.5598498670260111 (18.232s)
Batch 450/485, loss: 0.5441386509935061 (18.240s)
Batch 485/485, loss: 0.5221606510026114 (4.253s)

-----Epoch 117-----
Batch 150/485, loss: 0.586183307270209 (18.260s)
Batch 300/485, loss: 0.535451286137104 (18.257s)
Batch 450/485, loss: 0.5494144167502721 (18.271s)
Batch 485/485, loss: 0.5260026293141501 (4.262s)

-----Epoch 118-----
Batch 150/485, loss: 0.5774024750789006 (18.274s)
Batch 300/485, loss: 0.5047229771812757 (18.241s)
Batch 450/485, loss: 0.5417008677124977 (18.240s)
Batch 485/485, loss: 0.5002597272396088 (4.251s)

-----Epoch 119-----
Batch 150/485, loss: 0.5346795894702275 (18.240s)
Batch 300/485, loss: 0.5648256326715152 (18.255s)
Batch 450/485, loss: 0.5426531076431275 (18.281s)
Batch 485/485, loss: 0.5187990316322871 (4.260s)

-----Epoch 120-----
Batch 150/485, loss: 0.5441107685367267 (18.178s)
Batch 300/485, loss: 0.4981703828771909 (18.172s)
Batch 450/485, loss: 0.5498736469944319 (18.162s)
Batch 485/485, loss: 0.5023523105042321 (4.257s)

-----Epoch 121-----
Batch 150/485, loss: 0.4886961723367373 (18.167s)
Batch 300/485, loss: 0.5292533838748932 (18.166s)
Batch 450/485, loss: 0.5445945377151171 (18.167s)
Batch 485/485, loss: 0.6614109098911285 (4.386s)

-----Epoch 122-----
Batch 150/485, loss: 0.49896191467841466 (18.245s)
Batch 300/485, loss: 0.5317658814787865 (18.271s)
Batch 450/485, loss: 0.5098766676584879 (18.269s)
Batch 485/485, loss: 0.4981799249138151 (4.276s)

-----Epoch 123-----
Batch 150/485, loss: 0.5351087448000907 (18.271s)
Batch 300/485, loss: 0.533188505768776 (18.270s)
Batch 450/485, loss: 0.4824546505014102 (18.266s)
Batch 485/485, loss: 0.5386779742581503 (4.262s)

-----Epoch 124-----
Batch 150/485, loss: 0.5170999463399252 (18.275s)
Batch 300/485, loss: 0.5012234444419543 (18.275s)
Batch 450/485, loss: 0.5642844452460607 (18.269s)
Batch 485/485, loss: 0.5491689017840794 (4.260s)

-----Epoch 125-----
Batch 150/485, loss: 0.5158113991220792 (18.241s)
Batch 300/485, loss: 0.49085552473862964 (18.247s)
Batch 450/485, loss: 0.5130901929736137 (18.238s)
Batch 485/485, loss: 0.6119618173156466 (4.251s)

-----Epoch 126-----
Batch 150/485, loss: 0.49749843617280326 (18.239s)
Batch 300/485, loss: 0.4825249978899956 (18.242s)
Batch 450/485, loss: 0.50158690204223 (18.238s)
Batch 485/485, loss: 0.5267456906182425 (4.255s)

-----Epoch 127-----
Batch 150/485, loss: 0.5519357998172442 (18.219s)
Batch 300/485, loss: 0.559916510283947 (18.196s)
Batch 450/485, loss: 0.4772420530517896 (18.188s)
Batch 485/485, loss: 0.5843625728573117 (4.389s)

-----Epoch 128-----
Batch 150/485, loss: 0.49254841685295103 (18.200s)
Batch 300/485, loss: 0.48548253317674 (18.200s)
Batch 450/485, loss: 0.518327168226242 (18.196s)
Batch 485/485, loss: 0.46624654063156673 (4.244s)

-----Epoch 129-----
Batch 150/485, loss: 0.4938802542289098 (18.200s)
Batch 300/485, loss: 0.4994273109237353 (18.195s)
Batch 450/485, loss: 0.4652473638455073 (18.184s)
Batch 485/485, loss: 0.49751999846526557 (4.241s)

-----Epoch 130-----
Batch 150/485, loss: 0.6059910742441813 (18.177s)
Batch 300/485, loss: 0.5037863256533941 (18.180s)
Batch 450/485, loss: 0.47886192868153254 (18.170s)
Batch 485/485, loss: 0.5165995308331081 (4.237s)

-----Epoch 131-----
Batch 150/485, loss: 0.5023884695768356 (18.172s)
Batch 300/485, loss: 0.49411334792772926 (18.168s)
Batch 450/485, loss: 0.4708502500255903 (18.211s)
Batch 485/485, loss: 0.46633164712360925 (4.263s)

-----Epoch 132-----
Batch 150/485, loss: 0.48811508337656656 (18.273s)
Batch 300/485, loss: 0.4978360549608866 (18.242s)
Batch 450/485, loss: 0.4389376060167948 (18.260s)
Batch 485/485, loss: 0.3817749295915876 (4.267s)

-----Epoch 133-----
Batch 150/485, loss: 0.43525982429583865 (18.286s)
Batch 300/485, loss: 0.49101441870133083 (18.275s)
Batch 450/485, loss: 0.5730501679579417 (18.274s)
Batch 485/485, loss: 0.4754068340573992 (4.262s)

-----Epoch 134-----
Batch 150/485, loss: 0.4762255640824636 (18.434s)
Batch 300/485, loss: 0.46269635677337645 (18.280s)
Batch 450/485, loss: 0.4755055660009384 (18.280s)
Batch 485/485, loss: 0.39296731735978807 (4.265s)

-----Epoch 135-----
Batch 150/485, loss: 0.4655275152126948 (18.279s)
Batch 300/485, loss: 0.45002867569526034 (18.275s)
Batch 450/485, loss: 0.46502473841110864 (18.303s)
Batch 485/485, loss: 0.4832444825342723 (4.272s)

-----Epoch 136-----
Batch 150/485, loss: 0.4539214605093002 (18.276s)
Batch 300/485, loss: 0.4249702711900075 (18.245s)
Batch 450/485, loss: 0.524727674126625 (18.246s)
Batch 485/485, loss: 0.7506329894065857 (4.255s)

-----Epoch 137-----
Batch 150/485, loss: 0.49356699774662655 (18.229s)
Batch 300/485, loss: 0.4381712367137273 (18.184s)
Batch 450/485, loss: 0.4451045486330986 (18.214s)
Batch 485/485, loss: 0.45784302609307426 (4.254s)

-----Epoch 138-----
Batch 150/485, loss: 0.45821421255668005 (18.230s)
Batch 300/485, loss: 0.42476653625567756 (18.259s)
Batch 450/485, loss: 0.4796884396672249 (18.227s)
Batch 485/485, loss: 0.3665831450905119 (4.250s)

-----Epoch 139-----
Batch 150/485, loss: 0.42164749483267466 (18.230s)
Batch 300/485, loss: 0.4109333148598671 (18.230s)
Batch 450/485, loss: 0.46191977719465893 (18.232s)
Batch 485/485, loss: 0.43710124790668486 (4.251s)

-----Epoch 140-----
Batch 150/485, loss: 0.4117555222908656 (18.378s)
Batch 300/485, loss: 0.4297000793615977 (18.241s)
Batch 450/485, loss: 0.4343252840638161 (18.279s)
Batch 485/485, loss: 0.3752737432718277 (4.267s)

-----Epoch 141-----
Batch 150/485, loss: 0.4117475325862567 (18.287s)
Batch 300/485, loss: 0.43999338905016583 (18.294s)
Batch 450/485, loss: 0.42932095964749656 (18.286s)
Batch 485/485, loss: 0.39529601761272976 (4.268s)

-----Epoch 142-----
Batch 150/485, loss: 0.40573646446069084 (18.299s)
Batch 300/485, loss: 0.4293560694654783 (18.293s)
Batch 450/485, loss: 0.46265865306059517 (18.294s)
Batch 485/485, loss: 0.39917527309485845 (4.267s)

-----Epoch 143-----
Batch 150/485, loss: 0.4162499117851257 (18.291s)
Batch 300/485, loss: 0.3979208618402481 (18.294s)
Batch 450/485, loss: 0.4818916867176692 (18.288s)
Batch 485/485, loss: 0.667843873160226 (4.265s)

-----Epoch 144-----
Batch 150/485, loss: 0.5128263570864995 (18.299s)
Batch 300/485, loss: 0.8877413231134414 (18.293s)
Batch 450/485, loss: 0.4093088640769323 (18.298s)
Batch 485/485, loss: 0.42001771203109195 (4.266s)

-----Epoch 145-----
Batch 150/485, loss: 0.45410526762406034 (18.294s)
Batch 300/485, loss: 0.37344056119521457 (18.293s)
Batch 450/485, loss: 0.3757259053985278 (18.286s)
Batch 485/485, loss: 0.4609377256461552 (4.264s)

-----Epoch 146-----
Batch 150/485, loss: 0.40117256273825963 (18.429s)
Batch 300/485, loss: 0.40010716368754706 (18.282s)
Batch 450/485, loss: 0.39095977157354356 (18.279s)
Batch 485/485, loss: 0.4308055690356663 (4.250s)

-----Epoch 147-----
Batch 150/485, loss: 0.3833534030119578 (18.220s)
Batch 300/485, loss: 0.4170881347854932 (18.218s)
Batch 450/485, loss: 0.567935877641042 (18.225s)
Batch 485/485, loss: 0.37805130226271494 (4.250s)

-----Epoch 148-----
Batch 150/485, loss: 0.41684651384751004 (18.226s)
Batch 300/485, loss: 0.3896924920876821 (18.221s)
Batch 450/485, loss: 0.3817799189686775 (18.220s)
Batch 485/485, loss: 0.3737112479550498 (4.251s)

-----Epoch 149-----
Batch 150/485, loss: 0.39981224844853086 (18.221s)
Batch 300/485, loss: 0.38669246902068455 (18.220s)
Batch 450/485, loss: 0.42452091405789055 (18.219s)
Batch 485/485, loss: 0.4033253137554441 (4.249s)

-----Epoch 150-----
Batch 150/485, loss: 0.40064831644296645 (18.218s)
Batch 300/485, loss: 0.3707848758498828 (18.216s)
Batch 450/485, loss: 0.3890562797586123 (18.221s)
Batch 485/485, loss: 0.3747469914810998 (4.248s)

-----Epoch 151-----
Batch 150/485, loss: 0.3671852336327235 (18.223s)
Batch 300/485, loss: 0.3559993710120519 (18.382s)
Batch 450/485, loss: 0.40429520457983015 (18.226s)
Batch 485/485, loss: 0.46130477828638894 (4.250s)

-----Epoch 152-----
Batch 150/485, loss: 0.3778331318497658 (18.374s)
Batch 300/485, loss: 0.3721644984682401 (18.222s)
Batch 450/485, loss: 0.3846865737438202 (18.231s)
Batch 485/485, loss: 0.5392174750566483 (4.250s)

-----Epoch 153-----
Batch 150/485, loss: 0.3902302571137746 (18.222s)
Batch 300/485, loss: 0.351767076253891 (18.222s)
Batch 450/485, loss: 0.38018989821275073 (18.219s)
Batch 485/485, loss: 0.35441864005156926 (4.249s)

-----Epoch 154-----
Batch 150/485, loss: 0.38885846361517906 (18.213s)
Batch 300/485, loss: 0.34944261024395623 (18.225s)
Batch 450/485, loss: 0.3538080805540085 (18.345s)
Batch 485/485, loss: 0.42152916022709436 (4.251s)

-----Epoch 155-----
Batch 150/485, loss: 0.3420980967084567 (18.215s)
Batch 300/485, loss: 0.4017844865719477 (18.218s)
Batch 450/485, loss: 0.370243031779925 (18.215s)
Batch 485/485, loss: 0.38859153006758007 (4.250s)

-----Epoch 156-----
Batch 150/485, loss: 0.4153063615163167 (18.221s)
Batch 300/485, loss: 0.3453201627731323 (18.220s)
Batch 450/485, loss: 0.34620559563239417 (18.225s)
Batch 485/485, loss: 0.42223972848483493 (4.251s)

-----Epoch 157-----
Batch 150/485, loss: 0.32661652853091555 (18.220s)
Batch 300/485, loss: 0.33548084408044815 (18.220s)
Batch 450/485, loss: 0.3662043990691503 (18.214s)
Batch 485/485, loss: 0.4648286908864975 (4.250s)

-----Epoch 158-----
Batch 150/485, loss: 0.33313204705715177 (18.220s)
Batch 300/485, loss: 0.37315727114677427 (18.375s)
Batch 450/485, loss: 0.3472030327717463 (18.230s)
Batch 485/485, loss: 0.3008785792759487 (4.252s)

-----Epoch 159-----
Batch 150/485, loss: 0.3380230364203453 (18.229s)
Batch 300/485, loss: 0.43970491011937457 (18.228s)
Batch 450/485, loss: 0.4304166571299235 (18.223s)
Batch 485/485, loss: 0.4682768281017031 (4.252s)

-----Epoch 160-----
Batch 150/485, loss: 0.350139136215051 (18.223s)
Batch 300/485, loss: 0.35893904507160185 (18.231s)
Batch 450/485, loss: 0.31442848245302835 (18.224s)
Batch 485/485, loss: 0.4308386717523847 (4.248s)

-----Epoch 161-----
Batch 150/485, loss: 0.34692617893218997 (18.222s)
Batch 300/485, loss: 0.33690424472093583 (18.195s)
Batch 450/485, loss: 0.37282120376825334 (18.162s)
Batch 485/485, loss: 0.31068274974822996 (4.236s)

-----Epoch 162-----
Batch 150/485, loss: 0.33079351246356964 (18.178s)
Batch 300/485, loss: 0.3438441774249077 (18.194s)
Batch 450/485, loss: 0.34806256999572116 (18.257s)
Batch 485/485, loss: 0.4694875930036817 (4.260s)

-----Epoch 163-----
Batch 150/485, loss: 0.35320324569940564 (18.264s)
Batch 300/485, loss: 0.3266743881503741 (18.262s)
Batch 450/485, loss: 0.3367175532877445 (18.293s)
Batch 485/485, loss: 0.31702310953821455 (4.273s)

-----Epoch 164-----
Batch 150/485, loss: 0.313297502497832 (18.319s)
Batch 300/485, loss: 0.3417389158407847 (18.460s)
Batch 450/485, loss: 0.33677726606527963 (18.284s)
Batch 485/485, loss: 0.36626016604048867 (4.265s)

-----Epoch 165-----
Batch 150/485, loss: 0.32365389188130694 (18.288s)
Batch 300/485, loss: 0.3523324476679166 (18.287s)
Batch 450/485, loss: 0.34315515836079913 (18.287s)
Batch 485/485, loss: 0.3256715165717261 (4.264s)

-----Epoch 166-----
Batch 150/485, loss: 0.32465081026156745 (18.287s)
Batch 300/485, loss: 0.32077906280755997 (18.287s)
Batch 450/485, loss: 0.349811247587204 (18.259s)
Batch 485/485, loss: 0.34294427122388565 (4.254s)

-----Epoch 167-----
Batch 150/485, loss: 0.34193549235661824 (18.233s)
Batch 300/485, loss: 0.3483031748731931 (18.233s)
Batch 450/485, loss: 0.3080267959833145 (18.234s)
Batch 485/485, loss: 0.29751289231436595 (4.253s)

-----Epoch 168-----
Batch 150/485, loss: 0.282846145828565 (18.240s)
Batch 300/485, loss: 0.32012291659911474 (18.238s)
Batch 450/485, loss: 0.3705031982064247 (18.240s)
Batch 485/485, loss: 0.2919124209455081 (4.254s)

-----Epoch 169-----
Batch 150/485, loss: 0.3112402075529099 (18.234s)
Batch 300/485, loss: 0.31663600613673526 (18.231s)
Batch 450/485, loss: 0.3308513099948565 (18.236s)
Batch 485/485, loss: 0.30546242254120964 (4.269s)

-----Epoch 170-----
Batch 150/485, loss: 0.3266478066643079 (18.239s)
Batch 300/485, loss: 0.31566370983918507 (18.392s)
Batch 450/485, loss: 0.3235809327165286 (18.238s)
Batch 485/485, loss: 0.3276927024126053 (4.253s)

-----Epoch 171-----
Batch 150/485, loss: 0.2964315990606944 (18.236s)
Batch 300/485, loss: 0.3143379290898641 (18.228s)
Batch 450/485, loss: 0.3323700970411301 (18.227s)
Batch 485/485, loss: 0.3079527275902884 (4.251s)

-----Epoch 172-----
Batch 150/485, loss: 0.3233842587471008 (18.232s)
Batch 300/485, loss: 0.3386985801657041 (18.235s)
Batch 450/485, loss: 0.3011261690656344 (18.236s)
Batch 485/485, loss: 0.2849061748811177 (4.253s)

-----Epoch 173-----
Batch 150/485, loss: 0.3063925196727117 (18.235s)
Batch 300/485, loss: 0.2886903045574824 (18.231s)
Batch 450/485, loss: 0.3267882173260053 (18.237s)
Batch 485/485, loss: 0.299144263778414 (4.256s)

-----Epoch 174-----
Batch 150/485, loss: 0.2919211611151695 (18.237s)
Batch 300/485, loss: 0.33846289485692976 (18.282s)
Batch 450/485, loss: 0.321818687915802 (18.318s)
Batch 485/485, loss: 0.32150454138006485 (4.280s)

-----Epoch 175-----
Batch 150/485, loss: 0.3461024433374405 (18.341s)
Batch 300/485, loss: 0.30366254458824793 (18.338s)
Batch 450/485, loss: 0.2834625137845675 (18.343s)
Batch 485/485, loss: 0.3483578605311258 (4.277s)

-----Epoch 176-----
Batch 150/485, loss: 0.2945242175459862 (18.345s)
Batch 300/485, loss: 0.3192716177304586 (18.486s)
Batch 450/485, loss: 0.31522841423749925 (18.320s)
Batch 485/485, loss: 0.34331106671265194 (4.279s)

-----Epoch 177-----
Batch 150/485, loss: 0.30785541752974194 (18.331s)
Batch 300/485, loss: 0.29916381657123564 (18.342s)
Batch 450/485, loss: 0.3139752223094304 (18.253s)
Batch 485/485, loss: 0.27489677369594573 (4.259s)

-----Epoch 178-----
Batch 150/485, loss: 0.3167585038145383 (18.256s)
Batch 300/485, loss: 0.28407393087943394 (18.408s)
Batch 450/485, loss: 0.2811356540520986 (18.477s)
Batch 485/485, loss: 0.3041912517377308 (4.256s)

-----Epoch 179-----
Batch 150/485, loss: 0.30302546590566637 (18.522s)
Batch 300/485, loss: 0.31804446429014205 (18.253s)
Batch 450/485, loss: 0.28938669045766197 (18.472s)
Batch 485/485, loss: 0.29692666232585907 (4.252s)

-----Epoch 180-----
Batch 150/485, loss: 0.2778143687049548 (18.516s)
Batch 300/485, loss: 0.2914372556408246 (18.285s)
Batch 450/485, loss: 0.3152757579088211 (18.474s)
Batch 485/485, loss: 0.26424826511314936 (4.262s)

-----Epoch 181-----
Batch 150/485, loss: 0.31206315497557324 (18.497s)
Batch 300/485, loss: 0.31413103967905043 (18.302s)
Batch 450/485, loss: 0.26567786822716394 (18.307s)
Batch 485/485, loss: 0.34613205577645983 (4.268s)

-----Epoch 182-----
Batch 150/485, loss: 0.29735710233449936 (18.298s)
Batch 300/485, loss: 0.6215882706642151 (18.454s)
Batch 450/485, loss: 0.3935113125046094 (18.300s)
Batch 485/485, loss: 0.35020131383623393 (4.267s)

-----Epoch 183-----
Batch 150/485, loss: 0.35547834396362304 (18.252s)
Batch 300/485, loss: 0.33626969714959465 (18.244s)
Batch 450/485, loss: 0.3178706146279971 (18.242s)
Batch 485/485, loss: 0.29681300946644373 (4.255s)

-----Epoch 184-----
Batch 150/485, loss: 0.327742468615373 (18.244s)
Batch 300/485, loss: 0.3014480365316073 (18.297s)
Batch 450/485, loss: 0.29386351684729256 (18.294s)
Batch 485/485, loss: 0.26766779209886277 (4.273s)

-----Epoch 185-----
Batch 150/485, loss: 0.2817154849569003 (18.420s)
Batch 300/485, loss: 0.2755540172259013 (18.292s)
Batch 450/485, loss: 0.3164213081200918 (18.292s)
Batch 485/485, loss: 0.2916502356529236 (4.266s)

-----Epoch 186-----
Batch 150/485, loss: 0.27424341733256974 (18.287s)
Batch 300/485, loss: 0.2919002413749695 (18.292s)
Batch 450/485, loss: 0.29989494080344836 (18.291s)
Batch 485/485, loss: 0.2868705609015056 (4.265s)

-----Epoch 187-----
Batch 150/485, loss: 0.29095333337783813 (18.285s)
Batch 300/485, loss: 0.30058006594578424 (18.324s)
Batch 450/485, loss: 0.2825427520275116 (18.358s)
Batch 485/485, loss: 0.2631954171827861 (4.279s)

-----Epoch 188-----
Batch 150/485, loss: 0.29540192464987436 (18.261s)
Batch 300/485, loss: 0.2954787169893583 (18.507s)
Batch 450/485, loss: 0.27932509730259575 (18.620s)
Batch 485/485, loss: 0.26704619590725215 (4.246s)

-----Epoch 189-----
Batch 150/485, loss: 0.284253271818161 (18.203s)
Batch 300/485, loss: 0.26759845852851866 (18.446s)
Batch 450/485, loss: 0.26194855590661364 (18.242s)
Batch 485/485, loss: 0.29053016219820293 (4.255s)

-----Epoch 190-----
Batch 150/485, loss: 0.26169254541397097 (18.258s)
Batch 300/485, loss: 0.25470417737960815 (18.256s)
Batch 450/485, loss: 0.3032883258660634 (18.265s)
Batch 485/485, loss: 0.2594542188303811 (4.264s)

-----Epoch 191-----
Batch 150/485, loss: 0.2762112272779147 (18.283s)
Batch 300/485, loss: 0.2611436329285304 (18.284s)
Batch 450/485, loss: 0.2714430582523346 (18.284s)
Batch 485/485, loss: 0.34367912794862476 (4.262s)

-----Epoch 192-----
Batch 150/485, loss: 0.25946619381507235 (18.282s)
Batch 300/485, loss: 0.2960998339454333 (18.284s)
Batch 450/485, loss: 0.3027203953266144 (18.284s)
Batch 485/485, loss: 0.2712478884628841 (4.269s)

-----Epoch 193-----
Batch 150/485, loss: 0.26131851146618523 (18.289s)
Batch 300/485, loss: 0.27167548418045045 (18.283s)
Batch 450/485, loss: 0.2699887709816297 (18.285s)
Batch 485/485, loss: 0.29347851659570423 (4.266s)

-----Epoch 194-----
Batch 150/485, loss: 0.2600344769159953 (18.302s)
Batch 300/485, loss: 0.2768981138865153 (18.290s)
Batch 450/485, loss: 0.2780003174146016 (18.440s)
Batch 485/485, loss: 0.25059722789696287 (4.266s)

-----Epoch 195-----
Batch 150/485, loss: 0.27137028018633524 (18.288s)
Batch 300/485, loss: 0.28353957692782084 (18.289s)
Batch 450/485, loss: 0.29146012326081594 (18.288s)
Batch 485/485, loss: 0.2535772434302739 (4.267s)

-----Epoch 196-----
Batch 150/485, loss: 0.26589169750610986 (18.293s)
Batch 300/485, loss: 0.25959924250841143 (18.300s)
Batch 450/485, loss: 0.26938862452904383 (18.299s)
Batch 485/485, loss: 0.25964883310454234 (4.267s)

-----Epoch 197-----
Batch 150/485, loss: 0.32831097890933353 (18.294s)
Batch 300/485, loss: 0.26651681125164034 (18.296s)
Batch 450/485, loss: 0.2771077166001002 (18.292s)
Batch 485/485, loss: 0.2846465310880116 (4.266s)

-----Epoch 198-----
Batch 150/485, loss: 0.28664256463448207 (18.291s)
Batch 300/485, loss: 0.25806047081947325 (18.293s)
Batch 450/485, loss: 0.2633189023534457 (18.303s)
Batch 485/485, loss: 0.2430576775755201 (4.266s)

-----Epoch 199-----
Batch 150/485, loss: 0.2594788474837939 (18.288s)
Batch 300/485, loss: 0.24805617054303486 (18.290s)
Batch 450/485, loss: 0.2696166092157364 (18.287s)
Batch 485/485, loss: 0.2797343360526221 (4.267s)

-----Epoch 200-----
Batch 150/485, loss: 0.28006388743718463 (18.292s)
Batch 300/485, loss: 0.26349700445930163 (18.297s)
Batch 450/485, loss: 0.2488344606757164 (18.451s)
Batch 485/485, loss: 0.24698625419821058 (4.279s)
Saved to test_model_e200_f7.pth
