---------------------------------------
Begin Slurm Prolog: Nov-22-2024 14:04:54
Job ID:    965081
User ID:   khom9
Account:   cse
Job name:  Train_Abstract_LSTM_CNN
Partition: ice-gpu
---------------------------------------
Using device cuda:0
NVIDIA H100 80GB HBM3
/usr/local/lib/python3.10/dist-packages/torchtext/data/utils.py:105: UserWarning: Spacy model "en" could not be loaded, trying "en_core_web_sm" instead
  warnings.warn(
/home/hice1/khom9/ondemand/data/sys/myjobs/projects/default/27/dataset.py:37: UserWarning: Sparse CSR tensor support is in beta state. If you miss a functionality in the sparse tensor support, please submit a feature request to https://github.com/pytorch/pytorch/issues. (Triggered internally at /opt/pytorch/pytorch/aten/src/ATen/SparseCsrTensorImpl.cpp:53.)
  self.labels = torch.tensor(mlb.fit_transform(classes)).to_sparse_csr().type(torch.float)

-----Epoch 1/250-----
Batch 75/485, loss: 0.6567280371983846 (11.312s)
Batch 150/485, loss: 0.6605041396617889 (9.969s)
Batch 225/485, loss: 0.6291549026966095 (9.970s)
Batch 300/485, loss: 0.6416898588339488 (9.965s)
Batch 375/485, loss: 0.7114262950420379 (9.965s)
Batch 450/485, loss: 0.6834587295850117 (9.959s)
Batch 485/485, loss: 0.6878549524715969 (4.679s)
Saved to snn_model-1-cont2.pth

-----Epoch 2/250-----
Batch 75/485, loss: 0.6433635334173838 (9.991s)
Batch 150/485, loss: 0.6430652403831482 (9.985s)
Batch 225/485, loss: 0.6402722100416819 (9.986s)
Batch 300/485, loss: 0.6424178838729858 (9.990s)
Batch 375/485, loss: 0.7091926829020182 (9.992s)
Batch 450/485, loss: 0.7272362383206685 (9.988s)
Batch 485/485, loss: 0.6768739530018397 (4.659s)

-----Epoch 3/250-----
Batch 75/485, loss: 0.6388423192501068 (9.993s)
Batch 150/485, loss: 0.670970645348231 (9.980s)
Batch 225/485, loss: 0.6625628038247426 (9.989s)
Batch 300/485, loss: 0.6452272117137909 (9.969s)
Batch 375/485, loss: 0.6637227213382721 (9.980s)
Batch 450/485, loss: 0.6642710467179617 (9.974s)
Batch 485/485, loss: 0.7129898190498352 (4.657s)

-----Epoch 4/250-----
Batch 75/485, loss: 0.6499391782283783 (9.974s)
Batch 150/485, loss: 0.6309679023424785 (10.009s)
Batch 225/485, loss: 0.6790291734536489 (10.024s)
Batch 300/485, loss: 0.666279769341151 (10.020s)
Batch 375/485, loss: 0.6846254734198253 (10.003s)
Batch 450/485, loss: 0.6580594809850057 (10.001s)
Batch 485/485, loss: 0.6024998784065246 (4.651s)

-----Epoch 5/250-----
Batch 75/485, loss: 0.6491588385899861 (9.969s)
Batch 150/485, loss: 0.6580513866742452 (9.969s)
Batch 225/485, loss: 0.6435027770201365 (9.972s)
Batch 300/485, loss: 0.6599146874745687 (9.976s)
Batch 375/485, loss: 0.7088391776879629 (9.983s)
Batch 450/485, loss: 0.6332413943608602 (9.969s)
Batch 485/485, loss: 0.6220942965575627 (4.652s)

-----Epoch 6/250-----
Batch 75/485, loss: 0.6430189228057861 (9.972s)
Batch 150/485, loss: 0.6562653799851735 (9.968s)
Batch 225/485, loss: 0.7046239316463471 (9.973s)
Batch 300/485, loss: 0.655684855779012 (10.129s)
Batch 375/485, loss: 0.6796753295262654 (9.994s)
Batch 450/485, loss: 0.641606124639511 (9.988s)
Batch 485/485, loss: 0.6664304477827889 (4.661s)

-----Epoch 7/250-----
Batch 75/485, loss: 0.6409101140499115 (9.981s)
Batch 150/485, loss: 0.6511227373282115 (9.981s)
Batch 225/485, loss: 0.6656888119379679 (9.979s)
Batch 300/485, loss: 0.6749648837248484 (9.978s)
Batch 375/485, loss: 0.6332828370730083 (9.984s)
Batch 450/485, loss: 0.6731108844280242 (9.977s)
Batch 485/485, loss: 0.6707797731672015 (4.655s)

-----Epoch 8/250-----
Batch 75/485, loss: 0.6633499197165171 (9.985s)
Batch 150/485, loss: 0.6726729420820872 (9.988s)
Batch 225/485, loss: 0.6404498891035716 (9.986s)
Batch 300/485, loss: 0.6485720570882162 (9.988s)
Batch 375/485, loss: 0.6493867743015289 (10.008s)
Batch 450/485, loss: 0.6553091609477997 (10.005s)
Batch 485/485, loss: 0.7018232873507908 (4.666s)

-----Epoch 9/250-----
Batch 75/485, loss: 0.6408847471078237 (10.003s)
Batch 150/485, loss: 0.6337346410751343 (9.996s)
Batch 225/485, loss: 0.6643756818771362 (9.999s)
Batch 300/485, loss: 0.6581369348367055 (10.002s)
Batch 375/485, loss: 0.6616841844717661 (9.996s)
Batch 450/485, loss: 0.6431700050830841 (10.003s)
Batch 485/485, loss: 0.6493108545030867 (4.664s)

-----Epoch 10/250-----
Batch 75/485, loss: 0.6419769672552744 (9.992s)
Batch 150/485, loss: 0.6770063626766205 (10.005s)
Batch 225/485, loss: 0.6709442448616028 (9.985s)
Batch 300/485, loss: 0.6611939628918966 (9.983s)
Batch 375/485, loss: 0.6417968694368998 (9.980s)
Batch 450/485, loss: 0.6523880644639333 (10.014s)
Batch 485/485, loss: 0.622448947599956 (4.690s)

-----Epoch 11/250-----
Batch 75/485, loss: 0.6602182217439015 (9.995s)
Batch 150/485, loss: 0.6368624289830526 (10.116s)
Batch 225/485, loss: 0.6924028650919596 (10.141s)
Batch 300/485, loss: 0.6584730466206868 (10.053s)
Batch 375/485, loss: 0.662969632546107 (10.061s)
Batch 450/485, loss: 0.6633858903249105 (10.193s)
Batch 485/485, loss: 0.6170970550605229 (4.667s)

-----Epoch 12/250-----
Batch 75/485, loss: 0.6414069052537282 (10.028s)
Batch 150/485, loss: 0.6478043719132741 (10.055s)
Batch 225/485, loss: 0.7031845366954803 (10.224s)
Batch 300/485, loss: 0.6679123044013977 (10.073s)
Batch 375/485, loss: 0.6343961449464163 (10.055s)
Batch 450/485, loss: 0.6569423361619313 (10.084s)
Batch 485/485, loss: 0.6559029374803815 (4.767s)

-----Epoch 13/250-----
Batch 75/485, loss: 0.6108089991410574 (10.218s)
Batch 150/485, loss: 0.661547196706136 (10.201s)
Batch 225/485, loss: 0.6362090718746185 (10.117s)
Batch 300/485, loss: 0.6730847807725271 (10.181s)
Batch 375/485, loss: 0.7118540894985199 (10.077s)
Batch 450/485, loss: 0.7089822522799174 (9.978s)
Batch 485/485, loss: 0.669631108215877 (4.661s)

-----Epoch 14/250-----
Batch 75/485, loss: 0.6405372587839763 (9.981s)
Batch 150/485, loss: 0.6526479887962341 (9.975s)
Batch 225/485, loss: 0.660320264895757 (9.978s)
Batch 300/485, loss: 0.6555835187435151 (9.975s)
Batch 375/485, loss: 0.655740209420522 (9.976s)
Batch 450/485, loss: 0.6630108237266541 (9.977s)
Batch 485/485, loss: 0.70746471456119 (4.656s)

-----Epoch 15/250-----
Batch 75/485, loss: 0.6630267330010732 (9.981s)
Batch 150/485, loss: 0.6470714024702708 (9.978s)
Batch 225/485, loss: 0.6482984312375386 (9.981s)
Batch 300/485, loss: 0.6656397847334544 (9.975s)
Batch 375/485, loss: 0.642497010231018 (9.978s)
Batch 450/485, loss: 0.7008979419867197 (9.983s)
Batch 485/485, loss: 0.6502481145518166 (4.670s)

-----Epoch 16/250-----
Batch 75/485, loss: 0.6601416850090027 (10.006s)
Batch 150/485, loss: 0.6567464335759481 (10.005s)
Batch 225/485, loss: 0.6376544904708862 (10.005s)
Batch 300/485, loss: 0.6892902346452078 (10.007s)
Batch 375/485, loss: 0.6366836404800416 (10.012s)
Batch 450/485, loss: 0.6926804951826732 (10.011s)
Batch 485/485, loss: 0.6713509261608124 (4.668s)

-----Epoch 17/250-----
Batch 75/485, loss: 0.6493285242716471 (10.005s)
Batch 150/485, loss: 0.6340025162696838 (10.003s)
Batch 225/485, loss: 0.6964025501410166 (10.003s)
Batch 300/485, loss: 0.647786998351415 (10.009s)
Batch 375/485, loss: 0.6808838566144307 (10.016s)
Batch 450/485, loss: 0.663206506172816 (10.002s)
Batch 485/485, loss: 0.66169678909438 (4.664s)

-----Epoch 18/250-----
Batch 75/485, loss: 0.6322551282246908 (9.996s)
Batch 150/485, loss: 0.6464301911989848 (10.142s)
Batch 225/485, loss: 0.670464255809784 (10.002s)
Batch 300/485, loss: 0.695195613304774 (10.018s)
Batch 375/485, loss: 0.6336862977345784 (10.008s)
Batch 450/485, loss: 0.6492776918411255 (10.005s)
Batch 485/485, loss: 0.664201067175184 (4.666s)

-----Epoch 19/250-----
Batch 75/485, loss: 0.683688243230184 (10.292s)
Batch 150/485, loss: 0.6445729315280915 (10.013s)
Batch 225/485, loss: 0.6538933249314626 (10.019s)
Batch 300/485, loss: 0.6539945312341054 (10.015s)
Batch 375/485, loss: 1.2078712594509124 (10.015s)
Batch 450/485, loss: 1.025413718620936 (10.016s)
Batch 485/485, loss: 1.129397818871907 (4.683s)

-----Epoch 20/250-----
Batch 75/485, loss: 0.9210114971796671 (10.023s)
Batch 150/485, loss: 1.0352960562705993 (10.023s)
Batch 225/485, loss: 0.754098699092865 (10.025s)
Batch 300/485, loss: 0.7095197705427806 (10.013s)
Batch 375/485, loss: 0.7070343275864919 (10.006s)
Batch 450/485, loss: 0.7185520621140798 (10.012s)
Batch 485/485, loss: 0.6720602827412742 (4.668s)

-----Epoch 21/250-----
Batch 75/485, loss: 0.6664123257001241 (10.007s)
Batch 150/485, loss: 0.6868729666868846 (10.012s)
Batch 225/485, loss: 0.6741671844323476 (10.017s)
Batch 300/485, loss: 0.6827662845452627 (10.004s)
Batch 375/485, loss: 0.6554756112893423 (10.006s)
Batch 450/485, loss: 0.7034372226397196 (10.009s)
Batch 485/485, loss: 0.6827994448798044 (4.667s)

-----Epoch 22/250-----
Batch 75/485, loss: 0.6661887741088868 (9.996s)
Batch 150/485, loss: 0.6347888537247975 (9.997s)
Batch 225/485, loss: 0.6675436246395111 (9.994s)
Batch 300/485, loss: 0.6541656891504923 (9.986s)
Batch 375/485, loss: 0.654538225332896 (9.976s)
Batch 450/485, loss: 0.7166096901893616 (9.963s)
Batch 485/485, loss: 0.6798116896833692 (4.647s)

-----Epoch 23/250-----
Batch 75/485, loss: 0.6342501143614451 (9.967s)
Batch 150/485, loss: 0.6346001064777375 (9.990s)
Batch 225/485, loss: 0.6686966395378113 (10.007s)
Batch 300/485, loss: 0.6613178483645121 (9.986s)
Batch 375/485, loss: 0.6576845661799113 (9.992s)
Batch 450/485, loss: 0.6521431597073873 (9.993s)
Batch 485/485, loss: 0.6248997867107391 (4.660s)

-----Epoch 24/250-----
Batch 75/485, loss: 0.6779804698626201 (10.132s)
Batch 150/485, loss: 0.7780430674552917 (9.982s)
Batch 225/485, loss: 0.7508020202318827 (9.986s)
Batch 300/485, loss: 0.7568518483638763 (9.983s)
Batch 375/485, loss: 0.783543963432312 (9.973s)
Batch 450/485, loss: 0.7649717422326406 (9.972s)
Batch 485/485, loss: 0.6629618840558188 (4.653s)

-----Epoch 25/250-----
Batch 75/485, loss: 0.6870777702331543 (9.990s)
Batch 150/485, loss: 0.6946514328320821 (9.982s)
Batch 225/485, loss: 0.6978947309652964 (9.977s)
Batch 300/485, loss: 0.7310570601622264 (9.975s)
Batch 375/485, loss: 0.6784364056587219 (9.962s)
Batch 450/485, loss: 0.6992308441797892 (10.028s)
Batch 485/485, loss: 0.687610970224653 (4.645s)

-----Epoch 26/250-----
Batch 75/485, loss: 0.6828999634583791 (9.949s)
Batch 150/485, loss: 0.6622499390443166 (9.933s)
Batch 225/485, loss: 0.6975138938426971 (9.934s)
Batch 300/485, loss: 0.6979388093948364 (9.920s)
Batch 375/485, loss: 0.639434874455134 (9.911s)
Batch 450/485, loss: 0.6658201464017233 (9.891s)
Batch 485/485, loss: 0.6634077336106982 (4.620s)

-----Epoch 27/250-----
Batch 75/485, loss: 0.6686037313938141 (9.887s)
Batch 150/485, loss: 0.6699295961856842 (9.905s)
Batch 225/485, loss: 0.6942442051569621 (9.893s)
Batch 300/485, loss: 0.653208475112915 (9.887s)
Batch 375/485, loss: 0.6736370722452799 (9.876s)
Batch 450/485, loss: 0.689748641649882 (9.875s)
Batch 485/485, loss: 0.6348756807191032 (4.609s)

-----Epoch 28/250-----
Batch 75/485, loss: 0.6318245764573415 (9.880s)
Batch 150/485, loss: 0.6555456562836965 (9.870s)
Batch 225/485, loss: 0.7098580106099447 (9.875s)
Batch 300/485, loss: 0.6607860887050628 (9.869s)
Batch 375/485, loss: 0.6752309211095174 (9.861s)
Batch 450/485, loss: 0.7036627701918284 (9.866s)
Batch 485/485, loss: 0.6940696963242122 (4.597s)

-----Epoch 29/250-----
Batch 75/485, loss: 0.6694359950224559 (9.856s)
Batch 150/485, loss: 0.6539114272594452 (9.850s)
Batch 225/485, loss: 0.6686357573668162 (9.861s)
Batch 300/485, loss: 0.6561144912242889 (9.858s)
Batch 375/485, loss: 0.6530611558755239 (9.851s)
Batch 450/485, loss: 0.6778125520547231 (10.004s)
Batch 485/485, loss: 0.763458274943488 (4.596s)

-----Epoch 30/250-----
Batch 75/485, loss: 0.6447890357176462 (9.859s)
Batch 150/485, loss: 0.668661562204361 (9.849s)
Batch 225/485, loss: 0.6536384610335032 (9.870s)
Batch 300/485, loss: 0.6898509609699249 (9.853s)
Batch 375/485, loss: 0.6827893181641896 (9.873s)
Batch 450/485, loss: 0.671250567038854 (9.890s)
Batch 485/485, loss: 0.6829448980944497 (4.617s)

-----Epoch 31/250-----
Batch 75/485, loss: 0.651105318069458 (9.922s)
Batch 150/485, loss: 0.6604352513949077 (9.941s)
Batch 225/485, loss: 0.6901904221375783 (9.993s)
Batch 300/485, loss: 0.6405919933319092 (10.052s)
Batch 375/485, loss: 0.6660214300950368 (9.920s)
Batch 450/485, loss: 0.7071950602531433 (9.905s)
Batch 485/485, loss: 0.6838525261197771 (4.618s)

-----Epoch 32/250-----
Batch 75/485, loss: 0.6594247055053711 (9.929s)
Batch 150/485, loss: 0.6278673430283864 (9.919s)
Batch 225/485, loss: 0.7414485136667888 (9.904s)
Batch 300/485, loss: 0.7241654801368713 (9.907s)
Batch 375/485, loss: 0.6494202840328217 (9.887s)
Batch 450/485, loss: 0.6578213139375051 (9.971s)
Batch 485/485, loss: 0.6508089874471937 (4.739s)

-----Epoch 33/250-----
Batch 75/485, loss: 0.6609090809027354 (9.912s)
Batch 150/485, loss: 0.6865286350250244 (9.863s)
Batch 225/485, loss: 0.6921771391232808 (9.867s)
Batch 300/485, loss: 0.6620107738176981 (9.864s)
Batch 375/485, loss: 0.6943016938368479 (9.839s)
Batch 450/485, loss: 0.7503675182660421 (9.839s)
Batch 485/485, loss: 0.6670138112136296 (4.580s)

-----Epoch 34/250-----
Batch 75/485, loss: 0.7170826717217763 (9.781s)
Batch 150/485, loss: 0.6806762226422628 (9.781s)
Batch 225/485, loss: 1.4011640175183615 (9.785s)
Batch 300/485, loss: 3.0140792914231618 (9.787s)
Batch 375/485, loss: 0.6976191377639771 (9.781s)
Batch 450/485, loss: 0.7531875530878703 (9.780s)
Batch 485/485, loss: 0.9375828334263393 (4.570s)

-----Epoch 35/250-----
Batch 75/485, loss: 0.6996035758654277 (9.787s)
Batch 150/485, loss: 0.6510695024331411 (9.784s)
Batch 225/485, loss: 0.7611493102709452 (9.784s)
Batch 300/485, loss: 0.7115397127469381 (9.782s)
Batch 375/485, loss: 0.7084124338626862 (9.917s)
Batch 450/485, loss: 0.7166495875517527 (9.759s)
Batch 485/485, loss: 0.7225464616503035 (4.533s)

-----Epoch 36/250-----
Batch 75/485, loss: 0.6758021819591522 (9.715s)
Batch 150/485, loss: 0.6973895684878031 (9.715s)
Batch 225/485, loss: 0.6971641441186269 (9.716s)
Batch 300/485, loss: 0.692134336233139 (9.718s)
Batch 375/485, loss: 0.7024051757653554 (9.715s)
Batch 450/485, loss: 0.7018159953753154 (9.740s)
Batch 485/485, loss: 0.6999970282827105 (4.542s)

-----Epoch 37/250-----
Batch 75/485, loss: 0.6890223280588785 (9.734s)
Batch 150/485, loss: 0.6641178246339162 (9.728s)
Batch 225/485, loss: 0.702678386370341 (9.730s)
Batch 300/485, loss: 0.6638611384232839 (9.742s)
Batch 375/485, loss: 0.7473500645160676 (9.739s)
Batch 450/485, loss: 0.6880341962973276 (9.738s)
Batch 485/485, loss: 0.735405946629388 (4.541s)

-----Epoch 38/250-----
Batch 75/485, loss: 0.7134175515174865 (9.739s)
Batch 150/485, loss: 0.7057259484132131 (9.741s)
Batch 225/485, loss: 0.7402557269732157 (9.745s)
Batch 300/485, loss: 0.7205224438508352 (9.743s)
Batch 375/485, loss: 0.7862328298886617 (9.747s)
Batch 450/485, loss: 0.7079234699408213 (9.740s)
Batch 485/485, loss: 0.728782891375678 (4.550s)

-----Epoch 39/250-----
Batch 75/485, loss: 0.7137354286511739 (9.757s)
Batch 150/485, loss: 0.6898035442829132 (9.747s)
Batch 225/485, loss: 0.6920611437161763 (9.740s)
Batch 300/485, loss: 0.7406003506978353 (9.739s)
Batch 375/485, loss: 0.6799972303708395 (9.726s)
Batch 450/485, loss: 0.6635281864802043 (9.719s)
Batch 485/485, loss: 0.7770311236381531 (4.535s)

-----Epoch 40/250-----
Batch 75/485, loss: 0.6544576255480449 (9.718s)
Batch 150/485, loss: 0.7143725105126699 (9.732s)
Batch 225/485, loss: 0.6968887666861217 (9.752s)
Batch 300/485, loss: 0.666330053806305 (9.759s)
Batch 375/485, loss: 0.6576491324106852 (9.764s)
Batch 450/485, loss: 0.7098539145787557 (9.763s)
Batch 485/485, loss: 0.7782017060688564 (4.552s)

-----Epoch 41/250-----
Batch 75/485, loss: 0.6700926077365875 (9.761s)
Batch 150/485, loss: 0.6908322362105052 (9.758s)
Batch 225/485, loss: 0.7265858840942383 (9.751s)
Batch 300/485, loss: 0.6840015776952107 (9.898s)
Batch 375/485, loss: 0.6488812855879466 (9.758s)
Batch 450/485, loss: 0.6909265557924906 (9.757s)
Batch 485/485, loss: 0.701654269865581 (4.553s)

-----Epoch 42/250-----
Batch 75/485, loss: 0.6633839591344197 (9.761s)
Batch 150/485, loss: 0.6815276594956716 (9.760s)
Batch 225/485, loss: 0.6795819715658824 (9.758s)
Batch 300/485, loss: 0.7023234164714813 (9.763s)
Batch 375/485, loss: 0.6472464839617411 (9.760s)
Batch 450/485, loss: 0.7210630190372467 (9.752s)
Batch 485/485, loss: 0.69493225642613 (4.553s)

-----Epoch 43/250-----
Batch 75/485, loss: 0.6752480737368266 (9.785s)
Batch 150/485, loss: 0.684483327070872 (9.772s)
Batch 225/485, loss: 0.65802281498909 (9.771s)
Batch 300/485, loss: 0.6878259420394898 (9.773s)
Batch 375/485, loss: 0.7403676728407542 (9.769s)
Batch 450/485, loss: 0.7745850396156311 (9.767s)
Batch 485/485, loss: 0.8045742469174522 (4.570s)

-----Epoch 44/250-----
Batch 75/485, loss: 0.7388212132453919 (9.779s)
Batch 150/485, loss: 0.6496837214628856 (9.783s)
Batch 225/485, loss: 0.6725276692708333 (9.762s)
Batch 300/485, loss: 0.8102618579069774 (9.722s)
Batch 375/485, loss: 0.775768769979477 (9.718s)
Batch 450/485, loss: 0.730245513121287 (9.722s)
Batch 485/485, loss: 0.8931981836046491 (4.533s)

-----Epoch 45/250-----
Batch 75/485, loss: 0.6918086886405945 (9.723s)
Batch 150/485, loss: 0.6836512056986491 (9.716s)
Batch 225/485, loss: 0.7582019662857056 (9.716s)
Batch 300/485, loss: 0.6729927321275075 (9.715s)
Batch 375/485, loss: 0.7307803010940552 (9.713s)
Batch 450/485, loss: 0.6917621477444966 (9.712s)
Batch 485/485, loss: 0.6679368819509234 (4.536s)

-----Epoch 46/250-----
Batch 75/485, loss: 0.7016622058550517 (9.736s)
Batch 150/485, loss: 0.7027359934647878 (9.732s)
Batch 225/485, loss: 0.7126304113864899 (9.737s)
Batch 300/485, loss: 0.669094215631485 (9.730s)
Batch 375/485, loss: 0.6979733228683471 (9.726s)
Batch 450/485, loss: 0.6952114232381185 (9.727s)
Batch 485/485, loss: 0.7089501525674547 (4.538s)

-----Epoch 47/250-----
Batch 75/485, loss: 0.7152031962076822 (9.728s)
Batch 150/485, loss: 0.6801819121837616 (9.730s)
Batch 225/485, loss: 0.6758677184581756 (9.877s)
Batch 300/485, loss: 0.717870409488678 (9.725s)
Batch 375/485, loss: 0.7029724335670471 (9.724s)
Batch 450/485, loss: 0.672107036113739 (9.726s)
Batch 485/485, loss: 0.7048394237245832 (4.536s)

-----Epoch 48/250-----
Batch 75/485, loss: 0.6997108062108358 (9.725s)
Batch 150/485, loss: 0.7064513858159384 (9.742s)
Batch 225/485, loss: 0.6829513156414032 (9.758s)
Batch 300/485, loss: 0.6848272279898325 (9.758s)
Batch 375/485, loss: 0.6852412537733714 (9.871s)
Batch 450/485, loss: 0.7219161033630371 (10.042s)
Batch 485/485, loss: 0.7305149367877415 (4.752s)

-----Epoch 49/250-----
Batch 75/485, loss: 0.6682282737890879 (10.133s)
Batch 150/485, loss: 0.6741042971611023 (10.125s)
Batch 225/485, loss: 0.6907479059696198 (10.126s)
Batch 300/485, loss: 0.7084235922495524 (10.129s)
Batch 375/485, loss: 0.7205610140164693 (10.117s)
Batch 450/485, loss: 0.6860318009058635 (10.109s)
Batch 485/485, loss: 0.7182254339967455 (4.727s)

-----Epoch 50/250-----
Batch 75/485, loss: 0.7083178917566936 (10.150s)
Batch 150/485, loss: 0.6713411887486775 (10.256s)
Batch 225/485, loss: 0.6635091944535574 (10.283s)
Batch 300/485, loss: 0.6886907843748729 (10.097s)
Batch 375/485, loss: 0.7509000567595164 (10.108s)
Batch 450/485, loss: 0.6743592520554861 (10.102s)
Batch 485/485, loss: 0.7079962202480861 (4.711s)

-----Epoch 51/250-----
Batch 75/485, loss: 0.6660145656267802 (10.145s)
Batch 150/485, loss: 0.6269925717512767 (10.126s)
Batch 225/485, loss: 0.7214083683490753 (10.126s)
Batch 300/485, loss: 0.6799167207876842 (10.132s)
Batch 375/485, loss: 0.7055132063229879 (10.154s)
Batch 450/485, loss: 0.7126079726219178 (10.172s)
Batch 485/485, loss: 0.7019775041512081 (4.821s)
Saved to snn_model-1-cont2.pth

-----Epoch 52/250-----
Batch 75/485, loss: 0.6640082637468974 (10.258s)
Batch 150/485, loss: 0.73159423828125 (10.132s)
Batch 225/485, loss: 0.7025025649865468 (10.122s)
Batch 300/485, loss: 0.6838035217920939 (10.138s)
Batch 375/485, loss: 0.7113586624463399 (10.209s)
Batch 450/485, loss: 0.6884081796805064 (10.139s)
Batch 485/485, loss: 0.613467743567058 (4.728s)

-----Epoch 53/250-----
Batch 75/485, loss: 0.6839248367150624 (10.159s)
Batch 150/485, loss: 0.7112908033529918 (10.306s)
Batch 225/485, loss: 0.7025365940729777 (10.327s)
Batch 300/485, loss: 0.651867378950119 (10.098s)
Batch 375/485, loss: 0.7353722476959228 (10.094s)
Batch 450/485, loss: 0.7018866419792176 (10.112s)
Batch 485/485, loss: 0.6466540668691908 (4.708s)

-----Epoch 54/250-----
Batch 75/485, loss: 0.6621775535742441 (10.103s)
Batch 150/485, loss: 0.6665279161930084 (10.117s)
Batch 225/485, loss: 0.6832162082195282 (10.091s)
Batch 300/485, loss: 0.6800836686293285 (10.090s)
Batch 375/485, loss: 0.7206411655743917 (10.183s)
Batch 450/485, loss: 0.7532156236966451 (10.125s)
Batch 485/485, loss: 0.6641391549791609 (4.713s)

-----Epoch 55/250-----
Batch 75/485, loss: 0.6398121213912964 (10.109s)
Batch 150/485, loss: 0.6854803089300792 (10.090s)
Batch 225/485, loss: 0.6950918726126353 (10.088s)
Batch 300/485, loss: 0.69506330092748 (10.092s)
Batch 375/485, loss: 0.6914186330636343 (10.086s)
Batch 450/485, loss: 0.7162346875667572 (10.096s)
Batch 485/485, loss: 0.6495067656040192 (4.708s)

-----Epoch 56/250-----
Batch 75/485, loss: 0.6586392223834991 (10.085s)
Batch 150/485, loss: 0.7055965006351471 (10.103s)
Batch 225/485, loss: 0.7169760962327322 (10.091s)
Batch 300/485, loss: 0.6805180696646372 (10.097s)
Batch 375/485, loss: 0.700939306418101 (10.086s)
Batch 450/485, loss: 0.6716433080037435 (10.083s)
Batch 485/485, loss: 0.6766091781003135 (4.715s)

-----Epoch 57/250-----
Batch 75/485, loss: 0.6561989672978719 (10.088s)
Batch 150/485, loss: 0.6788250935077668 (10.100s)
Batch 225/485, loss: 0.6595591616630554 (10.099s)
Batch 300/485, loss: 0.7330466294288636 (10.107s)
Batch 375/485, loss: 0.724105506738027 (10.097s)
Batch 450/485, loss: 0.6871202011903127 (10.100s)
Batch 485/485, loss: 0.6547621428966522 (4.704s)

-----Epoch 58/250-----
Batch 75/485, loss: 0.7232919192314148 (10.087s)
Batch 150/485, loss: 0.688313866853714 (10.091s)
Batch 225/485, loss: 0.6711772763729096 (10.113s)
Batch 300/485, loss: 0.6848583130041758 (10.094s)
Batch 375/485, loss: 0.6824316863218943 (10.091s)
Batch 450/485, loss: 0.7053637552261353 (10.105s)
Batch 485/485, loss: 0.6644446109022413 (4.715s)

-----Epoch 59/250-----
Batch 75/485, loss: 0.6619806905587514 (10.256s)
Batch 150/485, loss: 0.6461442438761393 (10.122s)
Batch 225/485, loss: 0.6522367405891418 (10.104s)
Batch 300/485, loss: 0.7053889691829681 (10.094s)
Batch 375/485, loss: 0.7009056961536407 (10.102s)
Batch 450/485, loss: 0.670558803876241 (10.105s)
Batch 485/485, loss: 0.7558008866650717 (4.709s)

-----Epoch 60/250-----
Batch 75/485, loss: 0.6620321305592854 (10.098s)
Batch 150/485, loss: 0.6617051168282827 (10.108s)
Batch 225/485, loss: 0.7067936309178671 (10.098s)
Batch 300/485, loss: 0.6970418310165405 (10.104s)
Batch 375/485, loss: 0.6902861742178599 (10.111s)
Batch 450/485, loss: 0.6447308643658956 (10.100s)
Batch 485/485, loss: 0.6782814681529998 (4.717s)

-----Epoch 61/250-----
Batch 75/485, loss: 0.5984153381983439 (10.108s)
Batch 150/485, loss: 0.6442249532540639 (10.090s)
Batch 225/485, loss: 0.712448982000351 (10.098s)
Batch 300/485, loss: 0.7240665153662363 (10.090s)
Batch 375/485, loss: 0.7062465429306031 (10.093s)
Batch 450/485, loss: 0.6713006540139517 (10.104s)
Batch 485/485, loss: 0.6937266954353878 (4.713s)

-----Epoch 62/250-----
Batch 75/485, loss: 0.6358027656873068 (10.109s)
Batch 150/485, loss: 0.710689697265625 (10.098s)
Batch 225/485, loss: 0.6789947231610616 (10.094s)
Batch 300/485, loss: 0.6574735152721405 (10.104s)
Batch 375/485, loss: 0.6759072804450988 (10.117s)
Batch 450/485, loss: 0.6820659184455872 (10.119s)
Batch 485/485, loss: 0.6913648307323456 (4.707s)

-----Epoch 63/250-----
Batch 75/485, loss: 0.6446851766109467 (10.101s)
Batch 150/485, loss: 0.6551800946394603 (10.107s)
Batch 225/485, loss: 0.6643496735890706 (10.129s)
Batch 300/485, loss: 0.6548057667414348 (10.095s)
Batch 375/485, loss: 0.649905671676 (10.102s)
Batch 450/485, loss: 0.7106351606051127 (10.098s)
Batch 485/485, loss: 0.7905653519289834 (4.708s)

-----Epoch 64/250-----
Batch 75/485, loss: 0.6710659146308899 (10.094s)
Batch 150/485, loss: 0.6406565495332082 (10.095s)
Batch 225/485, loss: 0.6835716970761617 (10.112s)
Batch 300/485, loss: 0.6812053422133127 (10.092s)
Batch 375/485, loss: 0.6882657182216644 (10.131s)
Batch 450/485, loss: 0.6732241710027059 (10.149s)
Batch 485/485, loss: 0.6530055948666164 (4.895s)

-----Epoch 65/250-----
Batch 75/485, loss: 0.6724413923422495 (10.126s)
Batch 150/485, loss: 0.6815682748953501 (10.133s)
Batch 225/485, loss: 0.6792069339752197 (10.326s)
Batch 300/485, loss: 0.679362150033315 (10.319s)
Batch 375/485, loss: 0.6571890767415365 (10.201s)
Batch 450/485, loss: 0.6830992388725281 (10.176s)
Batch 485/485, loss: 0.6590919324329921 (4.737s)

-----Epoch 66/250-----
Batch 75/485, loss: 0.661106112798055 (10.138s)
Batch 150/485, loss: 0.6776513071854909 (10.126s)
Batch 225/485, loss: 0.6814920822779338 (10.140s)
Batch 300/485, loss: 0.6844688789049784 (10.228s)
Batch 375/485, loss: 0.7087155564626058 (10.259s)
Batch 450/485, loss: 0.6440267968177795 (10.094s)
Batch 485/485, loss: 0.590038378749575 (4.703s)

-----Epoch 67/250-----
Batch 75/485, loss: 0.6253219882647196 (10.091s)
Batch 150/485, loss: 0.7053772974014282 (10.101s)
Batch 225/485, loss: 0.6640505146980286 (10.089s)
Batch 300/485, loss: 0.6606624229749044 (10.097s)
Batch 375/485, loss: 0.6641637233893076 (10.091s)
Batch 450/485, loss: 0.6861888349056244 (10.089s)
Batch 485/485, loss: 0.6676322485719408 (4.705s)

-----Epoch 68/250-----
Batch 75/485, loss: 0.646233412027359 (10.109s)
Batch 150/485, loss: 0.6400963509082794 (10.112s)
Batch 225/485, loss: 0.691845932006836 (10.098s)
Batch 300/485, loss: 0.6596532118320465 (10.104s)
Batch 375/485, loss: 0.6484201816717784 (10.104s)
Batch 450/485, loss: 0.6779067361354828 (10.093s)
Batch 485/485, loss: 0.6834554076194763 (4.712s)

-----Epoch 69/250-----
Batch 75/485, loss: 0.6528212066491444 (10.102s)
Batch 150/485, loss: 0.6499582219123841 (10.098s)
Batch 225/485, loss: 0.6376543728510539 (10.093s)
Batch 300/485, loss: 0.6785406680901845 (10.096s)
Batch 375/485, loss: 0.6374745746453603 (10.093s)
Batch 450/485, loss: 0.6540674654642741 (10.099s)
Batch 485/485, loss: 0.6836761772632599 (4.703s)

-----Epoch 70/250-----
Batch 75/485, loss: 0.6289280049006144 (10.099s)
Batch 150/485, loss: 0.7044727333386739 (10.112s)
Batch 225/485, loss: 0.7504785041014354 (10.113s)
Batch 300/485, loss: 2.8753623191515603 (10.088s)
Batch 375/485, loss: 0.9342838859558106 (10.259s)
Batch 450/485, loss: 0.8951692883173624 (10.090s)
Batch 485/485, loss: 0.9797108777931758 (4.721s)

-----Epoch 71/250-----
Batch 75/485, loss: 1.2804308915138245 (10.102s)
Batch 150/485, loss: 0.9014978543917338 (10.105s)
Batch 225/485, loss: 1.0118392912546794 (10.107s)
Batch 300/485, loss: 0.9729227352142334 (10.106s)
Batch 375/485, loss: 1.0355964322884879 (10.118s)
Batch 450/485, loss: 0.9842108802000682 (10.139s)
Batch 485/485, loss: 0.931960026706968 (4.718s)

-----Epoch 72/250-----
Batch 75/485, loss: 0.9354859209060669 (10.121s)
Batch 150/485, loss: 0.9635026800632477 (10.104s)
Batch 225/485, loss: 0.8666530176003774 (10.109s)
Batch 300/485, loss: 1.005995276371638 (10.110s)
Batch 375/485, loss: 0.8640311674276988 (10.117s)
Batch 450/485, loss: 1.0572884142398835 (10.096s)
Batch 485/485, loss: 0.9661630255835397 (4.710s)

-----Epoch 73/250-----
Batch 75/485, loss: 0.8886245206991832 (10.109s)
Batch 150/485, loss: 0.8818507067362468 (10.105s)
Batch 225/485, loss: 0.9768650734424591 (10.109s)
Batch 300/485, loss: 0.8566896673043569 (10.131s)
Batch 375/485, loss: 0.8593098604679108 (10.109s)
Batch 450/485, loss: 1.1240486554304758 (10.117s)
Batch 485/485, loss: 0.7241693871361868 (4.725s)

-----Epoch 74/250-----
Batch 75/485, loss: 0.8647090148925781 (10.101s)
Batch 150/485, loss: 0.8341555440425873 (10.121s)
Batch 225/485, loss: 0.91750120083491 (10.117s)
Batch 300/485, loss: 0.7990355972448985 (10.104s)
Batch 375/485, loss: 0.878043155670166 (10.115s)
Batch 450/485, loss: 0.9771478525797526 (10.112s)
Batch 485/485, loss: 0.8861874393054417 (4.715s)

-----Epoch 75/250-----
Batch 75/485, loss: 0.908758799235026 (10.111s)
Batch 150/485, loss: 0.8466115152835846 (10.107s)
Batch 225/485, loss: 0.7973790995279948 (10.111s)
Batch 300/485, loss: 0.7899396963914236 (10.112s)
Batch 375/485, loss: 0.8770055985450744 (10.124s)
Batch 450/485, loss: 0.8511562923590342 (10.106s)
Batch 485/485, loss: 0.8978486563478197 (4.713s)

-----Epoch 76/250-----
Batch 75/485, loss: 0.7735113990306854 (10.106s)
Batch 150/485, loss: 0.7859387123584747 (10.120s)
Batch 225/485, loss: 0.7795261577765147 (10.128s)
Batch 300/485, loss: 0.8630269296964009 (10.252s)
Batch 375/485, loss: 0.8476677322387696 (10.110s)
Batch 450/485, loss: 0.9168526911735535 (10.113s)
Batch 485/485, loss: 0.801802065542766 (4.719s)

-----Epoch 77/250-----
Batch 75/485, loss: 0.8337651522954305 (10.093s)
Batch 150/485, loss: 0.8029831238587697 (10.116s)
Batch 225/485, loss: 0.7587801019350687 (10.098s)
Batch 300/485, loss: 0.7199308160940806 (10.097s)
Batch 375/485, loss: 0.7040369749069214 (10.100s)
Batch 450/485, loss: 0.7194310549894969 (10.104s)
Batch 485/485, loss: 0.7052293496472495 (4.730s)

-----Epoch 78/250-----
Batch 75/485, loss: 0.7022421991825104 (10.099s)
Batch 150/485, loss: 0.742704693476359 (10.120s)
Batch 225/485, loss: 0.6989998749891917 (10.132s)
Batch 300/485, loss: 0.7350308803717295 (10.155s)
Batch 375/485, loss: 0.67735369126002 (10.306s)
Batch 450/485, loss: 0.6741897495587666 (10.192s)
Batch 485/485, loss: 0.6644874649388449 (4.717s)

-----Epoch 79/250-----
Batch 75/485, loss: 0.6920689602692922 (10.116s)
Batch 150/485, loss: 0.7172076948483785 (10.119s)
Batch 225/485, loss: 0.7185680147012075 (10.114s)
Batch 300/485, loss: 0.6877304402987162 (10.138s)
Batch 375/485, loss: 0.6936073136329651 (10.138s)
Batch 450/485, loss: 0.7032517623901368 (10.138s)
Batch 485/485, loss: 0.6838432788848877 (4.726s)

-----Epoch 80/250-----
Batch 75/485, loss: 0.6436521248022715 (10.133s)
Batch 150/485, loss: 0.7415509525934855 (10.129s)
Batch 225/485, loss: 0.6732442847887675 (10.133s)
Batch 300/485, loss: 0.7013392424583436 (10.132s)
Batch 375/485, loss: 0.7140069111188253 (10.145s)
Batch 450/485, loss: 0.6978654201825459 (10.141s)
Batch 485/485, loss: 0.6940686455794743 (4.745s)

-----Epoch 81/250-----
Batch 75/485, loss: 0.6631469964981079 (10.363s)
Batch 150/485, loss: 0.7060797723134359 (10.130s)
Batch 225/485, loss: 0.6917575740814209 (10.107s)
Batch 300/485, loss: 0.6886850531895955 (10.102s)
Batch 375/485, loss: 0.6986535807450612 (10.116s)
Batch 450/485, loss: 0.6917880853017171 (10.099s)
Batch 485/485, loss: 0.7543960460594722 (4.709s)

-----Epoch 82/250-----
Batch 75/485, loss: 0.675389659802119 (10.101s)
Batch 150/485, loss: 0.7026837599277497 (10.114s)
Batch 225/485, loss: 0.7263422290484111 (10.265s)
Batch 300/485, loss: 0.6583585468928019 (10.117s)
Batch 375/485, loss: 0.6857158521811167 (10.123s)
Batch 450/485, loss: 0.6905957325299581 (10.109s)
Batch 485/485, loss: 0.6816402273518699 (4.714s)

-----Epoch 83/250-----
Batch 75/485, loss: 0.6825256641705831 (10.102s)
Batch 150/485, loss: 0.6539031950632731 (10.115s)
Batch 225/485, loss: 0.6663842328389485 (10.120s)
Batch 300/485, loss: 0.6845773855845133 (10.119s)
Batch 375/485, loss: 0.6935854554176331 (10.123s)
Batch 450/485, loss: 0.752733682791392 (10.101s)
Batch 485/485, loss: 0.6613880932331085 (4.723s)

-----Epoch 84/250-----
Batch 75/485, loss: 0.7045477362473805 (10.117s)
Batch 150/485, loss: 0.6567324229081472 (10.111s)
Batch 225/485, loss: 0.6412058993180593 (10.115s)
Batch 300/485, loss: 0.6962357250849406 (10.093s)
Batch 375/485, loss: 0.6856052649021148 (10.122s)
Batch 450/485, loss: 0.689299408197403 (10.117s)
Batch 485/485, loss: 0.6515820017882756 (4.723s)

-----Epoch 85/250-----
Batch 75/485, loss: 0.6819371795654297 (10.100s)
Batch 150/485, loss: 0.6985323655605317 (10.116s)
Batch 225/485, loss: 0.6650090658664704 (10.124s)
Batch 300/485, loss: 0.6891504617532095 (10.109s)
Batch 375/485, loss: 0.6410391279061636 (10.103s)
Batch 450/485, loss: 0.6943793821334839 (10.111s)
Batch 485/485, loss: 0.708603333575385 (4.722s)

-----Epoch 86/250-----
Batch 75/485, loss: 0.6445811533927918 (10.119s)
Batch 150/485, loss: 0.7018468523025513 (10.131s)
Batch 225/485, loss: 0.712104408343633 (10.131s)
Batch 300/485, loss: 0.6724599293867747 (10.121s)
Batch 375/485, loss: 0.6603888070583344 (10.140s)
Batch 450/485, loss: 0.6674563598632812 (10.114s)
Batch 485/485, loss: 0.6839156099728175 (4.714s)

-----Epoch 87/250-----
Batch 75/485, loss: 0.647960299650828 (10.116s)
Batch 150/485, loss: 0.6757702088356018 (10.104s)
Batch 225/485, loss: 0.6563271470864613 (10.120s)
Batch 300/485, loss: 0.6673674694697063 (10.102s)
Batch 375/485, loss: 0.6658511996269226 (10.124s)
Batch 450/485, loss: 0.7305564117431641 (10.115s)
Batch 485/485, loss: 0.6238351455756597 (4.722s)

-----Epoch 88/250-----
Batch 75/485, loss: 0.6686586113770803 (10.104s)
Batch 150/485, loss: 0.670018402338028 (10.268s)
Batch 225/485, loss: 0.6187259797255198 (10.099s)
Batch 300/485, loss: 0.6496181909243266 (10.106s)
Batch 375/485, loss: 0.6911598900953929 (10.100s)
Batch 450/485, loss: 0.7253828569253286 (10.109s)
Batch 485/485, loss: 0.6982459562165396 (4.713s)

-----Epoch 89/250-----
Batch 75/485, loss: 0.6501516656080881 (10.103s)
Batch 150/485, loss: 0.6715213521321615 (10.109s)
Batch 225/485, loss: 0.6787482996781667 (10.108s)
Batch 300/485, loss: 0.6694071940581003 (10.101s)
Batch 375/485, loss: 0.6514686973889668 (10.095s)
Batch 450/485, loss: 0.6379641222953797 (10.377s)
Batch 485/485, loss: 0.6396434928689684 (4.716s)

-----Epoch 90/250-----
Batch 75/485, loss: 0.68221111536026 (10.111s)
Batch 150/485, loss: 0.6464359362920126 (10.107s)
Batch 225/485, loss: 0.6472996791203817 (10.101s)
Batch 300/485, loss: 0.6497662377357483 (10.108s)
Batch 375/485, loss: 0.6575450762112935 (10.118s)
Batch 450/485, loss: 0.6591939536730448 (10.120s)
Batch 485/485, loss: 0.6449727841785976 (4.715s)

-----Epoch 91/250-----
Batch 75/485, loss: 0.6551862959067026 (10.117s)
Batch 150/485, loss: 0.6498356640338898 (10.122s)
Batch 225/485, loss: 0.6386079621315003 (10.119s)
Batch 300/485, loss: 0.6757260568936666 (10.115s)
Batch 375/485, loss: 0.6468775320053101 (10.109s)
Batch 450/485, loss: 0.6358996713161469 (10.106s)
Batch 485/485, loss: 0.6397203275135586 (4.725s)

-----Epoch 92/250-----
Batch 75/485, loss: 0.6130736537774404 (10.111s)
Batch 150/485, loss: 0.6335319423675537 (10.114s)
Batch 225/485, loss: 0.6331371096769969 (10.109s)
Batch 300/485, loss: 0.6729841470718384 (10.118s)
Batch 375/485, loss: 0.6755951909224193 (10.116s)
Batch 450/485, loss: 0.6541687361399333 (10.124s)
Batch 485/485, loss: 0.6417383577142443 (4.713s)

-----Epoch 93/250-----
Batch 75/485, loss: 0.6542891585826873 (10.121s)
Batch 150/485, loss: 0.6377370504538218 (10.124s)
Batch 225/485, loss: 0.6339908969402314 (10.122s)
Batch 300/485, loss: 0.6663365987936656 (10.110s)
Batch 375/485, loss: 0.6411639320850372 (10.126s)
Batch 450/485, loss: 0.6268337416648865 (10.126s)
Batch 485/485, loss: 0.6234579537596021 (4.721s)

-----Epoch 94/250-----
Batch 75/485, loss: 0.6369943789641063 (10.279s)
Batch 150/485, loss: 0.6212857027848562 (10.118s)
Batch 225/485, loss: 0.6252620494365693 (10.120s)
Batch 300/485, loss: 0.6858300467332205 (10.113s)
Batch 375/485, loss: 0.6297288314501445 (10.129s)
Batch 450/485, loss: 0.6244047756989797 (10.126s)
Batch 485/485, loss: 0.6308639228343964 (4.716s)

-----Epoch 95/250-----
Batch 75/485, loss: 0.640976482629776 (10.121s)
Batch 150/485, loss: 0.6134132905801137 (10.127s)
Batch 225/485, loss: 0.6453157969315847 (10.119s)
Batch 300/485, loss: 0.6640690914789835 (10.125s)
Batch 375/485, loss: 0.6125631519158681 (10.133s)
Batch 450/485, loss: 0.6504181488355001 (10.124s)
Batch 485/485, loss: 0.6078280508518219 (4.718s)

-----Epoch 96/250-----
Batch 75/485, loss: 0.6233248722553253 (10.123s)
Batch 150/485, loss: 0.6442671700318654 (10.129s)
Batch 225/485, loss: 0.6256105784575144 (10.129s)
Batch 300/485, loss: 0.6104111111164093 (10.117s)
Batch 375/485, loss: 0.6259472306569417 (10.110s)
Batch 450/485, loss: 0.6555319972832998 (10.113s)
Batch 485/485, loss: 0.5892118539128984 (4.721s)

-----Epoch 97/250-----
Batch 75/485, loss: 0.6256542964776357 (10.109s)
Batch 150/485, loss: 0.6386535263061524 (10.106s)
Batch 225/485, loss: 0.5970872024695079 (10.103s)
Batch 300/485, loss: 0.6622973720232646 (10.108s)
Batch 375/485, loss: 0.6041206518809 (10.098s)
Batch 450/485, loss: 0.6402708367506663 (10.110s)
Batch 485/485, loss: 0.6237660220691136 (4.714s)

-----Epoch 98/250-----
Batch 75/485, loss: 0.6213837711016337 (10.112s)
Batch 150/485, loss: 0.6154596920808156 (10.140s)
Batch 225/485, loss: 0.6091746520996094 (10.115s)
Batch 300/485, loss: 0.6169111084938049 (10.097s)
Batch 375/485, loss: 0.6491937351226806 (10.105s)
Batch 450/485, loss: 0.6182497942447662 (10.097s)
Batch 485/485, loss: 0.6353516493524823 (4.721s)

-----Epoch 99/250-----
Batch 75/485, loss: 0.5923576978842418 (10.103s)
Batch 150/485, loss: 0.619575723807017 (10.091s)
Batch 225/485, loss: 0.5864050086339315 (10.110s)
Batch 300/485, loss: 0.657657212416331 (10.120s)
Batch 375/485, loss: 0.6420365989208221 (10.105s)
Batch 450/485, loss: 0.5984794326623281 (10.109s)
Batch 485/485, loss: 0.6939076576914106 (4.869s)

-----Epoch 100/250-----
Batch 75/485, loss: 0.6212073628107707 (10.120s)
Batch 150/485, loss: 0.5955619466304779 (10.113s)
Batch 225/485, loss: 0.5866482118765514 (10.094s)
Batch 300/485, loss: 0.6098242870966594 (10.110s)
Batch 375/485, loss: 0.6578109812736511 (10.105s)
Batch 450/485, loss: 0.6300114786624909 (10.109s)
Batch 485/485, loss: 0.6415366283484868 (4.712s)

-----Epoch 101/250-----
Batch 75/485, loss: 0.6409400693575541 (10.092s)
Batch 150/485, loss: 0.5823668046792349 (10.110s)
Batch 225/485, loss: 0.5836725131670634 (10.102s)
Batch 300/485, loss: 0.6520274047056834 (10.107s)
Batch 375/485, loss: 0.6248898661136627 (10.108s)
Batch 450/485, loss: 0.6106086277961731 (10.104s)
Batch 485/485, loss: 0.6369835921696254 (4.711s)
Saved to snn_model-1-cont2.pth

-----Epoch 102/250-----
Batch 75/485, loss: 0.6102387523651123 (10.103s)
Batch 150/485, loss: 0.5865014211336772 (10.109s)
Batch 225/485, loss: 0.5892782310644785 (10.092s)
Batch 300/485, loss: 0.627344510157903 (10.106s)
Batch 375/485, loss: 0.6230990894635519 (10.098s)
Batch 450/485, loss: 0.6480763371785482 (10.171s)
Batch 485/485, loss: 0.5879499128886632 (4.711s)

-----Epoch 103/250-----
Batch 75/485, loss: 0.627140645980835 (10.151s)
Batch 150/485, loss: 0.6179767982165019 (10.140s)
Batch 225/485, loss: 0.5952865278720856 (10.131s)
Batch 300/485, loss: 0.5910826301574708 (10.292s)
Batch 375/485, loss: 0.6097679726282755 (10.470s)
Batch 450/485, loss: 0.5863013168176016 (10.320s)
Batch 485/485, loss: 0.6121513647692544 (4.835s)

-----Epoch 104/250-----
Batch 75/485, loss: 0.5900654931863148 (10.395s)
Batch 150/485, loss: 0.6461284367243448 (10.165s)
Batch 225/485, loss: 0.8019099819660187 (10.111s)
Batch 300/485, loss: 1.2328002381324767 (10.101s)
Batch 375/485, loss: 0.7241712609926859 (10.104s)
Batch 450/485, loss: 0.8967376478513082 (10.096s)
Batch 485/485, loss: 0.8120795828955514 (4.712s)

-----Epoch 105/250-----
Batch 75/485, loss: 0.7733629020055135 (10.126s)
Batch 150/485, loss: 0.7690645043055216 (10.112s)
Batch 225/485, loss: 0.7473690017064413 (10.113s)
Batch 300/485, loss: 0.867622876962026 (10.105s)
Batch 375/485, loss: 0.7234814016024271 (10.102s)
Batch 450/485, loss: 0.7278616293271383 (10.268s)
Batch 485/485, loss: 0.8977412087576729 (4.712s)

-----Epoch 106/250-----
Batch 75/485, loss: 0.730054813226064 (10.113s)
Batch 150/485, loss: 0.7571301460266113 (10.110s)
Batch 225/485, loss: 0.7507451963424683 (10.121s)
Batch 300/485, loss: 0.7065499051411946 (10.102s)
Batch 375/485, loss: 0.7570852104822795 (10.240s)
Batch 450/485, loss: 0.7274258387088776 (10.279s)
Batch 485/485, loss: 0.7294950366020203 (4.997s)

-----Epoch 107/250-----
Batch 75/485, loss: 0.7196342611312866 (10.236s)
Batch 150/485, loss: 0.7057094248135884 (10.238s)
Batch 225/485, loss: 0.7547066183884938 (10.271s)
Batch 300/485, loss: 0.7168150595823923 (10.266s)
Batch 375/485, loss: 0.7166367896397908 (10.250s)
Batch 450/485, loss: 0.7271351393063863 (10.253s)
Batch 485/485, loss: 0.8087145226342337 (4.880s)

-----Epoch 108/250-----
Batch 75/485, loss: 0.7112016638120016 (10.278s)
Batch 150/485, loss: 0.7223185435930888 (10.201s)
Batch 225/485, loss: 0.7685600050290425 (10.225s)
Batch 300/485, loss: 0.7236412604649861 (10.306s)
Batch 375/485, loss: 0.7697625557581583 (10.194s)
Batch 450/485, loss: 0.6946342114607493 (10.283s)
Batch 485/485, loss: 0.6719494121415275 (4.756s)

-----Epoch 109/250-----
Batch 75/485, loss: 0.7084085996945699 (10.257s)
Batch 150/485, loss: 0.7295714553197225 (10.222s)
Batch 225/485, loss: 0.735277399222056 (10.201s)
Batch 300/485, loss: 0.7227093044916789 (10.196s)
Batch 375/485, loss: 0.7094184287389119 (10.161s)
Batch 450/485, loss: 0.7434987187385559 (10.115s)
Batch 485/485, loss: 0.6985635757446289 (4.717s)

-----Epoch 110/250-----
Batch 75/485, loss: 0.7430098414421081 (10.132s)
Batch 150/485, loss: 0.7290239731470743 (10.135s)
Batch 225/485, loss: 0.7326632364590963 (10.128s)
Batch 300/485, loss: 0.7166733034451802 (10.125s)
Batch 375/485, loss: 0.7079620091120402 (10.138s)
Batch 450/485, loss: 0.7418757700920104 (10.121s)
Batch 485/485, loss: 0.6878119579383305 (4.735s)

-----Epoch 111/250-----
Batch 75/485, loss: 0.7159814143180847 (10.133s)
Batch 150/485, loss: 0.7535711129506429 (10.121s)
Batch 225/485, loss: 0.7058431140581767 (10.133s)
Batch 300/485, loss: 0.6663725630442301 (10.126s)
Batch 375/485, loss: 0.7187060793240865 (10.292s)
Batch 450/485, loss: 0.7615368139743804 (10.126s)
Batch 485/485, loss: 0.736789037500109 (4.726s)

-----Epoch 112/250-----
Batch 75/485, loss: 0.7179307134946188 (10.139s)
Batch 150/485, loss: 0.7326985311508178 (10.131s)
Batch 225/485, loss: 0.6993682265281678 (10.123s)
Batch 300/485, loss: 0.7901811448733012 (10.131s)
Batch 375/485, loss: 0.7260923115412394 (10.126s)
Batch 450/485, loss: 0.7071789840857188 (10.132s)
Batch 485/485, loss: 0.7136898108891079 (4.718s)

-----Epoch 113/250-----
Batch 75/485, loss: 0.7370621021588644 (10.123s)
Batch 150/485, loss: 0.6995809058348338 (10.142s)
Batch 225/485, loss: 0.7008463327089945 (10.132s)
Batch 300/485, loss: 0.7004797919591268 (10.137s)
Batch 375/485, loss: 0.7470817669232687 (10.127s)
Batch 450/485, loss: 0.7153688232103984 (10.137s)
Batch 485/485, loss: 0.7341860319886889 (4.721s)

-----Epoch 114/250-----
Batch 75/485, loss: 0.7358873613675435 (10.123s)
Batch 150/485, loss: 0.7108651558558147 (10.142s)
Batch 225/485, loss: 0.7171670401096344 (10.136s)
Batch 300/485, loss: 0.6950033871332805 (10.147s)
Batch 375/485, loss: 0.7028273884455363 (10.125s)
Batch 450/485, loss: 0.7163301356633505 (10.139s)
Batch 485/485, loss: 0.7304942114012581 (4.723s)

-----Epoch 115/250-----
Batch 75/485, loss: 0.7016867752869924 (10.131s)
Batch 150/485, loss: 0.7119165341059367 (10.120s)
Batch 225/485, loss: 0.7169007953008016 (10.129s)
Batch 300/485, loss: 0.704580002228419 (10.127s)
Batch 375/485, loss: 0.7116765594482422 (10.131s)
Batch 450/485, loss: 0.7134696654478709 (10.131s)
Batch 485/485, loss: 0.7306243777275085 (4.724s)

-----Epoch 116/250-----
Batch 75/485, loss: 0.7052855555216472 (10.144s)
Batch 150/485, loss: 0.7268971538543701 (10.137s)
Batch 225/485, loss: 0.6720771312713623 (10.123s)
Batch 300/485, loss: 0.7099596548080445 (10.132s)
Batch 375/485, loss: 0.7042987044652304 (10.133s)
Batch 450/485, loss: 0.6901664892832439 (10.127s)
Batch 485/485, loss: 0.7808878966740199 (4.749s)

-----Epoch 117/250-----
Batch 75/485, loss: 0.6820115518569946 (10.126s)
Batch 150/485, loss: 0.6740355892976125 (10.144s)
Batch 225/485, loss: 0.7316309754053751 (10.144s)
Batch 300/485, loss: 0.6924737950166067 (10.291s)
Batch 375/485, loss: 0.7277788623174032 (10.128s)
Batch 450/485, loss: 0.7101704049110412 (10.110s)
Batch 485/485, loss: 0.7997025506837028 (4.713s)

-----Epoch 118/250-----
Batch 75/485, loss: 0.7069149041175842 (10.128s)
Batch 150/485, loss: 0.7104473900794983 (10.120s)
Batch 225/485, loss: 0.703552676041921 (10.117s)
Batch 300/485, loss: 0.6784973434607188 (10.109s)
Batch 375/485, loss: 0.7394290999571482 (10.108s)
Batch 450/485, loss: 0.6698810176054637 (10.108s)
Batch 485/485, loss: 0.6867302170821599 (4.715s)

-----Epoch 119/250-----
Batch 75/485, loss: 0.6876143948237101 (10.110s)
Batch 150/485, loss: 0.6852115988731384 (10.117s)
Batch 225/485, loss: 0.7124775886535645 (10.118s)
Batch 300/485, loss: 0.7108249700069428 (10.122s)
Batch 375/485, loss: 0.6716673707962036 (10.113s)
Batch 450/485, loss: 0.7220894726117452 (10.123s)
Batch 485/485, loss: 0.7015746516840798 (4.716s)

-----Epoch 120/250-----
Batch 75/485, loss: 0.6476468865076701 (10.129s)
Batch 150/485, loss: 0.6459272686640422 (10.150s)
Batch 225/485, loss: 0.6764797397454579 (10.113s)
Batch 300/485, loss: 0.7113612524668376 (10.117s)
Batch 375/485, loss: 0.6864279596010844 (10.101s)
Batch 450/485, loss: 0.6841621510187785 (10.112s)
Batch 485/485, loss: 0.7197235362870352 (4.721s)

-----Epoch 121/250-----
Batch 75/485, loss: 0.6647401567300161 (10.112s)
Batch 150/485, loss: 0.6672742215792338 (10.117s)
Batch 225/485, loss: 0.7057341194152832 (10.119s)
Batch 300/485, loss: 0.6600948417186737 (10.104s)
Batch 375/485, loss: 0.6641235856215159 (10.114s)
Batch 450/485, loss: 0.7163017710049947 (10.115s)
Batch 485/485, loss: 0.6865058192184993 (4.713s)

-----Epoch 122/250-----
Batch 75/485, loss: 0.6718692580858866 (10.105s)
Batch 150/485, loss: 0.6712553572654724 (10.118s)
Batch 225/485, loss: 0.6860264988740286 (10.113s)
Batch 300/485, loss: 0.6576926306883494 (10.112s)
Batch 375/485, loss: 0.6765240347385406 (10.104s)
Batch 450/485, loss: 0.7181080281734467 (10.126s)
Batch 485/485, loss: 0.7184472969600133 (4.719s)

-----Epoch 123/250-----
Batch 75/485, loss: 0.6663132456938425 (10.110s)
Batch 150/485, loss: 0.655254131158193 (10.106s)
Batch 225/485, loss: 0.6700299874941508 (10.307s)
Batch 300/485, loss: 0.6961734410127004 (10.126s)
Batch 375/485, loss: 0.6549274981021881 (10.126s)
Batch 450/485, loss: 0.7093545627593995 (10.104s)
Batch 485/485, loss: 0.6811534643173218 (4.715s)

-----Epoch 124/250-----
Batch 75/485, loss: 0.6695109268029531 (10.118s)
Batch 150/485, loss: 0.6620908912022908 (10.110s)
Batch 225/485, loss: 0.6419712936878205 (10.117s)
Batch 300/485, loss: 0.6951897565523784 (10.106s)
Batch 375/485, loss: 0.692614897886912 (10.107s)
Batch 450/485, loss: 0.6637779776255289 (10.119s)
Batch 485/485, loss: 0.670493368591581 (4.735s)

-----Epoch 125/250-----
Batch 75/485, loss: 0.6350097759564718 (10.136s)
Batch 150/485, loss: 0.6817458192507426 (10.181s)
Batch 225/485, loss: 0.6909037645657857 (10.202s)
Batch 300/485, loss: 0.6266301373640696 (10.184s)
Batch 375/485, loss: 0.700578119357427 (10.160s)
Batch 450/485, loss: 0.647175529797872 (10.153s)
Batch 485/485, loss: 0.6973281008856637 (4.735s)

-----Epoch 126/250-----
Batch 75/485, loss: 0.6519446110725403 (10.144s)
Batch 150/485, loss: 0.6700842622915903 (10.151s)
Batch 225/485, loss: 0.661621017853419 (10.141s)
Batch 300/485, loss: 0.6734114237626394 (10.153s)
Batch 375/485, loss: 0.6728724694252014 (10.148s)
Batch 450/485, loss: 0.6362980528672536 (10.141s)
Batch 485/485, loss: 0.6454466036387853 (4.733s)

-----Epoch 127/250-----
Batch 75/485, loss: 0.646042373975118 (10.150s)
Batch 150/485, loss: 0.6402388525009155 (10.150s)
Batch 225/485, loss: 0.6579206208388011 (10.146s)
Batch 300/485, loss: 0.6485629308223725 (10.151s)
Batch 375/485, loss: 0.6836937503019969 (10.149s)
Batch 450/485, loss: 0.6240641828378042 (10.174s)
Batch 485/485, loss: 0.5928632174219404 (4.741s)

-----Epoch 128/250-----
Batch 75/485, loss: 0.6077095357577006 (10.130s)
Batch 150/485, loss: 0.640689849058787 (10.124s)
Batch 225/485, loss: 0.6105508708953857 (10.143s)
Batch 300/485, loss: 0.6521048561731975 (10.165s)
Batch 375/485, loss: 0.6395945811271667 (10.139s)
Batch 450/485, loss: 0.6656666851043701 (10.121s)
Batch 485/485, loss: 0.6218382903507778 (4.734s)

-----Epoch 129/250-----
Batch 75/485, loss: 0.6483440077304841 (10.153s)
Batch 150/485, loss: 0.6319098877906799 (10.296s)
Batch 225/485, loss: 0.6277989729245503 (10.149s)
Batch 300/485, loss: 0.597048643430074 (10.148s)
Batch 375/485, loss: 0.6045332352320353 (10.136s)
Batch 450/485, loss: 0.6577271632353465 (10.143s)
Batch 485/485, loss: 0.6456198419843401 (4.748s)

-----Epoch 130/250-----
Batch 75/485, loss: 0.627840903600057 (10.148s)
Batch 150/485, loss: 0.623272351026535 (10.144s)
Batch 225/485, loss: 0.6303284784158071 (10.146s)
Batch 300/485, loss: 0.628629629611969 (10.157s)
Batch 375/485, loss: 0.6108742650349935 (10.168s)
Batch 450/485, loss: 0.6323145147164663 (10.137s)
Batch 485/485, loss: 0.6232206344604492 (4.738s)

-----Epoch 131/250-----
Batch 75/485, loss: 0.6011461516221365 (10.145s)
Batch 150/485, loss: 0.6085351304213206 (10.152s)
Batch 225/485, loss: 0.6245332996050517 (10.139s)
Batch 300/485, loss: 0.6383533990383148 (10.145s)
Batch 375/485, loss: 0.6091767795880636 (10.144s)
Batch 450/485, loss: 0.647924678325653 (10.150s)
Batch 485/485, loss: 0.6671508976391384 (4.731s)

-----Epoch 132/250-----
Batch 75/485, loss: 0.6135351979732513 (10.154s)
Batch 150/485, loss: 0.622362851301829 (10.143s)
Batch 225/485, loss: 0.6075094954172771 (10.155s)
Batch 300/485, loss: 0.6257326420148214 (10.154s)
Batch 375/485, loss: 0.5964929739634196 (10.150s)
Batch 450/485, loss: 0.6328973058859507 (10.183s)
Batch 485/485, loss: 0.5933108712945666 (4.744s)

-----Epoch 133/250-----
Batch 75/485, loss: 0.5723205622037252 (10.177s)
Batch 150/485, loss: 0.6550252743562063 (10.126s)
Batch 225/485, loss: 0.600909405152003 (10.150s)
Batch 300/485, loss: 0.632645169099172 (10.135s)
Batch 375/485, loss: 0.6211447417736053 (10.126s)
Batch 450/485, loss: 0.6116203395525615 (10.140s)
Batch 485/485, loss: 0.5967243603297643 (4.734s)

-----Epoch 134/250-----
Batch 75/485, loss: 0.6241580681006114 (10.112s)
Batch 150/485, loss: 0.6261827186743418 (10.091s)
Batch 225/485, loss: 0.567942769130071 (10.095s)
Batch 300/485, loss: 0.5771566545963287 (10.160s)
Batch 375/485, loss: 0.6145919609069824 (10.163s)
Batch 450/485, loss: 0.6466640532016754 (10.171s)
Batch 485/485, loss: 0.5911911342825208 (4.725s)

-----Epoch 135/250-----
Batch 75/485, loss: 0.6013622788588205 (10.339s)
Batch 150/485, loss: 0.5912734361489614 (10.159s)
Batch 225/485, loss: 0.5894576807816824 (10.157s)
Batch 300/485, loss: 0.6042680815855662 (10.722s)
Batch 375/485, loss: 0.6043722689151764 (10.170s)
Batch 450/485, loss: 0.6445134250322978 (10.159s)
Batch 485/485, loss: 0.6110056979315621 (4.746s)

-----Epoch 136/250-----
Batch 75/485, loss: 1.00443155725797 (10.145s)
Batch 150/485, loss: 1.0606262350082398 (10.149s)
Batch 225/485, loss: 0.859008207321167 (10.155s)
Batch 300/485, loss: 1.1691318225860596 (10.146s)
Batch 375/485, loss: 1.4752848704655965 (10.154s)
Batch 450/485, loss: 1.2512085517247518 (10.149s)
Batch 485/485, loss: 1.305985300881522 (4.733s)

-----Epoch 137/250-----
Batch 75/485, loss: 1.2763959662119548 (10.163s)
Batch 150/485, loss: 1.2996501143773396 (10.158s)
Batch 225/485, loss: 1.2895825513203938 (10.162s)
Batch 300/485, loss: 1.302159889539083 (10.178s)
Batch 375/485, loss: 1.3261304314931233 (10.159s)
Batch 450/485, loss: 1.469397913614909 (10.149s)
Batch 485/485, loss: 1.3286003521510532 (4.735s)

-----Epoch 138/250-----
Batch 75/485, loss: 1.3082412513097128 (10.154s)
Batch 150/485, loss: 1.3372621122996013 (10.150s)
Batch 225/485, loss: 1.35952849706014 (10.174s)
Batch 300/485, loss: 1.3444795656204223 (10.170s)
Batch 375/485, loss: 1.3209392897288004 (10.154s)
Batch 450/485, loss: 1.328521801630656 (10.155s)
Batch 485/485, loss: 1.313541146687099 (4.730s)

-----Epoch 139/250-----
Batch 75/485, loss: 1.3085443512598673 (10.156s)
Batch 150/485, loss: 1.3102366177241007 (10.127s)
Batch 225/485, loss: 1.2989534076054892 (10.164s)
Batch 300/485, loss: 1.3299744160970053 (10.143s)
Batch 375/485, loss: 1.3325199556350709 (10.144s)
Batch 450/485, loss: 1.3273136202494304 (10.132s)
Batch 485/485, loss: 1.3547700609479632 (4.731s)

-----Epoch 140/250-----
Batch 75/485, loss: 1.3096323458353678 (10.172s)
Batch 150/485, loss: 1.3061721817652385 (10.173s)
Batch 225/485, loss: 1.316691123644511 (10.179s)
Batch 300/485, loss: 1.4186122449239096 (10.184s)
Batch 375/485, loss: 1.3420833476384482 (10.191s)
Batch 450/485, loss: 1.3393683354059855 (10.337s)
Batch 485/485, loss: 1.316865985734122 (4.744s)

-----Epoch 141/250-----
Batch 75/485, loss: 1.3055573908487956 (10.170s)
Batch 150/485, loss: 1.3241238721211752 (10.171s)
Batch 225/485, loss: 1.3243605486551921 (10.186s)
Batch 300/485, loss: 1.3223391517003378 (10.186s)
Batch 375/485, loss: 1.3146285422643025 (10.175s)
Batch 450/485, loss: 1.3062207380930582 (10.185s)
Batch 485/485, loss: 1.2999864305768694 (4.751s)

-----Epoch 142/250-----
Batch 75/485, loss: 1.300827956199646 (10.175s)
Batch 150/485, loss: 1.315370855331421 (10.170s)
Batch 225/485, loss: 1.2991712681452434 (10.192s)
Batch 300/485, loss: 1.327983881632487 (10.182s)
Batch 375/485, loss: 1.309148925145467 (10.170s)
Batch 450/485, loss: 1.282603923479716 (10.179s)
Batch 485/485, loss: 1.3226253781999862 (4.758s)

-----Epoch 143/250-----
Batch 75/485, loss: 1.3077033058802288 (10.191s)
Batch 150/485, loss: 1.3037425645192464 (10.178s)
Batch 225/485, loss: 1.2961163393656412 (10.182s)
Batch 300/485, loss: 1.4422555541992188 (10.167s)
Batch 375/485, loss: 1.720313024520874 (10.183s)
Batch 450/485, loss: 1.9214478890101114 (10.187s)
Batch 485/485, loss: 1.4224906478609358 (4.750s)

-----Epoch 144/250-----
Batch 75/485, loss: 1.4269776153564453 (10.178s)
Batch 150/485, loss: 1.4110672076543171 (10.173s)
Batch 225/485, loss: 1.4115429878234864 (10.166s)
Batch 300/485, loss: 1.4076724131902059 (10.156s)
Batch 375/485, loss: 2.2704986556371054 (10.168s)
Batch 450/485, loss: 1.4485751215616862 (10.174s)
Batch 485/485, loss: 1.4338649579456875 (4.735s)

-----Epoch 145/250-----
Batch 75/485, loss: 1.419315284093221 (10.166s)
Batch 150/485, loss: 1.4282787561416626 (10.153s)
Batch 225/485, loss: 1.4121215597788492 (10.157s)
Batch 300/485, loss: 1.4257197920481364 (10.153s)
Batch 375/485, loss: 1.6184668111801148 (10.162s)
Batch 450/485, loss: 1.4192370398839316 (10.161s)
Batch 485/485, loss: 1.4204315423965455 (4.731s)

-----Epoch 146/250-----
Batch 75/485, loss: 1.40135701974233 (10.153s)
Batch 150/485, loss: 1.8451886653900147 (10.154s)
Batch 225/485, loss: 1.4096174812316895 (10.155s)
Batch 300/485, loss: 1.8492635043462118 (10.163s)
Batch 375/485, loss: 1.8252613306045533 (10.330s)
Batch 450/485, loss: 1.385687624613444 (10.185s)
Batch 485/485, loss: 1.3768884113856725 (4.747s)

-----Epoch 147/250-----
Batch 75/485, loss: 1.3626748259862265 (10.165s)
Batch 150/485, loss: 1.4179440895716349 (10.151s)
Batch 225/485, loss: 1.3965391699473064 (10.161s)
Batch 300/485, loss: 1.3691361379623412 (10.158s)
Batch 375/485, loss: 1.8144213040669759 (10.151s)
Batch 450/485, loss: 2.0225065581003823 (10.170s)
Batch 485/485, loss: 1.8388064861297608 (4.741s)

-----Epoch 148/250-----
Batch 75/485, loss: 1.3830548620224 (10.164s)
Batch 150/485, loss: 2.635900600751241 (10.175s)
Batch 225/485, loss: 2.1921599960327147 (10.149s)
Batch 300/485, loss: 2.984750545024872 (10.169s)
Batch 375/485, loss: 1.2291693123181662 (10.153s)
Batch 450/485, loss: 0.9820759705702464 (10.160s)
Batch 485/485, loss: 1.1329856157302856 (4.732s)

-----Epoch 149/250-----
Batch 75/485, loss: 1.0225116499265035 (10.158s)
Batch 150/485, loss: 3.4613263579209645 (10.154s)
Batch 225/485, loss: 4.532892632087072 (10.161s)
Batch 300/485, loss: 0.9588003961245218 (10.166s)
Batch 375/485, loss: 1.0379883861541748 (10.169s)
Batch 450/485, loss: 0.9673120737075805 (10.169s)
Batch 485/485, loss: 0.8930008053779602 (4.758s)

-----Epoch 150/250-----
Batch 75/485, loss: 0.9475929745038351 (10.180s)
Batch 150/485, loss: 0.8503104774157206 (10.169s)
Batch 225/485, loss: 0.9055088790257771 (10.165s)
Batch 300/485, loss: 0.9165309302012126 (10.163s)
Batch 375/485, loss: 0.889435019493103 (10.183s)
Batch 450/485, loss: 0.9297489237785339 (10.165s)
Batch 485/485, loss: 0.9999960081917899 (4.742s)

-----Epoch 151/250-----
Batch 75/485, loss: 0.8763505260149638 (10.154s)
Batch 150/485, loss: 0.9639692719777425 (10.152s)
Batch 225/485, loss: 0.9004159474372864 (10.160s)
Batch 300/485, loss: 0.9753174185752869 (10.159s)
Batch 375/485, loss: 0.9396355152130127 (10.169s)
Batch 450/485, loss: 0.8442394979794821 (10.157s)
Batch 485/485, loss: 0.8847821320806231 (4.740s)
Saved to snn_model-1-cont2.pth

-----Epoch 152/250-----
Batch 75/485, loss: 0.8503052306175232 (10.169s)
Batch 150/485, loss: 0.9770470531781514 (10.149s)
Batch 225/485, loss: 0.9138393068313598 (10.144s)
Batch 300/485, loss: 0.917420376141866 (10.321s)
Batch 375/485, loss: 0.915957822004954 (10.176s)
Batch 450/485, loss: 0.8988463250796 (10.195s)
Batch 485/485, loss: 0.8159216574260166 (4.739s)

-----Epoch 153/250-----
Batch 75/485, loss: 0.8704466223716736 (10.158s)
Batch 150/485, loss: 0.9242298944791159 (10.149s)
Batch 225/485, loss: 0.8311684234937032 (10.179s)
Batch 300/485, loss: 0.9063743106524149 (10.166s)
Batch 375/485, loss: 0.9372342379887899 (10.160s)
Batch 450/485, loss: 0.8669693382581075 (10.152s)
Batch 485/485, loss: 0.9309579338346209 (4.738s)

-----Epoch 154/250-----
Batch 75/485, loss: 0.9282627590497334 (10.145s)
Batch 150/485, loss: 0.8295210003852844 (10.169s)
Batch 225/485, loss: 0.9538487760225932 (10.154s)
Batch 300/485, loss: 0.8421908060709635 (10.152s)
Batch 375/485, loss: 0.9025828957557678 (10.151s)
Batch 450/485, loss: 0.9244983450571695 (10.150s)
Batch 485/485, loss: 0.8385495475360325 (4.743s)

-----Epoch 155/250-----
Batch 75/485, loss: 0.8020317109425863 (10.150s)
Batch 150/485, loss: 0.9160697420438131 (10.136s)
Batch 225/485, loss: 0.8986123553911844 (10.136s)
Batch 300/485, loss: 0.9276288183530171 (10.131s)
Batch 375/485, loss: 0.9057347615559895 (10.137s)
Batch 450/485, loss: 0.890889724890391 (10.141s)
Batch 485/485, loss: 0.9182715143476213 (4.726s)

-----Epoch 156/250-----
Batch 75/485, loss: 0.8474714438120524 (10.152s)
Batch 150/485, loss: 0.9546161588033041 (10.165s)
Batch 225/485, loss: 0.831192688147227 (10.138s)
Batch 300/485, loss: 0.9068378512064615 (10.140s)
Batch 375/485, loss: 0.9206952746709188 (10.157s)
Batch 450/485, loss: 0.8544734255472819 (10.196s)
Batch 485/485, loss: 0.8578397887093681 (4.752s)

-----Epoch 157/250-----
Batch 75/485, loss: 0.8377675135930379 (10.200s)
Batch 150/485, loss: 0.8769125310579936 (10.174s)
Batch 225/485, loss: 0.8828257735570272 (10.295s)
Batch 300/485, loss: 0.9290195655822754 (10.165s)
Batch 375/485, loss: 0.8368203163146972 (10.166s)
Batch 450/485, loss: 0.8875900801022848 (10.161s)
Batch 485/485, loss: 0.9805201854024614 (4.743s)

-----Epoch 158/250-----
Batch 75/485, loss: 0.851637621720632 (10.181s)
Batch 150/485, loss: 0.9169376993179321 (10.170s)
Batch 225/485, loss: 0.837946485678355 (10.309s)
Batch 300/485, loss: 0.8686821087201436 (10.145s)
Batch 375/485, loss: 0.8923309699694315 (10.135s)
Batch 450/485, loss: 0.9298008155822753 (10.170s)
Batch 485/485, loss: 0.8097236514091491 (4.729s)

-----Epoch 159/250-----
Batch 75/485, loss: 0.8611344234148661 (10.153s)
Batch 150/485, loss: 0.8547828753789266 (10.162s)
Batch 225/485, loss: 0.9855415177345276 (10.154s)
Batch 300/485, loss: 0.8103268845876058 (10.149s)
Batch 375/485, loss: 0.828618410428365 (10.150s)
Batch 450/485, loss: 0.8727905654907226 (10.134s)
Batch 485/485, loss: 0.9178130081721715 (4.733s)

-----Epoch 160/250-----
Batch 75/485, loss: 0.9229613622029622 (10.149s)
Batch 150/485, loss: 0.8518157704671224 (10.142s)
Batch 225/485, loss: 0.8809504357973734 (10.168s)
Batch 300/485, loss: 0.864124801158905 (10.166s)
Batch 375/485, loss: 0.8194285718599955 (10.155s)
Batch 450/485, loss: 0.8439180072148641 (10.157s)
Batch 485/485, loss: 0.8631009731973921 (4.741s)

-----Epoch 161/250-----
Batch 75/485, loss: 0.8756594642003377 (10.165s)
Batch 150/485, loss: 0.8833961073557536 (10.177s)
Batch 225/485, loss: 0.860358145236969 (10.153s)
Batch 300/485, loss: 0.7941057181358337 (10.141s)
Batch 375/485, loss: 0.8545024649302164 (10.146s)
Batch 450/485, loss: 0.8962508837381998 (10.156s)
Batch 485/485, loss: 0.8077541351318359 (4.726s)

-----Epoch 162/250-----
Batch 75/485, loss: 0.9716341670354207 (10.131s)
Batch 150/485, loss: 0.8029701232910156 (10.141s)
Batch 225/485, loss: 0.8022488268216451 (10.141s)
Batch 300/485, loss: 0.8723731176058451 (10.145s)
Batch 375/485, loss: 0.8382469534873962 (10.140s)
Batch 450/485, loss: 0.8421212593714397 (10.139s)
Batch 485/485, loss: 0.8092621496745518 (4.737s)

-----Epoch 163/250-----
Batch 75/485, loss: 0.8542333817481995 (10.181s)
Batch 150/485, loss: 0.8260808857282003 (10.182s)
Batch 225/485, loss: 0.7956147543589274 (10.161s)
Batch 300/485, loss: 0.8650153684616089 (10.168s)
Batch 375/485, loss: 2.783123420079549 (10.166s)
Batch 450/485, loss: 2.7528074208895363 (10.160s)
Batch 485/485, loss: 1.0575212819235666 (4.740s)

-----Epoch 164/250-----
Batch 75/485, loss: 0.8595992509524027 (10.158s)
Batch 150/485, loss: 0.9956003427505493 (10.317s)
Batch 225/485, loss: 1.0984266146024069 (10.160s)
Batch 300/485, loss: 1.0849209984143575 (10.148s)
Batch 375/485, loss: 0.907751898765564 (10.154s)
Batch 450/485, loss: 0.884536608060201 (10.176s)
Batch 485/485, loss: 3.7085735286985124 (4.760s)

-----Epoch 165/250-----
Batch 75/485, loss: 0.9726407957077027 (10.181s)
Batch 150/485, loss: 0.9788903880119324 (10.172s)
Batch 225/485, loss: 0.876857979297638 (10.179s)
Batch 300/485, loss: 0.9885525099436442 (10.195s)
Batch 375/485, loss: 0.9466421604156494 (10.204s)
Batch 450/485, loss: 0.8502099013328552 (10.182s)
Batch 485/485, loss: 0.7827156526701791 (4.751s)

-----Epoch 166/250-----
Batch 75/485, loss: 0.7943001166979472 (10.204s)
Batch 150/485, loss: 0.8926722009976705 (10.192s)
Batch 225/485, loss: 0.8986932595570882 (10.188s)
Batch 300/485, loss: 0.8450947952270508 (10.175s)
Batch 375/485, loss: 1.1085564931233725 (10.178s)
Batch 450/485, loss: 0.9371596511205037 (10.176s)
Batch 485/485, loss: 0.9544757536479405 (4.753s)

-----Epoch 167/250-----
Batch 75/485, loss: 0.8213512357076009 (10.176s)
Batch 150/485, loss: 0.9631615543365478 (10.169s)
Batch 225/485, loss: 1.0304879426956177 (10.172s)
Batch 300/485, loss: 0.8046252616246541 (10.435s)
Batch 375/485, loss: 0.9714646053314209 (10.185s)
Batch 450/485, loss: 0.8786174043019612 (10.158s)
Batch 485/485, loss: 0.7891937596457345 (4.744s)

-----Epoch 168/250-----
Batch 75/485, loss: 0.9728824774424235 (10.165s)
Batch 150/485, loss: 0.9681225816408793 (10.182s)
Batch 225/485, loss: 0.8226046697298686 (10.201s)
Batch 300/485, loss: 0.8249089439709981 (10.191s)
Batch 375/485, loss: 0.898805874188741 (10.210s)
Batch 450/485, loss: 0.9300306264559428 (10.195s)
Batch 485/485, loss: 0.8312412006514412 (4.750s)

-----Epoch 169/250-----
Batch 75/485, loss: 0.9574854119618734 (10.187s)
Batch 150/485, loss: 0.7726253461837769 (10.179s)
Batch 225/485, loss: 0.9421383476257325 (10.163s)
Batch 300/485, loss: 0.8495837267239889 (10.168s)
Batch 375/485, loss: 0.9119609355926513 (10.180s)
Batch 450/485, loss: 0.8443183612823486 (10.194s)
Batch 485/485, loss: 1.0007047414779664 (4.734s)

-----Epoch 170/250-----
Batch 75/485, loss: 0.8675786884625752 (10.346s)
Batch 150/485, loss: 1.023632668654124 (10.188s)
Batch 225/485, loss: 0.949346121152242 (10.198s)
Batch 300/485, loss: 0.8604196389516194 (10.190s)
Batch 375/485, loss: 0.7641232331593831 (10.175s)
Batch 450/485, loss: 0.8478649171193441 (10.188s)
Batch 485/485, loss: 0.7816428286688668 (4.751s)

-----Epoch 171/250-----
Batch 75/485, loss: 1.0136412580808003 (10.209s)
Batch 150/485, loss: 0.7760214376449585 (10.171s)
Batch 225/485, loss: 1.0639035352071127 (10.182s)
Batch 300/485, loss: 0.8273320706685384 (10.180s)
Batch 375/485, loss: 0.8733607610066731 (10.173s)
Batch 450/485, loss: 0.7733080379168192 (10.180s)
Batch 485/485, loss: 0.7611526897975377 (4.755s)

-----Epoch 172/250-----
Batch 75/485, loss: 0.8037096500396729 (10.189s)
Batch 150/485, loss: 0.9485802634557088 (10.188s)
Batch 225/485, loss: 0.817469797929128 (10.204s)
Batch 300/485, loss: 0.9337399125099182 (10.207s)
Batch 375/485, loss: 0.8434217135111491 (10.234s)
Batch 450/485, loss: 0.7656988914807638 (10.221s)
Batch 485/485, loss: 1.1431864176477704 (4.769s)

-----Epoch 173/250-----
Batch 75/485, loss: 0.9260556546847025 (10.178s)
Batch 150/485, loss: 0.8605617252985637 (10.174s)
Batch 225/485, loss: 0.8266133785247802 (10.197s)
Batch 300/485, loss: 0.8096489032109578 (10.188s)
Batch 375/485, loss: 0.8530826958020529 (10.192s)
Batch 450/485, loss: 0.8406576156616211 (10.180s)
Batch 485/485, loss: 0.8929782526833671 (4.757s)

-----Epoch 174/250-----
Batch 75/485, loss: 0.8447423422336579 (10.180s)
Batch 150/485, loss: 0.7469764391581217 (10.166s)
Batch 225/485, loss: 0.8118062714735667 (10.174s)
Batch 300/485, loss: 0.8048652378718059 (10.175s)
Batch 375/485, loss: 0.9878215010960897 (10.175s)
Batch 450/485, loss: 0.9015570036570231 (10.178s)
Batch 485/485, loss: 0.7863120019435883 (4.753s)

-----Epoch 175/250-----
Batch 75/485, loss: 0.7883374706904094 (10.190s)
Batch 150/485, loss: 0.7487154360612234 (10.185s)
Batch 225/485, loss: 0.8467839745680491 (10.204s)
Batch 300/485, loss: 0.8587170886993408 (10.181s)
Batch 375/485, loss: 0.8784191147486369 (10.186s)
Batch 450/485, loss: 0.8555594952901204 (10.207s)
Batch 485/485, loss: 0.821298817225865 (4.918s)

-----Epoch 176/250-----
Batch 75/485, loss: 0.7620620167255402 (10.193s)
Batch 150/485, loss: 0.7950859089692434 (10.192s)
Batch 225/485, loss: 0.8324777579307556 (10.173s)
Batch 300/485, loss: 0.8450786991914113 (10.192s)
Batch 375/485, loss: 0.830746074517568 (10.190s)
Batch 450/485, loss: 0.8260319487253824 (10.183s)
Batch 485/485, loss: 0.7902865699359349 (4.750s)

-----Epoch 177/250-----
Batch 75/485, loss: 0.8269029569625854 (10.168s)
Batch 150/485, loss: 0.8362925903002421 (10.192s)
Batch 225/485, loss: 0.8126565639177958 (10.181s)
Batch 300/485, loss: 0.7994081616401673 (10.170s)
Batch 375/485, loss: 0.7225528514385223 (10.186s)
Batch 450/485, loss: 0.833654316663742 (10.189s)
Batch 485/485, loss: 0.7108234643936158 (4.748s)

-----Epoch 178/250-----
Batch 75/485, loss: 0.8840039789676666 (10.177s)
Batch 150/485, loss: 0.739177440404892 (10.178s)
Batch 225/485, loss: 0.8712972406546274 (10.191s)
Batch 300/485, loss: 0.7451954698562622 (10.169s)
Batch 375/485, loss: 0.8235435271263123 (10.174s)
Batch 450/485, loss: 0.703391414086024 (10.178s)
Batch 485/485, loss: 0.7642657637596131 (4.746s)

-----Epoch 179/250-----
Batch 75/485, loss: 0.8619140255451202 (10.170s)
Batch 150/485, loss: 0.7512839070955912 (10.168s)
Batch 225/485, loss: 0.8143480590979258 (10.170s)
Batch 300/485, loss: 0.8080261011918386 (10.184s)
Batch 375/485, loss: 0.7335069179534912 (10.177s)
Batch 450/485, loss: 0.7261759388446808 (10.176s)
Batch 485/485, loss: 0.8182466404778617 (4.764s)

-----Epoch 180/250-----
Batch 75/485, loss: 0.8465208200613658 (10.177s)
Batch 150/485, loss: 0.8020786539713541 (10.184s)
Batch 225/485, loss: 0.750670257806778 (10.176s)
Batch 300/485, loss: 0.7042983051141103 (10.178s)
Batch 375/485, loss: 0.7910818028450012 (10.170s)
Batch 450/485, loss: 0.6711142563819885 (10.189s)
Batch 485/485, loss: 0.9885643984590258 (4.755s)

-----Epoch 181/250-----
Batch 75/485, loss: 0.88018643339475 (10.172s)
Batch 150/485, loss: 0.767990391254425 (10.197s)
Batch 225/485, loss: 0.7677653074264527 (10.173s)
Batch 300/485, loss: 0.6596551807721456 (10.174s)
Batch 375/485, loss: 0.814159969886144 (10.188s)
Batch 450/485, loss: 0.6768832377592723 (10.350s)
Batch 485/485, loss: 0.9122088960238866 (4.763s)

-----Epoch 182/250-----
Batch 75/485, loss: 0.7615158971150716 (10.184s)
Batch 150/485, loss: 0.8988970494270325 (10.196s)
Batch 225/485, loss: 0.7740447755654652 (10.209s)
Batch 300/485, loss: 0.6958965333302816 (10.204s)
Batch 375/485, loss: 0.8214967695871989 (10.205s)
Batch 450/485, loss: 0.7227254509925842 (10.172s)
Batch 485/485, loss: 0.6624252413000379 (4.744s)

-----Epoch 183/250-----
Batch 75/485, loss: 0.8231225204467774 (10.192s)
Batch 150/485, loss: 0.6986800595124563 (10.171s)
Batch 225/485, loss: 0.6509127179781596 (10.164s)
Batch 300/485, loss: 0.8886866088708242 (10.184s)
Batch 375/485, loss: 0.6769999619325002 (10.170s)
Batch 450/485, loss: 0.7411712805430094 (10.165s)
Batch 485/485, loss: 0.9083298572472164 (4.747s)

-----Epoch 184/250-----
Batch 75/485, loss: 0.7148800468444825 (10.173s)
Batch 150/485, loss: 0.7443861385186513 (10.168s)
Batch 225/485, loss: 0.7060051111380259 (10.158s)
Batch 300/485, loss: 0.7812267033259074 (10.168s)
Batch 375/485, loss: 0.8809125542640686 (10.175s)
Batch 450/485, loss: 0.7198296542962392 (10.168s)
Batch 485/485, loss: 0.7442574994904655 (4.765s)

-----Epoch 185/250-----
Batch 75/485, loss: 0.8106691813468934 (10.184s)
Batch 150/485, loss: 0.6850746782620748 (10.172s)
Batch 225/485, loss: 0.6650874960422516 (10.198s)
Batch 300/485, loss: 0.6586435878276825 (10.212s)
Batch 375/485, loss: 0.8805250398317973 (10.176s)
Batch 450/485, loss: 0.8079455045859019 (10.195s)
Batch 485/485, loss: 0.6647259490830558 (4.761s)

-----Epoch 186/250-----
Batch 75/485, loss: 0.6997475794951121 (10.161s)
Batch 150/485, loss: 0.7829116773605347 (10.171s)
Batch 225/485, loss: 0.8084052642186482 (10.173s)
Batch 300/485, loss: 0.7087148443857829 (10.171s)
Batch 375/485, loss: 0.8028024403254191 (10.177s)
Batch 450/485, loss: 0.7238297633330028 (10.168s)
Batch 485/485, loss: 0.644012941632952 (4.757s)

-----Epoch 187/250-----
Batch 75/485, loss: 0.7225944221019744 (10.185s)
Batch 150/485, loss: 0.6791904127597809 (10.183s)
Batch 225/485, loss: 0.6537928601106008 (10.178s)
Batch 300/485, loss: 0.6772345264752706 (10.166s)
Batch 375/485, loss: 0.7283792408307393 (10.348s)
Batch 450/485, loss: 0.9018715580304464 (10.175s)
Batch 485/485, loss: 0.8747488311358861 (4.744s)

-----Epoch 188/250-----
Batch 75/485, loss: 0.6905621270338694 (10.176s)
Batch 150/485, loss: 0.6978370408217113 (10.176s)
Batch 225/485, loss: 0.7756824545065562 (10.159s)
Batch 300/485, loss: 0.7036282253265381 (10.187s)
Batch 375/485, loss: 0.7499160226186117 (10.183s)
Batch 450/485, loss: 0.8279255139827728 (10.174s)
Batch 485/485, loss: 0.6209183650357383 (4.740s)

-----Epoch 189/250-----
Batch 75/485, loss: 0.7434019096692404 (10.195s)
Batch 150/485, loss: 0.6455302770932515 (10.177s)
Batch 225/485, loss: 0.7022920632362366 (10.177s)
Batch 300/485, loss: 0.7197076753775279 (10.186s)
Batch 375/485, loss: 0.7737353273232778 (10.174s)
Batch 450/485, loss: 0.8234514180819194 (10.167s)
Batch 485/485, loss: 0.6732282536370414 (4.748s)

-----Epoch 190/250-----
Batch 75/485, loss: 0.6793753321965535 (10.178s)
Batch 150/485, loss: 0.6711742051442464 (10.179s)
Batch 225/485, loss: 0.7287692924340566 (10.178s)
Batch 300/485, loss: 0.8468207808335623 (10.171s)
Batch 375/485, loss: 0.7441345798969269 (10.182s)
Batch 450/485, loss: 0.7477418239911398 (10.175s)
Batch 485/485, loss: 0.7043059323515211 (4.746s)

-----Epoch 191/250-----
Batch 75/485, loss: 0.7548573684692382 (10.173s)
Batch 150/485, loss: 0.7925773688157399 (10.169s)
Batch 225/485, loss: 0.9276489428679149 (10.172s)
Batch 300/485, loss: 1.2354924817879995 (10.194s)
Batch 375/485, loss: 1.1146616852283477 (10.176s)
Batch 450/485, loss: 0.8697992893060048 (10.154s)
Batch 485/485, loss: 1.0218785907541001 (4.747s)

-----Epoch 192/250-----
Batch 75/485, loss: 0.8941809260845184 (10.179s)
Batch 150/485, loss: 0.8557275092601776 (10.192s)
Batch 225/485, loss: 0.9493250258763631 (10.186s)
Batch 300/485, loss: 1.2758125034968057 (10.169s)
Batch 375/485, loss: 1.1875984148184457 (10.180s)
Batch 450/485, loss: 0.9629211397965749 (10.165s)
Batch 485/485, loss: 0.9916991557393755 (4.741s)

-----Epoch 193/250-----
Batch 75/485, loss: 0.893015767733256 (10.176s)
Batch 150/485, loss: 0.889356929063797 (10.174s)
Batch 225/485, loss: 0.8180398019154866 (10.333s)
Batch 300/485, loss: 1.067970434029897 (10.183s)
Batch 375/485, loss: 1.1580299067497253 (10.183s)
Batch 450/485, loss: 1.0566302065054576 (10.177s)
Batch 485/485, loss: 0.9428407217775072 (4.755s)

-----Epoch 194/250-----
Batch 75/485, loss: 1.196436171134313 (10.172s)
Batch 150/485, loss: 0.897587289015452 (10.183s)
Batch 225/485, loss: 1.1233450293540954 (10.175s)
Batch 300/485, loss: 0.9087860647837321 (10.181s)
Batch 375/485, loss: 0.795304596821467 (10.160s)
Batch 450/485, loss: 0.8275091759363811 (10.165s)
Batch 485/485, loss: 0.9761466537203107 (4.736s)

-----Epoch 195/250-----
Batch 75/485, loss: 0.9999669090906779 (10.176s)
Batch 150/485, loss: 0.958816240231196 (10.192s)
Batch 225/485, loss: 1.006198014418284 (10.188s)
Batch 300/485, loss: 0.8936804835001627 (10.183s)
Batch 375/485, loss: 1.0081299487749735 (10.169s)
Batch 450/485, loss: 0.9349356122811635 (10.173s)
Batch 485/485, loss: 0.7859315855162484 (4.765s)

-----Epoch 196/250-----
Batch 75/485, loss: 0.8453341686725616 (10.172s)
Batch 150/485, loss: 0.953485199213028 (10.189s)
Batch 225/485, loss: 1.0210737494627635 (10.179s)
Batch 300/485, loss: 0.7965906246503194 (10.171s)
Batch 375/485, loss: 0.8466040201981863 (10.182s)
Batch 450/485, loss: 0.947802007595698 (10.187s)
Batch 485/485, loss: 0.9900482067040035 (4.755s)

-----Epoch 197/250-----
Batch 75/485, loss: 0.7695800757408142 (10.178s)
Batch 150/485, loss: 0.8908471194903056 (10.180s)
Batch 225/485, loss: 0.9469177714983622 (10.183s)
Batch 300/485, loss: 0.9198995633920034 (10.183s)
Batch 375/485, loss: 0.7928111592928568 (10.188s)
Batch 450/485, loss: 1.00082354704539 (10.176s)
Batch 485/485, loss: 0.995132463318961 (4.745s)

-----Epoch 198/250-----
Batch 75/485, loss: 1.0079047469298046 (10.177s)
Batch 150/485, loss: 0.8227678422133128 (10.174s)
Batch 225/485, loss: 0.8720976181825002 (10.184s)
Batch 300/485, loss: 0.7833241621653239 (10.175s)
Batch 375/485, loss: 0.9876537831624349 (10.189s)
Batch 450/485, loss: 0.8746600206693014 (10.190s)
Batch 485/485, loss: 0.867236772605351 (4.752s)

-----Epoch 199/250-----
Batch 75/485, loss: 0.8035853584607442 (10.196s)
Batch 150/485, loss: 1.065726319551468 (10.364s)
Batch 225/485, loss: 0.9843970513343812 (10.191s)
Batch 300/485, loss: 0.9334168803691864 (10.187s)
Batch 375/485, loss: 0.7844981586933136 (10.195s)
Batch 450/485, loss: 0.7453945604960124 (10.177s)
Batch 485/485, loss: 0.734957104069846 (4.753s)

-----Epoch 200/250-----
Batch 75/485, loss: 0.8649389330546061 (10.177s)
Batch 150/485, loss: 0.9220439612865448 (10.194s)
Batch 225/485, loss: 0.9104588739077251 (10.193s)
Batch 300/485, loss: 0.7433056060473124 (10.184s)
Batch 375/485, loss: 0.833873424132665 (10.183s)
Batch 450/485, loss: 0.8529438932736715 (10.195s)
Batch 485/485, loss: 0.7535146866525922 (4.760s)

-----Epoch 201/250-----
Batch 75/485, loss: 0.7968237694104513 (10.204s)
Batch 150/485, loss: 0.9798522118727366 (10.211s)
Batch 225/485, loss: 0.8428091061115265 (10.202s)
Batch 300/485, loss: 0.8597036282221476 (10.169s)
Batch 375/485, loss: 0.778419535557429 (10.186s)
Batch 450/485, loss: 0.8525830245018006 (10.189s)
Batch 485/485, loss: 0.778845009633473 (4.749s)
Saved to snn_model-1-cont2.pth

-----Epoch 202/250-----
Batch 75/485, loss: 0.9580526880423228 (10.190s)
Batch 150/485, loss: 0.786221118370692 (10.171s)
Batch 225/485, loss: 0.757252436876297 (10.169s)
Batch 300/485, loss: 0.8527132360140482 (10.164s)
Batch 375/485, loss: 0.8098151481151581 (10.167s)
Batch 450/485, loss: 0.8902170141537984 (10.169s)
Batch 485/485, loss: 0.7908426599843161 (4.742s)

-----Epoch 203/250-----
Batch 75/485, loss: 0.7742673480510711 (10.172s)
Batch 150/485, loss: 0.7461888496081034 (10.174s)
Batch 225/485, loss: 0.7648355404535929 (10.163s)
Batch 300/485, loss: 0.8558157245318095 (10.171s)
Batch 375/485, loss: 0.8706837073961894 (10.170s)
Batch 450/485, loss: 0.8005489357312521 (10.161s)
Batch 485/485, loss: 0.9155019555773054 (4.744s)

-----Epoch 204/250-----
Batch 75/485, loss: 0.7806411945819854 (10.170s)
Batch 150/485, loss: 0.820182451804479 (10.166s)
Batch 225/485, loss: 0.7352134223779042 (10.165s)
Batch 300/485, loss: 0.9324366307258606 (10.170s)
Batch 375/485, loss: 0.8482677741845449 (10.168s)
Batch 450/485, loss: 0.7364355246225993 (10.171s)
Batch 485/485, loss: 0.7774185887404851 (4.762s)

-----Epoch 205/250-----
Batch 75/485, loss: 0.7708982912699381 (10.342s)
Batch 150/485, loss: 0.7620335046450297 (10.181s)
Batch 225/485, loss: 0.8096365237236023 (10.187s)
Batch 300/485, loss: 0.7290868031978607 (10.174s)
Batch 375/485, loss: 0.9008769643306732 (10.163s)
Batch 450/485, loss: 0.7603256320953369 (10.186s)
Batch 485/485, loss: 0.7529736944607326 (4.746s)

-----Epoch 206/250-----
Batch 75/485, loss: 0.8389623924096425 (10.177s)
Batch 150/485, loss: 0.6758080550034841 (10.167s)
Batch 225/485, loss: 0.854628092845281 (10.207s)
Batch 300/485, loss: 0.8442865677674611 (10.169s)
Batch 375/485, loss: 0.7044396877288819 (10.169s)
Batch 450/485, loss: 0.749758597612381 (10.191s)
Batch 485/485, loss: 0.6515990299837929 (4.753s)

-----Epoch 207/250-----
Batch 75/485, loss: 0.7126092064380646 (10.180s)
Batch 150/485, loss: 0.7446422549088796 (10.190s)
Batch 225/485, loss: 0.6963021190961202 (10.189s)
Batch 300/485, loss: 0.8316655329863231 (10.175s)
Batch 375/485, loss: 0.7611138542493184 (10.182s)
Batch 450/485, loss: 0.8827277950445811 (10.188s)
Batch 485/485, loss: 0.8064963894230979 (4.753s)

-----Epoch 208/250-----
Batch 75/485, loss: 0.7095394670963288 (10.172s)
Batch 150/485, loss: 0.7382530812422434 (10.168s)
Batch 225/485, loss: 0.8576941247781118 (10.185s)
Batch 300/485, loss: 0.7153719309965769 (10.179s)
Batch 375/485, loss: 0.6977246844768524 (10.186s)
Batch 450/485, loss: 0.7961240915457407 (10.202s)
Batch 485/485, loss: 0.7226050930363791 (4.750s)

-----Epoch 209/250-----
Batch 75/485, loss: 0.7330426681041717 (10.191s)
Batch 150/485, loss: 0.681134641567866 (10.167s)
Batch 225/485, loss: 0.7368147325515747 (10.173s)
Batch 300/485, loss: 0.6961137636502583 (10.183s)
Batch 375/485, loss: 0.8109760137399038 (10.181s)
Batch 450/485, loss: 0.7793065337340037 (10.164s)
Batch 485/485, loss: 0.7493941077164241 (4.754s)

-----Epoch 210/250-----
Batch 75/485, loss: 0.7307955682277679 (10.171s)
Batch 150/485, loss: 0.7516157277425131 (10.175s)
Batch 225/485, loss: 0.6822819932301839 (10.162s)
Batch 300/485, loss: 0.7616825020313263 (10.188s)
Batch 375/485, loss: 0.6740442784627279 (10.179s)
Batch 450/485, loss: 0.7705426291624705 (10.178s)
Batch 485/485, loss: 0.7056501056466784 (4.896s)

-----Epoch 211/250-----
Batch 75/485, loss: 0.6755954511960347 (10.177s)
Batch 150/485, loss: 0.6952922288576762 (10.176s)
Batch 225/485, loss: 0.7776741902033488 (10.186s)
Batch 300/485, loss: 0.6871681535243988 (10.185s)
Batch 375/485, loss: 0.7528723589579265 (10.197s)
Batch 450/485, loss: 0.692161556482315 (10.196s)
Batch 485/485, loss: 0.6310991210596902 (4.753s)

-----Epoch 212/250-----
Batch 75/485, loss: 0.7408998584747315 (10.214s)
Batch 150/485, loss: 0.6990095289548238 (10.194s)
Batch 225/485, loss: 0.6647549271583557 (10.187s)
Batch 300/485, loss: 0.7039421021938324 (10.203s)
Batch 375/485, loss: 0.6975754789511363 (10.209s)
Batch 450/485, loss: 0.7362463974952698 (10.205s)
Batch 485/485, loss: 0.6049619785376957 (4.770s)

-----Epoch 213/250-----
Batch 75/485, loss: 0.7186198210716248 (10.214s)
Batch 150/485, loss: 0.6795283079147338 (10.213s)
Batch 225/485, loss: 0.6779115319252014 (10.204s)
Batch 300/485, loss: 0.6883140234152476 (10.211s)
Batch 375/485, loss: 0.7235628775755565 (10.203s)
Batch 450/485, loss: 0.6800795602798462 (10.200s)
Batch 485/485, loss: 0.6696000363145556 (4.759s)

-----Epoch 214/250-----
Batch 75/485, loss: 0.673123859167099 (10.204s)
Batch 150/485, loss: 0.7045988941192627 (10.201s)
Batch 225/485, loss: 0.6892097433408101 (10.201s)
Batch 300/485, loss: 0.6758151729901631 (10.207s)
Batch 375/485, loss: 0.7183884326616923 (10.198s)
Batch 450/485, loss: 0.6401585181554158 (10.201s)
Batch 485/485, loss: 0.6577077891145434 (4.753s)

-----Epoch 215/250-----
Batch 75/485, loss: 0.6602952607472737 (10.213s)
Batch 150/485, loss: 0.665789737701416 (10.197s)
Batch 225/485, loss: 0.720927533308665 (10.174s)
Batch 300/485, loss: 0.6701848824818929 (10.173s)
Batch 375/485, loss: 0.6620604062080383 (10.203s)
Batch 450/485, loss: 0.6553312150637308 (10.219s)
Batch 485/485, loss: 0.703786369732448 (4.754s)

-----Epoch 216/250-----
Batch 75/485, loss: 0.6379262399673462 (10.186s)
Batch 150/485, loss: 0.7363566509882609 (10.177s)
Batch 225/485, loss: 0.6603268440564474 (10.179s)
Batch 300/485, loss: 0.6561506768067678 (10.190s)
Batch 375/485, loss: 0.7423163294792176 (10.178s)
Batch 450/485, loss: 2.563920307556788 (10.349s)
Batch 485/485, loss: 0.973606640951974 (4.740s)

-----Epoch 217/250-----
Batch 75/485, loss: 0.7319882865746816 (10.183s)
Batch 150/485, loss: 0.6775902732213338 (10.180s)
Batch 225/485, loss: 0.7574184815088908 (10.165s)
Batch 300/485, loss: 0.8666191252072653 (10.178s)
Batch 375/485, loss: 0.7648827127615611 (10.175s)
Batch 450/485, loss: 0.7481600972016652 (10.179s)
Batch 485/485, loss: 0.7293601248945508 (4.753s)

-----Epoch 218/250-----
Batch 75/485, loss: 0.7334513235092163 (10.198s)
Batch 150/485, loss: 0.6981629033883413 (10.203s)
Batch 225/485, loss: 0.7505974964300791 (10.202s)
Batch 300/485, loss: 0.7735901625951132 (10.169s)
Batch 375/485, loss: 0.6632931991418203 (10.204s)
Batch 450/485, loss: 0.7000465989112854 (10.192s)
Batch 485/485, loss: 0.6581015765666962 (4.768s)

-----Epoch 219/250-----
Batch 75/485, loss: 0.673165674606959 (10.183s)
Batch 150/485, loss: 0.6963920152187347 (10.197s)
Batch 225/485, loss: 0.7440422344207763 (10.182s)
Batch 300/485, loss: 0.7408684380849202 (10.200s)
Batch 375/485, loss: 0.748741443157196 (10.208s)
Batch 450/485, loss: 0.699188216527303 (10.203s)
Batch 485/485, loss: 0.7435273051261901 (4.752s)

-----Epoch 220/250-----
Batch 75/485, loss: 0.8297832878430684 (10.182s)
Batch 150/485, loss: 0.670973238547643 (10.189s)
Batch 225/485, loss: 0.708595476547877 (10.182s)
Batch 300/485, loss: 0.654117058912913 (10.212s)
Batch 375/485, loss: 0.694269003868103 (10.205s)
Batch 450/485, loss: 0.7500445123513539 (10.212s)
Batch 485/485, loss: 0.7194268328802926 (4.763s)

-----Epoch 221/250-----
Batch 75/485, loss: 0.6714276158809662 (10.199s)
Batch 150/485, loss: 0.7227736218770345 (10.210s)
Batch 225/485, loss: 0.7775992341836293 (10.215s)
Batch 300/485, loss: 0.6819160906473796 (10.206s)
Batch 375/485, loss: 0.7100742522875468 (10.192s)
Batch 450/485, loss: 0.704844081401825 (10.195s)
Batch 485/485, loss: 0.7323412784508296 (4.751s)

-----Epoch 222/250-----
Batch 75/485, loss: 0.7351932342847188 (10.193s)
Batch 150/485, loss: 0.7071410520871481 (10.188s)
Batch 225/485, loss: 0.7148201497395833 (10.201s)
Batch 300/485, loss: 0.7158498092492421 (10.170s)
Batch 375/485, loss: 0.694424063762029 (10.331s)
Batch 450/485, loss: 0.69804838458697 (10.169s)
Batch 485/485, loss: 0.7250504578862872 (4.752s)

-----Epoch 223/250-----
Batch 75/485, loss: 0.6973196752866109 (10.183s)
Batch 150/485, loss: 0.6770555198192596 (10.181s)
Batch 225/485, loss: 0.7171856375535329 (10.179s)
Batch 300/485, loss: 0.7172562384605408 (10.171s)
Batch 375/485, loss: 0.7388883435726166 (10.201s)
Batch 450/485, loss: 0.7208125309149425 (10.201s)
Batch 485/485, loss: 0.7040135758263725 (4.771s)

-----Epoch 224/250-----
Batch 75/485, loss: 0.7616715792814891 (10.214s)
Batch 150/485, loss: 0.6857112697760264 (10.212s)
Batch 225/485, loss: 0.6957435441017151 (10.207s)
Batch 300/485, loss: 0.7384952346483866 (10.179s)
Batch 375/485, loss: 0.6831324362754821 (10.177s)
Batch 450/485, loss: 0.6813679615656535 (10.192s)
Batch 485/485, loss: 0.6472874547754015 (4.747s)

-----Epoch 225/250-----
Batch 75/485, loss: 0.6594045551617941 (10.201s)
Batch 150/485, loss: 0.7236364547411601 (10.178s)
Batch 225/485, loss: 0.6939385052522024 (10.190s)
Batch 300/485, loss: 0.8196903860569 (10.191s)
Batch 375/485, loss: 0.7458664282162984 (10.202s)
Batch 450/485, loss: 0.6450670464833578 (10.157s)
Batch 485/485, loss: 0.7643587010247367 (4.723s)

-----Epoch 226/250-----
Batch 75/485, loss: 0.694439666668574 (10.111s)
Batch 150/485, loss: 0.684920475880305 (10.107s)
Batch 225/485, loss: 0.7144522082805633 (10.105s)
Batch 300/485, loss: 0.7819935278097788 (10.132s)
Batch 375/485, loss: 0.671858141819636 (10.122s)
Batch 450/485, loss: 0.7132894965012868 (10.132s)
Batch 485/485, loss: 0.6348072690623147 (4.727s)

-----Epoch 227/250-----
Batch 75/485, loss: 0.751731808980306 (10.153s)
Batch 150/485, loss: 0.6764402576287587 (10.120s)
Batch 225/485, loss: 0.708812510172526 (10.110s)
Batch 300/485, loss: 0.6767667253812154 (10.111s)
Batch 375/485, loss: 0.7303851771354676 (10.112s)
Batch 450/485, loss: 0.6930218537648519 (10.106s)
Batch 485/485, loss: 0.6605918748038155 (4.719s)

-----Epoch 228/250-----
Batch 75/485, loss: 0.6645728286107381 (10.125s)
Batch 150/485, loss: 0.7087218427658081 (10.151s)
Batch 225/485, loss: 0.6770023628075917 (10.122s)
Batch 300/485, loss: 0.6957600422700246 (10.266s)
Batch 375/485, loss: 0.658510567744573 (10.122s)
Batch 450/485, loss: 0.7850253665447235 (10.110s)
Batch 485/485, loss: 0.7040327489376068 (4.724s)

-----Epoch 229/250-----
Batch 75/485, loss: 0.6986799196402231 (10.124s)
Batch 150/485, loss: 0.6498398423194885 (10.136s)
Batch 225/485, loss: 0.7000228921572368 (10.119s)
Batch 300/485, loss: 0.6729647970199585 (10.115s)
Batch 375/485, loss: 0.7616490316390991 (10.120s)
Batch 450/485, loss: 0.6842970124880473 (10.119s)
Batch 485/485, loss: 0.7352245458534785 (4.723s)

-----Epoch 230/250-----
Batch 75/485, loss: 0.6640781585375468 (10.105s)
Batch 150/485, loss: 0.6624873054027557 (10.110s)
Batch 225/485, loss: 0.7024237064520518 (10.098s)
Batch 300/485, loss: 0.6946457223097483 (10.119s)
Batch 375/485, loss: 0.7267995158831279 (10.124s)
Batch 450/485, loss: 0.702823547522227 (10.121s)
Batch 485/485, loss: 0.6847080707550048 (4.722s)

-----Epoch 231/250-----
Batch 75/485, loss: 0.6884884488582611 (10.121s)
Batch 150/485, loss: 0.65914519627889 (10.122s)
Batch 225/485, loss: 0.7083654530843099 (10.140s)
Batch 300/485, loss: 0.7126129905382792 (10.119s)
Batch 375/485, loss: 0.7025438956419627 (10.115s)
Batch 450/485, loss: 0.6921619153022767 (10.124s)
Batch 485/485, loss: 0.6407011653695788 (4.725s)

-----Epoch 232/250-----
Batch 75/485, loss: 0.6924787139892579 (10.116s)
Batch 150/485, loss: 0.6884659651915233 (10.104s)
Batch 225/485, loss: 0.676818204720815 (10.106s)
Batch 300/485, loss: 0.7069610098997752 (10.114s)
Batch 375/485, loss: 0.6824814665317536 (10.118s)
Batch 450/485, loss: 0.6891212991873423 (10.114s)
Batch 485/485, loss: 0.6763259027685438 (4.722s)

-----Epoch 233/250-----
Batch 75/485, loss: 0.6810944998264312 (10.104s)
Batch 150/485, loss: 0.6867746682961782 (10.125s)
Batch 225/485, loss: 0.6834881321589152 (10.120s)
Batch 300/485, loss: 0.6641401640574137 (10.105s)
Batch 375/485, loss: 0.7153613305091858 (10.106s)
Batch 450/485, loss: 0.6738983790079752 (10.110s)
Batch 485/485, loss: 0.6461883970669338 (4.724s)

-----Epoch 234/250-----
Batch 75/485, loss: 0.6476760145028432 (10.105s)
Batch 150/485, loss: 0.7189313479264577 (10.118s)
Batch 225/485, loss: 0.7183495211601257 (10.271s)
Batch 300/485, loss: 0.6842767596244812 (10.124s)
Batch 375/485, loss: 0.7098725775877635 (10.117s)
Batch 450/485, loss: 0.6722608331839244 (10.125s)
Batch 485/485, loss: 0.6133096609796796 (4.717s)

-----Epoch 235/250-----
Batch 75/485, loss: 0.6532797725995382 (10.102s)
Batch 150/485, loss: 0.6638819134235382 (10.113s)
Batch 225/485, loss: 0.6693878595034282 (10.111s)
Batch 300/485, loss: 0.7234582265218099 (10.113s)
Batch 375/485, loss: 0.6828157317638397 (10.109s)
Batch 450/485, loss: 0.7071058634916941 (10.108s)
Batch 485/485, loss: 0.6872246546404702 (4.713s)

-----Epoch 236/250-----
Batch 75/485, loss: 0.6844874326388041 (10.115s)
Batch 150/485, loss: 0.6477734021345775 (10.113s)
Batch 225/485, loss: 0.7516277595361074 (10.132s)
Batch 300/485, loss: 0.6497635428110758 (10.132s)
Batch 375/485, loss: 0.6736872247854868 (10.131s)
Batch 450/485, loss: 0.6653242349624634 (10.130s)
Batch 485/485, loss: 0.6852007797786168 (4.720s)

-----Epoch 237/250-----
Batch 75/485, loss: 0.6879725086688996 (10.143s)
Batch 150/485, loss: 0.6614235405127208 (10.115s)
Batch 225/485, loss: 0.6841721554597219 (10.146s)
Batch 300/485, loss: 0.6841820693016052 (10.113s)
Batch 375/485, loss: 0.6494190514087677 (10.113s)
Batch 450/485, loss: 0.6945510943730672 (10.116s)
Batch 485/485, loss: 0.7637778333255223 (4.715s)

-----Epoch 238/250-----
Batch 75/485, loss: 0.6792887973785401 (10.094s)
Batch 150/485, loss: 0.6510488295555115 (10.102s)
Batch 225/485, loss: 0.6673254152139028 (10.085s)
Batch 300/485, loss: 0.677813112338384 (10.102s)
Batch 375/485, loss: 0.688776308298111 (10.111s)
Batch 450/485, loss: 0.6837742265065511 (10.093s)
Batch 485/485, loss: 0.6667117484978267 (4.711s)

-----Epoch 239/250-----
Batch 75/485, loss: 0.6275496538480123 (10.102s)
Batch 150/485, loss: 0.6585587211449941 (10.103s)
Batch 225/485, loss: 0.7118300044536591 (10.107s)
Batch 300/485, loss: 0.7101077751318614 (10.101s)
Batch 375/485, loss: 0.6291449515024821 (10.095s)
Batch 450/485, loss: 0.7049536522229513 (10.101s)
Batch 485/485, loss: 0.7302127148423876 (4.713s)

-----Epoch 240/250-----
Batch 75/485, loss: 0.6404823811848959 (10.138s)
Batch 150/485, loss: 0.6843231805165608 (10.266s)
Batch 225/485, loss: 0.662756241162618 (10.099s)
Batch 300/485, loss: 0.6766282280286153 (10.083s)
Batch 375/485, loss: 0.7016828282674153 (10.083s)
Batch 450/485, loss: 0.6457130106290182 (10.102s)
Batch 485/485, loss: 0.6129902831145695 (4.708s)

-----Epoch 241/250-----
Batch 75/485, loss: 0.6399005881945292 (10.084s)
Batch 150/485, loss: 0.6431151072184245 (10.104s)
Batch 225/485, loss: 0.650007988611857 (10.090s)
Batch 300/485, loss: 0.6923433653513591 (10.083s)
Batch 375/485, loss: 0.6950379880269368 (10.103s)
Batch 450/485, loss: 0.6885020156701406 (10.096s)
Batch 485/485, loss: 0.656366468327386 (4.712s)

-----Epoch 242/250-----
Batch 75/485, loss: 0.661977424621582 (10.090s)
Batch 150/485, loss: 0.6692595895131429 (10.088s)
Batch 225/485, loss: 0.6381516492366791 (10.093s)
Batch 300/485, loss: 0.67009179631869 (10.098s)
Batch 375/485, loss: 0.6865520826975504 (10.078s)
Batch 450/485, loss: 0.6364773257573446 (10.093s)
Batch 485/485, loss: 0.6901624696595329 (4.713s)

-----Epoch 243/250-----
Batch 75/485, loss: 0.6322613398234049 (10.088s)
Batch 150/485, loss: 0.656528727610906 (10.093s)
Batch 225/485, loss: 0.670173819065094 (10.082s)
Batch 300/485, loss: 0.6662957807381947 (10.095s)
Batch 375/485, loss: 0.6475073345502218 (10.084s)
Batch 450/485, loss: 0.651070161263148 (10.094s)
Batch 485/485, loss: 0.646865097965513 (4.706s)

-----Epoch 244/250-----
Batch 75/485, loss: 0.6518138428529103 (10.109s)
Batch 150/485, loss: 0.6469040405750275 (10.089s)
Batch 225/485, loss: 0.7210416746139526 (10.098s)
Batch 300/485, loss: 0.6716851818561554 (10.095s)
Batch 375/485, loss: 0.6396248841285705 (10.093s)
Batch 450/485, loss: 0.6311793907483418 (10.096s)
Batch 485/485, loss: 0.6330435820988246 (4.708s)

-----Epoch 245/250-----
Batch 75/485, loss: 0.6352281542619069 (10.092s)
Batch 150/485, loss: 0.6616883440812429 (10.096s)
Batch 225/485, loss: 0.6569048110644022 (10.094s)
Batch 300/485, loss: 0.6512187059720357 (10.090s)
Batch 375/485, loss: 0.6913456070423126 (10.094s)
Batch 450/485, loss: 0.6672559277216593 (10.091s)
Batch 485/485, loss: 0.6087079737867628 (4.718s)

-----Epoch 246/250-----
Batch 75/485, loss: 0.63473366300265 (10.258s)
Batch 150/485, loss: 0.6624875255425771 (10.099s)
Batch 225/485, loss: 0.693197412888209 (10.105s)
Batch 300/485, loss: 0.6478100995222728 (10.099s)
Batch 375/485, loss: 0.6359658825397492 (10.101s)
Batch 450/485, loss: 0.649615261554718 (10.107s)
Batch 485/485, loss: 0.6173680211816516 (4.714s)

-----Epoch 247/250-----
Batch 75/485, loss: 0.6807631019751231 (10.107s)
Batch 150/485, loss: 0.6159761428833008 (10.096s)
Batch 225/485, loss: 0.6335270436604817 (10.106s)
Batch 300/485, loss: 0.643541097243627 (10.094s)
Batch 375/485, loss: 0.6393618710835774 (10.112s)
Batch 450/485, loss: 0.6402772692839305 (10.096s)
Batch 485/485, loss: 0.6610661847250802 (4.708s)

-----Epoch 248/250-----
Batch 75/485, loss: 0.619834512869517 (10.092s)
Batch 150/485, loss: 0.6144935019810994 (10.103s)
Batch 225/485, loss: 0.6721547492345175 (10.112s)
Batch 300/485, loss: 0.6287152143319448 (10.098s)
Batch 375/485, loss: 0.646578060388565 (10.108s)
Batch 450/485, loss: 1.2746748673915862 (10.114s)
Batch 485/485, loss: 1.22056462594441 (4.716s)

-----Epoch 249/250-----
Batch 75/485, loss: 1.4234348980585734 (10.105s)
Batch 150/485, loss: 3.692461660703023 (10.087s)
Batch 225/485, loss: 1.9446644500891368 (10.091s)
Batch 300/485, loss: 2.8765056880315143 (10.097s)
Batch 375/485, loss: 6.223244928518931 (10.103s)
Batch 450/485, loss: 4.187861064275106 (10.096s)
Batch 485/485, loss: 1.1329847403935023 (4.702s)

-----Epoch 250/250-----
Batch 75/485, loss: 2.4108947960535687 (10.090s)
Batch 150/485, loss: 2.051871576309204 (10.090s)
Batch 225/485, loss: 1.7671316933631898 (10.093s)
Batch 300/485, loss: 1.6425474413235983 (10.093s)
Batch 375/485, loss: 1.3004760440190632 (10.102s)
Batch 450/485, loss: 1.3989026912053426 (10.101s)
Batch 485/485, loss: 1.8852175320897784 (4.713s)
Saved to snn_model-1-cont2.pth
Total avg loss: 1.740186621021199
0.4895220994949341
tensor([[-0.0445,  0.0000],
        [-3.0681,  0.0000],
        [-0.1335,  0.0000],
        [-1.3863,  0.0000],
        [-0.4990,  0.0000],
        [-1.8718,  0.0000],
        [-0.4055,  0.0000],
        [-3.0681,  0.0000],
        [-0.0445,  0.0000],
        [-0.2231,  0.0000],
        [-0.6931,  0.0000],
        [-0.1335,  0.0000],
        [-0.9008,  0.0000],
        [-0.4055,  0.0000],
        [-0.4990,  0.0000],
        [-3.0681,  0.0000],
        [-2.0794,  0.0000],
        [-0.1335,  0.0000],
        [-3.7842,  0.0000],
        [-0.5947,  0.0000],
        [-0.0445,  0.0000],
        [-1.6917,  0.0000],
        [-0.5947,  0.0000],
        [-2.6391,  0.0000],
        [-0.0445,  0.0000],
        [-1.5315,  0.0000],
        [-0.0445,  0.0000],
        [-0.1335,  0.0000],
        [-1.1285,  0.0000],
        [-3.7842,  0.0000],
        [-0.0445,  0.0000],
        [-0.3137,  0.0000],
        [-0.0445,  0.0000],
        [-0.1335,  0.0000],
        [-2.3273,  0.0000],
        [-0.1335,  0.0000],
        [-0.2231,  0.0000],
        [-0.3137,  0.0000],
        [-2.0794,  0.0000],
        [-0.1335,  0.0000],
        [-0.2231,  0.0000],
        [-3.7842,  0.0000],
        [-0.5947,  0.0000],
        [-2.3273,  0.0000],
        [-0.3137,  0.0000],
        [-0.1335,  0.0000],
        [-1.5315,  0.0000],
        [-3.7842,  0.0000],
        [-3.7842,  0.0000],
        [-0.6931,  0.0000],
        [-1.1285,  0.0000],
        [-3.7842,  0.0000],
        [-0.4055,  0.0000],
        [-0.2231,  0.0000],
        [-0.1335,  0.0000],
        [-0.6931,  0.0000],
        [-0.2231,  0.0000],
        [-0.0445,  0.0000],
        [-0.2231,  0.0000],
        [-0.3137,  0.0000],
        [-0.5947,  0.0000],
        [-0.0445,  0.0000],
        [-0.6931,  0.0000],
        [-0.3137,  0.0000],
        [-0.3137,  0.0000],
        [-0.3137,  0.0000],
        [-0.9008,  0.0000],
        [-0.1335,  0.0000],
        [-0.3137,  0.0000],
        [-0.1335,  0.0000],
        [-3.7842,  0.0000],
        [-0.4990,  0.0000],
        [-0.1335,  0.0000],
        [ 0.0445,  0.0000],
        [-0.0445,  0.0000],
        [-0.1335,  0.0000],
        [-0.0445,  0.0000],
        [-0.2231,  0.0000],
        [-0.0445,  0.0000],
        [-0.0445,  0.0000],
        [-0.0445,  0.0000],
        [ 0.0445,  1.0000],
        [-0.0445,  0.0000],
        [-0.0445,  0.0000],
        [-0.2231,  0.0000],
        [-0.1335,  0.0000],
        [-2.3273,  0.0000],
        [-1.8718,  0.0000],
        [-0.2231,  0.0000],
        [-0.0445,  0.0000],
        [-0.0445,  0.0000]], device='cuda:0')
/usr/local/lib/python3.10/dist-packages/sklearn/metrics/_classification.py:1344: UndefinedMetricWarning: Precision is ill-defined and being set to 0.0 in labels with no predicted samples. Use `zero_division` parameter to control this behavior.
  _warn_prf(average, modifier, msg_start, len(result))
[0.00000000e+00 0.00000000e+00 0.00000000e+00 0.00000000e+00
 0.00000000e+00 0.00000000e+00 0.00000000e+00 0.00000000e+00
 0.00000000e+00 0.00000000e+00 0.00000000e+00 0.00000000e+00
 0.00000000e+00 0.00000000e+00 0.00000000e+00 0.00000000e+00
 0.00000000e+00 0.00000000e+00 0.00000000e+00 0.00000000e+00
 0.00000000e+00 0.00000000e+00 0.00000000e+00 0.00000000e+00
 0.00000000e+00 0.00000000e+00 0.00000000e+00 0.00000000e+00
 0.00000000e+00 0.00000000e+00 0.00000000e+00 0.00000000e+00
 0.00000000e+00 0.00000000e+00 0.00000000e+00 0.00000000e+00
 0.00000000e+00 0.00000000e+00 0.00000000e+00 0.00000000e+00
 0.00000000e+00 0.00000000e+00 0.00000000e+00 0.00000000e+00
 0.00000000e+00 0.00000000e+00 0.00000000e+00 0.00000000e+00
 0.00000000e+00 0.00000000e+00 0.00000000e+00 0.00000000e+00
 0.00000000e+00 0.00000000e+00 0.00000000e+00 0.00000000e+00
 0.00000000e+00 0.00000000e+00 0.00000000e+00 0.00000000e+00
 0.00000000e+00 0.00000000e+00 0.00000000e+00 0.00000000e+00
 0.00000000e+00 0.00000000e+00 0.00000000e+00 0.00000000e+00
 0.00000000e+00 0.00000000e+00 0.00000000e+00 0.00000000e+00
 0.00000000e+00 1.29032258e-04 0.00000000e+00 0.00000000e+00
 0.00000000e+00 0.00000000e+00 0.00000000e+00 0.00000000e+00
 0.00000000e+00 1.51956989e-01 0.00000000e+00 0.00000000e+00
 0.00000000e+00 0.00000000e+00 0.00000000e+00 0.00000000e+00
 0.00000000e+00 0.00000000e+00 0.00000000e+00]
/usr/local/lib/python3.10/dist-packages/sklearn/metrics/_classification.py:1344: UndefinedMetricWarning: Precision is ill-defined and being set to 0.0 in labels with no predicted samples. Use `zero_division` parameter to control this behavior.
  _warn_prf(average, modifier, msg_start, len(result))
Total precision: 0.010709230418454186
[0. 0. 0. 0. 0. 0. 0. 0. 0. 0. 0. 0. 0. 0. 0. 0. 0. 0. 0. 0. 0. 0. 0. 0.
 0. 0. 0. 0. 0. 0. 0. 0. 0. 0. 0. 0. 0. 0. 0. 0. 0. 0. 0. 0. 0. 0. 0. 0.
 0. 0. 0. 0. 0. 0. 0. 0. 0. 0. 0. 0. 0. 0. 0. 0. 0. 0. 0. 0. 0. 0. 0. 0.
 0. 1. 0. 0. 0. 0. 0. 0. 0. 1. 0. 0. 0. 0. 0. 0. 0. 0. 0.]
Total recall: 0.07053519778181165
Total F1 score: 0.018593110143237168
